================================================================
== Design Size Report
================================================================

* Total Instructions per Compilation Phase
+---------------+-----------------------------+--------------+----------------------------------------------------------------------------------------+
| Phase         | Step                        | Instructions | Description                                                                            |
+---------------+-----------------------------+--------------+----------------------------------------------------------------------------------------+
| Compile/Link  |                             | 1,288        | After all functions are compiled and linked into a single design                       |
|               |                             |              |                                                                                        |
| Unroll/Inline |                             |              | After user unroll and inline pragmas are applied                                       |
|               | (1) unroll                  | 1,677        | user unroll pragmas are applied                                                        |
|               | (2) simplification          |   630        | simplification of applied user unroll pragmas                                          |
|               | (3) inline                  |   618        | user inline pragmas are applied                                                        |
|               | (4) simplification          |   618        | simplification of applied user inline pragmas                                          |
|               |                             |              |                                                                                        |
| Array/Struct  |                             |              | After user array partition and struct aggregate/disaggregate pragmas are applied       |
|               | (1) array partition         |   631        | user array partition pragmas are applied                                               |
|               | (2) simplification          |   625        | simplification of applied user array partition & struct aggregate/disaggregate pragmas |
|               | (3) aggregate/disaggregate  |   666        | user struct aggregate/disaggregate pragmas are applied                                 |
|               | (4) array reshape           |   707        | apply array reshape pragmas                                                            |
|               | (5) access patterns         |   718        | array access pattern optmizations                                                      |
|               |                             |              |                                                                                        |
| Performance   |                             |              | After transformations are applied to meet performance pragma targets                   |
|               | (1) loop simplification     |   635        | loop and instruction simplification                                                    |
|               | (2) parallelization         |   623        | loops are unrolled or pipelined to meet performance targets                            |
|               | (3) array partition         |   676        | arrays are partitioned to meet performance targets                                     |
|               | (4) simplification          |   620        | simplification of design after performance transformations                             |
|               |                             |              |                                                                                        |
| HW Transforms |                             |              | After hardware transfomations                                                          |
|               | (1) lowering                |   635        | initial conversion to HW specific instructions                                         |
|               | (2) optimizations           |   672        | high level synthesis optimizations                                                     |
+---------------+-----------------------------+--------------+----------------------------------------------------------------------------------------+

* Instructions per Function for each Compilation Phase
+---------------------+--------------------+--------------+---------------+--------------+-------------+---------------+
| Function            | Location           | Compile/Link | Unroll/Inline | Array/Struct | Performance | HW Transforms |
+---------------------+--------------------+--------------+---------------+--------------+-------------+---------------+
| + mobilenetv2_block | MobileNetV2.cpp:98 | 1,288        | 618           | 718          | 620         | 672           |
|    depthwise_conv   | MobileNetV2.cpp:14 |  737         | 150           | 183          | 150         | 164           |
|    pointwise_conv   | MobileNetV2.cpp:65 |  514         | 447           | 513          | 448         | 464           |
+---------------------+--------------------+--------------+---------------+--------------+-------------+---------------+

* Design Size Message Settings
+---------------------------------------------+--------+------------------------------------------------------------------+
| Message Setting                             | Value  | Description                                                      |
+---------------------------------------------+--------+------------------------------------------------------------------+
| config_compile -design_size_maximum_warning | 100000 | Show a warning when total design instructions exceeds this value |
+---------------------------------------------+--------+------------------------------------------------------------------+


