

================================================================
== Vitis HLS Report for 'Loop_VITIS_LOOP_117_1_proc'
================================================================
* Date:           Mon Mar 30 21:24:54 2026

* Version:        2025.1 (Build 6135595 on May 21 2025)
* Project:        hls_component
* Solution:       hls (Vivado IP Flow Target)
* Product family: zynquplus
* Target device:  xczu7ev-ffvc1156-2-e


================================================================
== Performance Estimates
================================================================
+ Timing: 
    * Summary: 
    +--------+----------+----------+------------+
    |  Clock |  Target  | Estimated| Uncertainty|
    +--------+----------+----------+------------+
    |ap_clk  |  10.00 ns|  7.300 ns|     2.70 ns|
    +--------+----------+----------+------------+

+ Latency: 
    * Summary: 
    +---------+---------+----------+----------+--------+--------+------------------------------------------------+
    |  Latency (cycles) |  Latency (absolute) |     Interval    |                    Pipeline                    |
    |   min   |   max   |    min   |    max   |   min  |   max  |                      Type                      |
    +---------+---------+----------+----------+--------+--------+------------------------------------------------+
    |   100363|   100363|  1.004 ms|  1.004 ms|  100352|  100352|  loop auto-rewind stp (delay=0 clock cycles(s))|
    +---------+---------+----------+----------+--------+--------+------------------------------------------------+

    + Detail: 
        * Instance: 
        N/A

        * Loop: 
        +--------------------+---------+---------+----------+-----------+-----------+--------+----------+
        |                    |  Latency (cycles) | Iteration|  Initiation Interval  |  Trip  |          |
        |      Loop Name     |   min   |   max   |  Latency |  achieved |   target  |  Count | Pipelined|
        +--------------------+---------+---------+----------+-----------+-----------+--------+----------+
        |- VITIS_LOOP_117_1  |   100361|   100361|        11|          1|          1|  100352|       yes|
        +--------------------+---------+---------+----------+-----------+-----------+--------+----------+



================================================================
== Utilization Estimates
================================================================
* Summary: 
+-----------------+---------+------+--------+--------+-----+
|       Name      | BRAM_18K|  DSP |   FF   |   LUT  | URAM|
+-----------------+---------+------+--------+--------+-----+
|DSP              |        -|     -|       -|       -|    -|
|Expression       |        -|     -|       0|      60|    -|
|FIFO             |        -|     -|       -|       -|    -|
|Instance         |        -|     -|       -|       -|    -|
|Memory           |        -|     -|       -|       -|    -|
|Multiplexer      |        -|     -|       0|      63|    -|
|Register         |        -|     -|     121|       -|    -|
+-----------------+---------+------+--------+--------+-----+
|Total            |        0|     0|     121|     123|    0|
+-----------------+---------+------+--------+--------+-----+
|Available        |      624|  1728|  460800|  230400|   96|
+-----------------+---------+------+--------+--------+-----+
|Utilization (%)  |        0|     0|      ~0|      ~0|    0|
+-----------------+---------+------+--------+--------+-----+

+ Detail: 
    * Instance: 
    N/A

    * DSP: 
    N/A

    * Memory: 
    N/A

    * FIFO: 
    N/A

    * Expression: 
    +--------------------------------+----------+----+---+----+------------+------------+
    |          Variable Name         | Operation| DSP| FF| LUT| Bitwidth P0| Bitwidth P1|
    +--------------------------------+----------+----+---+----+------------+------------+
    |i_fu_107_p2                     |         +|   0|  0|  24|          17|           1|
    |ap_block_state2_io_grp1         |       and|   0|  0|   2|           1|           1|
    |ap_condition_234                |       and|   0|  0|   2|           1|           1|
    |ap_condition_319                |       and|   0|  0|   2|           1|           1|
    |icmp_ln117_fu_113_p2            |      icmp|   0|  0|  24|          17|          16|
    |ap_block_pp0_stage0_01001_grp1  |        or|   0|  0|   2|           1|           1|
    |ap_block_pp0_stage0_11001       |        or|   0|  0|   2|           1|           1|
    |ap_enable_pp0                   |       xor|   0|  0|   2|           1|           2|
    +--------------------------------+----------+----+---+----+------------+------------+
    |Total                           |          |   0|  0|  60|          40|          24|
    +--------------------------------+----------+----+---+----+------------+------------+

    * Multiplexer: 
    +-----------------------------------+----+-----------+-----+-----------+
    |                Name               | LUT| Input Size| Bits| Total Bits|
    +-----------------------------------+----+-----------+-----+-----------+
    |ap_done_int                        |   9|          2|    1|          2|
    |ap_loop_exit_ready_pp0_iter10_reg  |   9|          2|    1|          2|
    |ap_sig_allocacmp_i1_load           |   9|          2|   17|         34|
    |gmem0_blk_n_AR                     |   9|          2|    1|          2|
    |gmem0_blk_n_R                      |   9|          2|    1|          2|
    |i1_fu_58                           |   9|          2|   17|         34|
    |input_stream_blk_n                 |   9|          2|    1|          2|
    +-----------------------------------+----+-----------+-----+-----------+
    |Total                              |  63|         14|   39|         78|
    +-----------------------------------+----+-----------+-----+-----------+

    * Register: 
    +-----------------------------------+----+----+-----+-----------+
    |                Name               | FF | LUT| Bits| Const Bits|
    +-----------------------------------+----+----+-----+-----------+
    |ap_CS_fsm                          |   1|   0|    1|          0|
    |ap_done_reg                        |   1|   0|    1|          0|
    |ap_enable_reg_pp0_iter1            |   1|   0|    1|          0|
    |ap_enable_reg_pp0_iter10           |   1|   0|    1|          0|
    |ap_enable_reg_pp0_iter2            |   1|   0|    1|          0|
    |ap_enable_reg_pp0_iter3            |   1|   0|    1|          0|
    |ap_enable_reg_pp0_iter4            |   1|   0|    1|          0|
    |ap_enable_reg_pp0_iter5            |   1|   0|    1|          0|
    |ap_enable_reg_pp0_iter6            |   1|   0|    1|          0|
    |ap_enable_reg_pp0_iter7            |   1|   0|    1|          0|
    |ap_enable_reg_pp0_iter8            |   1|   0|    1|          0|
    |ap_enable_reg_pp0_iter9            |   1|   0|    1|          0|
    |ap_loop_exit_ready_pp0_iter10_reg  |   1|   0|    1|          0|
    |ap_loop_exit_ready_pp0_iter1_reg   |   1|   0|    1|          0|
    |ap_loop_exit_ready_pp0_iter2_reg   |   1|   0|    1|          0|
    |ap_loop_exit_ready_pp0_iter3_reg   |   1|   0|    1|          0|
    |ap_loop_exit_ready_pp0_iter4_reg   |   1|   0|    1|          0|
    |ap_loop_exit_ready_pp0_iter5_reg   |   1|   0|    1|          0|
    |ap_loop_exit_ready_pp0_iter6_reg   |   1|   0|    1|          0|
    |ap_loop_exit_ready_pp0_iter7_reg   |   1|   0|    1|          0|
    |ap_loop_exit_ready_pp0_iter8_reg   |   1|   0|    1|          0|
    |ap_loop_exit_ready_pp0_iter9_reg   |   1|   0|    1|          0|
    |first_iter_0_reg_87                |   1|   0|    1|          0|
    |gmem0_addr_read_reg_166            |  16|   0|   16|          0|
    |i1_fu_58                           |  17|   0|   17|          0|
    |icmp_ln117_reg_156                 |   1|   0|    1|          0|
    |input_tensor_read_reg_151          |  64|   0|   64|          0|
    +-----------------------------------+----+----+-----+-----------+
    |Total                              | 121|   0|  121|          0|
    +-----------------------------------+----+----+-----+-----------+



================================================================
== Interface
================================================================
* Summary: 
+-----------------------------+-----+-----+------------+----------------------------+--------------+
|          RTL Ports          | Dir | Bits|  Protocol  |        Source Object       |    C Type    |
+-----------------------------+-----+-----+------------+----------------------------+--------------+
|ap_clk                       |   in|    1|  ap_ctrl_hs|  Loop_VITIS_LOOP_117_1_proc|  return value|
|ap_rst                       |   in|    1|  ap_ctrl_hs|  Loop_VITIS_LOOP_117_1_proc|  return value|
|ap_start                     |   in|    1|  ap_ctrl_hs|  Loop_VITIS_LOOP_117_1_proc|  return value|
|ap_done                      |  out|    1|  ap_ctrl_hs|  Loop_VITIS_LOOP_117_1_proc|  return value|
|ap_continue                  |   in|    1|  ap_ctrl_hs|  Loop_VITIS_LOOP_117_1_proc|  return value|
|ap_idle                      |  out|    1|  ap_ctrl_hs|  Loop_VITIS_LOOP_117_1_proc|  return value|
|ap_ready                     |  out|    1|  ap_ctrl_hs|  Loop_VITIS_LOOP_117_1_proc|  return value|
|m_axi_gmem0_0_AWVALID        |  out|    1|       m_axi|                       gmem0|       pointer|
|m_axi_gmem0_0_AWREADY        |   in|    1|       m_axi|                       gmem0|       pointer|
|m_axi_gmem0_0_AWADDR         |  out|   64|       m_axi|                       gmem0|       pointer|
|m_axi_gmem0_0_AWID           |  out|    1|       m_axi|                       gmem0|       pointer|
|m_axi_gmem0_0_AWLEN          |  out|   32|       m_axi|                       gmem0|       pointer|
|m_axi_gmem0_0_AWSIZE         |  out|    3|       m_axi|                       gmem0|       pointer|
|m_axi_gmem0_0_AWBURST        |  out|    2|       m_axi|                       gmem0|       pointer|
|m_axi_gmem0_0_AWLOCK         |  out|    2|       m_axi|                       gmem0|       pointer|
|m_axi_gmem0_0_AWCACHE        |  out|    4|       m_axi|                       gmem0|       pointer|
|m_axi_gmem0_0_AWPROT         |  out|    3|       m_axi|                       gmem0|       pointer|
|m_axi_gmem0_0_AWQOS          |  out|    4|       m_axi|                       gmem0|       pointer|
|m_axi_gmem0_0_AWREGION       |  out|    4|       m_axi|                       gmem0|       pointer|
|m_axi_gmem0_0_AWUSER         |  out|    1|       m_axi|                       gmem0|       pointer|
|m_axi_gmem0_0_WVALID         |  out|    1|       m_axi|                       gmem0|       pointer|
|m_axi_gmem0_0_WREADY         |   in|    1|       m_axi|                       gmem0|       pointer|
|m_axi_gmem0_0_WDATA          |  out|   16|       m_axi|                       gmem0|       pointer|
|m_axi_gmem0_0_WSTRB          |  out|    2|       m_axi|                       gmem0|       pointer|
|m_axi_gmem0_0_WLAST          |  out|    1|       m_axi|                       gmem0|       pointer|
|m_axi_gmem0_0_WID            |  out|    1|       m_axi|                       gmem0|       pointer|
|m_axi_gmem0_0_WUSER          |  out|    1|       m_axi|                       gmem0|       pointer|
|m_axi_gmem0_0_ARVALID        |  out|    1|       m_axi|                       gmem0|       pointer|
|m_axi_gmem0_0_ARREADY        |   in|    1|       m_axi|                       gmem0|       pointer|
|m_axi_gmem0_0_ARADDR         |  out|   64|       m_axi|                       gmem0|       pointer|
|m_axi_gmem0_0_ARID           |  out|    1|       m_axi|                       gmem0|       pointer|
|m_axi_gmem0_0_ARLEN          |  out|   32|       m_axi|                       gmem0|       pointer|
|m_axi_gmem0_0_ARSIZE         |  out|    3|       m_axi|                       gmem0|       pointer|
|m_axi_gmem0_0_ARBURST        |  out|    2|       m_axi|                       gmem0|       pointer|
|m_axi_gmem0_0_ARLOCK         |  out|    2|       m_axi|                       gmem0|       pointer|
|m_axi_gmem0_0_ARCACHE        |  out|    4|       m_axi|                       gmem0|       pointer|
|m_axi_gmem0_0_ARPROT         |  out|    3|       m_axi|                       gmem0|       pointer|
|m_axi_gmem0_0_ARQOS          |  out|    4|       m_axi|                       gmem0|       pointer|
|m_axi_gmem0_0_ARREGION       |  out|    4|       m_axi|                       gmem0|       pointer|
|m_axi_gmem0_0_ARUSER         |  out|    1|       m_axi|                       gmem0|       pointer|
|m_axi_gmem0_0_RVALID         |   in|    1|       m_axi|                       gmem0|       pointer|
|m_axi_gmem0_0_RREADY         |  out|    1|       m_axi|                       gmem0|       pointer|
|m_axi_gmem0_0_RDATA          |   in|   16|       m_axi|                       gmem0|       pointer|
|m_axi_gmem0_0_RLAST          |   in|    1|       m_axi|                       gmem0|       pointer|
|m_axi_gmem0_0_RID            |   in|    1|       m_axi|                       gmem0|       pointer|
|m_axi_gmem0_0_RFIFONUM       |   in|   10|       m_axi|                       gmem0|       pointer|
|m_axi_gmem0_0_RUSER          |   in|    1|       m_axi|                       gmem0|       pointer|
|m_axi_gmem0_0_RRESP          |   in|    2|       m_axi|                       gmem0|       pointer|
|m_axi_gmem0_0_BVALID         |   in|    1|       m_axi|                       gmem0|       pointer|
|m_axi_gmem0_0_BREADY         |  out|    1|       m_axi|                       gmem0|       pointer|
|m_axi_gmem0_0_BRESP          |   in|    2|       m_axi|                       gmem0|       pointer|
|m_axi_gmem0_0_BID            |   in|    1|       m_axi|                       gmem0|       pointer|
|m_axi_gmem0_0_BUSER          |   in|    1|       m_axi|                       gmem0|       pointer|
|input_stream_din             |  out|   16|     ap_fifo|                input_stream|       pointer|
|input_stream_full_n          |   in|    1|     ap_fifo|                input_stream|       pointer|
|input_stream_write           |  out|    1|     ap_fifo|                input_stream|       pointer|
|input_stream_num_data_valid  |   in|    3|     ap_fifo|                input_stream|       pointer|
|input_stream_fifo_cap        |   in|    3|     ap_fifo|                input_stream|       pointer|
|input_tensor                 |   in|   64|     ap_none|                input_tensor|        scalar|
+-----------------------------+-----+-----+------------+----------------------------+--------------+

