#-----------------------------------------------------------
# Vivado v2025.1 (64-bit)
# SW Build 6140274 on Thu May 22 00:12:29 MDT 2025
# IP Build 6138677 on Thu May 22 03:10:11 MDT 2025
# SharedData Build 6139179 on Tue May 20 17:58:58 MDT 2025
# Start of session at: Mon Mar 30 23:29:59 2026
# Process ID         : 26360
# Current directory  : D:/vitis_research_project/alexnet/hls_component/hls_component/hls/impl/ip
# Command line       : vivado.exe -notrace -mode batch -source run_ippack.tcl
# Log file           : D:/vitis_research_project/alexnet/hls_component/hls_component/hls/impl/ip/vivado.log
# Journal file       : D:/vitis_research_project/alexnet/hls_component/hls_component/hls/impl/ip\vivado.jou
# Running On         : ARSHAD
# Platform           : Windows Server 2016 or Windows 10
# Operating System   : 26200
# Processor Detail   : 13th Gen Intel(R) Core(TM) i5-1335U
# CPU Frequency      : 2496 MHz
# CPU Physical cores : 10
# CPU Logical cores  : 12
# Host memory        : 16794 MB
# Swap memory        : 11907 MB
# Total Virtual      : 28702 MB
# Available Virtual  : 2876 MB
#-----------------------------------------------------------
source run_ippack.tcl -notrace
INFO: calling package_hls_ip ip_types=vitis sysgen json_file=D:/vitis_research_project/alexnet/hls_component/hls_component/hls/hls_data.json outdir=D:/vitis_research_project/alexnet/hls_component/hls_component/hls/impl/ip srcdir=D:/vitis_research_project/alexnet/hls_component/hls_component/hls ippack_options_dict= ippack_options_dict=
INFO: Copied 1 ipmisc file(s) to D:/vitis_research_project/alexnet/hls_component/hls_component/hls/impl/ip/misc
INFO: Copied 18 verilog file(s) to D:/vitis_research_project/alexnet/hls_component/hls_component/hls/impl/ip/hdl/verilog
INFO: Copied 18 vhdl file(s) to D:/vitis_research_project/alexnet/hls_component/hls_component/hls/impl/ip/hdl/vhdl
INFO: Copied 10 swdriver file(s) to D:/vitis_research_project/alexnet/hls_component/hls_component/hls/impl/ip/drivers
ipx::create_core: Time (s): cpu = 00:00:11 ; elapsed = 00:00:07 . Memory (MB): peak = 512.723 ; gain = 205.215
INFO: Import ports from HDL: D:/vitis_research_project/alexnet/hls_component/hls_component/hls/impl/ip/hdl/vhdl/alexnet_layer1.vhd (alexnet_layer1)
INFO: Add axi4lite interface s_axi_control
INFO: Add clock interface ap_clk
INFO: Add reset interface ap_rst_n
INFO: Add interrupt interface interrupt
INFO: [IP_Flow 19-234] Refreshing IP repositories
INFO: [IP_Flow 19-1704] No user IP repositories specified
INFO: [IP_Flow 19-2313] Loaded Vivado IP repository 'C:/Xilinx/2025.1/Vivado/data/ip'.
INFO: Add axi4full interface m_axi_gmem0
INFO: Add axi4full interface m_axi_gmem1
INFO: Add axi4full interface m_axi_gmem2
INFO: Add axi4full interface m_axi_gmem3
INFO: Calling post_process_vitis to specialize IP
INFO: Calling post_process_sysgen to specialize IP
Generating sysgen info xml from json file
INFO: Created IP D:/vitis_research_project/alexnet/hls_component/hls_component/hls/impl/ip/component.xml
INFO: Created IP archive D:/vitis_research_project/alexnet/hls_component/hls_component/hls/impl/ip/xilinx_com_hls_alexnet_layer1_1_0.zip
INFO: [Common 17-206] Exiting Vivado at Mon Mar 30 23:30:13 2026...
