

================================================================
== Synthesis Summary Report of 'mobilenetv2_block'
================================================================
+ General Information: 
    * Date:           Mon Mar 30 21:24:56 2026
    * Version:        2025.1 (Build 6135595 on May 21 2025)
    * Project:        hls_component
    * Solution:       hls (Vivado IP Flow Target)
    * Product family: zynquplus
    * Target device:  xczu7ev-ffvc1156-2-e
    

+ Performance & Resource Estimates: 
    
    PS: '+' for module; 'o' for loop; '*' for dataflow
    +-----------------------------------------------------+------+------+---------+-----------+----------+---------+--------+----------+---------+---------+------------+------------+-----+
    |                       Modules                       | Issue|      |       Latency       | Iteration|         |  Trip  |          |         |         |            |            |     |
    |                       & Loops                       | Type | Slack| (cycles)|    (ns)   |  Latency | Interval|  Count | Pipelined|  BRAM   |   DSP   |     FF     |     LUT    | URAM|
    +-----------------------------------------------------+------+------+---------+-----------+----------+---------+--------+----------+---------+---------+------------+------------+-----+
    |+ mobilenetv2_block*                                 |     -|  0.00|  1726402|  1.726e+07|         -|  1726382|       -|  dataflow|  2 (~0%)|  41 (2%)|  4365 (~0%)|   4016 (1%)|    -|
    | + Loop_VITIS_LOOP_117_1_proc                        |     -|  0.00|   100363|  1.004e+06|         -|   100352|       -|    rewind|        -|        -|   121 (~0%)|   125 (~0%)|    -|
    |  o VITIS_LOOP_117_1                                 |     -|  7.30|   100361|  1.004e+06|        11|        1|  100352|       yes|        -|        -|           -|           -|    -|
    | + depthwise_conv                                    |     -|  2.92|   501769|  5.018e+06|         -|   501760|       -|    rewind|        -|  9 (~0%)|   509 (~0%)|   785 (~0%)|    -|
    |  o VITIS_LOOP_27_1_VITIS_LOOP_28_2_VITIS_LOOP_29_3  |    II|  7.30|   501767|  5.018e+06|        13|        5|  100352|       yes|        -|        -|           -|           -|    -|
    | + pointwise_conv                                    |     -|  0.00|  1726381|  1.726e+07|         -|  1726381|       -|        no|        -|  32 (1%)|  2026 (~0%)|  1104 (~0%)|    -|
    |  o VITIS_LOOP_72_1                                  |     -|  7.30|  1726380|  1.726e+07|     31970|        -|      54|        no|        -|        -|           -|           -|    -|
    |   o VITIS_LOOP_73_2                                 |     -|  7.30|    31968|  3.197e+05|       592|        -|      54|        no|        -|        -|           -|           -|    -|
    |    + pointwise_conv_Pipeline_VITIS_LOOP_77_3        |     -|  4.46|       34|    340.000|         -|       33|       -|    rewind|        -|        -|    15 (~0%)|    76 (~0%)|    -|
    |     o VITIS_LOOP_77_3                               |     -|  7.30|       32|    320.000|         2|        1|      32|       yes|        -|        -|           -|           -|    -|
    |    + pointwise_conv_Pipeline_VITIS_LOOP_83_4        |     -|  0.00|      538|  5.380e+03|         -|      528|       -|    rewind|        -|  32 (1%)|  1318 (~0%)|   587 (~0%)|    -|
    |     o VITIS_LOOP_83_4                               |    II|  7.30|      536|  5.360e+03|        41|       16|      32|       yes|        -|        -|           -|           -|    -|
    +-----------------------------------------------------+------+------+---------+-----------+----------+---------+--------+----------+---------+---------+------------+------------+-----+


================================================================
== HW Interfaces
================================================================
* M_AXI
+-------------+------------+------------+---------------+---------+--------+----------+-----------+--------------+--------------+-------------+-------------+-------------------+
| Interface   | Read/Write | Data Width | Address Width | Latency | Offset | Register | Max Widen | Max Read     | Max Write    | Num Read    | Num Write   | Resource Estimate |
|             |            | (SW->HW)   |               |         |        |          | Bitwidth  | Burst Length | Burst Length | Outstanding | Outstanding |                   |
+-------------+------------+------------+---------------+---------+--------+----------+-----------+--------------+--------------+-------------+-------------+-------------------+
| m_axi_gmem0 | READ_ONLY  | 16 -> 16   | 64            | 0       | slave  | 0        | 0         | 16           | 16           | 16          | 16          | BRAM=2            |
| m_axi_gmem1 | WRITE_ONLY | 16 -> 16   | 64            | 0       | slave  | 0        | 0         | 16           | 16           | 16          | 16          |                   |
+-------------+------------+------------+---------------+---------+--------+----------+-----------+--------------+--------------+-------------+-------------+-------------------+

* S_AXILITE Interfaces
+---------------+------------+---------------+--------+----------+
| Interface     | Data Width | Address Width | Offset | Register |
+---------------+------------+---------------+--------+----------+
| s_axi_control | 32         | 6             | 16     | 0        |
+---------------+------------+---------------+--------+----------+

* S_AXILITE Registers
+---------------+-----------------+--------+-------+--------+----------------------------------+----------------------------------------------------------------------+
| Interface     | Register        | Offset | Width | Access | Description                      | Bit Fields                                                           |
+---------------+-----------------+--------+-------+--------+----------------------------------+----------------------------------------------------------------------+
| s_axi_control | CTRL            | 0x00   | 32    | RW     | Control signals                  | 0=AP_START 1=AP_DONE 2=AP_IDLE 3=AP_READY 7=AUTO_RESTART 9=INTERRUPT |
| s_axi_control | GIER            | 0x04   | 32    | RW     | Global Interrupt Enable Register | 0=Enable                                                             |
| s_axi_control | IP_IER          | 0x08   | 32    | RW     | IP Interrupt Enable Register     | 0=CHAN0_INT_EN 1=CHAN1_INT_EN                                        |
| s_axi_control | IP_ISR          | 0x0c   | 32    | RW     | IP Interrupt Status Register     | 0=CHAN0_INT_ST 1=CHAN1_INT_ST                                        |
| s_axi_control | input_tensor_1  | 0x10   | 32    | W      | Data signal of input_tensor      |                                                                      |
| s_axi_control | input_tensor_2  | 0x14   | 32    | W      | Data signal of input_tensor      |                                                                      |
| s_axi_control | output_tensor_1 | 0x1c   | 32    | W      | Data signal of output_tensor     |                                                                      |
| s_axi_control | output_tensor_2 | 0x20   | 32    | W      | Data signal of output_tensor     |                                                                      |
+---------------+-----------------+--------+-------+--------+----------------------------------+----------------------------------------------------------------------+

* AP_MEMORY
+---------------------+-----------+----------+
| Port                | Direction | Bitwidth |
+---------------------+-----------+----------+
| dw_weights_address0 | out       | 9        |
| dw_weights_address1 | out       | 9        |
| dw_weights_d0       | out       | 16       |
| dw_weights_d1       | out       | 16       |
| dw_weights_q0       | in        | 16       |
| dw_weights_q1       | in        | 16       |
| pw_weights_address0 | out       | 10       |
| pw_weights_address1 | out       | 10       |
| pw_weights_d0       | out       | 16       |
| pw_weights_d1       | out       | 16       |
| pw_weights_q0       | in        | 16       |
| pw_weights_q1       | in        | 16       |
+---------------------+-----------+----------+

* TOP LEVEL CONTROL
+-----------+------------+-----------+
| Interface | Type       | Ports     |
+-----------+------------+-----------+
| ap_clk    | clock      | ap_clk    |
| ap_rst_n  | reset      | ap_rst_n  |
| interrupt | interrupt  | interrupt |
| ap_ctrl   | ap_ctrl_hs |           |
+-----------+------------+-----------+


================================================================
== SW I/O Information
================================================================
* Top Function Arguments
+---------------+-----------+---------------------------------------------+
| Argument      | Direction | Datatype                                    |
+---------------+-----------+---------------------------------------------+
| input_tensor  | in        | ap_fixed<16, 8, AP_TRN, AP_WRAP, 0>*        |
| output_tensor | out       | ap_fixed<16, 8, AP_TRN, AP_WRAP, 0>*        |
| dw_weights    | in        | ap_fixed<16, 8, AP_TRN, AP_WRAP, 0> const * |
| pw_weights    | in        | ap_fixed<16, 8, AP_TRN, AP_WRAP, 0> const * |
+---------------+-----------+---------------------------------------------+

* SW-to-HW Mapping
+---------------+---------------------+-----------+----------+-------------------------------------------+
| Argument      | HW Interface        | HW Type   | HW Usage | HW Info                                   |
+---------------+---------------------+-----------+----------+-------------------------------------------+
| input_tensor  | m_axi_gmem0         | interface |          | channel=0                                 |
| input_tensor  | s_axi_control       | register  | offset   | name=input_tensor_1 offset=0x10 range=32  |
| input_tensor  | s_axi_control       | register  | offset   | name=input_tensor_2 offset=0x14 range=32  |
| output_tensor | m_axi_gmem1         | interface |          | channel=0                                 |
| output_tensor | s_axi_control       | register  | offset   | name=output_tensor_1 offset=0x1c range=32 |
| output_tensor | s_axi_control       | register  | offset   | name=output_tensor_2 offset=0x20 range=32 |
| dw_weights    | dw_weights_address0 | port      | offset   |                                           |
| dw_weights    | dw_weights_ce0      | port      |          |                                           |
| dw_weights    | dw_weights_d0       | port      |          |                                           |
| dw_weights    | dw_weights_q0       | port      |          |                                           |
| dw_weights    | dw_weights_we0      | port      |          |                                           |
| dw_weights    | dw_weights_address1 | port      | offset   |                                           |
| dw_weights    | dw_weights_ce1      | port      |          |                                           |
| dw_weights    | dw_weights_d1       | port      |          |                                           |
| dw_weights    | dw_weights_q1       | port      |          |                                           |
| dw_weights    | dw_weights_we1      | port      |          |                                           |
| pw_weights    | pw_weights_address0 | port      | offset   |                                           |
| pw_weights    | pw_weights_ce0      | port      |          |                                           |
| pw_weights    | pw_weights_d0       | port      |          |                                           |
| pw_weights    | pw_weights_q0       | port      |          |                                           |
| pw_weights    | pw_weights_we0      | port      |          |                                           |
| pw_weights    | pw_weights_address1 | port      | offset   |                                           |
| pw_weights    | pw_weights_ce1      | port      |          |                                           |
| pw_weights    | pw_weights_d1       | port      |          |                                           |
| pw_weights    | pw_weights_q1       | port      |          |                                           |
| pw_weights    | pw_weights_we1      | port      |          |                                           |
+---------------+---------------------+-----------+----------+-------------------------------------------+


================================================================
== M_AXI Burst Information
================================================================
 Note: All burst requests might be further partitioned into multiple requests during RTL generation based on max_read_burst_length or max_write_burst_length settings.

* Inferred Burst Summary
+--------------+-----------+--------+-------+------------------+------------------------+
| HW Interface | Direction | Length | Width | Loop             | Loop Location          |
+--------------+-----------+--------+-------+------------------+------------------------+
| m_axi_gmem0  | read      | 100352 | 16    | VITIS_LOOP_117_1 | MobileNetV2.cpp:117:23 |
+--------------+-----------+--------+-------+------------------+------------------------+

* All M_AXI Variable Accesses
+--------------+---------------+------------------------+-----------+--------------+--------+------------------+------------------------+------------+-------------------------------------------------------------------------------------------------------+
| HW Interface | Variable      | Access Location        | Direction | Burst Status | Length | Loop             | Loop Location          | Resolution | Problem                                                                                               |
+--------------+---------------+------------------------+-----------+--------------+--------+------------------+------------------------+------------+-------------------------------------------------------------------------------------------------------+
| m_axi_gmem0  | input_tensor  | MobileNetV2.cpp:117:66 | read      | Widen Fail   |        | VITIS_LOOP_117_1 | MobileNetV2.cpp:117:23 | 214-353    | Could not widen since type i16 size is greater than or equal to the max_widen_bitwidth threshold of 0 |
| m_axi_gmem0  | input_tensor  | MobileNetV2.cpp:117:66 | read      | Inferred     | 100352 | VITIS_LOOP_117_1 | MobileNetV2.cpp:117:23 |            |                                                                                                       |
| m_axi_gmem1  | output_tensor | MobileNetV2.cpp:89:77  | write     | Fail         |        | VITIS_LOOP_83_4  | MobileNetV2.cpp:83:30  | 214-230    | Stride is incompatible                                                                                |
+--------------+---------------+------------------------+-----------+--------------+--------+------------------+------------------------+------------+-------------------------------------------------------------------------------------------------------+

    * Resolution URL: docs.xilinx.com/access/sources/dita/topic?Doc_Version=2025.1%20English&url=ug1448-hls-guidance&resourceid=XXX-YYY.html (replace XXX-YYY with column value)

================================================================
== Bind Op Report
================================================================
+---------------------------------------------+-----+--------+-------------------+--------+-----------+---------+
| Name                                        | DSP | Pragma | Variable          | Op     | Impl      | Latency |
+---------------------------------------------+-----+--------+-------------------+--------+-----------+---------+
| + mobilenetv2_block                         | 41  |        |                   |        |           |         |
|  + Loop_VITIS_LOOP_117_1_proc               | 0   |        |                   |        |           |         |
|    i_fu_107_p2                              |     |        | i                 | add    | fabric    | 0       |
|    icmp_ln117_fu_113_p2                     |     |        | icmp_ln117        | seteq  | auto      | 0       |
|  + depthwise_conv                           | 9   |        |                   |        |           |         |
|    add_ln27_fu_380_p2                       |     |        | add_ln27          | add    | fabric    | 0       |
|    select_ln27_fu_386_p3                    |     |        | select_ln27       | select | auto_sel  | 0       |
|    or_ln27_fu_394_p2                        |     |        | or_ln27           | or     | auto      | 0       |
|    xor_ln27_fu_400_p2                       |     |        | xor_ln27          | xor    | auto      | 0       |
|    and_ln27_fu_406_p2                       |     |        | and_ln27          | and    | auto      | 0       |
|    ch_fu_412_p3                             |     |        | ch                | select | auto_sel  | 0       |
|    r_3_fu_420_p2                            |     |        | r_3               | add    | fabric    | 0       |
|    empty_29_fu_426_p2                       |     |        | empty_29          | or     | auto      | 0       |
|    c_mid2_fu_432_p3                         |     |        | c_mid2            | select | auto_sel  | 0       |
|    first_iter_1_mid1_fu_440_p2              |     |        | first_iter_1_mid1 | seteq  | auto      | 0       |
|    first_iter_1_mid2_fu_446_p3              |     |        | first_iter_1_mid2 | select | auto_sel  | 0       |
|    r_fu_454_p3                              |     |        | r                 | select | auto_sel  | 0       |
|    first_iter_0_fu_462_p2                   |     |        | first_iter_0      | seteq  | auto      | 0       |
|    empty_30_fu_484_p2                       |     |        | empty_30          | add    | fabric    | 0       |
|    empty_32_fu_499_p2                       |     |        | empty_32          | add    | fabric    | 0       |
|    empty_33_fu_510_p2                       |     |        | empty_33          | add    | fabric    | 0       |
|    empty_34_fu_623_p2                       |     |        | empty_34          | add    | fabric    | 0       |
|    empty_35_fu_646_p2                       |     |        | empty_35          | add    | fabric    | 0       |
|    empty_36_fu_656_p2                       |     |        | empty_36          | add    | fabric    | 0       |
|    empty_37_fu_691_p2                       |     |        | empty_37          | add    | fabric    | 0       |
|    empty_38_fu_701_p2                       |     |        | empty_38          | add    | fabric    | 0       |
|    empty_39_fu_734_p2                       |     |        | empty_39          | add    | fabric    | 0       |
|    add_ln27_1_fu_744_p2                     |     |        | add_ln27_1        | add    | fabric    | 0       |
|    icmp_fu_531_p2                           |     |        | icmp              | setne  | auto      | 0       |
|    icmp_ln48_fu_553_p2                      |     |        | icmp_ln48         | setne  | auto      | 0       |
|    and_ln48_fu_559_p2                       |     |        | and_ln48          | and    | auto      | 0       |
|    mul_16s_16s_24_1_1_U4                    | 1   |        | mul_ln52          | mul    | auto      | 0       |
|    mac_muladd_16s_16s_24ns_24_4_1_U5        | 1   |        | mul_ln52_1        | mul    | dsp_slice | 3       |
|    mac_muladd_16s_16s_24ns_24_4_1_U5        | 1   |        | add_ln52          | add    | dsp_slice | 3       |
|    mac_muladd_16s_16s_24ns_24_4_1_U6        | 1   |        | mul_ln52_2        | mul    | dsp_slice | 3       |
|    mac_muladd_16s_16s_24ns_24_4_1_U6        | 1   |        | add_ln52_1        | add    | dsp_slice | 3       |
|    mac_muladd_16s_16s_24ns_24_4_1_U7        | 1   |        | mul_ln52_3        | mul    | dsp_slice | 3       |
|    mac_muladd_16s_16s_24ns_24_4_1_U7        | 1   |        | add_ln52_2        | add    | dsp_slice | 3       |
|    mac_muladd_16s_16s_24ns_24_4_1_U8        | 1   |        | mul_ln52_4        | mul    | dsp_slice | 3       |
|    mac_muladd_16s_16s_24ns_24_4_1_U8        | 1   |        | add_ln52_3        | add    | dsp_slice | 3       |
|    mac_muladd_16s_16s_24ns_24_4_1_U9        | 1   |        | mul_ln52_5        | mul    | dsp_slice | 3       |
|    mac_muladd_16s_16s_24ns_24_4_1_U9        | 1   |        | add_ln52_4        | add    | dsp_slice | 3       |
|    mac_muladd_16s_16s_24ns_24_4_1_U10       | 1   |        | mul_ln52_6        | mul    | dsp_slice | 3       |
|    mac_muladd_16s_16s_24ns_24_4_1_U10       | 1   |        | add_ln52_5        | add    | dsp_slice | 3       |
|    mac_muladd_16s_16s_24ns_24_4_1_U11       | 1   |        | mul_ln52_7        | mul    | dsp_slice | 3       |
|    mac_muladd_16s_16s_24ns_24_4_1_U11       | 1   |        | add_ln52_6        | add    | dsp_slice | 3       |
|    mac_muladd_16s_16s_24ns_24_4_1_U12       | 1   |        | mul_ln52_8        | mul    | dsp_slice | 3       |
|    mac_muladd_16s_16s_24ns_24_4_1_U12       | 1   |        | add_ln52_7        | add    | dsp_slice | 3       |
|    icmp_ln55_fu_1049_p2                     |     |        | icmp_ln55         | setgt  | auto      | 0       |
|    select_ln55_fu_1055_p3                   |     |        | select_ln55       | select | auto_sel  | 0       |
|    c_fu_565_p2                              |     |        | c                 | add    | fabric    | 0       |
|    add_ln28_1_fu_571_p2                     |     |        | add_ln28_1        | add    | fabric    | 0       |
|    select_ln28_1_fu_577_p3                  |     |        | select_ln28_1     | select | auto_sel  | 0       |
|    first_iter_1_fu_585_p2                   |     |        | first_iter_1      | seteq  | auto      | 0       |
|    icmp_ln29_fu_591_p2                      |     |        | icmp_ln29         | seteq  | auto      | 0       |
|    icmp_ln28_fu_597_p2                      |     |        | icmp_ln28         | seteq  | auto      | 0       |
|    icmp_ln27_fu_812_p2                      |     |        | icmp_ln27         | seteq  | auto      | 0       |
|  + pointwise_conv                           | 32  |        |                   |        |           |         |
|    add_ln72_1_fu_481_p2                     |     |        | add_ln72_1        | add    | fabric    | 0       |
|    icmp_ln72_fu_487_p2                      |     |        | icmp_ln72         | seteq  | auto      | 0       |
|    add_ln72_fu_493_p2                       |     |        | add_ln72          | add    | fabric    | 0       |
|    icmp_ln73_fu_499_p2                      |     |        | icmp_ln73         | seteq  | auto      | 0       |
|    add_ln73_fu_505_p2                       |     |        | add_ln73          | add    | fabric    | 0       |
|    thr_add_fu_515_p2                        |     |        | thr_add           | add    | fabric    | 0       |
|   + pointwise_conv_Pipeline_VITIS_LOOP_77_3 | 0   |        |                   |        |           |         |
|     icmp_ln77_fu_68_p2                      |     |        | icmp_ln77         | seteq  | auto      | 0       |
|     add_ln77_fu_74_p2                       |     |        | add_ln77          | add    | fabric    | 0       |
|   + pointwise_conv_Pipeline_VITIS_LOOP_83_4 | 32  |        |                   |        |           |         |
|     icmp_ln83_fu_881_p2                     |     |        | icmp_ln83         | seteq  | auto      | 0       |
|     add_ln83_fu_887_p2                      |     |        | add_ln83          | add    | fabric    | 0       |
|     mul_16s_16s_24_1_1_U21                  | 1   |        | mul_ln87          | mul    | auto      | 0       |
|     mac_muladd_16s_16s_24ns_24_4_1_U22      | 1   |        | mul_ln87_1        | mul    | dsp_slice | 3       |
|     mac_muladd_16s_16s_24ns_24_4_1_U22      | 1   |        | add_ln87          | add    | dsp_slice | 3       |
|     mac_muladd_16s_16s_24ns_24_4_1_U23      | 1   |        | mul_ln87_2        | mul    | dsp_slice | 3       |
|     mac_muladd_16s_16s_24ns_24_4_1_U23      | 1   |        | add_ln87_1        | add    | dsp_slice | 3       |
|     mac_muladd_16s_16s_24ns_24_4_1_U24      | 1   |        | mul_ln87_3        | mul    | dsp_slice | 3       |
|     mac_muladd_16s_16s_24ns_24_4_1_U24      | 1   |        | add_ln87_2        | add    | dsp_slice | 3       |
|     mac_muladd_16s_16s_24ns_24_4_1_U25      | 1   |        | mul_ln87_4        | mul    | dsp_slice | 3       |
|     mac_muladd_16s_16s_24ns_24_4_1_U25      | 1   |        | add_ln87_3        | add    | dsp_slice | 3       |
|     mac_muladd_16s_16s_24ns_24_4_1_U26      | 1   |        | mul_ln87_5        | mul    | dsp_slice | 3       |
|     mac_muladd_16s_16s_24ns_24_4_1_U26      | 1   |        | add_ln87_4        | add    | dsp_slice | 3       |
|     mac_muladd_16s_16s_24ns_24_4_1_U27      | 1   |        | mul_ln87_6        | mul    | dsp_slice | 3       |
|     mac_muladd_16s_16s_24ns_24_4_1_U27      | 1   |        | add_ln87_5        | add    | dsp_slice | 3       |
|     mac_muladd_16s_16s_24ns_24_4_1_U28      | 1   |        | mul_ln87_7        | mul    | dsp_slice | 3       |
|     mac_muladd_16s_16s_24ns_24_4_1_U28      | 1   |        | add_ln87_6        | add    | dsp_slice | 3       |
|     mac_muladd_16s_16s_24ns_24_4_1_U29      | 1   |        | mul_ln87_8        | mul    | dsp_slice | 3       |
|     mac_muladd_16s_16s_24ns_24_4_1_U29      | 1   |        | add_ln87_7        | add    | dsp_slice | 3       |
|     mac_muladd_16s_16s_24ns_24_4_1_U30      | 1   |        | mul_ln87_9        | mul    | dsp_slice | 3       |
|     mac_muladd_16s_16s_24ns_24_4_1_U30      | 1   |        | add_ln87_8        | add    | dsp_slice | 3       |
|     mac_muladd_16s_16s_24ns_24_4_1_U31      | 1   |        | mul_ln87_10       | mul    | dsp_slice | 3       |
|     mac_muladd_16s_16s_24ns_24_4_1_U31      | 1   |        | add_ln87_9        | add    | dsp_slice | 3       |
|     mac_muladd_16s_16s_24ns_24_4_1_U32      | 1   |        | mul_ln87_11       | mul    | dsp_slice | 3       |
|     mac_muladd_16s_16s_24ns_24_4_1_U32      | 1   |        | add_ln87_10       | add    | dsp_slice | 3       |
|     mac_muladd_16s_16s_24ns_24_4_1_U33      | 1   |        | mul_ln87_12       | mul    | dsp_slice | 3       |
|     mac_muladd_16s_16s_24ns_24_4_1_U33      | 1   |        | add_ln87_11       | add    | dsp_slice | 3       |
|     mac_muladd_16s_16s_24ns_24_4_1_U34      | 1   |        | mul_ln87_13       | mul    | dsp_slice | 3       |
|     mac_muladd_16s_16s_24ns_24_4_1_U34      | 1   |        | add_ln87_12       | add    | dsp_slice | 3       |
|     mac_muladd_16s_16s_24ns_24_4_1_U35      | 1   |        | mul_ln87_14       | mul    | dsp_slice | 3       |
|     mac_muladd_16s_16s_24ns_24_4_1_U35      | 1   |        | add_ln87_13       | add    | dsp_slice | 3       |
|     mac_muladd_16s_16s_24ns_24_4_1_U36      | 1   |        | mul_ln87_15       | mul    | dsp_slice | 3       |
|     mac_muladd_16s_16s_24ns_24_4_1_U36      | 1   |        | add_ln87_14       | add    | dsp_slice | 3       |
|     mac_muladd_16s_16s_24ns_24_4_1_U37      | 1   |        | mul_ln87_16       | mul    | dsp_slice | 3       |
|     mac_muladd_16s_16s_24ns_24_4_1_U37      | 1   |        | add_ln87_15       | add    | dsp_slice | 3       |
|     mac_muladd_16s_16s_24ns_24_4_1_U38      | 1   |        | mul_ln87_17       | mul    | dsp_slice | 3       |
|     mac_muladd_16s_16s_24ns_24_4_1_U38      | 1   |        | add_ln87_16       | add    | dsp_slice | 3       |
|     mac_muladd_16s_16s_24ns_24_4_1_U39      | 1   |        | mul_ln87_18       | mul    | dsp_slice | 3       |
|     mac_muladd_16s_16s_24ns_24_4_1_U39      | 1   |        | add_ln87_17       | add    | dsp_slice | 3       |
|     mac_muladd_16s_16s_24ns_24_4_1_U40      | 1   |        | mul_ln87_19       | mul    | dsp_slice | 3       |
|     mac_muladd_16s_16s_24ns_24_4_1_U40      | 1   |        | add_ln87_18       | add    | dsp_slice | 3       |
|     mac_muladd_16s_16s_24ns_24_4_1_U41      | 1   |        | mul_ln87_20       | mul    | dsp_slice | 3       |
|     mac_muladd_16s_16s_24ns_24_4_1_U41      | 1   |        | add_ln87_19       | add    | dsp_slice | 3       |
|     mac_muladd_16s_16s_24ns_24_4_1_U42      | 1   |        | mul_ln87_21       | mul    | dsp_slice | 3       |
|     mac_muladd_16s_16s_24ns_24_4_1_U42      | 1   |        | add_ln87_20       | add    | dsp_slice | 3       |
|     mac_muladd_16s_16s_24ns_24_4_1_U43      | 1   |        | mul_ln87_22       | mul    | dsp_slice | 3       |
|     mac_muladd_16s_16s_24ns_24_4_1_U43      | 1   |        | add_ln87_21       | add    | dsp_slice | 3       |
|     mac_muladd_16s_16s_24ns_24_4_1_U44      | 1   |        | mul_ln87_23       | mul    | dsp_slice | 3       |
|     mac_muladd_16s_16s_24ns_24_4_1_U44      | 1   |        | add_ln87_22       | add    | dsp_slice | 3       |
|     mac_muladd_16s_16s_24ns_24_4_1_U45      | 1   |        | mul_ln87_24       | mul    | dsp_slice | 3       |
|     mac_muladd_16s_16s_24ns_24_4_1_U45      | 1   |        | add_ln87_23       | add    | dsp_slice | 3       |
|     mac_muladd_16s_16s_24ns_24_4_1_U46      | 1   |        | mul_ln87_25       | mul    | dsp_slice | 3       |
|     mac_muladd_16s_16s_24ns_24_4_1_U46      | 1   |        | add_ln87_24       | add    | dsp_slice | 3       |
|     mac_muladd_16s_16s_24ns_24_4_1_U47      | 1   |        | mul_ln87_26       | mul    | dsp_slice | 3       |
|     mac_muladd_16s_16s_24ns_24_4_1_U47      | 1   |        | add_ln87_25       | add    | dsp_slice | 3       |
|     mac_muladd_16s_16s_24ns_24_4_1_U48      | 1   |        | mul_ln87_27       | mul    | dsp_slice | 3       |
|     mac_muladd_16s_16s_24ns_24_4_1_U48      | 1   |        | add_ln87_26       | add    | dsp_slice | 3       |
|     mac_muladd_16s_16s_24ns_24_4_1_U49      | 1   |        | mul_ln87_28       | mul    | dsp_slice | 3       |
|     mac_muladd_16s_16s_24ns_24_4_1_U49      | 1   |        | add_ln87_27       | add    | dsp_slice | 3       |
|     mac_muladd_16s_16s_24ns_24_4_1_U50      | 1   |        | mul_ln87_29       | mul    | dsp_slice | 3       |
|     mac_muladd_16s_16s_24ns_24_4_1_U50      | 1   |        | add_ln87_28       | add    | dsp_slice | 3       |
|     mac_muladd_16s_16s_24ns_24_4_1_U51      | 1   |        | mul_ln87_30       | mul    | dsp_slice | 3       |
|     mac_muladd_16s_16s_24ns_24_4_1_U51      | 1   |        | add_ln87_29       | add    | dsp_slice | 3       |
|     mac_muladd_16s_16s_24ns_24_4_1_U52      | 1   |        | mul_ln87_31       | mul    | dsp_slice | 3       |
|     mac_muladd_16s_16s_24ns_24_4_1_U52      | 1   |        | add_ln87_30       | add    | dsp_slice | 3       |
|     add_ln89_2_fu_926_p2                    |     |        | add_ln89_2        | add    | fabric    | 0       |
|     add_ln89_fu_932_p2                      |     |        | add_ln89          | add    | fabric    | 0       |
|     add_ln89_1_fu_950_p2                    |     |        | add_ln89_1        | add    | fabric    | 0       |
+---------------------------------------------+-----+--------+-------------------+--------+-----------+---------+


================================================================
== Storage Report
================================================================
+---------------------+--------------+-----------+------+------+--------+----------------+------+---------+------------------+
| Name                | Usage        | Type      | BRAM | URAM | Pragma | Variable       | Impl | Latency | Bitwidth, Depth, |
|                     |              |           |      |      |        |                |      |         | Banks            |
+---------------------+--------------+-----------+------+------+--------+----------------+------+---------+------------------+
| + mobilenetv2_block |              |           | 2    | 0    |        |                |      |         |                  |
|   control_s_axi_U   | interface    | s_axilite |      |      |        |                |      |         |                  |
|   gmem0_m_axi_U     | interface    | m_axi     | 2    |      |        |                |      |         |                  |
|   gmem1_m_axi_U     | interface    | m_axi     |      |      |        |                |      |         |                  |
|   input_stream_U    | fifo channel | stream    |      |      |        | input_stream   | srl  | 0       | 16, 2, 1         |
|   internal_fifo_U   | fifo channel | stream    |      |      |        | internal_fifo  | srl  | 0       | 16, 64, 1        |
|  + depthwise_conv   |              |           | 0    | 0    |        |                |      |         |                  |
|    line_buffer_U    | ram_1p array |           |      |      |        | line_buffer    | auto | 1       | 16, 56, 1        |
|    line_buffer_1_U  | ram_1p array |           |      |      |        | line_buffer_1  | auto | 1       | 16, 56, 1        |
|  + pointwise_conv   |              |           | 0    | 0    |        |                |      |         |                  |
|    pixel_channels_U | ram_2p array |           |      |      |        | pixel_channels | auto | 1       | 16, 32, 1        |
+---------------------+--------------+-----------+------+------+--------+----------------+------+---------+------------------+


================================================================
== Pragma Report
================================================================
* Pragmas with Warnings
+----------+---------+------------------------------------------+------------------------------------------------------------------------------------------------------------------------------------------------------------------------------------+
| Type     | Options | Location                                 | Messages                                                                                                                                                                           |
+----------+---------+------------------------------------------+------------------------------------------------------------------------------------------------------------------------------------------------------------------------------------+
| DATAFLOW |         | MobileNetV2.cpp:109 in mobilenetv2_block | Since the only kind of statements allowed in a canonical dataflow region are variable declarations and function calls, the compiler may not be able to correctly handle the region |
+----------+---------+------------------------------------------+------------------------------------------------------------------------------------------------------------------------------------------------------------------------------------+

* Valid Pragma Syntax
+-----------------+----------------------------------------------------+---------------------------------------------------------+
| Type            | Options                                            | Location                                                |
+-----------------+----------------------------------------------------+---------------------------------------------------------+
| ARRAY_PARTITION | variable=line_buffer complete dim=1                | MobileNetV2.cpp:21 in depthwise_conv, line_buffer       |
| ARRAY_PARTITION | variable=window complete dim=0                     | MobileNetV2.cpp:25 in depthwise_conv, window            |
| PIPELINE        | ii=1                                               | MobileNetV2.cpp:30 in depthwise_conv                    |
| PIPELINE        | ii=1                                               | MobileNetV2.cpp:78 in pointwise_conv                    |
| PIPELINE        | ii=1                                               | MobileNetV2.cpp:84 in pointwise_conv                    |
| INTERFACE       | m_axi port=input_tensor offset=slave bundle=gmem0  | MobileNetV2.cpp:104 in mobilenetv2_block, input_tensor  |
| INTERFACE       | m_axi port=output_tensor offset=slave bundle=gmem1 | MobileNetV2.cpp:105 in mobilenetv2_block, output_tensor |
| INTERFACE       | s_axilite port=return                              | MobileNetV2.cpp:106 in mobilenetv2_block, return        |
| STREAM          | variable=internal_fifo depth=64                    | MobileNetV2.cpp:113 in mobilenetv2_block, internal_fifo |
+-----------------+----------------------------------------------------+---------------------------------------------------------+


