

================================================================
== Vitis HLS Report for 'resnet50_bottleneck'
================================================================
* Date:           Mon Mar 30 20:09:14 2026

* Version:        2025.1 (Build 6135595 on May 21 2025)
* Project:        hls_component
* Solution:       hls (Vivado IP Flow Target)
* Product family: zynquplus
* Target device:  xczu7ev-ffvc1156-2-e


================================================================
== Performance Estimates
================================================================
+ Timing: 
    * Summary: 
    +--------+----------+----------+------------+
    |  Clock |  Target  | Estimated| Uncertainty|
    +--------+----------+----------+------------+
    |ap_clk  |  10.00 ns|  7.300 ns|     2.70 ns|
    +--------+----------+----------+------------+

+ Latency: 
    * Summary: 
    +---------+---------+-----------+-----------+---------+---------+---------+
    |  Latency (cycles) |   Latency (absolute)  |      Interval     | Pipeline|
    |   min   |   max   |    min    |    max    |   min   |   max   |   Type  |
    +---------+---------+-----------+-----------+---------+---------+---------+
    |  2493233|  2493233|  24.932 ms|  24.932 ms|  2493234|  2493234|       no|
    +---------+---------+-----------+-----------+---------+---------+---------+

    + Detail: 
        * Instance: 
        +---------------------------------------------------------+----------------------------------------------+---------+---------+----------+----------+-----+-----+------------------------------------------------+
        |                                                         |                                              |  Latency (cycles) |  Latency (absolute) |  Interval |                    Pipeline                    |
        |                         Instance                        |                    Module                    |   min   |   max   |    min   |    max   | min | max |                      Type                      |
        +---------------------------------------------------------+----------------------------------------------+---------+---------+----------+----------+-----+-----+------------------------------------------------+
        |grp_resnet50_bottleneck_Pipeline_VITIS_LOOP_40_3_fu_151  |resnet50_bottleneck_Pipeline_VITIS_LOOP_40_3  |      267|      267|  2.670 us|  2.670 us|  257|  257|  loop auto-rewind stp (delay=0 clock cycles(s))|
        |grp_resnet50_bottleneck_Pipeline_VITIS_LOOP_55_4_fu_161  |resnet50_bottleneck_Pipeline_VITIS_LOOP_55_4  |      258|      258|  2.580 us|  2.580 us|  257|  257|  loop auto-rewind stp (delay=0 clock cycles(s))|
        |grp_resnet50_bottleneck_Pipeline_VITIS_LOOP_61_5_fu_167  |resnet50_bottleneck_Pipeline_VITIS_LOOP_61_5  |      264|      264|  2.640 us|  2.640 us|  257|  257|  loop auto-rewind stp (delay=0 clock cycles(s))|
        +---------------------------------------------------------+----------------------------------------------+---------+---------+----------+----------+-----+-----+------------------------------------------------+

        * Loop: 
        +--------------------+---------+---------+----------+-----------+-----------+------+----------+
        |                    |  Latency (cycles) | Iteration|  Initiation Interval  | Trip |          |
        |      Loop Name     |   min   |   max   |  Latency |  achieved |   target  | Count| Pipelined|
        +--------------------+---------+---------+----------+-----------+-----------+------+----------+
        |- VITIS_LOOP_36_1   |  2493232|  2493232|     44522|          -|          -|    56|        no|
        | + VITIS_LOOP_37_2  |    44520|    44520|       795|          -|          -|    56|        no|
        +--------------------+---------+---------+----------+-----------+-----------+------+----------+



================================================================
== Utilization Estimates
================================================================
* Summary: 
+-----------------+---------+------+--------+--------+-----+
|       Name      | BRAM_18K|  DSP |   FF   |   LUT  | URAM|
+-----------------+---------+------+--------+--------+-----+
|DSP              |        -|     -|       -|       -|    -|
|Expression       |        -|     -|       0|      90|    -|
|FIFO             |        1|     -|     163|      62|    -|
|Instance         |        2|     -|    2071|    2827|    0|
|Memory           |        2|     -|       0|       0|    0|
|Multiplexer      |        -|     -|       0|     204|    -|
|Register         |        -|     -|     184|       -|    -|
+-----------------+---------+------+--------+--------+-----+
|Total            |        5|     0|    2418|    3183|    0|
+-----------------+---------+------+--------+--------+-----+
|Available        |      624|  1728|  460800|  230400|   96|
+-----------------+---------+------+--------+--------+-----+
|Utilization (%)  |       ~0|     0|      ~0|       1|    0|
+-----------------+---------+------+--------+--------+-----+

+ Detail: 
    * Instance: 
    +---------------------------------------------------------+----------------------------------------------+---------+----+-----+-----+-----+
    |                         Instance                        |                    Module                    | BRAM_18K| DSP|  FF | LUT | URAM|
    +---------------------------------------------------------+----------------------------------------------+---------+----+-----+-----+-----+
    |control_s_axi_U                                          |control_s_axi                                 |        0|   0|  386|  680|    0|
    |gmem0_m_axi_U                                            |gmem0_m_axi                                   |        2|   0|  696|  734|    0|
    |gmem1_m_axi_U                                            |gmem1_m_axi                                   |        0|   0|  636|  744|    0|
    |grp_resnet50_bottleneck_Pipeline_VITIS_LOOP_40_3_fu_151  |resnet50_bottleneck_Pipeline_VITIS_LOOP_40_3  |        0|   0|  206|  279|    0|
    |grp_resnet50_bottleneck_Pipeline_VITIS_LOOP_55_4_fu_161  |resnet50_bottleneck_Pipeline_VITIS_LOOP_55_4  |        0|   0|   21|   71|    0|
    |grp_resnet50_bottleneck_Pipeline_VITIS_LOOP_61_5_fu_167  |resnet50_bottleneck_Pipeline_VITIS_LOOP_61_5  |        0|   0|  126|  319|    0|
    +---------------------------------------------------------+----------------------------------------------+---------+----+-----+-----+-----+
    |Total                                                    |                                              |        2|   0| 2071| 2827|    0|
    +---------------------------------------------------------+----------------------------------------------+---------+----+-----+-----+-----+

    * DSP: 
    N/A

    * Memory: 
    +-------------+-------------------------+---------+---+----+-----+------+-----+------+-------------+
    |    Memory   |          Module         | BRAM_18K| FF| LUT| URAM| Words| Bits| Banks| W*Bits*Banks|
    +-------------+-------------------------+---------+---+----+-----+------+-----+------+-------------+
    |local_in_U   |local_in_RAM_AUTO_1R1W   |        1|  0|   0|    0|   256|   16|     1|         4096|
    |local_out_U  |local_out_RAM_AUTO_1R1W  |        1|  0|   0|    0|   256|   15|     1|         3840|
    +-------------+-------------------------+---------+---+----+-----+------+-----+------+-------------+
    |Total        |                         |        2|  0|   0|    0|   512|   31|     2|         7936|
    +-------------+-------------------------+---------+---+----+-----+------+-----+------+-------------+

    * FIFO: 
    +-----------------------------+---------+-----+----+-----+------+-----+---------+
    |             Name            | BRAM_18K|  FF | LUT| URAM| Depth| Bits| Size:D*B|
    +-----------------------------+---------+-----+----+-----+------+-----+---------+
    |skip_connection_fifo_fifo_U  |        1|  163|   0|    -|  1024|   16|    16384|
    +-----------------------------+---------+-----+----+-----+------+-----+---------+
    |Total                        |        1|  163|   0|    0|  1024|   16|    16384|
    +-----------------------------+---------+-----+----+-----+------+-----+---------+

    * Expression: 
    +---------------------+----------+----+---+----+------------+------------+
    |    Variable Name    | Operation| DSP| FF| LUT| Bitwidth P0| Bitwidth P1|
    +---------------------+----------+----+---+----+------------+------------+
    |add_ln36_fu_191_p2   |         +|   0|  0|  13|           6|           1|
    |add_ln37_fu_229_p2   |         +|   0|  0|  13|           6|           1|
    |thr_add_fu_239_p2    |         +|   0|  0|  19|          12|          12|
    |empty_31_fu_217_p2   |         -|   0|  0|  19|          12|          12|
    |icmp_ln36_fu_185_p2  |      icmp|   0|  0|  13|           6|           5|
    |icmp_ln37_fu_223_p2  |      icmp|   0|  0|  13|           6|           5|
    +---------------------+----------+----+---+----+------------+------------+
    |Total                |          |   0|  0|  90|          48|          36|
    +---------------------+----------+----+---+----+------------+------------+

    * Multiplexer: 
    +----------------------------+----+-----------+-----+-----------+
    |            Name            | LUT| Input Size| Bits| Total Bits|
    +----------------------------+----+-----------+-----+-----------+
    |ap_NS_fsm                   |  49|          9|    1|          9|
    |c_reg_140                   |   9|          2|    6|         12|
    |gmem0_0_ARVALID             |   9|          2|    1|          2|
    |gmem0_0_RREADY              |   9|          2|    1|          2|
    |gmem1_0_AWVALID             |   9|          2|    1|          2|
    |gmem1_0_BREADY              |   9|          2|    1|          2|
    |gmem1_0_WVALID              |   9|          2|    1|          2|
    |local_in_address0           |  14|          3|    8|         24|
    |local_in_ce0                |  14|          3|    1|          3|
    |local_in_we0                |   9|          2|    1|          2|
    |local_out_address0          |  14|          3|    8|         24|
    |local_out_ce0               |  14|          3|    1|          3|
    |local_out_we0               |   9|          2|    1|          2|
    |r_fu_112                    |   9|          2|    6|         12|
    |skip_connection_fifo_read   |   9|          2|    1|          2|
    |skip_connection_fifo_write  |   9|          2|    1|          2|
    +----------------------------+----+-----------+-----+-----------+
    |Total                       | 204|         43|   40|        105|
    +----------------------------+----+-----------+-----+-----------+

    * Register: 
    +----------------------------------------------------------------------+----+----+-----+-----------+
    |                                 Name                                 | FF | LUT| Bits| Const Bits|
    +----------------------------------------------------------------------+----+----+-----+-----------+
    |add_ln36_reg_275                                                      |   6|   0|    6|          0|
    |add_ln37_reg_288                                                      |   6|   0|    6|          0|
    |ap_CS_fsm                                                             |   8|   0|    8|          0|
    |c_reg_140                                                             |   6|   0|    6|          0|
    |empty_31_reg_280                                                      |   9|   0|   12|          3|
    |grp_resnet50_bottleneck_Pipeline_VITIS_LOOP_40_3_fu_151_ap_start_reg  |   1|   0|    1|          0|
    |grp_resnet50_bottleneck_Pipeline_VITIS_LOOP_55_4_fu_161_ap_start_reg  |   1|   0|    1|          0|
    |grp_resnet50_bottleneck_Pipeline_VITIS_LOOP_61_5_fu_167_ap_start_reg  |   1|   0|    1|          0|
    |input_tensor_read_reg_261                                             |  64|   0|   64|          0|
    |output_tensor_read_reg_256                                            |  64|   0|   64|          0|
    |r_fu_112                                                              |   6|   0|    6|          0|
    |thr_add_reg_293                                                       |  12|   0|   12|          0|
    +----------------------------------------------------------------------+----+----+-----+-----------+
    |Total                                                                 | 184|   0|  187|          3|
    +----------------------------------------------------------------------+----+----+-----+-----------+



================================================================
== Interface
================================================================
* Summary: 
+-----------------------+-----+-----+------------+---------------------+--------------+
|       RTL Ports       | Dir | Bits|  Protocol  |    Source Object    |    C Type    |
+-----------------------+-----+-----+------------+---------------------+--------------+
|s_axi_control_AWVALID  |   in|    1|       s_axi|              control|        scalar|
|s_axi_control_AWREADY  |  out|    1|       s_axi|              control|        scalar|
|s_axi_control_AWADDR   |   in|    7|       s_axi|              control|        scalar|
|s_axi_control_WVALID   |   in|    1|       s_axi|              control|        scalar|
|s_axi_control_WREADY   |  out|    1|       s_axi|              control|        scalar|
|s_axi_control_WDATA    |   in|   32|       s_axi|              control|        scalar|
|s_axi_control_WSTRB    |   in|    4|       s_axi|              control|        scalar|
|s_axi_control_ARVALID  |   in|    1|       s_axi|              control|        scalar|
|s_axi_control_ARREADY  |  out|    1|       s_axi|              control|        scalar|
|s_axi_control_ARADDR   |   in|    7|       s_axi|              control|        scalar|
|s_axi_control_RVALID   |  out|    1|       s_axi|              control|        scalar|
|s_axi_control_RREADY   |   in|    1|       s_axi|              control|        scalar|
|s_axi_control_RDATA    |  out|   32|       s_axi|              control|        scalar|
|s_axi_control_RRESP    |  out|    2|       s_axi|              control|        scalar|
|s_axi_control_BVALID   |  out|    1|       s_axi|              control|        scalar|
|s_axi_control_BREADY   |   in|    1|       s_axi|              control|        scalar|
|s_axi_control_BRESP    |  out|    2|       s_axi|              control|        scalar|
|ap_clk                 |   in|    1|  ap_ctrl_hs|  resnet50_bottleneck|  return value|
|ap_rst_n               |   in|    1|  ap_ctrl_hs|  resnet50_bottleneck|  return value|
|interrupt              |  out|    1|  ap_ctrl_hs|  resnet50_bottleneck|  return value|
|m_axi_gmem0_AWVALID    |  out|    1|       m_axi|                gmem0|       pointer|
|m_axi_gmem0_AWREADY    |   in|    1|       m_axi|                gmem0|       pointer|
|m_axi_gmem0_AWADDR     |  out|   64|       m_axi|                gmem0|       pointer|
|m_axi_gmem0_AWID       |  out|    1|       m_axi|                gmem0|       pointer|
|m_axi_gmem0_AWLEN      |  out|    8|       m_axi|                gmem0|       pointer|
|m_axi_gmem0_AWSIZE     |  out|    3|       m_axi|                gmem0|       pointer|
|m_axi_gmem0_AWBURST    |  out|    2|       m_axi|                gmem0|       pointer|
|m_axi_gmem0_AWLOCK     |  out|    2|       m_axi|                gmem0|       pointer|
|m_axi_gmem0_AWCACHE    |  out|    4|       m_axi|                gmem0|       pointer|
|m_axi_gmem0_AWPROT     |  out|    3|       m_axi|                gmem0|       pointer|
|m_axi_gmem0_AWQOS      |  out|    4|       m_axi|                gmem0|       pointer|
|m_axi_gmem0_AWREGION   |  out|    4|       m_axi|                gmem0|       pointer|
|m_axi_gmem0_AWUSER     |  out|    1|       m_axi|                gmem0|       pointer|
|m_axi_gmem0_WVALID     |  out|    1|       m_axi|                gmem0|       pointer|
|m_axi_gmem0_WREADY     |   in|    1|       m_axi|                gmem0|       pointer|
|m_axi_gmem0_WDATA      |  out|   32|       m_axi|                gmem0|       pointer|
|m_axi_gmem0_WSTRB      |  out|    4|       m_axi|                gmem0|       pointer|
|m_axi_gmem0_WLAST      |  out|    1|       m_axi|                gmem0|       pointer|
|m_axi_gmem0_WID        |  out|    1|       m_axi|                gmem0|       pointer|
|m_axi_gmem0_WUSER      |  out|    1|       m_axi|                gmem0|       pointer|
|m_axi_gmem0_ARVALID    |  out|    1|       m_axi|                gmem0|       pointer|
|m_axi_gmem0_ARREADY    |   in|    1|       m_axi|                gmem0|       pointer|
|m_axi_gmem0_ARADDR     |  out|   64|       m_axi|                gmem0|       pointer|
|m_axi_gmem0_ARID       |  out|    1|       m_axi|                gmem0|       pointer|
|m_axi_gmem0_ARLEN      |  out|    8|       m_axi|                gmem0|       pointer|
|m_axi_gmem0_ARSIZE     |  out|    3|       m_axi|                gmem0|       pointer|
|m_axi_gmem0_ARBURST    |  out|    2|       m_axi|                gmem0|       pointer|
|m_axi_gmem0_ARLOCK     |  out|    2|       m_axi|                gmem0|       pointer|
|m_axi_gmem0_ARCACHE    |  out|    4|       m_axi|                gmem0|       pointer|
|m_axi_gmem0_ARPROT     |  out|    3|       m_axi|                gmem0|       pointer|
|m_axi_gmem0_ARQOS      |  out|    4|       m_axi|                gmem0|       pointer|
|m_axi_gmem0_ARREGION   |  out|    4|       m_axi|                gmem0|       pointer|
|m_axi_gmem0_ARUSER     |  out|    1|       m_axi|                gmem0|       pointer|
|m_axi_gmem0_RVALID     |   in|    1|       m_axi|                gmem0|       pointer|
|m_axi_gmem0_RREADY     |  out|    1|       m_axi|                gmem0|       pointer|
|m_axi_gmem0_RDATA      |   in|   32|       m_axi|                gmem0|       pointer|
|m_axi_gmem0_RLAST      |   in|    1|       m_axi|                gmem0|       pointer|
|m_axi_gmem0_RID        |   in|    1|       m_axi|                gmem0|       pointer|
|m_axi_gmem0_RUSER      |   in|    1|       m_axi|                gmem0|       pointer|
|m_axi_gmem0_RRESP      |   in|    2|       m_axi|                gmem0|       pointer|
|m_axi_gmem0_BVALID     |   in|    1|       m_axi|                gmem0|       pointer|
|m_axi_gmem0_BREADY     |  out|    1|       m_axi|                gmem0|       pointer|
|m_axi_gmem0_BRESP      |   in|    2|       m_axi|                gmem0|       pointer|
|m_axi_gmem0_BID        |   in|    1|       m_axi|                gmem0|       pointer|
|m_axi_gmem0_BUSER      |   in|    1|       m_axi|                gmem0|       pointer|
|m_axi_gmem1_AWVALID    |  out|    1|       m_axi|                gmem1|       pointer|
|m_axi_gmem1_AWREADY    |   in|    1|       m_axi|                gmem1|       pointer|
|m_axi_gmem1_AWADDR     |  out|   64|       m_axi|                gmem1|       pointer|
|m_axi_gmem1_AWID       |  out|    1|       m_axi|                gmem1|       pointer|
|m_axi_gmem1_AWLEN      |  out|    8|       m_axi|                gmem1|       pointer|
|m_axi_gmem1_AWSIZE     |  out|    3|       m_axi|                gmem1|       pointer|
|m_axi_gmem1_AWBURST    |  out|    2|       m_axi|                gmem1|       pointer|
|m_axi_gmem1_AWLOCK     |  out|    2|       m_axi|                gmem1|       pointer|
|m_axi_gmem1_AWCACHE    |  out|    4|       m_axi|                gmem1|       pointer|
|m_axi_gmem1_AWPROT     |  out|    3|       m_axi|                gmem1|       pointer|
|m_axi_gmem1_AWQOS      |  out|    4|       m_axi|                gmem1|       pointer|
|m_axi_gmem1_AWREGION   |  out|    4|       m_axi|                gmem1|       pointer|
|m_axi_gmem1_AWUSER     |  out|    1|       m_axi|                gmem1|       pointer|
|m_axi_gmem1_WVALID     |  out|    1|       m_axi|                gmem1|       pointer|
|m_axi_gmem1_WREADY     |   in|    1|       m_axi|                gmem1|       pointer|
|m_axi_gmem1_WDATA      |  out|   32|       m_axi|                gmem1|       pointer|
|m_axi_gmem1_WSTRB      |  out|    4|       m_axi|                gmem1|       pointer|
|m_axi_gmem1_WLAST      |  out|    1|       m_axi|                gmem1|       pointer|
|m_axi_gmem1_WID        |  out|    1|       m_axi|                gmem1|       pointer|
|m_axi_gmem1_WUSER      |  out|    1|       m_axi|                gmem1|       pointer|
|m_axi_gmem1_ARVALID    |  out|    1|       m_axi|                gmem1|       pointer|
|m_axi_gmem1_ARREADY    |   in|    1|       m_axi|                gmem1|       pointer|
|m_axi_gmem1_ARADDR     |  out|   64|       m_axi|                gmem1|       pointer|
|m_axi_gmem1_ARID       |  out|    1|       m_axi|                gmem1|       pointer|
|m_axi_gmem1_ARLEN      |  out|    8|       m_axi|                gmem1|       pointer|
|m_axi_gmem1_ARSIZE     |  out|    3|       m_axi|                gmem1|       pointer|
|m_axi_gmem1_ARBURST    |  out|    2|       m_axi|                gmem1|       pointer|
|m_axi_gmem1_ARLOCK     |  out|    2|       m_axi|                gmem1|       pointer|
|m_axi_gmem1_ARCACHE    |  out|    4|       m_axi|                gmem1|       pointer|
|m_axi_gmem1_ARPROT     |  out|    3|       m_axi|                gmem1|       pointer|
|m_axi_gmem1_ARQOS      |  out|    4|       m_axi|                gmem1|       pointer|
|m_axi_gmem1_ARREGION   |  out|    4|       m_axi|                gmem1|       pointer|
|m_axi_gmem1_ARUSER     |  out|    1|       m_axi|                gmem1|       pointer|
|m_axi_gmem1_RVALID     |   in|    1|       m_axi|                gmem1|       pointer|
|m_axi_gmem1_RREADY     |  out|    1|       m_axi|                gmem1|       pointer|
|m_axi_gmem1_RDATA      |   in|   32|       m_axi|                gmem1|       pointer|
|m_axi_gmem1_RLAST      |   in|    1|       m_axi|                gmem1|       pointer|
|m_axi_gmem1_RID        |   in|    1|       m_axi|                gmem1|       pointer|
|m_axi_gmem1_RUSER      |   in|    1|       m_axi|                gmem1|       pointer|
|m_axi_gmem1_RRESP      |   in|    2|       m_axi|                gmem1|       pointer|
|m_axi_gmem1_BVALID     |   in|    1|       m_axi|                gmem1|       pointer|
|m_axi_gmem1_BREADY     |  out|    1|       m_axi|                gmem1|       pointer|
|m_axi_gmem1_BRESP      |   in|    2|       m_axi|                gmem1|       pointer|
|m_axi_gmem1_BID        |   in|    1|       m_axi|                gmem1|       pointer|
|m_axi_gmem1_BUSER      |   in|    1|       m_axi|                gmem1|       pointer|
|m_axi_gmem2_AWVALID    |  out|    1|       m_axi|                gmem2|       pointer|
|m_axi_gmem2_AWREADY    |   in|    1|       m_axi|                gmem2|       pointer|
|m_axi_gmem2_AWADDR     |  out|   64|       m_axi|                gmem2|       pointer|
|m_axi_gmem2_AWID       |  out|    1|       m_axi|                gmem2|       pointer|
|m_axi_gmem2_AWLEN      |  out|    8|       m_axi|                gmem2|       pointer|
|m_axi_gmem2_AWSIZE     |  out|    3|       m_axi|                gmem2|       pointer|
|m_axi_gmem2_AWBURST    |  out|    2|       m_axi|                gmem2|       pointer|
|m_axi_gmem2_AWLOCK     |  out|    2|       m_axi|                gmem2|       pointer|
|m_axi_gmem2_AWCACHE    |  out|    4|       m_axi|                gmem2|       pointer|
|m_axi_gmem2_AWPROT     |  out|    3|       m_axi|                gmem2|       pointer|
|m_axi_gmem2_AWQOS      |  out|    4|       m_axi|                gmem2|       pointer|
|m_axi_gmem2_AWREGION   |  out|    4|       m_axi|                gmem2|       pointer|
|m_axi_gmem2_AWUSER     |  out|    1|       m_axi|                gmem2|       pointer|
|m_axi_gmem2_WVALID     |  out|    1|       m_axi|                gmem2|       pointer|
|m_axi_gmem2_WREADY     |   in|    1|       m_axi|                gmem2|       pointer|
|m_axi_gmem2_WDATA      |  out|   32|       m_axi|                gmem2|       pointer|
|m_axi_gmem2_WSTRB      |  out|    4|       m_axi|                gmem2|       pointer|
|m_axi_gmem2_WLAST      |  out|    1|       m_axi|                gmem2|       pointer|
|m_axi_gmem2_WID        |  out|    1|       m_axi|                gmem2|       pointer|
|m_axi_gmem2_WUSER      |  out|    1|       m_axi|                gmem2|       pointer|
|m_axi_gmem2_ARVALID    |  out|    1|       m_axi|                gmem2|       pointer|
|m_axi_gmem2_ARREADY    |   in|    1|       m_axi|                gmem2|       pointer|
|m_axi_gmem2_ARADDR     |  out|   64|       m_axi|                gmem2|       pointer|
|m_axi_gmem2_ARID       |  out|    1|       m_axi|                gmem2|       pointer|
|m_axi_gmem2_ARLEN      |  out|    8|       m_axi|                gmem2|       pointer|
|m_axi_gmem2_ARSIZE     |  out|    3|       m_axi|                gmem2|       pointer|
|m_axi_gmem2_ARBURST    |  out|    2|       m_axi|                gmem2|       pointer|
|m_axi_gmem2_ARLOCK     |  out|    2|       m_axi|                gmem2|       pointer|
|m_axi_gmem2_ARCACHE    |  out|    4|       m_axi|                gmem2|       pointer|
|m_axi_gmem2_ARPROT     |  out|    3|       m_axi|                gmem2|       pointer|
|m_axi_gmem2_ARQOS      |  out|    4|       m_axi|                gmem2|       pointer|
|m_axi_gmem2_ARREGION   |  out|    4|       m_axi|                gmem2|       pointer|
|m_axi_gmem2_ARUSER     |  out|    1|       m_axi|                gmem2|       pointer|
|m_axi_gmem2_RVALID     |   in|    1|       m_axi|                gmem2|       pointer|
|m_axi_gmem2_RREADY     |  out|    1|       m_axi|                gmem2|       pointer|
|m_axi_gmem2_RDATA      |   in|   32|       m_axi|                gmem2|       pointer|
|m_axi_gmem2_RLAST      |   in|    1|       m_axi|                gmem2|       pointer|
|m_axi_gmem2_RID        |   in|    1|       m_axi|                gmem2|       pointer|
|m_axi_gmem2_RUSER      |   in|    1|       m_axi|                gmem2|       pointer|
|m_axi_gmem2_RRESP      |   in|    2|       m_axi|                gmem2|       pointer|
|m_axi_gmem2_BVALID     |   in|    1|       m_axi|                gmem2|       pointer|
|m_axi_gmem2_BREADY     |  out|    1|       m_axi|                gmem2|       pointer|
|m_axi_gmem2_BRESP      |   in|    2|       m_axi|                gmem2|       pointer|
|m_axi_gmem2_BID        |   in|    1|       m_axi|                gmem2|       pointer|
|m_axi_gmem2_BUSER      |   in|    1|       m_axi|                gmem2|       pointer|
|m_axi_gmem3_AWVALID    |  out|    1|       m_axi|                gmem3|       pointer|
|m_axi_gmem3_AWREADY    |   in|    1|       m_axi|                gmem3|       pointer|
|m_axi_gmem3_AWADDR     |  out|   64|       m_axi|                gmem3|       pointer|
|m_axi_gmem3_AWID       |  out|    1|       m_axi|                gmem3|       pointer|
|m_axi_gmem3_AWLEN      |  out|    8|       m_axi|                gmem3|       pointer|
|m_axi_gmem3_AWSIZE     |  out|    3|       m_axi|                gmem3|       pointer|
|m_axi_gmem3_AWBURST    |  out|    2|       m_axi|                gmem3|       pointer|
|m_axi_gmem3_AWLOCK     |  out|    2|       m_axi|                gmem3|       pointer|
|m_axi_gmem3_AWCACHE    |  out|    4|       m_axi|                gmem3|       pointer|
|m_axi_gmem3_AWPROT     |  out|    3|       m_axi|                gmem3|       pointer|
|m_axi_gmem3_AWQOS      |  out|    4|       m_axi|                gmem3|       pointer|
|m_axi_gmem3_AWREGION   |  out|    4|       m_axi|                gmem3|       pointer|
|m_axi_gmem3_AWUSER     |  out|    1|       m_axi|                gmem3|       pointer|
|m_axi_gmem3_WVALID     |  out|    1|       m_axi|                gmem3|       pointer|
|m_axi_gmem3_WREADY     |   in|    1|       m_axi|                gmem3|       pointer|
|m_axi_gmem3_WDATA      |  out|   32|       m_axi|                gmem3|       pointer|
|m_axi_gmem3_WSTRB      |  out|    4|       m_axi|                gmem3|       pointer|
|m_axi_gmem3_WLAST      |  out|    1|       m_axi|                gmem3|       pointer|
|m_axi_gmem3_WID        |  out|    1|       m_axi|                gmem3|       pointer|
|m_axi_gmem3_WUSER      |  out|    1|       m_axi|                gmem3|       pointer|
|m_axi_gmem3_ARVALID    |  out|    1|       m_axi|                gmem3|       pointer|
|m_axi_gmem3_ARREADY    |   in|    1|       m_axi|                gmem3|       pointer|
|m_axi_gmem3_ARADDR     |  out|   64|       m_axi|                gmem3|       pointer|
|m_axi_gmem3_ARID       |  out|    1|       m_axi|                gmem3|       pointer|
|m_axi_gmem3_ARLEN      |  out|    8|       m_axi|                gmem3|       pointer|
|m_axi_gmem3_ARSIZE     |  out|    3|       m_axi|                gmem3|       pointer|
|m_axi_gmem3_ARBURST    |  out|    2|       m_axi|                gmem3|       pointer|
|m_axi_gmem3_ARLOCK     |  out|    2|       m_axi|                gmem3|       pointer|
|m_axi_gmem3_ARCACHE    |  out|    4|       m_axi|                gmem3|       pointer|
|m_axi_gmem3_ARPROT     |  out|    3|       m_axi|                gmem3|       pointer|
|m_axi_gmem3_ARQOS      |  out|    4|       m_axi|                gmem3|       pointer|
|m_axi_gmem3_ARREGION   |  out|    4|       m_axi|                gmem3|       pointer|
|m_axi_gmem3_ARUSER     |  out|    1|       m_axi|                gmem3|       pointer|
|m_axi_gmem3_RVALID     |   in|    1|       m_axi|                gmem3|       pointer|
|m_axi_gmem3_RREADY     |  out|    1|       m_axi|                gmem3|       pointer|
|m_axi_gmem3_RDATA      |   in|   32|       m_axi|                gmem3|       pointer|
|m_axi_gmem3_RLAST      |   in|    1|       m_axi|                gmem3|       pointer|
|m_axi_gmem3_RID        |   in|    1|       m_axi|                gmem3|       pointer|
|m_axi_gmem3_RUSER      |   in|    1|       m_axi|                gmem3|       pointer|
|m_axi_gmem3_RRESP      |   in|    2|       m_axi|                gmem3|       pointer|
|m_axi_gmem3_BVALID     |   in|    1|       m_axi|                gmem3|       pointer|
|m_axi_gmem3_BREADY     |  out|    1|       m_axi|                gmem3|       pointer|
|m_axi_gmem3_BRESP      |   in|    2|       m_axi|                gmem3|       pointer|
|m_axi_gmem3_BID        |   in|    1|       m_axi|                gmem3|       pointer|
|m_axi_gmem3_BUSER      |   in|    1|       m_axi|                gmem3|       pointer|
|m_axi_gmem4_AWVALID    |  out|    1|       m_axi|                gmem4|       pointer|
|m_axi_gmem4_AWREADY    |   in|    1|       m_axi|                gmem4|       pointer|
|m_axi_gmem4_AWADDR     |  out|   64|       m_axi|                gmem4|       pointer|
|m_axi_gmem4_AWID       |  out|    1|       m_axi|                gmem4|       pointer|
|m_axi_gmem4_AWLEN      |  out|    8|       m_axi|                gmem4|       pointer|
|m_axi_gmem4_AWSIZE     |  out|    3|       m_axi|                gmem4|       pointer|
|m_axi_gmem4_AWBURST    |  out|    2|       m_axi|                gmem4|       pointer|
|m_axi_gmem4_AWLOCK     |  out|    2|       m_axi|                gmem4|       pointer|
|m_axi_gmem4_AWCACHE    |  out|    4|       m_axi|                gmem4|       pointer|
|m_axi_gmem4_AWPROT     |  out|    3|       m_axi|                gmem4|       pointer|
|m_axi_gmem4_AWQOS      |  out|    4|       m_axi|                gmem4|       pointer|
|m_axi_gmem4_AWREGION   |  out|    4|       m_axi|                gmem4|       pointer|
|m_axi_gmem4_AWUSER     |  out|    1|       m_axi|                gmem4|       pointer|
|m_axi_gmem4_WVALID     |  out|    1|       m_axi|                gmem4|       pointer|
|m_axi_gmem4_WREADY     |   in|    1|       m_axi|                gmem4|       pointer|
|m_axi_gmem4_WDATA      |  out|   32|       m_axi|                gmem4|       pointer|
|m_axi_gmem4_WSTRB      |  out|    4|       m_axi|                gmem4|       pointer|
|m_axi_gmem4_WLAST      |  out|    1|       m_axi|                gmem4|       pointer|
|m_axi_gmem4_WID        |  out|    1|       m_axi|                gmem4|       pointer|
|m_axi_gmem4_WUSER      |  out|    1|       m_axi|                gmem4|       pointer|
|m_axi_gmem4_ARVALID    |  out|    1|       m_axi|                gmem4|       pointer|
|m_axi_gmem4_ARREADY    |   in|    1|       m_axi|                gmem4|       pointer|
|m_axi_gmem4_ARADDR     |  out|   64|       m_axi|                gmem4|       pointer|
|m_axi_gmem4_ARID       |  out|    1|       m_axi|                gmem4|       pointer|
|m_axi_gmem4_ARLEN      |  out|    8|       m_axi|                gmem4|       pointer|
|m_axi_gmem4_ARSIZE     |  out|    3|       m_axi|                gmem4|       pointer|
|m_axi_gmem4_ARBURST    |  out|    2|       m_axi|                gmem4|       pointer|
|m_axi_gmem4_ARLOCK     |  out|    2|       m_axi|                gmem4|       pointer|
|m_axi_gmem4_ARCACHE    |  out|    4|       m_axi|                gmem4|       pointer|
|m_axi_gmem4_ARPROT     |  out|    3|       m_axi|                gmem4|       pointer|
|m_axi_gmem4_ARQOS      |  out|    4|       m_axi|                gmem4|       pointer|
|m_axi_gmem4_ARREGION   |  out|    4|       m_axi|                gmem4|       pointer|
|m_axi_gmem4_ARUSER     |  out|    1|       m_axi|                gmem4|       pointer|
|m_axi_gmem4_RVALID     |   in|    1|       m_axi|                gmem4|       pointer|
|m_axi_gmem4_RREADY     |  out|    1|       m_axi|                gmem4|       pointer|
|m_axi_gmem4_RDATA      |   in|   32|       m_axi|                gmem4|       pointer|
|m_axi_gmem4_RLAST      |   in|    1|       m_axi|                gmem4|       pointer|
|m_axi_gmem4_RID        |   in|    1|       m_axi|                gmem4|       pointer|
|m_axi_gmem4_RUSER      |   in|    1|       m_axi|                gmem4|       pointer|
|m_axi_gmem4_RRESP      |   in|    2|       m_axi|                gmem4|       pointer|
|m_axi_gmem4_BVALID     |   in|    1|       m_axi|                gmem4|       pointer|
|m_axi_gmem4_BREADY     |  out|    1|       m_axi|                gmem4|       pointer|
|m_axi_gmem4_BRESP      |   in|    2|       m_axi|                gmem4|       pointer|
|m_axi_gmem4_BID        |   in|    1|       m_axi|                gmem4|       pointer|
|m_axi_gmem4_BUSER      |   in|    1|       m_axi|                gmem4|       pointer|
+-----------------------+-----+-----+------------+---------------------+--------------+

============================================================
+ Verbose Summary: Synthesis Manager
============================================================
InlineROM: 1
ExposeGlobal: 0
============================================================
+ Verbose Summary: CDFG Model
============================================================
IsTopModel: 1
ResetActiveHigh: 1
IsCombinational: 2
IsDatapathOnly: 2
HasWiredReturn: 1
HasMFsm: 0
HasVarLatency: 1
IsPipeline: 0
IsRtlPipelined: 0
IsInstanceOverlapped: 0
IsDontTouch: 0
HasImplIP: 0
IsGatedGlobalClock: 0


============================================================
+ Verbose Summary: Schedule
============================================================
* Number of FSM states : 8
* Pipeline : 0
* Dataflow Pipeline: 0

* FSM state transitions: 
1 --> 2 
2 --> 3 
3 --> 4 2 
4 --> 5 
5 --> 6 
6 --> 7 
7 --> 8 
8 --> 3 

* FSM state operations: 

State 1 <SV = 0> <Delay = 1.23>
ST_1 : Operation 9 [1/1] (0.00ns)   --->   "%r = alloca i32 1" [ResNet50.cpp:36]   --->   Operation 9 'alloca' 'r' <Predicate = true> <Delay = 0.00>
ST_1 : Operation 10 [1/1] (0.00ns)   --->   "%spectopmodule_ln12 = spectopmodule void @_ssdm_op_SpecTopModule, void @empty_17" [ResNet50.cpp:12]   --->   Operation 10 'spectopmodule' 'spectopmodule_ln12' <Predicate = true> <Delay = 0.00>
ST_1 : Operation 11 [1/1] (0.00ns)   --->   "%specinterface_ln0 = specinterface void @_ssdm_op_SpecInterface, i16 %gmem0, void @empty, i32 0, i32 0, void @empty_0, i32 0, i32 0, void @empty_1, void @empty_2, void @empty_0, i32 16, i32 16, i32 16, i32 16, void @empty_0, void @empty_0, i32 4294967295, i32 0, i32 0"   --->   Operation 11 'specinterface' 'specinterface_ln0' <Predicate = true> <Delay = 0.00>
ST_1 : Operation 12 [1/1] (0.00ns)   --->   "%specbitsmap_ln0 = specbitsmap void @_ssdm_op_SpecBitsMap, i16 %gmem0"   --->   Operation 12 'specbitsmap' 'specbitsmap_ln0' <Predicate = true> <Delay = 0.00>
ST_1 : Operation 13 [1/1] (0.00ns)   --->   "%specinterface_ln0 = specinterface void @_ssdm_op_SpecInterface, i16 %gmem1, void @empty, i32 0, i32 0, void @empty_0, i32 0, i32 0, void @empty_3, void @empty_2, void @empty_0, i32 16, i32 16, i32 16, i32 16, void @empty_0, void @empty_0, i32 4294967295, i32 0, i32 0"   --->   Operation 13 'specinterface' 'specinterface_ln0' <Predicate = true> <Delay = 0.00>
ST_1 : Operation 14 [1/1] (0.00ns)   --->   "%specbitsmap_ln0 = specbitsmap void @_ssdm_op_SpecBitsMap, i16 %gmem1"   --->   Operation 14 'specbitsmap' 'specbitsmap_ln0' <Predicate = true> <Delay = 0.00>
ST_1 : Operation 15 [1/1] (0.00ns)   --->   "%specinterface_ln0 = specinterface void @_ssdm_op_SpecInterface, i16 %gmem2, void @empty, i32 0, i32 0, void @empty_0, i32 0, i32 0, void @empty_4, void @empty_2, void @empty_0, i32 16, i32 16, i32 16, i32 16, void @empty_0, void @empty_0, i32 4294967295, i32 0, i32 0"   --->   Operation 15 'specinterface' 'specinterface_ln0' <Predicate = true> <Delay = 0.00>
ST_1 : Operation 16 [1/1] (0.00ns)   --->   "%specbitsmap_ln0 = specbitsmap void @_ssdm_op_SpecBitsMap, i16 %gmem2"   --->   Operation 16 'specbitsmap' 'specbitsmap_ln0' <Predicate = true> <Delay = 0.00>
ST_1 : Operation 17 [1/1] (0.00ns)   --->   "%specinterface_ln0 = specinterface void @_ssdm_op_SpecInterface, i16 %gmem3, void @empty, i32 0, i32 0, void @empty_0, i32 0, i32 0, void @empty_5, void @empty_2, void @empty_0, i32 16, i32 16, i32 16, i32 16, void @empty_0, void @empty_0, i32 4294967295, i32 0, i32 0"   --->   Operation 17 'specinterface' 'specinterface_ln0' <Predicate = true> <Delay = 0.00>
ST_1 : Operation 18 [1/1] (0.00ns)   --->   "%specbitsmap_ln0 = specbitsmap void @_ssdm_op_SpecBitsMap, i16 %gmem3"   --->   Operation 18 'specbitsmap' 'specbitsmap_ln0' <Predicate = true> <Delay = 0.00>
ST_1 : Operation 19 [1/1] (0.00ns)   --->   "%specinterface_ln0 = specinterface void @_ssdm_op_SpecInterface, i16 %gmem4, void @empty, i32 0, i32 0, void @empty_0, i32 0, i32 0, void @empty_6, void @empty_2, void @empty_0, i32 16, i32 16, i32 16, i32 16, void @empty_0, void @empty_0, i32 4294967295, i32 0, i32 0"   --->   Operation 19 'specinterface' 'specinterface_ln0' <Predicate = true> <Delay = 0.00>
ST_1 : Operation 20 [1/1] (0.00ns)   --->   "%specbitsmap_ln0 = specbitsmap void @_ssdm_op_SpecBitsMap, i16 %gmem4"   --->   Operation 20 'specbitsmap' 'specbitsmap_ln0' <Predicate = true> <Delay = 0.00>
ST_1 : Operation 21 [1/1] (0.00ns)   --->   "%specinterface_ln0 = specinterface void @_ssdm_op_SpecInterface, i64 %input_tensor, void @empty_7, i32 0, i32 0, void @empty_0, i32 0, i32 0, void @empty_8, void @empty_9, void @empty_0, i32 0, i32 0, i32 0, i32 0, void @empty_0, void @empty_10, i32 4294967295, i32 0, i32 0"   --->   Operation 21 'specinterface' 'specinterface_ln0' <Predicate = true> <Delay = 0.00>
ST_1 : Operation 22 [1/1] (0.00ns)   --->   "%specinterface_ln0 = specinterface void @_ssdm_op_SpecInterface, i64 %input_tensor, void @empty_11, i32 0, i32 0, void @empty_0, i32 0, i32 0, void @empty_0, void @empty_0, void @empty_0, i32 0, i32 0, i32 0, i32 0, void @empty_0, void @empty_10, i32 4294967295, i32 0, i32 0"   --->   Operation 22 'specinterface' 'specinterface_ln0' <Predicate = true> <Delay = 0.00>
ST_1 : Operation 23 [1/1] (0.00ns)   --->   "%specinterface_ln0 = specinterface void @_ssdm_op_SpecInterface, i64 %output_tensor, void @empty_7, i32 0, i32 0, void @empty_0, i32 0, i32 0, void @empty_8, void @empty_12, void @empty_0, i32 0, i32 0, i32 0, i32 0, void @empty_0, void @empty_10, i32 4294967295, i32 0, i32 0"   --->   Operation 23 'specinterface' 'specinterface_ln0' <Predicate = true> <Delay = 0.00>
ST_1 : Operation 24 [1/1] (0.00ns)   --->   "%specinterface_ln0 = specinterface void @_ssdm_op_SpecInterface, i64 %output_tensor, void @empty_11, i32 0, i32 0, void @empty_0, i32 0, i32 0, void @empty_0, void @empty_0, void @empty_0, i32 0, i32 0, i32 0, i32 0, void @empty_0, void @empty_10, i32 4294967295, i32 0, i32 0"   --->   Operation 24 'specinterface' 'specinterface_ln0' <Predicate = true> <Delay = 0.00>
ST_1 : Operation 25 [1/1] (0.00ns)   --->   "%specinterface_ln0 = specinterface void @_ssdm_op_SpecInterface, i64 %w_1x1_a, void @empty_7, i32 0, i32 0, void @empty_0, i32 0, i32 0, void @empty_8, void @empty_13, void @empty_0, i32 0, i32 0, i32 0, i32 0, void @empty_0, void @empty_10, i32 4294967295, i32 0, i32 0"   --->   Operation 25 'specinterface' 'specinterface_ln0' <Predicate = true> <Delay = 0.00>
ST_1 : Operation 26 [1/1] (0.00ns)   --->   "%specinterface_ln0 = specinterface void @_ssdm_op_SpecInterface, i64 %w_1x1_a, void @empty_11, i32 0, i32 0, void @empty_0, i32 0, i32 0, void @empty_0, void @empty_0, void @empty_0, i32 0, i32 0, i32 0, i32 0, void @empty_0, void @empty_10, i32 4294967295, i32 0, i32 0"   --->   Operation 26 'specinterface' 'specinterface_ln0' <Predicate = true> <Delay = 0.00>
ST_1 : Operation 27 [1/1] (0.00ns)   --->   "%specinterface_ln0 = specinterface void @_ssdm_op_SpecInterface, i64 %w_3x3, void @empty_7, i32 0, i32 0, void @empty_0, i32 0, i32 0, void @empty_8, void @empty_14, void @empty_0, i32 0, i32 0, i32 0, i32 0, void @empty_0, void @empty_10, i32 4294967295, i32 0, i32 0"   --->   Operation 27 'specinterface' 'specinterface_ln0' <Predicate = true> <Delay = 0.00>
ST_1 : Operation 28 [1/1] (0.00ns)   --->   "%specinterface_ln0 = specinterface void @_ssdm_op_SpecInterface, i64 %w_3x3, void @empty_11, i32 0, i32 0, void @empty_0, i32 0, i32 0, void @empty_0, void @empty_0, void @empty_0, i32 0, i32 0, i32 0, i32 0, void @empty_0, void @empty_10, i32 4294967295, i32 0, i32 0"   --->   Operation 28 'specinterface' 'specinterface_ln0' <Predicate = true> <Delay = 0.00>
ST_1 : Operation 29 [1/1] (0.00ns)   --->   "%specinterface_ln0 = specinterface void @_ssdm_op_SpecInterface, i64 %w_1x1_b, void @empty_7, i32 0, i32 0, void @empty_0, i32 0, i32 0, void @empty_8, void @empty_15, void @empty_0, i32 0, i32 0, i32 0, i32 0, void @empty_0, void @empty_10, i32 4294967295, i32 0, i32 0"   --->   Operation 29 'specinterface' 'specinterface_ln0' <Predicate = true> <Delay = 0.00>
ST_1 : Operation 30 [1/1] (0.00ns)   --->   "%specinterface_ln0 = specinterface void @_ssdm_op_SpecInterface, i64 %w_1x1_b, void @empty_11, i32 0, i32 0, void @empty_0, i32 0, i32 0, void @empty_0, void @empty_0, void @empty_0, i32 0, i32 0, i32 0, i32 0, void @empty_0, void @empty_10, i32 4294967295, i32 0, i32 0"   --->   Operation 30 'specinterface' 'specinterface_ln0' <Predicate = true> <Delay = 0.00>
ST_1 : Operation 31 [1/1] (0.00ns)   --->   "%specinterface_ln0 = specinterface void @_ssdm_op_SpecInterface, i32 0, void @empty_7, i32 0, i32 0, void @empty_0, i32 0, i32 0, void @empty_8, void @empty_0, void @empty_0, i32 0, i32 0, i32 0, i32 0, void @empty_0, void @empty_0, i32 4294967295, i32 0, i32 0"   --->   Operation 31 'specinterface' 'specinterface_ln0' <Predicate = true> <Delay = 0.00>
ST_1 : Operation 32 [1/1] (1.00ns)   --->   "%output_tensor_read = read i64 @_ssdm_op_Read.s_axilite.i64, i64 %output_tensor"   --->   Operation 32 'read' 'output_tensor_read' <Predicate = true> <Delay = 1.00> <CoreInst = "s_axilite">   --->   Core 120 's_axilite' <Latency = 0> <II = 1> <Delay = 1.00> <Adapter> <Opcode : 'read' 'write'>
ST_1 : Operation 33 [1/1] (1.00ns)   --->   "%input_tensor_read = read i64 @_ssdm_op_Read.s_axilite.i64, i64 %input_tensor"   --->   Operation 33 'read' 'input_tensor_read' <Predicate = true> <Delay = 1.00> <CoreInst = "s_axilite">   --->   Core 120 's_axilite' <Latency = 0> <II = 1> <Delay = 1.00> <Adapter> <Opcode : 'read' 'write'>
ST_1 : Operation 34 [1/1] (0.00ns)   --->   "%skip_connection_fifo = alloca i64 1" [ResNet50.cpp:28]   --->   Operation 34 'alloca' 'skip_connection_fifo' <Predicate = true> <Delay = 0.00> <CoreInst = "FIFO">   --->   Core 77 'FIFO' <Latency = 0> <II = 1> <Delay = 1.75> <Storage> <Opcode : 'read' 'write' 'nbread' 'nbwrite'> <Ports = 0> <Width = 16> <Depth = 1024> <FIFO>
ST_1 : Operation 35 [1/1] (0.00ns)   --->   "%empty = specchannel i32 @_ssdm_op_SpecChannel, void @skip_connection_fifo_str, i32 1, void @p_str, void @p_str, i32 1024, i32 1024, i16 %skip_connection_fifo, i16 %skip_connection_fifo"   --->   Operation 35 'specchannel' 'empty' <Predicate = true> <Delay = 0.00>
ST_1 : Operation 36 [1/1] (0.00ns)   --->   "%specinterface_ln0 = specinterface void @_ssdm_op_SpecInterface, i16 %skip_connection_fifo, void @empty_16, i32 0, i32 0, void @empty_0, i32 0, i32 0, void @empty_0, void @empty_0, void @empty_0, i32 0, i32 0, i32 0, i32 0, void @empty_0, void @empty_0, i32 4294967295, i32 0, i32 0"   --->   Operation 36 'specinterface' 'specinterface_ln0' <Predicate = true> <Delay = 0.00>
ST_1 : Operation 37 [1/1] (1.23ns)   --->   "%local_in = alloca i64 1" [ResNet50.cpp:32]   --->   Operation 37 'alloca' 'local_in' <Predicate = true> <Delay = 1.23>
ST_1 : Operation 38 [1/1] (1.23ns)   --->   "%local_out = alloca i64 1" [ResNet50.cpp:33]   --->   Operation 38 'alloca' 'local_out' <Predicate = true> <Delay = 1.23>
ST_1 : Operation 39 [1/1] (0.42ns)   --->   "%store_ln36 = store i6 0, i6 %r" [ResNet50.cpp:36]   --->   Operation 39 'store' 'store_ln36' <Predicate = true> <Delay = 0.42>
ST_1 : Operation 40 [1/1] (0.00ns)   --->   "%br_ln36 = br void %VITIS_LOOP_37_2" [ResNet50.cpp:36]   --->   Operation 40 'br' 'br_ln36' <Predicate = true> <Delay = 0.00>

State 2 <SV = 1> <Delay = 1.20>
ST_2 : Operation 41 [1/1] (0.00ns)   --->   "%r_1 = load i6 %r" [ResNet50.cpp:36]   --->   Operation 41 'load' 'r_1' <Predicate = true> <Delay = 0.00>
ST_2 : Operation 42 [1/1] (0.78ns)   --->   "%icmp_ln36 = icmp_eq  i6 %r_1, i6 56" [ResNet50.cpp:36]   --->   Operation 42 'icmp' 'icmp_ln36' <Predicate = true> <Delay = 0.78> <CoreInst = "Cmp">   --->   Core 9 'Cmp' <Latency = 0> <II = 1> <Delay = 0.78> <FuncUnit> <Opcode : 'seteq' 'setne' 'setle' 'setge' 'setlt' 'setgt'> <InPorts = 2> <OutPorts = 1>
ST_2 : Operation 43 [1/1] (0.78ns)   --->   "%add_ln36 = add i6 %r_1, i6 1" [ResNet50.cpp:36]   --->   Operation 43 'add' 'add_ln36' <Predicate = true> <Delay = 0.78> <CoreInst = "Adder">   --->   Core 1 'Adder' <Latency = 0> <II = 1> <Delay = 0.78> <FuncUnit> <Opcode : 'add' 'sub'> <InPorts = 2> <OutPorts = 1>
ST_2 : Operation 44 [1/1] (0.00ns)   --->   "%br_ln36 = br i1 %icmp_ln36, void %VITIS_LOOP_37_2.split, void %for.end52" [ResNet50.cpp:36]   --->   Operation 44 'br' 'br_ln36' <Predicate = true> <Delay = 0.00>
ST_2 : Operation 45 [1/1] (0.00ns)   --->   "%speclooptripcount_ln36 = speclooptripcount void @_ssdm_op_SpecLoopTripCount, i64 56, i64 56, i64 56" [ResNet50.cpp:36]   --->   Operation 45 'speclooptripcount' 'speclooptripcount_ln36' <Predicate = (!icmp_ln36)> <Delay = 0.00>
ST_2 : Operation 46 [1/1] (0.00ns)   --->   "%specloopname_ln36 = specloopname void @_ssdm_op_SpecLoopName, void @empty_22" [ResNet50.cpp:36]   --->   Operation 46 'specloopname' 'specloopname_ln36' <Predicate = (!icmp_ln36)> <Delay = 0.00>
ST_2 : Operation 47 [1/1] (0.00ns)   --->   "%p_shl = bitconcatenate i12 @_ssdm_op_BitConcatenate.i12.i6.i6, i6 %r_1, i6 0" [ResNet50.cpp:36]   --->   Operation 47 'bitconcatenate' 'p_shl' <Predicate = (!icmp_ln36)> <Delay = 0.00>
ST_2 : Operation 48 [1/1] (0.00ns)   --->   "%tmp = bitconcatenate i9 @_ssdm_op_BitConcatenate.i9.i6.i3, i6 %r_1, i3 0" [ResNet50.cpp:36]   --->   Operation 48 'bitconcatenate' 'tmp' <Predicate = (!icmp_ln36)> <Delay = 0.00>
ST_2 : Operation 49 [1/1] (0.00ns)   --->   "%p_shl7 = zext i9 %tmp" [ResNet50.cpp:36]   --->   Operation 49 'zext' 'p_shl7' <Predicate = (!icmp_ln36)> <Delay = 0.00>
ST_2 : Operation 50 [1/1] (0.80ns)   --->   "%empty_31 = sub i12 %p_shl, i12 %p_shl7" [ResNet50.cpp:36]   --->   Operation 50 'sub' 'empty_31' <Predicate = (!icmp_ln36)> <Delay = 0.80> <CoreInst = "Adder">   --->   Core 1 'Adder' <Latency = 0> <II = 1> <Delay = 0.80> <FuncUnit> <Opcode : 'add' 'sub'> <InPorts = 2> <OutPorts = 1>
ST_2 : Operation 51 [1/1] (0.42ns)   --->   "%br_ln37 = br void %VITIS_LOOP_40_3" [ResNet50.cpp:37]   --->   Operation 51 'br' 'br_ln37' <Predicate = (!icmp_ln36)> <Delay = 0.42>
ST_2 : Operation 52 [1/1] (0.00ns)   --->   "%ret_ln73 = ret" [ResNet50.cpp:73]   --->   Operation 52 'ret' 'ret_ln73' <Predicate = (icmp_ln36)> <Delay = 0.00>

State 3 <SV = 2> <Delay = 2.78>
ST_3 : Operation 53 [1/1] (0.00ns)   --->   "%c = phi i6 0, void %VITIS_LOOP_37_2.split, i6 %add_ln37, void %VITIS_LOOP_40_3.split" [ResNet50.cpp:37]   --->   Operation 53 'phi' 'c' <Predicate = true> <Delay = 0.00>
ST_3 : Operation 54 [1/1] (0.78ns)   --->   "%icmp_ln37 = icmp_eq  i6 %c, i6 56" [ResNet50.cpp:37]   --->   Operation 54 'icmp' 'icmp_ln37' <Predicate = true> <Delay = 0.78> <CoreInst = "Cmp">   --->   Core 9 'Cmp' <Latency = 0> <II = 1> <Delay = 0.78> <FuncUnit> <Opcode : 'seteq' 'setne' 'setle' 'setge' 'setlt' 'setgt'> <InPorts = 2> <OutPorts = 1>
ST_3 : Operation 55 [1/1] (0.78ns)   --->   "%add_ln37 = add i6 %c, i6 1" [ResNet50.cpp:37]   --->   Operation 55 'add' 'add_ln37' <Predicate = true> <Delay = 0.78> <CoreInst = "Adder">   --->   Core 1 'Adder' <Latency = 0> <II = 1> <Delay = 0.78> <FuncUnit> <Opcode : 'add' 'sub'> <InPorts = 2> <OutPorts = 1>
ST_3 : Operation 56 [1/1] (0.00ns)   --->   "%br_ln37 = br i1 %icmp_ln37, void %VITIS_LOOP_40_3.split, void %for.inc50" [ResNet50.cpp:37]   --->   Operation 56 'br' 'br_ln37' <Predicate = true> <Delay = 0.00>
ST_3 : Operation 57 [1/1] (0.00ns)   --->   "%zext_ln37 = zext i6 %c" [ResNet50.cpp:37]   --->   Operation 57 'zext' 'zext_ln37' <Predicate = (!icmp_ln37)> <Delay = 0.00>
ST_3 : Operation 58 [1/1] (0.80ns)   --->   "%thr_add = add i12 %zext_ln37, i12 %empty_31" [ResNet50.cpp:37]   --->   Operation 58 'add' 'thr_add' <Predicate = (!icmp_ln37)> <Delay = 0.80> <CoreInst = "Adder">   --->   Core 1 'Adder' <Latency = 0> <II = 1> <Delay = 0.80> <FuncUnit> <Opcode : 'add' 'sub'> <InPorts = 2> <OutPorts = 1>
ST_3 : Operation 59 [2/2] (1.97ns)   --->   "%call_ln37 = call void @resnet50_bottleneck_Pipeline_VITIS_LOOP_40_3, i16 %gmem0, i12 %thr_add, i64 %input_tensor_read, i16 %local_in, i16 %skip_connection_fifo" [ResNet50.cpp:37]   --->   Operation 59 'call' 'call_ln37' <Predicate = (!icmp_ln37)> <Delay = 1.97> <CoreType = "Generic">   --->   Generic Core
ST_3 : Operation 60 [1/1] (0.42ns)   --->   "%store_ln36 = store i6 %add_ln36, i6 %r" [ResNet50.cpp:36]   --->   Operation 60 'store' 'store_ln36' <Predicate = (icmp_ln37)> <Delay = 0.42>
ST_3 : Operation 61 [1/1] (0.00ns)   --->   "%br_ln36 = br void %VITIS_LOOP_37_2" [ResNet50.cpp:36]   --->   Operation 61 'br' 'br_ln36' <Predicate = (icmp_ln37)> <Delay = 0.00>

State 4 <SV = 3> <Delay = 0.00>
ST_4 : Operation 62 [1/2] (0.00ns)   --->   "%call_ln37 = call void @resnet50_bottleneck_Pipeline_VITIS_LOOP_40_3, i16 %gmem0, i12 %thr_add, i64 %input_tensor_read, i16 %local_in, i16 %skip_connection_fifo" [ResNet50.cpp:37]   --->   Operation 62 'call' 'call_ln37' <Predicate = true> <Delay = 0.00> <CoreType = "Generic">   --->   Generic Core

State 5 <SV = 4> <Delay = 0.00>
ST_5 : Operation 63 [2/2] (0.00ns)   --->   "%call_ln0 = call void @resnet50_bottleneck_Pipeline_VITIS_LOOP_55_4, i16 %local_in, i15 %local_out"   --->   Operation 63 'call' 'call_ln0' <Predicate = true> <Delay = 0.00> <CoreType = "Generic">   --->   Generic Core

State 6 <SV = 5> <Delay = 1.63>
ST_6 : Operation 64 [1/2] (1.63ns)   --->   "%call_ln0 = call void @resnet50_bottleneck_Pipeline_VITIS_LOOP_55_4, i16 %local_in, i15 %local_out"   --->   Operation 64 'call' 'call_ln0' <Predicate = true> <Delay = 1.63> <CoreType = "Generic">   --->   Generic Core

State 7 <SV = 6> <Delay = 1.97>
ST_7 : Operation 65 [2/2] (1.97ns)   --->   "%call_ln37 = call void @resnet50_bottleneck_Pipeline_VITIS_LOOP_61_5, i16 %gmem1, i15 %local_out, i16 %skip_connection_fifo, i12 %thr_add, i64 %output_tensor_read" [ResNet50.cpp:37]   --->   Operation 65 'call' 'call_ln37' <Predicate = true> <Delay = 1.97> <CoreType = "Generic">   --->   Generic Core

State 8 <SV = 7> <Delay = 0.00>
ST_8 : Operation 66 [1/1] (0.00ns)   --->   "%speclooptripcount_ln37 = speclooptripcount void @_ssdm_op_SpecLoopTripCount, i64 56, i64 56, i64 56" [ResNet50.cpp:37]   --->   Operation 66 'speclooptripcount' 'speclooptripcount_ln37' <Predicate = true> <Delay = 0.00>
ST_8 : Operation 67 [1/1] (0.00ns)   --->   "%specloopname_ln37 = specloopname void @_ssdm_op_SpecLoopName, void @empty_21" [ResNet50.cpp:37]   --->   Operation 67 'specloopname' 'specloopname_ln37' <Predicate = true> <Delay = 0.00>
ST_8 : Operation 68 [1/2] (0.00ns)   --->   "%call_ln37 = call void @resnet50_bottleneck_Pipeline_VITIS_LOOP_61_5, i16 %gmem1, i15 %local_out, i16 %skip_connection_fifo, i12 %thr_add, i64 %output_tensor_read" [ResNet50.cpp:37]   --->   Operation 68 'call' 'call_ln37' <Predicate = true> <Delay = 0.00> <CoreType = "Generic">   --->   Generic Core
ST_8 : Operation 69 [1/1] (0.00ns)   --->   "%br_ln37 = br void %VITIS_LOOP_40_3" [ResNet50.cpp:37]   --->   Operation 69 'br' 'br_ln37' <Predicate = true> <Delay = 0.00>


============================================================
+ Verbose Summary: Binding
============================================================
STG Binding: 
---------------- STG Properties BEGIN ----------------
- Is combinational: 0
- Is one-state seq: 0
- Is datapath-only: 0
- Is pipelined: 0
- Is top level: 1
Port [ Return ] is wired: 1; IO mode=ap_ctrl_hs:ce=0
Port [ gmem0]:  wired=1; compound=1; hidden=0; nouse=0; global=0; static=0; extern=0; dir=0; type=4; pingpong=0; private_global=0; IO mode=m_axi:ce=0
Port [ gmem1]:  wired=1; compound=1; hidden=0; nouse=0; global=0; static=0; extern=0; dir=1; type=4; pingpong=0; private_global=0; IO mode=m_axi:ce=0
Port [ gmem2]:  wired=1; compound=1; hidden=0; nouse=1; global=0; static=0; extern=0; dir=0; type=4; pingpong=0; private_global=0; IO mode=m_axi:ce=0
Port [ gmem3]:  wired=1; compound=1; hidden=0; nouse=1; global=0; static=0; extern=0; dir=0; type=4; pingpong=0; private_global=0; IO mode=m_axi:ce=0
Port [ gmem4]:  wired=1; compound=1; hidden=0; nouse=1; global=0; static=0; extern=0; dir=0; type=4; pingpong=0; private_global=0; IO mode=m_axi:ce=0
Port [ input_tensor]:  wired=1; compound=0; hidden=0; nouse=0; global=0; static=0; extern=0; dir=0; type=0; pingpong=0; private_global=0; IO mode=ap_none:ce=0
Port [ output_tensor]:  wired=1; compound=0; hidden=0; nouse=0; global=0; static=0; extern=0; dir=0; type=0; pingpong=0; private_global=0; IO mode=ap_none:ce=0
Port [ w_1x1_a]:  wired=1; compound=0; hidden=0; nouse=1; global=0; static=0; extern=0; dir=0; type=0; pingpong=0; private_global=0; IO mode=ap_none:ce=0
Port [ w_3x3]:  wired=1; compound=0; hidden=0; nouse=1; global=0; static=0; extern=0; dir=0; type=0; pingpong=0; private_global=0; IO mode=ap_none:ce=0
Port [ w_1x1_b]:  wired=1; compound=0; hidden=0; nouse=1; global=0; static=0; extern=0; dir=0; type=0; pingpong=0; private_global=0; IO mode=ap_none:ce=0
---------------- STG Properties END ------------------

---------------- Datapath Model BEGIN ----------------

<LifeTime>
<method=bitvector/>
r                      (alloca           ) [ 011111111]
spectopmodule_ln12     (spectopmodule    ) [ 000000000]
specinterface_ln0      (specinterface    ) [ 000000000]
specbitsmap_ln0        (specbitsmap      ) [ 000000000]
specinterface_ln0      (specinterface    ) [ 000000000]
specbitsmap_ln0        (specbitsmap      ) [ 000000000]
specinterface_ln0      (specinterface    ) [ 000000000]
specbitsmap_ln0        (specbitsmap      ) [ 000000000]
specinterface_ln0      (specinterface    ) [ 000000000]
specbitsmap_ln0        (specbitsmap      ) [ 000000000]
specinterface_ln0      (specinterface    ) [ 000000000]
specbitsmap_ln0        (specbitsmap      ) [ 000000000]
specinterface_ln0      (specinterface    ) [ 000000000]
specinterface_ln0      (specinterface    ) [ 000000000]
specinterface_ln0      (specinterface    ) [ 000000000]
specinterface_ln0      (specinterface    ) [ 000000000]
specinterface_ln0      (specinterface    ) [ 000000000]
specinterface_ln0      (specinterface    ) [ 000000000]
specinterface_ln0      (specinterface    ) [ 000000000]
specinterface_ln0      (specinterface    ) [ 000000000]
specinterface_ln0      (specinterface    ) [ 000000000]
specinterface_ln0      (specinterface    ) [ 000000000]
specinterface_ln0      (specinterface    ) [ 000000000]
output_tensor_read     (read             ) [ 001111111]
input_tensor_read      (read             ) [ 001111111]
skip_connection_fifo   (alloca           ) [ 011111111]
empty                  (specchannel      ) [ 000000000]
specinterface_ln0      (specinterface    ) [ 000000000]
local_in               (alloca           ) [ 001111111]
local_out              (alloca           ) [ 001111111]
store_ln36             (store            ) [ 000000000]
br_ln36                (br               ) [ 000000000]
r_1                    (load             ) [ 000000000]
icmp_ln36              (icmp             ) [ 001111111]
add_ln36               (add              ) [ 000111111]
br_ln36                (br               ) [ 000000000]
speclooptripcount_ln36 (speclooptripcount) [ 000000000]
specloopname_ln36      (specloopname     ) [ 000000000]
p_shl                  (bitconcatenate   ) [ 000000000]
tmp                    (bitconcatenate   ) [ 000000000]
p_shl7                 (zext             ) [ 000000000]
empty_31               (sub              ) [ 000111111]
br_ln37                (br               ) [ 001111111]
ret_ln73               (ret              ) [ 000000000]
c                      (phi              ) [ 000100000]
icmp_ln37              (icmp             ) [ 001111111]
add_ln37               (add              ) [ 001111111]
br_ln37                (br               ) [ 000000000]
zext_ln37              (zext             ) [ 000000000]
thr_add                (add              ) [ 000011111]
store_ln36             (store            ) [ 000000000]
br_ln36                (br               ) [ 000000000]
call_ln37              (call             ) [ 000000000]
call_ln0               (call             ) [ 000000000]
speclooptripcount_ln37 (speclooptripcount) [ 000000000]
specloopname_ln37      (specloopname     ) [ 000000000]
call_ln37              (call             ) [ 000000000]
br_ln37                (br               ) [ 001111111]
</LifeTime>

<model>

<comp_list>
<comp id="0" class="1000" name="gmem0">
<pin_list>
<pin id="1" dir="1" index="0" bw="1" slack="0"/>
</pin_list>
<bind>
<StgValue><ssdm name="gmem0"/><MemPortTyVec>0 </MemPortTyVec>
</StgValue>
</bind>
</comp>

<comp id="2" class="1000" name="gmem1">
<pin_list>
<pin id="3" dir="1" index="0" bw="1" slack="0"/>
</pin_list>
<bind>
<StgValue><ssdm name="gmem1"/><MemPortTyVec>1 </MemPortTyVec>
</StgValue>
</bind>
</comp>

<comp id="4" class="1000" name="gmem2">
<pin_list>
<pin id="5" dir="1" index="0" bw="1" slack="2147483647"/>
</pin_list>
<bind>
<StgValue><ssdm name="gmem2"/></StgValue>
</bind>
</comp>

<comp id="6" class="1000" name="gmem3">
<pin_list>
<pin id="7" dir="1" index="0" bw="1" slack="2147483647"/>
</pin_list>
<bind>
<StgValue><ssdm name="gmem3"/></StgValue>
</bind>
</comp>

<comp id="8" class="1000" name="gmem4">
<pin_list>
<pin id="9" dir="1" index="0" bw="1" slack="2147483647"/>
</pin_list>
<bind>
<StgValue><ssdm name="gmem4"/></StgValue>
</bind>
</comp>

<comp id="10" class="1000" name="input_tensor">
<pin_list>
<pin id="11" dir="1" index="0" bw="1" slack="0"/>
</pin_list>
<bind>
<StgValue><ssdm name="input_tensor"/></StgValue>
</bind>
</comp>

<comp id="12" class="1000" name="output_tensor">
<pin_list>
<pin id="13" dir="1" index="0" bw="1" slack="0"/>
</pin_list>
<bind>
<StgValue><ssdm name="output_tensor"/></StgValue>
</bind>
</comp>

<comp id="14" class="1000" name="w_1x1_a">
<pin_list>
<pin id="15" dir="1" index="0" bw="1" slack="2147483647"/>
</pin_list>
<bind>
<StgValue><ssdm name="w_1x1_a"/></StgValue>
</bind>
</comp>

<comp id="16" class="1000" name="w_3x3">
<pin_list>
<pin id="17" dir="1" index="0" bw="1" slack="2147483647"/>
</pin_list>
<bind>
<StgValue><ssdm name="w_3x3"/></StgValue>
</bind>
</comp>

<comp id="18" class="1000" name="w_1x1_b">
<pin_list>
<pin id="19" dir="1" index="0" bw="1" slack="2147483647"/>
</pin_list>
<bind>
<StgValue><ssdm name="w_1x1_b"/></StgValue>
</bind>
</comp>

<comp id="20" class="1001" name="const_20">
<pin_list>
<pin id="21" dir="1" index="0" bw="1" slack="0"/>
</pin_list>
<bind>
<StgValue><ssdm name=""/></StgValue>
</bind>
</comp>

<comp id="22" class="1001" name="const_22">
<pin_list>
<pin id="23" dir="1" index="0" bw="1" slack="2147483647"/>
</pin_list>
<bind>
<StgValue><ssdm name="_ssdm_op_SpecTopModule"/></StgValue>
</bind>
</comp>

<comp id="24" class="1001" name="const_24">
<pin_list>
<pin id="25" dir="1" index="0" bw="1" slack="2147483647"/>
</pin_list>
<bind>
<StgValue><ssdm name="empty_17"/></StgValue>
</bind>
</comp>

<comp id="26" class="1001" name="const_26">
<pin_list>
<pin id="27" dir="1" index="0" bw="1" slack="2147483647"/>
</pin_list>
<bind>
<StgValue><ssdm name="_ssdm_op_SpecInterface"/></StgValue>
</bind>
</comp>

<comp id="28" class="1001" name="const_28">
<pin_list>
<pin id="29" dir="1" index="0" bw="1" slack="2147483647"/>
</pin_list>
<bind>
<StgValue><ssdm name="empty"/></StgValue>
</bind>
</comp>

<comp id="30" class="1001" name="const_30">
<pin_list>
<pin id="31" dir="1" index="0" bw="1" slack="2147483647"/>
</pin_list>
<bind>
<StgValue><ssdm name=""/></StgValue>
</bind>
</comp>

<comp id="32" class="1001" name="const_32">
<pin_list>
<pin id="33" dir="1" index="0" bw="1" slack="2147483647"/>
</pin_list>
<bind>
<StgValue><ssdm name="empty_0"/></StgValue>
</bind>
</comp>

<comp id="34" class="1001" name="const_34">
<pin_list>
<pin id="35" dir="1" index="0" bw="1" slack="2147483647"/>
</pin_list>
<bind>
<StgValue><ssdm name="empty_1"/></StgValue>
</bind>
</comp>

<comp id="36" class="1001" name="const_36">
<pin_list>
<pin id="37" dir="1" index="0" bw="1" slack="2147483647"/>
</pin_list>
<bind>
<StgValue><ssdm name="empty_2"/></StgValue>
</bind>
</comp>

<comp id="38" class="1001" name="const_38">
<pin_list>
<pin id="39" dir="1" index="0" bw="1" slack="2147483647"/>
</pin_list>
<bind>
<StgValue><ssdm name=""/></StgValue>
</bind>
</comp>

<comp id="40" class="1001" name="const_40">
<pin_list>
<pin id="41" dir="1" index="0" bw="1" slack="2147483647"/>
</pin_list>
<bind>
<StgValue><ssdm name=""/></StgValue>
</bind>
</comp>

<comp id="42" class="1001" name="const_42">
<pin_list>
<pin id="43" dir="1" index="0" bw="1" slack="2147483647"/>
</pin_list>
<bind>
<StgValue><ssdm name="_ssdm_op_SpecBitsMap"/></StgValue>
</bind>
</comp>

<comp id="44" class="1001" name="const_44">
<pin_list>
<pin id="45" dir="1" index="0" bw="1" slack="2147483647"/>
</pin_list>
<bind>
<StgValue><ssdm name="empty_3"/></StgValue>
</bind>
</comp>

<comp id="46" class="1001" name="const_46">
<pin_list>
<pin id="47" dir="1" index="0" bw="1" slack="2147483647"/>
</pin_list>
<bind>
<StgValue><ssdm name="empty_4"/></StgValue>
</bind>
</comp>

<comp id="48" class="1001" name="const_48">
<pin_list>
<pin id="49" dir="1" index="0" bw="1" slack="2147483647"/>
</pin_list>
<bind>
<StgValue><ssdm name="empty_5"/></StgValue>
</bind>
</comp>

<comp id="50" class="1001" name="const_50">
<pin_list>
<pin id="51" dir="1" index="0" bw="1" slack="2147483647"/>
</pin_list>
<bind>
<StgValue><ssdm name="empty_6"/></StgValue>
</bind>
</comp>

<comp id="52" class="1001" name="const_52">
<pin_list>
<pin id="53" dir="1" index="0" bw="1" slack="2147483647"/>
</pin_list>
<bind>
<StgValue><ssdm name="empty_7"/></StgValue>
</bind>
</comp>

<comp id="54" class="1001" name="const_54">
<pin_list>
<pin id="55" dir="1" index="0" bw="1" slack="2147483647"/>
</pin_list>
<bind>
<StgValue><ssdm name="empty_8"/></StgValue>
</bind>
</comp>

<comp id="56" class="1001" name="const_56">
<pin_list>
<pin id="57" dir="1" index="0" bw="1" slack="2147483647"/>
</pin_list>
<bind>
<StgValue><ssdm name="empty_9"/></StgValue>
</bind>
</comp>

<comp id="58" class="1001" name="const_58">
<pin_list>
<pin id="59" dir="1" index="0" bw="1" slack="2147483647"/>
</pin_list>
<bind>
<StgValue><ssdm name="empty_10"/></StgValue>
</bind>
</comp>

<comp id="60" class="1001" name="const_60">
<pin_list>
<pin id="61" dir="1" index="0" bw="1" slack="2147483647"/>
</pin_list>
<bind>
<StgValue><ssdm name="empty_11"/></StgValue>
</bind>
</comp>

<comp id="62" class="1001" name="const_62">
<pin_list>
<pin id="63" dir="1" index="0" bw="1" slack="2147483647"/>
</pin_list>
<bind>
<StgValue><ssdm name="empty_12"/></StgValue>
</bind>
</comp>

<comp id="64" class="1001" name="const_64">
<pin_list>
<pin id="65" dir="1" index="0" bw="1" slack="2147483647"/>
</pin_list>
<bind>
<StgValue><ssdm name="empty_13"/></StgValue>
</bind>
</comp>

<comp id="66" class="1001" name="const_66">
<pin_list>
<pin id="67" dir="1" index="0" bw="1" slack="2147483647"/>
</pin_list>
<bind>
<StgValue><ssdm name="empty_14"/></StgValue>
</bind>
</comp>

<comp id="68" class="1001" name="const_68">
<pin_list>
<pin id="69" dir="1" index="0" bw="1" slack="2147483647"/>
</pin_list>
<bind>
<StgValue><ssdm name="empty_15"/></StgValue>
</bind>
</comp>

<comp id="70" class="1001" name="const_70">
<pin_list>
<pin id="71" dir="1" index="0" bw="1" slack="0"/>
</pin_list>
<bind>
<StgValue><ssdm name="_ssdm_op_Read.s_axilite.i64"/></StgValue>
</bind>
</comp>

<comp id="72" class="1001" name="const_72">
<pin_list>
<pin id="73" dir="1" index="0" bw="1" slack="0"/>
</pin_list>
<bind>
<StgValue><ssdm name=""/></StgValue>
</bind>
</comp>

<comp id="74" class="1001" name="const_74">
<pin_list>
<pin id="75" dir="1" index="0" bw="1" slack="2147483647"/>
</pin_list>
<bind>
<StgValue><ssdm name="_ssdm_op_SpecChannel"/></StgValue>
</bind>
</comp>

<comp id="76" class="1001" name="const_76">
<pin_list>
<pin id="77" dir="1" index="0" bw="1" slack="2147483647"/>
</pin_list>
<bind>
<StgValue><ssdm name="skip_connection_fifo_str"/></StgValue>
</bind>
</comp>

<comp id="78" class="1001" name="const_78">
<pin_list>
<pin id="79" dir="1" index="0" bw="1" slack="2147483647"/>
</pin_list>
<bind>
<StgValue><ssdm name="p_str"/></StgValue>
</bind>
</comp>

<comp id="80" class="1001" name="const_80">
<pin_list>
<pin id="81" dir="1" index="0" bw="1" slack="2147483647"/>
</pin_list>
<bind>
<StgValue><ssdm name=""/></StgValue>
</bind>
</comp>

<comp id="82" class="1001" name="const_82">
<pin_list>
<pin id="83" dir="1" index="0" bw="1" slack="2147483647"/>
</pin_list>
<bind>
<StgValue><ssdm name="empty_16"/></StgValue>
</bind>
</comp>

<comp id="84" class="1001" name="const_84">
<pin_list>
<pin id="85" dir="1" index="0" bw="1" slack="0"/>
</pin_list>
<bind>
<StgValue><ssdm name=""/></StgValue>
</bind>
</comp>

<comp id="86" class="1001" name="const_86">
<pin_list>
<pin id="87" dir="1" index="0" bw="1" slack="0"/>
</pin_list>
<bind>
<StgValue><ssdm name=""/></StgValue>
</bind>
</comp>

<comp id="88" class="1001" name="const_88">
<pin_list>
<pin id="89" dir="1" index="0" bw="1" slack="0"/>
</pin_list>
<bind>
<StgValue><ssdm name=""/></StgValue>
</bind>
</comp>

<comp id="90" class="1001" name="const_90">
<pin_list>
<pin id="91" dir="1" index="0" bw="1" slack="2147483647"/>
</pin_list>
<bind>
<StgValue><ssdm name="_ssdm_op_SpecLoopTripCount"/></StgValue>
</bind>
</comp>

<comp id="92" class="1001" name="const_92">
<pin_list>
<pin id="93" dir="1" index="0" bw="1" slack="2147483647"/>
</pin_list>
<bind>
<StgValue><ssdm name=""/></StgValue>
</bind>
</comp>

<comp id="94" class="1001" name="const_94">
<pin_list>
<pin id="95" dir="1" index="0" bw="1" slack="2147483647"/>
</pin_list>
<bind>
<StgValue><ssdm name="_ssdm_op_SpecLoopName"/></StgValue>
</bind>
</comp>

<comp id="96" class="1001" name="const_96">
<pin_list>
<pin id="97" dir="1" index="0" bw="1" slack="2147483647"/>
</pin_list>
<bind>
<StgValue><ssdm name="empty_22"/></StgValue>
</bind>
</comp>

<comp id="98" class="1001" name="const_98">
<pin_list>
<pin id="99" dir="1" index="0" bw="1" slack="0"/>
</pin_list>
<bind>
<StgValue><ssdm name="_ssdm_op_BitConcatenate.i12.i6.i6"/></StgValue>
</bind>
</comp>

<comp id="100" class="1001" name="const_100">
<pin_list>
<pin id="101" dir="1" index="0" bw="1" slack="0"/>
</pin_list>
<bind>
<StgValue><ssdm name="_ssdm_op_BitConcatenate.i9.i6.i3"/></StgValue>
</bind>
</comp>

<comp id="102" class="1001" name="const_102">
<pin_list>
<pin id="103" dir="1" index="0" bw="1" slack="0"/>
</pin_list>
<bind>
<StgValue><ssdm name=""/></StgValue>
</bind>
</comp>

<comp id="104" class="1001" name="const_104">
<pin_list>
<pin id="105" dir="1" index="0" bw="1" slack="0"/>
</pin_list>
<bind>
<StgValue><ssdm name="resnet50_bottleneck_Pipeline_VITIS_LOOP_40_3"/></StgValue>
</bind>
</comp>

<comp id="106" class="1001" name="const_106">
<pin_list>
<pin id="107" dir="1" index="0" bw="1" slack="0"/>
</pin_list>
<bind>
<StgValue><ssdm name="resnet50_bottleneck_Pipeline_VITIS_LOOP_55_4"/></StgValue>
</bind>
</comp>

<comp id="108" class="1001" name="const_108">
<pin_list>
<pin id="109" dir="1" index="0" bw="1" slack="0"/>
</pin_list>
<bind>
<StgValue><ssdm name="resnet50_bottleneck_Pipeline_VITIS_LOOP_61_5"/></StgValue>
</bind>
</comp>

<comp id="110" class="1001" name="const_110">
<pin_list>
<pin id="111" dir="1" index="0" bw="1" slack="2147483647"/>
</pin_list>
<bind>
<StgValue><ssdm name="empty_21"/></StgValue>
</bind>
</comp>

<comp id="112" class="1004" name="r_fu_112">
<pin_list>
<pin id="113" dir="0" index="0" bw="1" slack="0"/>
<pin id="114" dir="1" index="1" bw="6" slack="0"/>
</pin_list>
<bind>
<opcode="alloca(26) " fcode="alloca"/>
<opset="r/1 "/>
</bind>
</comp>

<comp id="116" class="1004" name="skip_connection_fifo_fu_116">
<pin_list>
<pin id="117" dir="0" index="0" bw="1" slack="0"/>
<pin id="118" dir="1" index="1" bw="16" slack="0"/>
</pin_list>
<bind>
<opcode="alloca(26) " fcode="alloca"/>
<opset="skip_connection_fifo/1 "/>
</bind>
</comp>

<comp id="120" class="1004" name="local_in_alloca_fu_120">
<pin_list>
<pin id="121" dir="0" index="0" bw="1" slack="0"/>
<pin id="122" dir="1" index="1" bw="16" slack="2147483647"/>
</pin_list>
<bind>
<opcode="alloca(26) " fcode="alloca"/>
<opset="local_in/1 "/>
</bind>
</comp>

<comp id="124" class="1004" name="local_out_alloca_fu_124">
<pin_list>
<pin id="125" dir="0" index="0" bw="1" slack="0"/>
<pin id="126" dir="1" index="1" bw="15" slack="2147483647"/>
</pin_list>
<bind>
<opcode="alloca(26) " fcode="alloca"/>
<opset="local_out/1 "/>
</bind>
</comp>

<comp id="128" class="1004" name="output_tensor_read_read_fu_128">
<pin_list>
<pin id="129" dir="0" index="0" bw="64" slack="0"/>
<pin id="130" dir="0" index="1" bw="64" slack="0"/>
<pin id="131" dir="1" index="2" bw="64" slack="6"/>
</pin_list>
<bind>
<opcode="read(1150) " fcode="read"/>
<opset="output_tensor_read/1 "/>
</bind>
</comp>

<comp id="134" class="1004" name="input_tensor_read_read_fu_134">
<pin_list>
<pin id="135" dir="0" index="0" bw="64" slack="0"/>
<pin id="136" dir="0" index="1" bw="64" slack="0"/>
<pin id="137" dir="1" index="2" bw="64" slack="2"/>
</pin_list>
<bind>
<opcode="read(1150) " fcode="read"/>
<opset="input_tensor_read/1 "/>
</bind>
</comp>

<comp id="140" class="1005" name="c_reg_140">
<pin_list>
<pin id="141" dir="0" index="0" bw="6" slack="1"/>
<pin id="142" dir="1" index="1" bw="6" slack="1"/>
</pin_list>
<bind>
<opset="c (phireg) "/>
</bind>
</comp>

<comp id="144" class="1004" name="c_phi_fu_144">
<pin_list>
<pin id="145" dir="0" index="0" bw="1" slack="1"/>
<pin id="146" dir="0" index="1" bw="0" slack="2147483647"/>
<pin id="147" dir="0" index="2" bw="6" slack="0"/>
<pin id="148" dir="0" index="3" bw="0" slack="2147483647"/>
<pin id="149" dir="1" index="4" bw="6" slack="0"/>
</pin_list>
<bind>
<opcode="phi(47) " fcode="phi"/>
<opset="c/3 "/>
</bind>
</comp>

<comp id="151" class="1004" name="grp_resnet50_bottleneck_Pipeline_VITIS_LOOP_40_3_fu_151">
<pin_list>
<pin id="152" dir="0" index="0" bw="0" slack="0"/>
<pin id="153" dir="0" index="1" bw="16" slack="0"/>
<pin id="154" dir="0" index="2" bw="12" slack="0"/>
<pin id="155" dir="0" index="3" bw="64" slack="2"/>
<pin id="156" dir="0" index="4" bw="16" slack="2147483647"/>
<pin id="157" dir="0" index="5" bw="16" slack="2"/>
<pin id="158" dir="1" index="6" bw="0" slack="2147483647"/>
</pin_list>
<bind>
<opcode="call(48) " fcode="call"/>
<opset="call_ln37/3 "/>
</bind>
</comp>

<comp id="161" class="1004" name="grp_resnet50_bottleneck_Pipeline_VITIS_LOOP_55_4_fu_161">
<pin_list>
<pin id="162" dir="0" index="0" bw="0" slack="0"/>
<pin id="163" dir="0" index="1" bw="16" slack="2147483647"/>
<pin id="164" dir="0" index="2" bw="15" slack="2147483647"/>
<pin id="165" dir="1" index="3" bw="0" slack="2147483647"/>
</pin_list>
<bind>
<opcode="call(48) " fcode="call"/>
<opset="call_ln0/5 "/>
</bind>
</comp>

<comp id="167" class="1004" name="grp_resnet50_bottleneck_Pipeline_VITIS_LOOP_61_5_fu_167">
<pin_list>
<pin id="168" dir="0" index="0" bw="0" slack="0"/>
<pin id="169" dir="0" index="1" bw="16" slack="0"/>
<pin id="170" dir="0" index="2" bw="15" slack="2147483647"/>
<pin id="171" dir="0" index="3" bw="16" slack="6"/>
<pin id="172" dir="0" index="4" bw="12" slack="4"/>
<pin id="173" dir="0" index="5" bw="64" slack="6"/>
<pin id="174" dir="1" index="6" bw="0" slack="2147483647"/>
</pin_list>
<bind>
<opcode="call(48) " fcode="call"/>
<opset="call_ln37/7 "/>
</bind>
</comp>

<comp id="177" class="1004" name="store_ln36_store_fu_177">
<pin_list>
<pin id="178" dir="0" index="0" bw="1" slack="0"/>
<pin id="179" dir="0" index="1" bw="6" slack="0"/>
<pin id="180" dir="1" index="2" bw="0" slack="2147483647"/>
</pin_list>
<bind>
<opcode="store(28) " fcode="store"/>
<opset="store_ln36/1 "/>
</bind>
</comp>

<comp id="182" class="1004" name="r_1_load_fu_182">
<pin_list>
<pin id="183" dir="0" index="0" bw="6" slack="1"/>
<pin id="184" dir="1" index="1" bw="6" slack="0"/>
</pin_list>
<bind>
<opcode="load(27) " fcode="load"/>
<opset="r_1/2 "/>
</bind>
</comp>

<comp id="185" class="1004" name="icmp_ln36_fu_185">
<pin_list>
<pin id="186" dir="0" index="0" bw="6" slack="0"/>
<pin id="187" dir="0" index="1" bw="6" slack="0"/>
<pin id="188" dir="1" index="2" bw="1" slack="2147483647"/>
</pin_list>
<bind>
<opcode="icmp(45) " fcode="icmp"/>
<opset="icmp_ln36/2 "/>
</bind>
</comp>

<comp id="191" class="1004" name="add_ln36_fu_191">
<pin_list>
<pin id="192" dir="0" index="0" bw="6" slack="0"/>
<pin id="193" dir="0" index="1" bw="1" slack="0"/>
<pin id="194" dir="1" index="2" bw="6" slack="1"/>
</pin_list>
<bind>
<opcode="add(8) " fcode="add"/>
<opset="add_ln36/2 "/>
</bind>
</comp>

<comp id="197" class="1004" name="p_shl_fu_197">
<pin_list>
<pin id="198" dir="0" index="0" bw="12" slack="0"/>
<pin id="199" dir="0" index="1" bw="6" slack="0"/>
<pin id="200" dir="0" index="2" bw="1" slack="0"/>
<pin id="201" dir="1" index="3" bw="12" slack="0"/>
</pin_list>
<bind>
<opcode="bitconcatenate(1004) " fcode="bitconcatenate"/>
<opset="p_shl/2 "/>
</bind>
</comp>

<comp id="205" class="1004" name="tmp_fu_205">
<pin_list>
<pin id="206" dir="0" index="0" bw="9" slack="0"/>
<pin id="207" dir="0" index="1" bw="6" slack="0"/>
<pin id="208" dir="0" index="2" bw="1" slack="0"/>
<pin id="209" dir="1" index="3" bw="9" slack="0"/>
</pin_list>
<bind>
<opcode="bitconcatenate(1004) " fcode="bitconcatenate"/>
<opset="tmp/2 "/>
</bind>
</comp>

<comp id="213" class="1004" name="p_shl7_fu_213">
<pin_list>
<pin id="214" dir="0" index="0" bw="9" slack="0"/>
<pin id="215" dir="1" index="1" bw="12" slack="0"/>
</pin_list>
<bind>
<opcode="zext(34) " fcode="zext"/>
<opset="p_shl7/2 "/>
</bind>
</comp>

<comp id="217" class="1004" name="empty_31_fu_217">
<pin_list>
<pin id="218" dir="0" index="0" bw="12" slack="0"/>
<pin id="219" dir="0" index="1" bw="9" slack="0"/>
<pin id="220" dir="1" index="2" bw="12" slack="1"/>
</pin_list>
<bind>
<opcode="sub(10) " fcode="sub"/>
<opset="empty_31/2 "/>
</bind>
</comp>

<comp id="223" class="1004" name="icmp_ln37_fu_223">
<pin_list>
<pin id="224" dir="0" index="0" bw="6" slack="0"/>
<pin id="225" dir="0" index="1" bw="6" slack="0"/>
<pin id="226" dir="1" index="2" bw="1" slack="2147483647"/>
</pin_list>
<bind>
<opcode="icmp(45) " fcode="icmp"/>
<opset="icmp_ln37/3 "/>
</bind>
</comp>

<comp id="229" class="1004" name="add_ln37_fu_229">
<pin_list>
<pin id="230" dir="0" index="0" bw="6" slack="0"/>
<pin id="231" dir="0" index="1" bw="1" slack="0"/>
<pin id="232" dir="1" index="2" bw="6" slack="0"/>
</pin_list>
<bind>
<opcode="add(8) " fcode="add"/>
<opset="add_ln37/3 "/>
</bind>
</comp>

<comp id="235" class="1004" name="zext_ln37_fu_235">
<pin_list>
<pin id="236" dir="0" index="0" bw="6" slack="0"/>
<pin id="237" dir="1" index="1" bw="12" slack="0"/>
</pin_list>
<bind>
<opcode="zext(34) " fcode="zext"/>
<opset="zext_ln37/3 "/>
</bind>
</comp>

<comp id="239" class="1004" name="thr_add_fu_239">
<pin_list>
<pin id="240" dir="0" index="0" bw="6" slack="0"/>
<pin id="241" dir="0" index="1" bw="12" slack="1"/>
<pin id="242" dir="1" index="2" bw="12" slack="0"/>
</pin_list>
<bind>
<opcode="add(8) " fcode="add"/>
<opset="thr_add/3 "/>
</bind>
</comp>

<comp id="245" class="1004" name="store_ln36_store_fu_245">
<pin_list>
<pin id="246" dir="0" index="0" bw="6" slack="1"/>
<pin id="247" dir="0" index="1" bw="6" slack="2"/>
<pin id="248" dir="1" index="2" bw="0" slack="2147483647"/>
</pin_list>
<bind>
<opcode="store(28) " fcode="store"/>
<opset="store_ln36/3 "/>
</bind>
</comp>

<comp id="249" class="1005" name="r_reg_249">
<pin_list>
<pin id="250" dir="0" index="0" bw="6" slack="0"/>
<pin id="251" dir="1" index="1" bw="6" slack="0"/>
</pin_list>
<bind>
<opset="r "/>
</bind>
</comp>

<comp id="256" class="1005" name="output_tensor_read_reg_256">
<pin_list>
<pin id="257" dir="0" index="0" bw="64" slack="6"/>
<pin id="258" dir="1" index="1" bw="64" slack="6"/>
</pin_list>
<bind>
<opset="output_tensor_read "/>
</bind>
</comp>

<comp id="261" class="1005" name="input_tensor_read_reg_261">
<pin_list>
<pin id="262" dir="0" index="0" bw="64" slack="2"/>
<pin id="263" dir="1" index="1" bw="64" slack="2"/>
</pin_list>
<bind>
<opset="input_tensor_read "/>
</bind>
</comp>

<comp id="266" class="1005" name="skip_connection_fifo_reg_266">
<pin_list>
<pin id="267" dir="0" index="0" bw="16" slack="0"/>
<pin id="268" dir="1" index="1" bw="16" slack="2"/>
</pin_list>
<bind>
<opset="skip_connection_fifo "/>
</bind>
</comp>

<comp id="275" class="1005" name="add_ln36_reg_275">
<pin_list>
<pin id="276" dir="0" index="0" bw="6" slack="1"/>
<pin id="277" dir="1" index="1" bw="6" slack="1"/>
</pin_list>
<bind>
<opset="add_ln36 "/>
</bind>
</comp>

<comp id="280" class="1005" name="empty_31_reg_280">
<pin_list>
<pin id="281" dir="0" index="0" bw="12" slack="1"/>
<pin id="282" dir="1" index="1" bw="12" slack="1"/>
</pin_list>
<bind>
<opset="empty_31 "/>
</bind>
</comp>

<comp id="288" class="1005" name="add_ln37_reg_288">
<pin_list>
<pin id="289" dir="0" index="0" bw="6" slack="0"/>
<pin id="290" dir="1" index="1" bw="6" slack="0"/>
</pin_list>
<bind>
<opset="add_ln37 "/>
</bind>
</comp>

<comp id="293" class="1005" name="thr_add_reg_293">
<pin_list>
<pin id="294" dir="0" index="0" bw="12" slack="1"/>
<pin id="295" dir="1" index="1" bw="12" slack="1"/>
</pin_list>
<bind>
<opset="thr_add "/>
</bind>
</comp>

</comp_list>

<net_list>
<net id="115"><net_src comp="20" pin="0"/><net_sink comp="112" pin=0"/></net>

<net id="119"><net_src comp="72" pin="0"/><net_sink comp="116" pin=0"/></net>

<net id="123"><net_src comp="72" pin="0"/><net_sink comp="120" pin=0"/></net>

<net id="127"><net_src comp="72" pin="0"/><net_sink comp="124" pin=0"/></net>

<net id="132"><net_src comp="70" pin="0"/><net_sink comp="128" pin=0"/></net>

<net id="133"><net_src comp="12" pin="0"/><net_sink comp="128" pin=1"/></net>

<net id="138"><net_src comp="70" pin="0"/><net_sink comp="134" pin=0"/></net>

<net id="139"><net_src comp="10" pin="0"/><net_sink comp="134" pin=1"/></net>

<net id="143"><net_src comp="84" pin="0"/><net_sink comp="140" pin=0"/></net>

<net id="150"><net_src comp="140" pin="1"/><net_sink comp="144" pin=0"/></net>

<net id="159"><net_src comp="104" pin="0"/><net_sink comp="151" pin=0"/></net>

<net id="160"><net_src comp="0" pin="0"/><net_sink comp="151" pin=1"/></net>

<net id="166"><net_src comp="106" pin="0"/><net_sink comp="161" pin=0"/></net>

<net id="175"><net_src comp="108" pin="0"/><net_sink comp="167" pin=0"/></net>

<net id="176"><net_src comp="2" pin="0"/><net_sink comp="167" pin=1"/></net>

<net id="181"><net_src comp="84" pin="0"/><net_sink comp="177" pin=0"/></net>

<net id="189"><net_src comp="182" pin="1"/><net_sink comp="185" pin=0"/></net>

<net id="190"><net_src comp="86" pin="0"/><net_sink comp="185" pin=1"/></net>

<net id="195"><net_src comp="182" pin="1"/><net_sink comp="191" pin=0"/></net>

<net id="196"><net_src comp="88" pin="0"/><net_sink comp="191" pin=1"/></net>

<net id="202"><net_src comp="98" pin="0"/><net_sink comp="197" pin=0"/></net>

<net id="203"><net_src comp="182" pin="1"/><net_sink comp="197" pin=1"/></net>

<net id="204"><net_src comp="84" pin="0"/><net_sink comp="197" pin=2"/></net>

<net id="210"><net_src comp="100" pin="0"/><net_sink comp="205" pin=0"/></net>

<net id="211"><net_src comp="182" pin="1"/><net_sink comp="205" pin=1"/></net>

<net id="212"><net_src comp="102" pin="0"/><net_sink comp="205" pin=2"/></net>

<net id="216"><net_src comp="205" pin="3"/><net_sink comp="213" pin=0"/></net>

<net id="221"><net_src comp="197" pin="3"/><net_sink comp="217" pin=0"/></net>

<net id="222"><net_src comp="213" pin="1"/><net_sink comp="217" pin=1"/></net>

<net id="227"><net_src comp="144" pin="4"/><net_sink comp="223" pin=0"/></net>

<net id="228"><net_src comp="86" pin="0"/><net_sink comp="223" pin=1"/></net>

<net id="233"><net_src comp="144" pin="4"/><net_sink comp="229" pin=0"/></net>

<net id="234"><net_src comp="88" pin="0"/><net_sink comp="229" pin=1"/></net>

<net id="238"><net_src comp="144" pin="4"/><net_sink comp="235" pin=0"/></net>

<net id="243"><net_src comp="235" pin="1"/><net_sink comp="239" pin=0"/></net>

<net id="244"><net_src comp="239" pin="2"/><net_sink comp="151" pin=2"/></net>

<net id="252"><net_src comp="112" pin="1"/><net_sink comp="249" pin=0"/></net>

<net id="253"><net_src comp="249" pin="1"/><net_sink comp="177" pin=1"/></net>

<net id="254"><net_src comp="249" pin="1"/><net_sink comp="182" pin=0"/></net>

<net id="255"><net_src comp="249" pin="1"/><net_sink comp="245" pin=1"/></net>

<net id="259"><net_src comp="128" pin="2"/><net_sink comp="256" pin=0"/></net>

<net id="260"><net_src comp="256" pin="1"/><net_sink comp="167" pin=5"/></net>

<net id="264"><net_src comp="134" pin="2"/><net_sink comp="261" pin=0"/></net>

<net id="265"><net_src comp="261" pin="1"/><net_sink comp="151" pin=3"/></net>

<net id="269"><net_src comp="116" pin="1"/><net_sink comp="266" pin=0"/></net>

<net id="270"><net_src comp="266" pin="1"/><net_sink comp="151" pin=5"/></net>

<net id="271"><net_src comp="266" pin="1"/><net_sink comp="167" pin=3"/></net>

<net id="278"><net_src comp="191" pin="2"/><net_sink comp="275" pin=0"/></net>

<net id="279"><net_src comp="275" pin="1"/><net_sink comp="245" pin=0"/></net>

<net id="283"><net_src comp="217" pin="2"/><net_sink comp="280" pin=0"/></net>

<net id="284"><net_src comp="280" pin="1"/><net_sink comp="239" pin=1"/></net>

<net id="291"><net_src comp="229" pin="2"/><net_sink comp="288" pin=0"/></net>

<net id="292"><net_src comp="288" pin="1"/><net_sink comp="144" pin=2"/></net>

<net id="296"><net_src comp="239" pin="2"/><net_sink comp="293" pin=0"/></net>

<net id="297"><net_src comp="293" pin="1"/><net_sink comp="151" pin=2"/></net>

<net id="298"><net_src comp="293" pin="1"/><net_sink comp="167" pin=4"/></net>

</net_list>

</model> 
---------------- Datapath Model END ------------------

* FSMD analyzer results:
  - Output states:
	Port: gmem1 | {7 8 }
 - Input state : 
	Port: resnet50_bottleneck : gmem0 | {3 4 }
	Port: resnet50_bottleneck : input_tensor | {1 }
	Port: resnet50_bottleneck : output_tensor | {1 }
  - Chain level:
	State 1
		empty : 1
		specinterface_ln0 : 1
		store_ln36 : 1
	State 2
		icmp_ln36 : 1
		add_ln36 : 1
		br_ln36 : 2
		p_shl : 1
		tmp : 1
		p_shl7 : 2
		empty_31 : 3
	State 3
		icmp_ln37 : 1
		add_ln37 : 1
		br_ln37 : 2
		zext_ln37 : 1
		thr_add : 2
		call_ln37 : 3
	State 4
	State 5
	State 6
	State 7
	State 8


============================================================
+ Verbose Summary: Datapath Resource usage 
============================================================

* Functional unit list:
|----------|---------------------------------------------------------|---------|---------|---------|
| Operation|                     Functional Unit                     |  Delay  |    FF   |   LUT   |
|----------|---------------------------------------------------------|---------|---------|---------|
|          | grp_resnet50_bottleneck_Pipeline_VITIS_LOOP_40_3_fu_151 |    0    |    71   |   157   |
|   call   | grp_resnet50_bottleneck_Pipeline_VITIS_LOOP_55_4_fu_161 |  0.427  |    81   |    41   |
|          | grp_resnet50_bottleneck_Pipeline_VITIS_LOOP_61_5_fu_167 |  0.427  |    69   |   227   |
|----------|---------------------------------------------------------|---------|---------|---------|
|          |                     add_ln36_fu_191                     |    0    |    0    |    13   |
|    add   |                     add_ln37_fu_229                     |    0    |    0    |    13   |
|          |                      thr_add_fu_239                     |    0    |    0    |    19   |
|----------|---------------------------------------------------------|---------|---------|---------|
|   icmp   |                     icmp_ln36_fu_185                    |    0    |    0    |    13   |
|          |                     icmp_ln37_fu_223                    |    0    |    0    |    13   |
|----------|---------------------------------------------------------|---------|---------|---------|
|    sub   |                     empty_31_fu_217                     |    0    |    0    |    19   |
|----------|---------------------------------------------------------|---------|---------|---------|
|   read   |              output_tensor_read_read_fu_128             |    0    |    0    |    0    |
|          |              input_tensor_read_read_fu_134              |    0    |    0    |    0    |
|----------|---------------------------------------------------------|---------|---------|---------|
|bitconcatenate|                       p_shl_fu_197                      |    0    |    0    |    0    |
|          |                        tmp_fu_205                       |    0    |    0    |    0    |
|----------|---------------------------------------------------------|---------|---------|---------|
|   zext   |                      p_shl7_fu_213                      |    0    |    0    |    0    |
|          |                     zext_ln37_fu_235                    |    0    |    0    |    0    |
|----------|---------------------------------------------------------|---------|---------|---------|
|   Total  |                                                         |  0.854  |   221   |   515   |
|----------|---------------------------------------------------------|---------|---------|---------|

Memories:
+---------+--------+--------+--------+--------+
|         |  BRAM  |   FF   |   LUT  |  URAM  |
+---------+--------+--------+--------+--------+
| local_in|    1   |    0   |    0   |    0   |
|local_out|    1   |    0   |    0   |    0   |
+---------+--------+--------+--------+--------+
|  Total  |    2   |    0   |    0   |    0   |
+---------+--------+--------+--------+--------+

* Register list:
+----------------------------+--------+
|                            |   FF   |
+----------------------------+--------+
|      add_ln36_reg_275      |    6   |
|      add_ln37_reg_288      |    6   |
|          c_reg_140         |    6   |
|      empty_31_reg_280      |   12   |
|  input_tensor_read_reg_261 |   64   |
| output_tensor_read_reg_256 |   64   |
|          r_reg_249         |    6   |
|skip_connection_fifo_reg_266|   16   |
|       thr_add_reg_293      |   12   |
+----------------------------+--------+
|            Total           |   192  |
+----------------------------+--------+

* Multiplexer (MUX) list: 
|---------------------------------------------------------|------|------|------|--------||---------||---------||---------|
|                           Comp                          |  Pin | Size |  BW  | S x BW ||  Delay  ||    FF   ||   LUT   |
|---------------------------------------------------------|------|------|------|--------||---------||---------||---------|
| grp_resnet50_bottleneck_Pipeline_VITIS_LOOP_40_3_fu_151 |  p2  |   2  |  12  |   24   ||    0    ||    9    |
|---------------------------------------------------------|------|------|------|--------||---------||---------||---------|
|                          Total                          |      |      |      |   24   ||  0.427  ||    0    ||    9    |
|---------------------------------------------------------|------|------|------|--------||---------||---------||---------|



* Summary:
+-----------+--------+--------+--------+--------+--------+
|           |  BRAM  |  Delay |   FF   |   LUT  |  URAM  |
+-----------+--------+--------+--------+--------+--------+
|  Function |    -   |    0   |   221  |   515  |    -   |
|   Memory  |    2   |    -   |    0   |    0   |    0   |
|Multiplexer|    -   |    0   |    0   |    9   |    -   |
|  Register |    -   |    -   |   192  |    -   |    -   |
+-----------+--------+--------+--------+--------+--------+
|   Total   |    2   |    1   |   413  |   524  |    0   |
+-----------+--------+--------+--------+--------+--------+
