

================================================================
== Vitis HLS Report for 'resnet50_bottleneck_Pipeline_VITIS_LOOP_61_5'
================================================================
* Date:           Mon Mar 30 20:09:10 2026

* Version:        2025.1 (Build 6135595 on May 21 2025)
* Project:        hls_component
* Solution:       hls (Vivado IP Flow Target)
* Product family: zynquplus
* Target device:  xczu7ev-ffvc1156-2-e


================================================================
== Performance Estimates
================================================================
+ Timing: 
    * Summary: 
    +--------+----------+----------+------------+
    |  Clock |  Target  | Estimated| Uncertainty|
    +--------+----------+----------+------------+
    |ap_clk  |  10.00 ns|  7.300 ns|     2.70 ns|
    +--------+----------+----------+------------+

+ Latency: 
    * Summary: 
    +---------+---------+----------+----------+-----+-----+------------------------------------------------+
    |  Latency (cycles) |  Latency (absolute) |  Interval |                    Pipeline                    |
    |   min   |   max   |    min   |    max   | min | max |                      Type                      |
    +---------+---------+----------+----------+-----+-----+------------------------------------------------+
    |      264|      264|  2.640 us|  2.640 us|  257|  257|  loop auto-rewind stp (delay=0 clock cycles(s))|
    +---------+---------+----------+----------+-----+-----+------------------------------------------------+

    + Detail: 
        * Instance: 
        N/A

        * Loop: 
        +-------------------+---------+---------+----------+-----------+-----------+------+----------+
        |                   |  Latency (cycles) | Iteration|  Initiation Interval  | Trip |          |
        |     Loop Name     |   min   |   max   |  Latency |  achieved |   target  | Count| Pipelined|
        +-------------------+---------+---------+----------+-----------+-----------+------+----------+
        |- VITIS_LOOP_61_5  |      262|      262|         8|          1|          1|   256|       yes|
        +-------------------+---------+---------+----------+-----------+-----------+------+----------+

============================================================
+ Verbose Summary: Synthesis Manager
============================================================
InlineROM: 1
ExposeGlobal: 0
============================================================
+ Verbose Summary: CDFG Model
============================================================
IsTopModel: 0
ResetActiveHigh: 1
IsCombinational: 0
IsDatapathOnly: 0
HasWiredReturn: 1
HasMFsm: 2
HasVarLatency: 1
IsPipeline: 0
IsRtlPipelined: 0
IsInstanceOverlapped: 0
IsDontTouch: 0
HasImplIP: 0
IsGatedGlobalClock: 0

+ Individual pipeline summary: 
  * Pipeline-0: initiation interval (II) = 1, depth = 8


============================================================
+ Verbose Summary: Schedule
============================================================
* Number of FSM states : 8
* Pipeline : 1
  Pipeline-0 : II = 1, D = 8, States = { 1 2 3 4 5 6 7 8 }
* Dataflow Pipeline: 0

* FSM state transitions: 
1 --> 2 
2 --> 3 
3 --> 4 
4 --> 5 
5 --> 6 
6 --> 7 
7 --> 8 
8 --> 

* FSM state operations: 

State 1 <SV = 0> <Delay = 2.40>
ST_1 : Operation 11 [1/1] (0.00ns)   --->   "%phi_mul1 = alloca i32 1"   --->   Operation 11 'alloca' 'phi_mul1' <Predicate = true> <Delay = 0.00>
ST_1 : Operation 12 [1/1] (0.00ns)   --->   "%ch = alloca i32 1" [ResNet50.cpp:61]   --->   Operation 12 'alloca' 'ch' <Predicate = true> <Delay = 0.00>
ST_1 : Operation 13 [1/1] (0.00ns)   --->   "%output_tensor_read = read i64 @_ssdm_op_Read.ap_auto.i64, i64 %output_tensor"   --->   Operation 13 'read' 'output_tensor_read' <Predicate = true> <Delay = 0.00>
ST_1 : Operation 14 [1/1] (0.00ns)   --->   "%zext_ln40_read = read i12 @_ssdm_op_Read.ap_auto.i12, i12 %zext_ln40"   --->   Operation 14 'read' 'zext_ln40_read' <Predicate = true> <Delay = 0.00>
ST_1 : Operation 15 [1/1] (0.00ns)   --->   "%zext_ln40_cast = zext i12 %zext_ln40_read"   --->   Operation 15 'zext' 'zext_ln40_cast' <Predicate = true> <Delay = 0.00>
ST_1 : Operation 16 [1/1] (0.00ns)   --->   "%specinterface_ln0 = specinterface void @_ssdm_op_SpecInterface, i16 %skip_connection_fifo, void @empty_16, i32 0, i32 0, void @empty_0, i32 0, i32 0, void @empty_0, void @empty_0, void @empty_0, i32 0, i32 0, i32 0, i32 0, void @empty_0, void @empty_0, i32 4294967295, i32 0, i32 0"   --->   Operation 16 'specinterface' 'specinterface_ln0' <Predicate = true> <Delay = 0.00>
ST_1 : Operation 17 [1/1] (0.00ns)   --->   "%specinterface_ln0 = specinterface void @_ssdm_op_SpecInterface, i16 %gmem1, void @empty, i32 0, i32 0, void @empty_0, i32 0, i32 0, void @empty_3, void @empty_2, void @empty_0, i32 16, i32 16, i32 16, i32 16, void @empty_0, void @empty_0, i32 4294967295, i32 0, i32 0"   --->   Operation 17 'specinterface' 'specinterface_ln0' <Predicate = true> <Delay = 0.00>
ST_1 : Operation 18 [1/1] (0.42ns)   --->   "%store_ln61 = store i9 0, i9 %ch" [ResNet50.cpp:61]   --->   Operation 18 'store' 'store_ln61' <Predicate = true> <Delay = 0.42>
ST_1 : Operation 19 [1/1] (0.42ns)   --->   "%store_ln0 = store i20 0, i20 %phi_mul1"   --->   Operation 19 'store' 'store_ln0' <Predicate = true> <Delay = 0.42>
ST_1 : Operation 20 [1/1] (0.00ns)   --->   "%br_ln61 = br void %for.body32" [ResNet50.cpp:61]   --->   Operation 20 'br' 'br_ln61' <Predicate = true> <Delay = 0.00>
ST_1 : Operation 21 [1/1] (0.00ns)   --->   "%ch_1 = load i9 %ch" [ResNet50.cpp:61]   --->   Operation 21 'load' 'ch_1' <Predicate = true> <Delay = 0.00>
ST_1 : Operation 22 [1/1] (0.00ns)   --->   "%specbitsmap_ln0 = specbitsmap void @_ssdm_op_SpecBitsMap, i16 %gmem1"   --->   Operation 22 'specbitsmap' 'specbitsmap_ln0' <Predicate = true> <Delay = 0.00>
ST_1 : Operation 23 [1/1] (0.77ns)   --->   "%icmp_ln61 = icmp_eq  i9 %ch_1, i9 256" [ResNet50.cpp:61]   --->   Operation 23 'icmp' 'icmp_ln61' <Predicate = true> <Delay = 0.77> <CoreInst = "Cmp">   --->   Core 9 'Cmp' <Latency = 0> <II = 1> <Delay = 0.77> <FuncUnit> <Opcode : 'seteq' 'setne' 'setle' 'setge' 'setlt' 'setgt'> <InPorts = 2> <OutPorts = 1>
ST_1 : Operation 24 [1/1] (0.77ns)   --->   "%add_ln61 = add i9 %ch_1, i9 1" [ResNet50.cpp:61]   --->   Operation 24 'add' 'add_ln61' <Predicate = true> <Delay = 0.77> <CoreInst = "Adder">   --->   Core 1 'Adder' <Latency = 0> <II = 1> <Delay = 0.77> <FuncUnit> <Opcode : 'add' 'sub'> <InPorts = 2> <OutPorts = 1>
ST_1 : Operation 25 [1/1] (0.00ns)   --->   "%br_ln61 = br i1 %icmp_ln61, void %for.body32.split, void %for.inc47.exitStub" [ResNet50.cpp:61]   --->   Operation 25 'br' 'br_ln61' <Predicate = true> <Delay = 0.00>
ST_1 : Operation 26 [1/1] (0.00ns)   --->   "%phi_mul1_load = load i20 %phi_mul1" [ResNet50.cpp:69]   --->   Operation 26 'load' 'phi_mul1_load' <Predicate = (!icmp_ln61)> <Delay = 0.00>
ST_1 : Operation 27 [1/1] (0.00ns)   --->   "%zext_ln61 = zext i9 %ch_1" [ResNet50.cpp:61]   --->   Operation 27 'zext' 'zext_ln61' <Predicate = (!icmp_ln61)> <Delay = 0.00>
ST_1 : Operation 28 [1/1] (0.00ns)   --->   "%local_out_addr = getelementptr i15 %local_out, i64 0, i64 %zext_ln61" [ResNet50.cpp:63]   --->   Operation 28 'getelementptr' 'local_out_addr' <Predicate = (!icmp_ln61)> <Delay = 0.00>
ST_1 : Operation 29 [2/2] (1.23ns)   --->   "%f_x = load i8 %local_out_addr" [ResNet50.cpp:63]   --->   Operation 29 'load' 'f_x' <Predicate = (!icmp_ln61)> <Delay = 1.23> <CoreInst = "RAM">   --->   Core 82 'RAM' <Latency = 1> <II = 1> <Delay = 1.23> <Storage> <Opcode : 'load' 'store'> <Ports = 2> <Width = 15> <Depth = 256> <RAM>
ST_1 : Operation 30 [1/1] (0.89ns)   --->   "%add_ln69_2 = add i20 %phi_mul1_load, i20 3136" [ResNet50.cpp:69]   --->   Operation 30 'add' 'add_ln69_2' <Predicate = (!icmp_ln61)> <Delay = 0.89> <CoreInst = "Adder">   --->   Core 1 'Adder' <Latency = 0> <II = 1> <Delay = 0.89> <FuncUnit> <Opcode : 'add' 'sub'> <InPorts = 2> <OutPorts = 1>
ST_1 : Operation 31 [1/1] (0.89ns)   --->   "%add_ln69 = add i20 %phi_mul1_load, i20 %zext_ln40_cast" [ResNet50.cpp:69]   --->   Operation 31 'add' 'add_ln69' <Predicate = (!icmp_ln61)> <Delay = 0.89> <CoreInst = "Adder">   --->   Core 1 'Adder' <Latency = 0> <II = 1> <Delay = 0.89> <FuncUnit> <Opcode : 'add' 'sub'> <InPorts = 2> <OutPorts = 1>
ST_1 : Operation 32 [1/1] (0.00ns)   --->   "%shl_ln1 = bitconcatenate i21 @_ssdm_op_BitConcatenate.i21.i20.i1, i20 %add_ln69, i1 0" [ResNet50.cpp:69]   --->   Operation 32 'bitconcatenate' 'shl_ln1' <Predicate = (!icmp_ln61)> <Delay = 0.00>
ST_1 : Operation 33 [1/1] (0.00ns)   --->   "%zext_ln69_1 = zext i21 %shl_ln1" [ResNet50.cpp:69]   --->   Operation 33 'zext' 'zext_ln69_1' <Predicate = (!icmp_ln61)> <Delay = 0.00>
ST_1 : Operation 34 [1/1] (1.08ns)   --->   "%add_ln69_1 = add i64 %zext_ln69_1, i64 %output_tensor_read" [ResNet50.cpp:69]   --->   Operation 34 'add' 'add_ln69_1' <Predicate = (!icmp_ln61)> <Delay = 1.08> <CoreInst = "Adder">   --->   Core 1 'Adder' <Latency = 0> <II = 1> <Delay = 1.08> <FuncUnit> <Opcode : 'add' 'sub'> <InPorts = 2> <OutPorts = 1>
ST_1 : Operation 35 [1/1] (0.00ns)   --->   "%trunc_ln3 = partselect i63 @_ssdm_op_PartSelect.i63.i64.i32.i32, i64 %add_ln69_1, i32 1, i32 63" [ResNet50.cpp:69]   --->   Operation 35 'partselect' 'trunc_ln3' <Predicate = (!icmp_ln61)> <Delay = 0.00>
ST_1 : Operation 36 [1/1] (0.00ns)   --->   "%sext_ln69 = sext i63 %trunc_ln3" [ResNet50.cpp:69]   --->   Operation 36 'sext' 'sext_ln69' <Predicate = (!icmp_ln61)> <Delay = 0.00>
ST_1 : Operation 37 [1/1] (0.00ns)   --->   "%gmem1_addr = getelementptr i16 %gmem1, i64 %sext_ln69" [ResNet50.cpp:69]   --->   Operation 37 'getelementptr' 'gmem1_addr' <Predicate = (!icmp_ln61)> <Delay = 0.00>
ST_1 : Operation 38 [1/1] (0.42ns)   --->   "%store_ln61 = store i9 %add_ln61, i9 %ch" [ResNet50.cpp:61]   --->   Operation 38 'store' 'store_ln61' <Predicate = (!icmp_ln61)> <Delay = 0.42>
ST_1 : Operation 39 [1/1] (0.42ns)   --->   "%store_ln69 = store i20 %add_ln69_2, i20 %phi_mul1" [ResNet50.cpp:69]   --->   Operation 39 'store' 'store_ln69' <Predicate = (!icmp_ln61)> <Delay = 0.42>

State 2 <SV = 1> <Delay = 7.30>
ST_2 : Operation 40 [1/2] ( I:1.23ns O:1.23ns )   --->   "%f_x = load i8 %local_out_addr" [ResNet50.cpp:63]   --->   Operation 40 'load' 'f_x' <Predicate = true> <Delay = 1.23> <CoreInst = "RAM">   --->   Core 82 'RAM' <Latency = 1> <II = 1> <Delay = 1.23> <Storage> <Opcode : 'load' 'store'> <Ports = 2> <Width = 15> <Depth = 256> <RAM>
ST_2 : Operation 41 [1/1] (0.00ns)   --->   "%sext_ln63 = sext i15 %f_x" [ResNet50.cpp:63]   --->   Operation 41 'sext' 'sext_ln63' <Predicate = true> <Delay = 0.00>
ST_2 : Operation 42 [1/1] ( I:1.75ns O:1.75ns )   --->   "%x = read i16 @_ssdm_op_Read.ap_fifo.volatile.i16P0A, i16 %skip_connection_fifo" [ResNet50.cpp:64]   --->   Operation 42 'read' 'x' <Predicate = true> <Delay = 1.75> <CoreInst = "FIFO">   --->   Core 77 'FIFO' <Latency = 0> <II = 1> <Delay = 1.75> <Storage> <Opcode : 'read' 'write' 'nbread' 'nbwrite'> <Ports = 0> <Width = 16> <Depth = 1024> <FIFO>
ST_2 : Operation 43 [1/1] (0.85ns)   --->   "%added = add i16 %x, i16 %sext_ln63" [ResNet50.cpp:66]   --->   Operation 43 'add' 'added' <Predicate = true> <Delay = 0.85> <CoreInst = "Adder">   --->   Core 1 'Adder' <Latency = 0> <II = 1> <Delay = 0.85> <FuncUnit> <Opcode : 'add' 'sub'> <InPorts = 2> <OutPorts = 1>
ST_2 : Operation 44 [1/1] (0.00ns)   --->   "%trunc_ln66 = trunc i16 %added" [ResNet50.cpp:66]   --->   Operation 44 'trunc' 'trunc_ln66' <Predicate = true> <Delay = 0.00>
ST_2 : Operation 45 [1/1] (0.85ns)   --->   "%icmp_ln69 = icmp_sgt  i16 %added, i16 0" [ResNet50.cpp:69]   --->   Operation 45 'icmp' 'icmp_ln69' <Predicate = true> <Delay = 0.85> <CoreInst = "Cmp">   --->   Core 9 'Cmp' <Latency = 0> <II = 1> <Delay = 0.85> <FuncUnit> <Opcode : 'seteq' 'setne' 'setle' 'setge' 'setlt' 'setgt'> <InPorts = 2> <OutPorts = 1>
ST_2 : Operation 46 [1/1] (0.29ns)   --->   "%select_ln69 = select i1 %icmp_ln69, i15 %trunc_ln66, i15 0" [ResNet50.cpp:69]   --->   Operation 46 'select' 'select_ln69' <Predicate = true> <Delay = 0.29> <CoreInst = "Sel">   --->   Core 73 'Sel' <Latency = 0> <II = 1> <Delay = 0.29> <FuncUnit> <Opcode : 'select'> <InPorts = 3> <OutPorts = 1>
ST_2 : Operation 47 [1/1] (7.30ns)   --->   "%gmem1_addr_req = writereq i1 @_ssdm_op_WriteReq.m_axi.i16P1A, i16 %gmem1_addr, i64 1" [ResNet50.cpp:69]   --->   Operation 47 'writereq' 'gmem1_addr_req' <Predicate = true> <Delay = 7.30> <CoreInst = "m_axi">   --->   Core 119 'm_axi' <Latency = 9> <II = 1> <Delay = 1.00> <Adapter> <Opcode : 'read' 'write' 'readreq' 'writereq' 'writeresp'>

State 3 <SV = 2> <Delay = 7.30>
ST_3 : Operation 48 [1/1] (0.00ns)   --->   "%zext_ln69 = zext i15 %select_ln69" [ResNet50.cpp:69]   --->   Operation 48 'zext' 'zext_ln69' <Predicate = true> <Delay = 0.00>
ST_3 : Operation 49 [1/1] (7.30ns)   --->   "%write_ln69 = write void @_ssdm_op_Write.m_axi.i16P1A, i16 %gmem1_addr, i16 %zext_ln69, i2 3" [ResNet50.cpp:69]   --->   Operation 49 'write' 'write_ln69' <Predicate = true> <Delay = 7.30> <CoreInst = "m_axi">   --->   Core 119 'm_axi' <Latency = 5> <II = 1> <Delay = 1.00> <Adapter> <Opcode : 'read' 'write' 'readreq' 'writereq' 'writeresp'>

State 4 <SV = 3> <Delay = 7.30>
ST_4 : Operation 50 [5/5] (7.30ns)   --->   "%gmem1_addr_resp = writeresp i1 @_ssdm_op_WriteResp.m_axi.i16P1A, i16 %gmem1_addr" [ResNet50.cpp:69]   --->   Operation 50 'writeresp' 'gmem1_addr_resp' <Predicate = true> <Delay = 7.30> <CoreInst = "m_axi">   --->   Core 119 'm_axi' <Latency = 3> <II = 1> <Delay = 1.00> <Adapter> <Opcode : 'read' 'write' 'readreq' 'writereq' 'writeresp'>

State 5 <SV = 4> <Delay = 7.30>
ST_5 : Operation 51 [4/5] (7.30ns)   --->   "%gmem1_addr_resp = writeresp i1 @_ssdm_op_WriteResp.m_axi.i16P1A, i16 %gmem1_addr" [ResNet50.cpp:69]   --->   Operation 51 'writeresp' 'gmem1_addr_resp' <Predicate = true> <Delay = 7.30> <CoreInst = "m_axi">   --->   Core 119 'm_axi' <Latency = 3> <II = 1> <Delay = 1.00> <Adapter> <Opcode : 'read' 'write' 'readreq' 'writereq' 'writeresp'>

State 6 <SV = 5> <Delay = 7.30>
ST_6 : Operation 52 [3/5] (7.30ns)   --->   "%gmem1_addr_resp = writeresp i1 @_ssdm_op_WriteResp.m_axi.i16P1A, i16 %gmem1_addr" [ResNet50.cpp:69]   --->   Operation 52 'writeresp' 'gmem1_addr_resp' <Predicate = true> <Delay = 7.30> <CoreInst = "m_axi">   --->   Core 119 'm_axi' <Latency = 3> <II = 1> <Delay = 1.00> <Adapter> <Opcode : 'read' 'write' 'readreq' 'writereq' 'writeresp'>

State 7 <SV = 6> <Delay = 7.30>
ST_7 : Operation 53 [2/5] (7.30ns)   --->   "%gmem1_addr_resp = writeresp i1 @_ssdm_op_WriteResp.m_axi.i16P1A, i16 %gmem1_addr" [ResNet50.cpp:69]   --->   Operation 53 'writeresp' 'gmem1_addr_resp' <Predicate = true> <Delay = 7.30> <CoreInst = "m_axi">   --->   Core 119 'm_axi' <Latency = 3> <II = 1> <Delay = 1.00> <Adapter> <Opcode : 'read' 'write' 'readreq' 'writereq' 'writeresp'>
ST_7 : Operation 59 [1/1] (0.42ns)   --->   "%ret_ln0 = ret"   --->   Operation 59 'ret' 'ret_ln0' <Predicate = (icmp_ln61)> <Delay = 0.42>

State 8 <SV = 7> <Delay = 7.30>
ST_8 : Operation 54 [1/1] (0.00ns)   --->   "%specpipeline_ln62 = specpipeline void @_ssdm_op_SpecPipeline, i32 1, i32 0, i32 0, i32 0, void @empty_0" [ResNet50.cpp:62]   --->   Operation 54 'specpipeline' 'specpipeline_ln62' <Predicate = true> <Delay = 0.00>
ST_8 : Operation 55 [1/1] (0.00ns)   --->   "%speclooptripcount_ln61 = speclooptripcount void @_ssdm_op_SpecLoopTripCount, i64 256, i64 256, i64 256" [ResNet50.cpp:61]   --->   Operation 55 'speclooptripcount' 'speclooptripcount_ln61' <Predicate = true> <Delay = 0.00>
ST_8 : Operation 56 [1/1] (0.00ns)   --->   "%specloopname_ln61 = specloopname void @_ssdm_op_SpecLoopName, void @empty_20" [ResNet50.cpp:61]   --->   Operation 56 'specloopname' 'specloopname_ln61' <Predicate = true> <Delay = 0.00>
ST_8 : Operation 57 [1/5] (7.30ns)   --->   "%gmem1_addr_resp = writeresp i1 @_ssdm_op_WriteResp.m_axi.i16P1A, i16 %gmem1_addr" [ResNet50.cpp:69]   --->   Operation 57 'writeresp' 'gmem1_addr_resp' <Predicate = true> <Delay = 7.30> <CoreInst = "m_axi">   --->   Core 119 'm_axi' <Latency = 3> <II = 1> <Delay = 1.00> <Adapter> <Opcode : 'read' 'write' 'readreq' 'writereq' 'writeresp'>
ST_8 : Operation 58 [1/1] (0.00ns)   --->   "%br_ln61 = br void %for.body32" [ResNet50.cpp:61]   --->   Operation 58 'br' 'br_ln61' <Predicate = true> <Delay = 0.00>


============================================================
+ Verbose Summary: Binding
============================================================
STG Binding: 
---------------- STG Properties BEGIN ----------------
- Is combinational: 0
- Is one-state seq: 0
- Is datapath-only: 0
- Is pipelined: 0
- Is top level: 0
Port [ Return ] is wired: 1; IO mode=ap_ctrl_hs:ce=0
Port [ gmem1]:  wired=1; compound=1; hidden=0; nouse=0; global=0; static=0; extern=0; dir=1; type=4; pingpong=0; private_global=0; IO mode=m_axi:ce=0
Port [ local_out]:  wired=1; compound=1; hidden=0; nouse=0; global=0; static=0; extern=0; dir=0; type=1; pingpong=0; private_global=0; MemPort=[13]; IO mode=ap_memory:ce=0
Port [ skip_connection_fifo]:  wired=1; compound=1; hidden=0; nouse=0; global=0; static=0; extern=0; dir=0; type=3; pingpong=0; private_global=0; IO mode=ap_fifo:ce=0
Port [ zext_ln40]:  wired=1; compound=0; hidden=0; nouse=0; global=0; static=0; extern=0; dir=0; type=0; pingpong=0; private_global=0; IO mode=ap_none:ce=0
Port [ output_tensor]:  wired=1; compound=0; hidden=0; nouse=0; global=0; static=0; extern=0; dir=0; type=0; pingpong=0; private_global=0; IO mode=ap_none:ce=0
---------------- STG Properties END ------------------

---------------- Datapath Model BEGIN ----------------

<LifeTime>
<method=bitvector/>
phi_mul1               (alloca           ) [ 010000000]
ch                     (alloca           ) [ 010000000]
output_tensor_read     (read             ) [ 000000000]
zext_ln40_read         (read             ) [ 000000000]
zext_ln40_cast         (zext             ) [ 000000000]
specinterface_ln0      (specinterface    ) [ 000000000]
specinterface_ln0      (specinterface    ) [ 000000000]
store_ln61             (store            ) [ 000000000]
store_ln0              (store            ) [ 000000000]
br_ln61                (br               ) [ 000000000]
ch_1                   (load             ) [ 000000000]
specbitsmap_ln0        (specbitsmap      ) [ 000000000]
icmp_ln61              (icmp             ) [ 011111110]
add_ln61               (add              ) [ 000000000]
br_ln61                (br               ) [ 000000000]
phi_mul1_load          (load             ) [ 000000000]
zext_ln61              (zext             ) [ 000000000]
local_out_addr         (getelementptr    ) [ 011000000]
add_ln69_2             (add              ) [ 000000000]
add_ln69               (add              ) [ 000000000]
shl_ln1                (bitconcatenate   ) [ 000000000]
zext_ln69_1            (zext             ) [ 000000000]
add_ln69_1             (add              ) [ 000000000]
trunc_ln3              (partselect       ) [ 000000000]
sext_ln69              (sext             ) [ 000000000]
gmem1_addr             (getelementptr    ) [ 011111111]
store_ln61             (store            ) [ 000000000]
store_ln69             (store            ) [ 000000000]
f_x                    (load             ) [ 000000000]
sext_ln63              (sext             ) [ 000000000]
x                      (read             ) [ 000000000]
added                  (add              ) [ 000000000]
trunc_ln66             (trunc            ) [ 000000000]
icmp_ln69              (icmp             ) [ 000000000]
select_ln69            (select           ) [ 010100000]
gmem1_addr_req         (writereq         ) [ 000000000]
zext_ln69              (zext             ) [ 000000000]
write_ln69             (write            ) [ 000000000]
specpipeline_ln62      (specpipeline     ) [ 000000000]
speclooptripcount_ln61 (speclooptripcount) [ 000000000]
specloopname_ln61      (specloopname     ) [ 000000000]
gmem1_addr_resp        (writeresp        ) [ 000000000]
br_ln61                (br               ) [ 000000000]
ret_ln0                (ret              ) [ 000000000]
</LifeTime>

<model>

<comp_list>
<comp id="0" class="1000" name="gmem1">
<pin_list>
<pin id="1" dir="1" index="0" bw="1" slack="0"/>
</pin_list>
<bind>
<StgValue><ssdm name="gmem1"/><MemPortTyVec>1 </MemPortTyVec>
</StgValue>
</bind>
</comp>

<comp id="2" class="1000" name="local_out">
<pin_list>
<pin id="3" dir="1" index="0" bw="1" slack="0"/>
</pin_list>
<bind>
<StgValue><ssdm name="local_out"/><MemPortTyVec>1 3 </MemPortTyVec>
</StgValue>
</bind>
</comp>

<comp id="4" class="1000" name="skip_connection_fifo">
<pin_list>
<pin id="5" dir="1" index="0" bw="1" slack="0"/>
</pin_list>
<bind>
<StgValue><ssdm name="skip_connection_fifo"/></StgValue>
</bind>
</comp>

<comp id="6" class="1000" name="zext_ln40">
<pin_list>
<pin id="7" dir="1" index="0" bw="1" slack="0"/>
</pin_list>
<bind>
<StgValue><ssdm name="zext_ln40"/></StgValue>
</bind>
</comp>

<comp id="8" class="1000" name="output_tensor">
<pin_list>
<pin id="9" dir="1" index="0" bw="1" slack="0"/>
</pin_list>
<bind>
<StgValue><ssdm name="output_tensor"/></StgValue>
</bind>
</comp>

<comp id="10" class="1001" name="const_10">
<pin_list>
<pin id="11" dir="1" index="0" bw="1" slack="0"/>
</pin_list>
<bind>
<StgValue><ssdm name=""/></StgValue>
</bind>
</comp>

<comp id="12" class="1001" name="const_12">
<pin_list>
<pin id="13" dir="1" index="0" bw="1" slack="0"/>
</pin_list>
<bind>
<StgValue><ssdm name="_ssdm_op_Read.ap_auto.i64"/></StgValue>
</bind>
</comp>

<comp id="14" class="1001" name="const_14">
<pin_list>
<pin id="15" dir="1" index="0" bw="1" slack="0"/>
</pin_list>
<bind>
<StgValue><ssdm name="_ssdm_op_Read.ap_auto.i12"/></StgValue>
</bind>
</comp>

<comp id="16" class="1001" name="const_16">
<pin_list>
<pin id="17" dir="1" index="0" bw="1" slack="2147483647"/>
</pin_list>
<bind>
<StgValue><ssdm name="_ssdm_op_SpecInterface"/></StgValue>
</bind>
</comp>

<comp id="18" class="1001" name="const_18">
<pin_list>
<pin id="19" dir="1" index="0" bw="1" slack="2147483647"/>
</pin_list>
<bind>
<StgValue><ssdm name="empty_16"/></StgValue>
</bind>
</comp>

<comp id="20" class="1001" name="const_20">
<pin_list>
<pin id="21" dir="1" index="0" bw="1" slack="2147483647"/>
</pin_list>
<bind>
<StgValue><ssdm name=""/></StgValue>
</bind>
</comp>

<comp id="22" class="1001" name="const_22">
<pin_list>
<pin id="23" dir="1" index="0" bw="1" slack="2147483647"/>
</pin_list>
<bind>
<StgValue><ssdm name="empty_0"/></StgValue>
</bind>
</comp>

<comp id="24" class="1001" name="const_24">
<pin_list>
<pin id="25" dir="1" index="0" bw="1" slack="2147483647"/>
</pin_list>
<bind>
<StgValue><ssdm name=""/></StgValue>
</bind>
</comp>

<comp id="26" class="1001" name="const_26">
<pin_list>
<pin id="27" dir="1" index="0" bw="1" slack="2147483647"/>
</pin_list>
<bind>
<StgValue><ssdm name="empty"/></StgValue>
</bind>
</comp>

<comp id="28" class="1001" name="const_28">
<pin_list>
<pin id="29" dir="1" index="0" bw="1" slack="2147483647"/>
</pin_list>
<bind>
<StgValue><ssdm name="empty_3"/></StgValue>
</bind>
</comp>

<comp id="30" class="1001" name="const_30">
<pin_list>
<pin id="31" dir="1" index="0" bw="1" slack="2147483647"/>
</pin_list>
<bind>
<StgValue><ssdm name="empty_2"/></StgValue>
</bind>
</comp>

<comp id="32" class="1001" name="const_32">
<pin_list>
<pin id="33" dir="1" index="0" bw="1" slack="2147483647"/>
</pin_list>
<bind>
<StgValue><ssdm name=""/></StgValue>
</bind>
</comp>

<comp id="34" class="1001" name="const_34">
<pin_list>
<pin id="35" dir="1" index="0" bw="1" slack="0"/>
</pin_list>
<bind>
<StgValue><ssdm name=""/></StgValue>
</bind>
</comp>

<comp id="36" class="1001" name="const_36">
<pin_list>
<pin id="37" dir="1" index="0" bw="1" slack="0"/>
</pin_list>
<bind>
<StgValue><ssdm name=""/></StgValue>
</bind>
</comp>

<comp id="38" class="1001" name="const_38">
<pin_list>
<pin id="39" dir="1" index="0" bw="1" slack="2147483647"/>
</pin_list>
<bind>
<StgValue><ssdm name="_ssdm_op_SpecBitsMap"/></StgValue>
</bind>
</comp>

<comp id="40" class="1001" name="const_40">
<pin_list>
<pin id="41" dir="1" index="0" bw="1" slack="0"/>
</pin_list>
<bind>
<StgValue><ssdm name=""/></StgValue>
</bind>
</comp>

<comp id="42" class="1001" name="const_42">
<pin_list>
<pin id="43" dir="1" index="0" bw="1" slack="0"/>
</pin_list>
<bind>
<StgValue><ssdm name=""/></StgValue>
</bind>
</comp>

<comp id="44" class="1001" name="const_44">
<pin_list>
<pin id="45" dir="1" index="0" bw="1" slack="0"/>
</pin_list>
<bind>
<StgValue><ssdm name=""/></StgValue>
</bind>
</comp>

<comp id="46" class="1001" name="const_46">
<pin_list>
<pin id="47" dir="1" index="0" bw="1" slack="0"/>
</pin_list>
<bind>
<StgValue><ssdm name=""/></StgValue>
</bind>
</comp>

<comp id="48" class="1001" name="const_48">
<pin_list>
<pin id="49" dir="1" index="0" bw="1" slack="0"/>
</pin_list>
<bind>
<StgValue><ssdm name="_ssdm_op_BitConcatenate.i21.i20.i1"/></StgValue>
</bind>
</comp>

<comp id="50" class="1001" name="const_50">
<pin_list>
<pin id="51" dir="1" index="0" bw="1" slack="0"/>
</pin_list>
<bind>
<StgValue><ssdm name=""/></StgValue>
</bind>
</comp>

<comp id="52" class="1001" name="const_52">
<pin_list>
<pin id="53" dir="1" index="0" bw="1" slack="0"/>
</pin_list>
<bind>
<StgValue><ssdm name="_ssdm_op_PartSelect.i63.i64.i32.i32"/></StgValue>
</bind>
</comp>

<comp id="54" class="1001" name="const_54">
<pin_list>
<pin id="55" dir="1" index="0" bw="1" slack="0"/>
</pin_list>
<bind>
<StgValue><ssdm name=""/></StgValue>
</bind>
</comp>

<comp id="56" class="1001" name="const_56">
<pin_list>
<pin id="57" dir="1" index="0" bw="1" slack="0"/>
</pin_list>
<bind>
<StgValue><ssdm name="_ssdm_op_Read.ap_fifo.volatile.i16P0A"/></StgValue>
</bind>
</comp>

<comp id="58" class="1001" name="const_58">
<pin_list>
<pin id="59" dir="1" index="0" bw="1" slack="0"/>
</pin_list>
<bind>
<StgValue><ssdm name=""/></StgValue>
</bind>
</comp>

<comp id="60" class="1001" name="const_60">
<pin_list>
<pin id="61" dir="1" index="0" bw="1" slack="0"/>
</pin_list>
<bind>
<StgValue><ssdm name=""/></StgValue>
</bind>
</comp>

<comp id="62" class="1001" name="const_62">
<pin_list>
<pin id="63" dir="1" index="0" bw="1" slack="0"/>
</pin_list>
<bind>
<StgValue><ssdm name="_ssdm_op_WriteReq.m_axi.i16P1A"/></StgValue>
</bind>
</comp>

<comp id="64" class="1001" name="const_64">
<pin_list>
<pin id="65" dir="1" index="0" bw="1" slack="0"/>
</pin_list>
<bind>
<StgValue><ssdm name=""/></StgValue>
</bind>
</comp>

<comp id="66" class="1001" name="const_66">
<pin_list>
<pin id="67" dir="1" index="0" bw="1" slack="0"/>
</pin_list>
<bind>
<StgValue><ssdm name="_ssdm_op_Write.m_axi.i16P1A"/></StgValue>
</bind>
</comp>

<comp id="68" class="1001" name="const_68">
<pin_list>
<pin id="69" dir="1" index="0" bw="1" slack="0"/>
</pin_list>
<bind>
<StgValue><ssdm name=""/></StgValue>
</bind>
</comp>

<comp id="70" class="1001" name="const_70">
<pin_list>
<pin id="71" dir="1" index="0" bw="1" slack="0"/>
</pin_list>
<bind>
<StgValue><ssdm name="_ssdm_op_WriteResp.m_axi.i16P1A"/></StgValue>
</bind>
</comp>

<comp id="72" class="1001" name="const_72">
<pin_list>
<pin id="73" dir="1" index="0" bw="1" slack="2147483647"/>
</pin_list>
<bind>
<StgValue><ssdm name="_ssdm_op_SpecPipeline"/></StgValue>
</bind>
</comp>

<comp id="74" class="1001" name="const_74">
<pin_list>
<pin id="75" dir="1" index="0" bw="1" slack="2147483647"/>
</pin_list>
<bind>
<StgValue><ssdm name="_ssdm_op_SpecLoopTripCount"/></StgValue>
</bind>
</comp>

<comp id="76" class="1001" name="const_76">
<pin_list>
<pin id="77" dir="1" index="0" bw="1" slack="2147483647"/>
</pin_list>
<bind>
<StgValue><ssdm name=""/></StgValue>
</bind>
</comp>

<comp id="78" class="1001" name="const_78">
<pin_list>
<pin id="79" dir="1" index="0" bw="1" slack="2147483647"/>
</pin_list>
<bind>
<StgValue><ssdm name="_ssdm_op_SpecLoopName"/></StgValue>
</bind>
</comp>

<comp id="80" class="1001" name="const_80">
<pin_list>
<pin id="81" dir="1" index="0" bw="1" slack="2147483647"/>
</pin_list>
<bind>
<StgValue><ssdm name="empty_20"/></StgValue>
</bind>
</comp>

<comp id="82" class="1004" name="phi_mul1_fu_82">
<pin_list>
<pin id="83" dir="0" index="0" bw="1" slack="0"/>
<pin id="84" dir="1" index="1" bw="20" slack="0"/>
</pin_list>
<bind>
<opcode="alloca(26) " fcode="alloca"/>
<opset="phi_mul1/1 "/>
</bind>
</comp>

<comp id="86" class="1004" name="ch_fu_86">
<pin_list>
<pin id="87" dir="0" index="0" bw="1" slack="0"/>
<pin id="88" dir="1" index="1" bw="9" slack="0"/>
</pin_list>
<bind>
<opcode="alloca(26) " fcode="alloca"/>
<opset="ch/1 "/>
</bind>
</comp>

<comp id="90" class="1004" name="output_tensor_read_read_fu_90">
<pin_list>
<pin id="91" dir="0" index="0" bw="64" slack="0"/>
<pin id="92" dir="0" index="1" bw="64" slack="0"/>
<pin id="93" dir="1" index="2" bw="64" slack="0"/>
</pin_list>
<bind>
<opcode="read(1150) " fcode="read"/>
<opset="output_tensor_read/1 "/>
</bind>
</comp>

<comp id="96" class="1004" name="zext_ln40_read_read_fu_96">
<pin_list>
<pin id="97" dir="0" index="0" bw="12" slack="0"/>
<pin id="98" dir="0" index="1" bw="12" slack="0"/>
<pin id="99" dir="1" index="2" bw="12" slack="0"/>
</pin_list>
<bind>
<opcode="read(1150) " fcode="read"/>
<opset="zext_ln40_read/1 "/>
</bind>
</comp>

<comp id="102" class="1004" name="x_read_fu_102">
<pin_list>
<pin id="103" dir="0" index="0" bw="16" slack="0"/>
<pin id="104" dir="0" index="1" bw="16" slack="0"/>
<pin id="105" dir="1" index="2" bw="16" slack="0"/>
</pin_list>
<bind>
<opcode="read(1150) " fcode="read"/>
<opset="x/2 "/>
</bind>
</comp>

<comp id="108" class="1004" name="local_out_addr_gep_fu_108">
<pin_list>
<pin id="109" dir="0" index="0" bw="15" slack="0"/>
<pin id="110" dir="0" index="1" bw="1" slack="0"/>
<pin id="111" dir="0" index="2" bw="9" slack="0"/>
<pin id="112" dir="1" index="3" bw="8" slack="0"/>
</pin_list>
<bind>
<opcode="getelementptr(29) " fcode="getelementptr"/>
<opset="local_out_addr/1 "/>
</bind>
</comp>

<comp id="115" class="1004" name="grp_access_fu_115">
<pin_list>
<pin id="116" dir="0" index="0" bw="8" slack="0"/>
<pin id="117" dir="0" index="1" bw="15" slack="2147483647"/>
<pin id="118" dir="0" index="2" bw="0" slack="2147483647"/>
<pin id="119" dir="1" index="3" bw="15" slack="0"/>
</pin_list>
<bind>
<opcode="load(27) " fcode="load"/>
<opset="f_x/1 "/>
</bind>
</comp>

<comp id="121" class="1004" name="gmem1_addr_req_writereq_fu_121">
<pin_list>
<pin id="122" dir="0" index="0" bw="1" slack="0"/>
<pin id="123" dir="0" index="1" bw="16" slack="1"/>
<pin id="124" dir="0" index="2" bw="1" slack="0"/>
<pin id="125" dir="1" index="3" bw="1" slack="2147483647"/>
</pin_list>
<bind>
<opcode="writereq(1155) " fcode="writereq"/>
<opset="gmem1_addr_req/2 "/>
</bind>
</comp>

<comp id="128" class="1004" name="write_ln69_write_fu_128">
<pin_list>
<pin id="129" dir="0" index="0" bw="0" slack="0"/>
<pin id="130" dir="0" index="1" bw="16" slack="2"/>
<pin id="131" dir="0" index="2" bw="15" slack="0"/>
<pin id="132" dir="0" index="3" bw="1" slack="0"/>
<pin id="133" dir="1" index="4" bw="0" slack="2147483647"/>
</pin_list>
<bind>
<opcode="write(1151) " fcode="write"/>
<opset="write_ln69/3 "/>
</bind>
</comp>

<comp id="136" class="1004" name="grp_writeresp_fu_136">
<pin_list>
<pin id="137" dir="0" index="0" bw="1" slack="0"/>
<pin id="138" dir="0" index="1" bw="16" slack="3"/>
<pin id="139" dir="1" index="2" bw="1" slack="2147483647"/>
</pin_list>
<bind>
<opcode="writeresp(1158) " fcode="writeresp"/>
<opset="gmem1_addr_resp/4 "/>
</bind>
</comp>

<comp id="141" class="1004" name="zext_ln40_cast_fu_141">
<pin_list>
<pin id="142" dir="0" index="0" bw="12" slack="0"/>
<pin id="143" dir="1" index="1" bw="20" slack="0"/>
</pin_list>
<bind>
<opcode="zext(34) " fcode="zext"/>
<opset="zext_ln40_cast/1 "/>
</bind>
</comp>

<comp id="145" class="1004" name="store_ln61_store_fu_145">
<pin_list>
<pin id="146" dir="0" index="0" bw="1" slack="0"/>
<pin id="147" dir="0" index="1" bw="9" slack="0"/>
<pin id="148" dir="1" index="2" bw="0" slack="2147483647"/>
</pin_list>
<bind>
<opcode="store(28) " fcode="store"/>
<opset="store_ln61/1 "/>
</bind>
</comp>

<comp id="150" class="1004" name="store_ln0_store_fu_150">
<pin_list>
<pin id="151" dir="0" index="0" bw="1" slack="0"/>
<pin id="152" dir="0" index="1" bw="20" slack="0"/>
<pin id="153" dir="1" index="2" bw="0" slack="2147483647"/>
</pin_list>
<bind>
<opcode="store(28) " fcode="store"/>
<opset="store_ln0/1 "/>
</bind>
</comp>

<comp id="155" class="1004" name="ch_1_load_fu_155">
<pin_list>
<pin id="156" dir="0" index="0" bw="9" slack="0"/>
<pin id="157" dir="1" index="1" bw="9" slack="0"/>
</pin_list>
<bind>
<opcode="load(27) " fcode="load"/>
<opset="ch_1/1 "/>
</bind>
</comp>

<comp id="158" class="1004" name="icmp_ln61_fu_158">
<pin_list>
<pin id="159" dir="0" index="0" bw="9" slack="0"/>
<pin id="160" dir="0" index="1" bw="9" slack="0"/>
<pin id="161" dir="1" index="2" bw="1" slack="6"/>
</pin_list>
<bind>
<opcode="icmp(45) " fcode="icmp"/>
<opset="icmp_ln61/1 "/>
</bind>
</comp>

<comp id="164" class="1004" name="add_ln61_fu_164">
<pin_list>
<pin id="165" dir="0" index="0" bw="9" slack="0"/>
<pin id="166" dir="0" index="1" bw="1" slack="0"/>
<pin id="167" dir="1" index="2" bw="9" slack="0"/>
</pin_list>
<bind>
<opcode="add(8) " fcode="add"/>
<opset="add_ln61/1 "/>
</bind>
</comp>

<comp id="170" class="1004" name="phi_mul1_load_load_fu_170">
<pin_list>
<pin id="171" dir="0" index="0" bw="20" slack="0"/>
<pin id="172" dir="1" index="1" bw="20" slack="0"/>
</pin_list>
<bind>
<opcode="load(27) " fcode="load"/>
<opset="phi_mul1_load/1 "/>
</bind>
</comp>

<comp id="173" class="1004" name="zext_ln61_fu_173">
<pin_list>
<pin id="174" dir="0" index="0" bw="9" slack="0"/>
<pin id="175" dir="1" index="1" bw="64" slack="0"/>
</pin_list>
<bind>
<opcode="zext(34) " fcode="zext"/>
<opset="zext_ln61/1 "/>
</bind>
</comp>

<comp id="178" class="1004" name="add_ln69_2_fu_178">
<pin_list>
<pin id="179" dir="0" index="0" bw="20" slack="0"/>
<pin id="180" dir="0" index="1" bw="13" slack="0"/>
<pin id="181" dir="1" index="2" bw="20" slack="0"/>
</pin_list>
<bind>
<opcode="add(8) " fcode="add"/>
<opset="add_ln69_2/1 "/>
</bind>
</comp>

<comp id="184" class="1004" name="add_ln69_fu_184">
<pin_list>
<pin id="185" dir="0" index="0" bw="20" slack="0"/>
<pin id="186" dir="0" index="1" bw="12" slack="0"/>
<pin id="187" dir="1" index="2" bw="20" slack="0"/>
</pin_list>
<bind>
<opcode="add(8) " fcode="add"/>
<opset="add_ln69/1 "/>
</bind>
</comp>

<comp id="190" class="1004" name="shl_ln1_fu_190">
<pin_list>
<pin id="191" dir="0" index="0" bw="21" slack="0"/>
<pin id="192" dir="0" index="1" bw="20" slack="0"/>
<pin id="193" dir="0" index="2" bw="1" slack="0"/>
<pin id="194" dir="1" index="3" bw="21" slack="0"/>
</pin_list>
<bind>
<opcode="bitconcatenate(1004) " fcode="bitconcatenate"/>
<opset="shl_ln1/1 "/>
</bind>
</comp>

<comp id="198" class="1004" name="zext_ln69_1_fu_198">
<pin_list>
<pin id="199" dir="0" index="0" bw="21" slack="0"/>
<pin id="200" dir="1" index="1" bw="64" slack="0"/>
</pin_list>
<bind>
<opcode="zext(34) " fcode="zext"/>
<opset="zext_ln69_1/1 "/>
</bind>
</comp>

<comp id="202" class="1004" name="add_ln69_1_fu_202">
<pin_list>
<pin id="203" dir="0" index="0" bw="21" slack="0"/>
<pin id="204" dir="0" index="1" bw="64" slack="0"/>
<pin id="205" dir="1" index="2" bw="64" slack="0"/>
</pin_list>
<bind>
<opcode="add(8) " fcode="add"/>
<opset="add_ln69_1/1 "/>
</bind>
</comp>

<comp id="208" class="1004" name="trunc_ln3_fu_208">
<pin_list>
<pin id="209" dir="0" index="0" bw="63" slack="0"/>
<pin id="210" dir="0" index="1" bw="64" slack="0"/>
<pin id="211" dir="0" index="2" bw="1" slack="0"/>
<pin id="212" dir="0" index="3" bw="7" slack="0"/>
<pin id="213" dir="1" index="4" bw="63" slack="0"/>
</pin_list>
<bind>
<opcode="partselect(1002) " fcode="partselect"/>
<opset="trunc_ln3/1 "/>
</bind>
</comp>

<comp id="218" class="1004" name="sext_ln69_fu_218">
<pin_list>
<pin id="219" dir="0" index="0" bw="63" slack="0"/>
<pin id="220" dir="1" index="1" bw="64" slack="0"/>
</pin_list>
<bind>
<opcode="sext(35) " fcode="sext"/>
<opset="sext_ln69/1 "/>
</bind>
</comp>

<comp id="222" class="1004" name="gmem1_addr_fu_222">
<pin_list>
<pin id="223" dir="0" index="0" bw="16" slack="0"/>
<pin id="224" dir="0" index="1" bw="63" slack="0"/>
<pin id="225" dir="1" index="2" bw="16" slack="1"/>
</pin_list>
<bind>
<opcode="getelementptr(29) " fcode="getelementptr"/>
<opset="gmem1_addr/1 "/>
</bind>
</comp>

<comp id="228" class="1004" name="store_ln61_store_fu_228">
<pin_list>
<pin id="229" dir="0" index="0" bw="9" slack="0"/>
<pin id="230" dir="0" index="1" bw="9" slack="0"/>
<pin id="231" dir="1" index="2" bw="0" slack="2147483647"/>
</pin_list>
<bind>
<opcode="store(28) " fcode="store"/>
<opset="store_ln61/1 "/>
</bind>
</comp>

<comp id="233" class="1004" name="store_ln69_store_fu_233">
<pin_list>
<pin id="234" dir="0" index="0" bw="20" slack="0"/>
<pin id="235" dir="0" index="1" bw="20" slack="0"/>
<pin id="236" dir="1" index="2" bw="0" slack="2147483647"/>
</pin_list>
<bind>
<opcode="store(28) " fcode="store"/>
<opset="store_ln69/1 "/>
</bind>
</comp>

<comp id="238" class="1004" name="sext_ln63_fu_238">
<pin_list>
<pin id="239" dir="0" index="0" bw="15" slack="0"/>
<pin id="240" dir="1" index="1" bw="16" slack="0"/>
</pin_list>
<bind>
<opcode="sext(35) " fcode="sext"/>
<opset="sext_ln63/2 "/>
</bind>
</comp>

<comp id="242" class="1004" name="added_fu_242">
<pin_list>
<pin id="243" dir="0" index="0" bw="16" slack="0"/>
<pin id="244" dir="0" index="1" bw="15" slack="0"/>
<pin id="245" dir="1" index="2" bw="16" slack="0"/>
</pin_list>
<bind>
<opcode="add(8) " fcode="add"/>
<opset="added/2 "/>
</bind>
</comp>

<comp id="248" class="1004" name="trunc_ln66_fu_248">
<pin_list>
<pin id="249" dir="0" index="0" bw="16" slack="0"/>
<pin id="250" dir="1" index="1" bw="15" slack="0"/>
</pin_list>
<bind>
<opcode="trunc(33) " fcode="trunc"/>
<opset="trunc_ln66/2 "/>
</bind>
</comp>

<comp id="252" class="1004" name="icmp_ln69_fu_252">
<pin_list>
<pin id="253" dir="0" index="0" bw="16" slack="0"/>
<pin id="254" dir="0" index="1" bw="1" slack="0"/>
<pin id="255" dir="1" index="2" bw="1" slack="0"/>
</pin_list>
<bind>
<opcode="icmp(45) " fcode="icmp"/>
<opset="icmp_ln69/2 "/>
</bind>
</comp>

<comp id="258" class="1004" name="select_ln69_fu_258">
<pin_list>
<pin id="259" dir="0" index="0" bw="1" slack="0"/>
<pin id="260" dir="0" index="1" bw="15" slack="0"/>
<pin id="261" dir="0" index="2" bw="1" slack="0"/>
<pin id="262" dir="1" index="3" bw="15" slack="1"/>
</pin_list>
<bind>
<opcode="select(49) " fcode="select"/>
<opset="select_ln69/2 "/>
</bind>
</comp>

<comp id="266" class="1004" name="zext_ln69_fu_266">
<pin_list>
<pin id="267" dir="0" index="0" bw="15" slack="1"/>
<pin id="268" dir="1" index="1" bw="16" slack="0"/>
</pin_list>
<bind>
<opcode="zext(34) " fcode="zext"/>
<opset="zext_ln69/3 "/>
</bind>
</comp>

<comp id="270" class="1005" name="phi_mul1_reg_270">
<pin_list>
<pin id="271" dir="0" index="0" bw="20" slack="0"/>
<pin id="272" dir="1" index="1" bw="20" slack="0"/>
</pin_list>
<bind>
<opset="phi_mul1 "/>
</bind>
</comp>

<comp id="277" class="1005" name="ch_reg_277">
<pin_list>
<pin id="278" dir="0" index="0" bw="9" slack="0"/>
<pin id="279" dir="1" index="1" bw="9" slack="0"/>
</pin_list>
<bind>
<opset="ch "/>
</bind>
</comp>

<comp id="284" class="1005" name="icmp_ln61_reg_284">
<pin_list>
<pin id="285" dir="0" index="0" bw="1" slack="6"/>
<pin id="286" dir="1" index="1" bw="1" slack="2147483647"/>
</pin_list>
<bind>
<opset="icmp_ln61 "/>
</bind>
</comp>

<comp id="288" class="1005" name="local_out_addr_reg_288">
<pin_list>
<pin id="289" dir="0" index="0" bw="8" slack="1"/>
<pin id="290" dir="1" index="1" bw="8" slack="1"/>
</pin_list>
<bind>
<opset="local_out_addr "/>
</bind>
</comp>

<comp id="293" class="1005" name="gmem1_addr_reg_293">
<pin_list>
<pin id="294" dir="0" index="0" bw="16" slack="1"/>
<pin id="295" dir="1" index="1" bw="16" slack="1"/>
</pin_list>
<bind>
<opset="gmem1_addr "/>
</bind>
</comp>

<comp id="300" class="1005" name="select_ln69_reg_300">
<pin_list>
<pin id="301" dir="0" index="0" bw="15" slack="1"/>
<pin id="302" dir="1" index="1" bw="15" slack="1"/>
</pin_list>
<bind>
<opset="select_ln69 "/>
</bind>
</comp>

</comp_list>

<net_list>
<net id="85"><net_src comp="10" pin="0"/><net_sink comp="82" pin=0"/></net>

<net id="89"><net_src comp="10" pin="0"/><net_sink comp="86" pin=0"/></net>

<net id="94"><net_src comp="12" pin="0"/><net_sink comp="90" pin=0"/></net>

<net id="95"><net_src comp="8" pin="0"/><net_sink comp="90" pin=1"/></net>

<net id="100"><net_src comp="14" pin="0"/><net_sink comp="96" pin=0"/></net>

<net id="101"><net_src comp="6" pin="0"/><net_sink comp="96" pin=1"/></net>

<net id="106"><net_src comp="56" pin="0"/><net_sink comp="102" pin=0"/></net>

<net id="107"><net_src comp="4" pin="0"/><net_sink comp="102" pin=1"/></net>

<net id="113"><net_src comp="2" pin="0"/><net_sink comp="108" pin=0"/></net>

<net id="114"><net_src comp="44" pin="0"/><net_sink comp="108" pin=1"/></net>

<net id="120"><net_src comp="108" pin="3"/><net_sink comp="115" pin=0"/></net>

<net id="126"><net_src comp="62" pin="0"/><net_sink comp="121" pin=0"/></net>

<net id="127"><net_src comp="64" pin="0"/><net_sink comp="121" pin=2"/></net>

<net id="134"><net_src comp="66" pin="0"/><net_sink comp="128" pin=0"/></net>

<net id="135"><net_src comp="68" pin="0"/><net_sink comp="128" pin=3"/></net>

<net id="140"><net_src comp="70" pin="0"/><net_sink comp="136" pin=0"/></net>

<net id="144"><net_src comp="96" pin="2"/><net_sink comp="141" pin=0"/></net>

<net id="149"><net_src comp="34" pin="0"/><net_sink comp="145" pin=0"/></net>

<net id="154"><net_src comp="36" pin="0"/><net_sink comp="150" pin=0"/></net>

<net id="162"><net_src comp="155" pin="1"/><net_sink comp="158" pin=0"/></net>

<net id="163"><net_src comp="40" pin="0"/><net_sink comp="158" pin=1"/></net>

<net id="168"><net_src comp="155" pin="1"/><net_sink comp="164" pin=0"/></net>

<net id="169"><net_src comp="42" pin="0"/><net_sink comp="164" pin=1"/></net>

<net id="176"><net_src comp="155" pin="1"/><net_sink comp="173" pin=0"/></net>

<net id="177"><net_src comp="173" pin="1"/><net_sink comp="108" pin=2"/></net>

<net id="182"><net_src comp="170" pin="1"/><net_sink comp="178" pin=0"/></net>

<net id="183"><net_src comp="46" pin="0"/><net_sink comp="178" pin=1"/></net>

<net id="188"><net_src comp="170" pin="1"/><net_sink comp="184" pin=0"/></net>

<net id="189"><net_src comp="141" pin="1"/><net_sink comp="184" pin=1"/></net>

<net id="195"><net_src comp="48" pin="0"/><net_sink comp="190" pin=0"/></net>

<net id="196"><net_src comp="184" pin="2"/><net_sink comp="190" pin=1"/></net>

<net id="197"><net_src comp="50" pin="0"/><net_sink comp="190" pin=2"/></net>

<net id="201"><net_src comp="190" pin="3"/><net_sink comp="198" pin=0"/></net>

<net id="206"><net_src comp="198" pin="1"/><net_sink comp="202" pin=0"/></net>

<net id="207"><net_src comp="90" pin="2"/><net_sink comp="202" pin=1"/></net>

<net id="214"><net_src comp="52" pin="0"/><net_sink comp="208" pin=0"/></net>

<net id="215"><net_src comp="202" pin="2"/><net_sink comp="208" pin=1"/></net>

<net id="216"><net_src comp="10" pin="0"/><net_sink comp="208" pin=2"/></net>

<net id="217"><net_src comp="54" pin="0"/><net_sink comp="208" pin=3"/></net>

<net id="221"><net_src comp="208" pin="4"/><net_sink comp="218" pin=0"/></net>

<net id="226"><net_src comp="0" pin="0"/><net_sink comp="222" pin=0"/></net>

<net id="227"><net_src comp="218" pin="1"/><net_sink comp="222" pin=1"/></net>

<net id="232"><net_src comp="164" pin="2"/><net_sink comp="228" pin=0"/></net>

<net id="237"><net_src comp="178" pin="2"/><net_sink comp="233" pin=0"/></net>

<net id="241"><net_src comp="115" pin="3"/><net_sink comp="238" pin=0"/></net>

<net id="246"><net_src comp="102" pin="2"/><net_sink comp="242" pin=0"/></net>

<net id="247"><net_src comp="238" pin="1"/><net_sink comp="242" pin=1"/></net>

<net id="251"><net_src comp="242" pin="2"/><net_sink comp="248" pin=0"/></net>

<net id="256"><net_src comp="242" pin="2"/><net_sink comp="252" pin=0"/></net>

<net id="257"><net_src comp="58" pin="0"/><net_sink comp="252" pin=1"/></net>

<net id="263"><net_src comp="252" pin="2"/><net_sink comp="258" pin=0"/></net>

<net id="264"><net_src comp="248" pin="1"/><net_sink comp="258" pin=1"/></net>

<net id="265"><net_src comp="60" pin="0"/><net_sink comp="258" pin=2"/></net>

<net id="269"><net_src comp="266" pin="1"/><net_sink comp="128" pin=2"/></net>

<net id="273"><net_src comp="82" pin="1"/><net_sink comp="270" pin=0"/></net>

<net id="274"><net_src comp="270" pin="1"/><net_sink comp="150" pin=1"/></net>

<net id="275"><net_src comp="270" pin="1"/><net_sink comp="170" pin=0"/></net>

<net id="276"><net_src comp="270" pin="1"/><net_sink comp="233" pin=1"/></net>

<net id="280"><net_src comp="86" pin="1"/><net_sink comp="277" pin=0"/></net>

<net id="281"><net_src comp="277" pin="1"/><net_sink comp="145" pin=1"/></net>

<net id="282"><net_src comp="277" pin="1"/><net_sink comp="155" pin=0"/></net>

<net id="283"><net_src comp="277" pin="1"/><net_sink comp="228" pin=1"/></net>

<net id="287"><net_src comp="158" pin="2"/><net_sink comp="284" pin=0"/></net>

<net id="291"><net_src comp="108" pin="3"/><net_sink comp="288" pin=0"/></net>

<net id="292"><net_src comp="288" pin="1"/><net_sink comp="115" pin=0"/></net>

<net id="296"><net_src comp="222" pin="2"/><net_sink comp="293" pin=0"/></net>

<net id="297"><net_src comp="293" pin="1"/><net_sink comp="121" pin=1"/></net>

<net id="298"><net_src comp="293" pin="1"/><net_sink comp="128" pin=1"/></net>

<net id="299"><net_src comp="293" pin="1"/><net_sink comp="136" pin=1"/></net>

<net id="303"><net_src comp="258" pin="3"/><net_sink comp="300" pin=0"/></net>

<net id="304"><net_src comp="300" pin="1"/><net_sink comp="266" pin=0"/></net>

</net_list>

</model> 
---------------- Datapath Model END ------------------

* FSMD analyzer results:
  - Output states:
	Port: gmem1 | {2 3 4 5 6 7 8 }
 - Input state : 
	Port: resnet50_bottleneck_Pipeline_VITIS_LOOP_61_5 : local_out | {1 2 }
	Port: resnet50_bottleneck_Pipeline_VITIS_LOOP_61_5 : skip_connection_fifo | {2 }
	Port: resnet50_bottleneck_Pipeline_VITIS_LOOP_61_5 : zext_ln40 | {1 }
	Port: resnet50_bottleneck_Pipeline_VITIS_LOOP_61_5 : output_tensor | {1 }
  - Chain level:
	State 1
		store_ln61 : 1
		store_ln0 : 1
		ch_1 : 1
		icmp_ln61 : 2
		add_ln61 : 2
		br_ln61 : 3
		phi_mul1_load : 1
		zext_ln61 : 2
		local_out_addr : 3
		f_x : 4
		add_ln69_2 : 2
		add_ln69 : 1
		shl_ln1 : 2
		zext_ln69_1 : 3
		add_ln69_1 : 4
		trunc_ln3 : 5
		sext_ln69 : 6
		gmem1_addr : 7
		store_ln61 : 3
		store_ln69 : 3
	State 2
		sext_ln63 : 1
		added : 2
		trunc_ln66 : 3
		icmp_ln69 : 3
		select_ln69 : 4
	State 3
		write_ln69 : 1
	State 4
	State 5
	State 6
	State 7
	State 8


============================================================
+ Verbose Summary: Datapath Resource usage 
============================================================

* Functional unit list:
|----------|--------------------------------|---------|---------|
| Operation|         Functional Unit        |    FF   |   LUT   |
|----------|--------------------------------|---------|---------|
|          |         add_ln61_fu_164        |    0    |    16   |
|          |        add_ln69_2_fu_178       |    0    |    27   |
|    add   |         add_ln69_fu_184        |    0    |    27   |
|          |        add_ln69_1_fu_202       |    0    |    71   |
|          |          added_fu_242          |    0    |    23   |
|----------|--------------------------------|---------|---------|
|   icmp   |        icmp_ln61_fu_158        |    0    |    16   |
|          |        icmp_ln69_fu_252        |    0    |    23   |
|----------|--------------------------------|---------|---------|
|  select  |       select_ln69_fu_258       |    0    |    15   |
|----------|--------------------------------|---------|---------|
|          |  output_tensor_read_read_fu_90 |    0    |    0    |
|   read   |    zext_ln40_read_read_fu_96   |    0    |    0    |
|          |          x_read_fu_102         |    0    |    0    |
|----------|--------------------------------|---------|---------|
| writereq | gmem1_addr_req_writereq_fu_121 |    0    |    0    |
|----------|--------------------------------|---------|---------|
|   write  |     write_ln69_write_fu_128    |    0    |    0    |
|----------|--------------------------------|---------|---------|
| writeresp|      grp_writeresp_fu_136      |    0    |    0    |
|----------|--------------------------------|---------|---------|
|          |      zext_ln40_cast_fu_141     |    0    |    0    |
|   zext   |        zext_ln61_fu_173        |    0    |    0    |
|          |       zext_ln69_1_fu_198       |    0    |    0    |
|          |        zext_ln69_fu_266        |    0    |    0    |
|----------|--------------------------------|---------|---------|
|bitconcatenate|         shl_ln1_fu_190         |    0    |    0    |
|----------|--------------------------------|---------|---------|
|partselect|        trunc_ln3_fu_208        |    0    |    0    |
|----------|--------------------------------|---------|---------|
|   sext   |        sext_ln69_fu_218        |    0    |    0    |
|          |        sext_ln63_fu_238        |    0    |    0    |
|----------|--------------------------------|---------|---------|
|   trunc  |        trunc_ln66_fu_248       |    0    |    0    |
|----------|--------------------------------|---------|---------|
|   Total  |                                |    0    |   218   |
|----------|--------------------------------|---------|---------|

Memories:
N/A

* Register list:
+----------------------+--------+
|                      |   FF   |
+----------------------+--------+
|      ch_reg_277      |    9   |
|  gmem1_addr_reg_293  |   16   |
|   icmp_ln61_reg_284  |    1   |
|local_out_addr_reg_288|    8   |
|   phi_mul1_reg_270   |   20   |
|  select_ln69_reg_300 |   15   |
+----------------------+--------+
|         Total        |   69   |
+----------------------+--------+

* Multiplexer (MUX) list: 
|-------------------|------|------|------|--------||---------||---------||---------|
|        Comp       |  Pin | Size |  BW  | S x BW ||  Delay  ||    FF   ||   LUT   |
|-------------------|------|------|------|--------||---------||---------||---------|
| grp_access_fu_115 |  p0  |   2  |   8  |   16   ||    0    ||    9    |
|-------------------|------|------|------|--------||---------||---------||---------|
|       Total       |      |      |      |   16   ||  0.427  ||    0    ||    9    |
|-------------------|------|------|------|--------||---------||---------||---------|



* Summary:
+-----------+--------+--------+--------+
|           |  Delay |   FF   |   LUT  |
+-----------+--------+--------+--------+
|  Function |    -   |    0   |   218  |
|   Memory  |    -   |    -   |    -   |
|Multiplexer|    0   |    0   |    9   |
|  Register |    -   |   69   |    -   |
+-----------+--------+--------+--------+
|   Total   |    0   |   69   |   227  |
+-----------+--------+--------+--------+
