

================================================================
== Vitis HLS Report for 'resnet50_bottleneck'
================================================================
* Date:           Mon Mar 30 20:09:10 2026

* Version:        2025.1 (Build 6135595 on May 21 2025)
* Project:        hls_component
* Solution:       hls (Vivado IP Flow Target)
* Product family: zynquplus
* Target device:  xczu7ev-ffvc1156-2-e


================================================================
== Performance Estimates
================================================================
+ Timing: 
    * Summary: 
    +--------+----------+----------+------------+
    |  Clock |  Target  | Estimated| Uncertainty|
    +--------+----------+----------+------------+
    |ap_clk  |  10.00 ns|  7.300 ns|     2.70 ns|
    +--------+----------+----------+------------+

+ Latency: 
    * Summary: 
    +---------+---------+-----------+-----------+---------+---------+---------+
    |  Latency (cycles) |   Latency (absolute)  |      Interval     | Pipeline|
    |   min   |   max   |    min    |    max    |   min   |   max   |   Type  |
    +---------+---------+-----------+-----------+---------+---------+---------+
    |  2493233|  2493233|  24.932 ms|  24.932 ms|  2493234|  2493234|       no|
    +---------+---------+-----------+-----------+---------+---------+---------+

    + Detail: 
        * Instance: 
        N/A

        * Loop: 
        +--------------------+---------+---------+----------+-----------+-----------+------+----------+
        |                    |  Latency (cycles) | Iteration|  Initiation Interval  | Trip |          |
        |      Loop Name     |   min   |   max   |  Latency |  achieved |   target  | Count| Pipelined|
        +--------------------+---------+---------+----------+-----------+-----------+------+----------+
        |- VITIS_LOOP_36_1   |  2493232|  2493232|     44522|          -|          -|    56|        no|
        | + VITIS_LOOP_37_2  |    44520|    44520|       795|          -|          -|    56|        no|
        +--------------------+---------+---------+----------+-----------+-----------+------+----------+

============================================================
+ Verbose Summary: Synthesis Manager
============================================================
InlineROM: 1
ExposeGlobal: 0
============================================================
+ Verbose Summary: CDFG Model
============================================================
IsTopModel: 1
ResetActiveHigh: 1
IsCombinational: 0
IsDatapathOnly: 0
HasWiredReturn: 1
HasMFsm: 0
HasVarLatency: 1
IsPipeline: 0
IsRtlPipelined: 0
IsInstanceOverlapped: 0
IsDontTouch: 0
HasImplIP: 0
IsGatedGlobalClock: 0


============================================================
+ Verbose Summary: Schedule
============================================================
* Number of FSM states : 8
* Pipeline : 0
* Dataflow Pipeline: 0

* FSM state transitions: 
1 --> 2 
2 --> 3 
3 --> 4 2 
4 --> 5 
5 --> 6 
6 --> 7 
7 --> 8 
8 --> 3 

* FSM state operations: 

State 1 <SV = 0> <Delay = 1.00>
ST_1 : Operation 9 [1/1] (0.00ns)   --->   "%r = alloca i32 1" [ResNet50.cpp:36]   --->   Operation 9 'alloca' 'r' <Predicate = true> <Delay = 0.00>
ST_1 : Operation 10 [1/1] (0.00ns)   --->   "%spectopmodule_ln12 = spectopmodule void @_ssdm_op_SpecTopModule, void @empty_17" [ResNet50.cpp:12]   --->   Operation 10 'spectopmodule' 'spectopmodule_ln12' <Predicate = true> <Delay = 0.00>
ST_1 : Operation 11 [1/1] (0.00ns)   --->   "%specinterface_ln0 = specinterface void @_ssdm_op_SpecInterface, i16 %gmem0, void @empty, i32 0, i32 0, void @empty_0, i32 0, i32 0, void @empty_1, void @empty_2, void @empty_0, i32 16, i32 16, i32 16, i32 16, void @empty_0, void @empty_0, i32 4294967295, i32 0, i32 0"   --->   Operation 11 'specinterface' 'specinterface_ln0' <Predicate = true> <Delay = 0.00>
ST_1 : Operation 12 [1/1] (0.00ns)   --->   "%specbitsmap_ln0 = specbitsmap void @_ssdm_op_SpecBitsMap, i16 %gmem0"   --->   Operation 12 'specbitsmap' 'specbitsmap_ln0' <Predicate = true> <Delay = 0.00>
ST_1 : Operation 13 [1/1] (0.00ns)   --->   "%specinterface_ln0 = specinterface void @_ssdm_op_SpecInterface, i16 %gmem1, void @empty, i32 0, i32 0, void @empty_0, i32 0, i32 0, void @empty_3, void @empty_2, void @empty_0, i32 16, i32 16, i32 16, i32 16, void @empty_0, void @empty_0, i32 4294967295, i32 0, i32 0"   --->   Operation 13 'specinterface' 'specinterface_ln0' <Predicate = true> <Delay = 0.00>
ST_1 : Operation 14 [1/1] (0.00ns)   --->   "%specbitsmap_ln0 = specbitsmap void @_ssdm_op_SpecBitsMap, i16 %gmem1"   --->   Operation 14 'specbitsmap' 'specbitsmap_ln0' <Predicate = true> <Delay = 0.00>
ST_1 : Operation 15 [1/1] (0.00ns)   --->   "%specinterface_ln0 = specinterface void @_ssdm_op_SpecInterface, i16 %gmem2, void @empty, i32 0, i32 0, void @empty_0, i32 0, i32 0, void @empty_4, void @empty_2, void @empty_0, i32 16, i32 16, i32 16, i32 16, void @empty_0, void @empty_0, i32 4294967295, i32 0, i32 0"   --->   Operation 15 'specinterface' 'specinterface_ln0' <Predicate = true> <Delay = 0.00>
ST_1 : Operation 16 [1/1] (0.00ns)   --->   "%specbitsmap_ln0 = specbitsmap void @_ssdm_op_SpecBitsMap, i16 %gmem2"   --->   Operation 16 'specbitsmap' 'specbitsmap_ln0' <Predicate = true> <Delay = 0.00>
ST_1 : Operation 17 [1/1] (0.00ns)   --->   "%specinterface_ln0 = specinterface void @_ssdm_op_SpecInterface, i16 %gmem3, void @empty, i32 0, i32 0, void @empty_0, i32 0, i32 0, void @empty_5, void @empty_2, void @empty_0, i32 16, i32 16, i32 16, i32 16, void @empty_0, void @empty_0, i32 4294967295, i32 0, i32 0"   --->   Operation 17 'specinterface' 'specinterface_ln0' <Predicate = true> <Delay = 0.00>
ST_1 : Operation 18 [1/1] (0.00ns)   --->   "%specbitsmap_ln0 = specbitsmap void @_ssdm_op_SpecBitsMap, i16 %gmem3"   --->   Operation 18 'specbitsmap' 'specbitsmap_ln0' <Predicate = true> <Delay = 0.00>
ST_1 : Operation 19 [1/1] (0.00ns)   --->   "%specinterface_ln0 = specinterface void @_ssdm_op_SpecInterface, i16 %gmem4, void @empty, i32 0, i32 0, void @empty_0, i32 0, i32 0, void @empty_6, void @empty_2, void @empty_0, i32 16, i32 16, i32 16, i32 16, void @empty_0, void @empty_0, i32 4294967295, i32 0, i32 0"   --->   Operation 19 'specinterface' 'specinterface_ln0' <Predicate = true> <Delay = 0.00>
ST_1 : Operation 20 [1/1] (0.00ns)   --->   "%specbitsmap_ln0 = specbitsmap void @_ssdm_op_SpecBitsMap, i16 %gmem4"   --->   Operation 20 'specbitsmap' 'specbitsmap_ln0' <Predicate = true> <Delay = 0.00>
ST_1 : Operation 21 [1/1] (0.00ns)   --->   "%specinterface_ln0 = specinterface void @_ssdm_op_SpecInterface, i64 %input_tensor, void @empty_7, i32 0, i32 0, void @empty_0, i32 0, i32 0, void @empty_8, void @empty_9, void @empty_0, i32 0, i32 0, i32 0, i32 0, void @empty_0, void @empty_10, i32 4294967295, i32 0, i32 0"   --->   Operation 21 'specinterface' 'specinterface_ln0' <Predicate = true> <Delay = 0.00>
ST_1 : Operation 22 [1/1] (0.00ns)   --->   "%specinterface_ln0 = specinterface void @_ssdm_op_SpecInterface, i64 %input_tensor, void @empty_11, i32 0, i32 0, void @empty_0, i32 0, i32 0, void @empty_0, void @empty_0, void @empty_0, i32 0, i32 0, i32 0, i32 0, void @empty_0, void @empty_10, i32 4294967295, i32 0, i32 0"   --->   Operation 22 'specinterface' 'specinterface_ln0' <Predicate = true> <Delay = 0.00>
ST_1 : Operation 23 [1/1] (0.00ns)   --->   "%specinterface_ln0 = specinterface void @_ssdm_op_SpecInterface, i64 %output_tensor, void @empty_7, i32 0, i32 0, void @empty_0, i32 0, i32 0, void @empty_8, void @empty_12, void @empty_0, i32 0, i32 0, i32 0, i32 0, void @empty_0, void @empty_10, i32 4294967295, i32 0, i32 0"   --->   Operation 23 'specinterface' 'specinterface_ln0' <Predicate = true> <Delay = 0.00>
ST_1 : Operation 24 [1/1] (0.00ns)   --->   "%specinterface_ln0 = specinterface void @_ssdm_op_SpecInterface, i64 %output_tensor, void @empty_11, i32 0, i32 0, void @empty_0, i32 0, i32 0, void @empty_0, void @empty_0, void @empty_0, i32 0, i32 0, i32 0, i32 0, void @empty_0, void @empty_10, i32 4294967295, i32 0, i32 0"   --->   Operation 24 'specinterface' 'specinterface_ln0' <Predicate = true> <Delay = 0.00>
ST_1 : Operation 25 [1/1] (0.00ns)   --->   "%specinterface_ln0 = specinterface void @_ssdm_op_SpecInterface, i64 %w_1x1_a, void @empty_7, i32 0, i32 0, void @empty_0, i32 0, i32 0, void @empty_8, void @empty_13, void @empty_0, i32 0, i32 0, i32 0, i32 0, void @empty_0, void @empty_10, i32 4294967295, i32 0, i32 0"   --->   Operation 25 'specinterface' 'specinterface_ln0' <Predicate = true> <Delay = 0.00>
ST_1 : Operation 26 [1/1] (0.00ns)   --->   "%specinterface_ln0 = specinterface void @_ssdm_op_SpecInterface, i64 %w_1x1_a, void @empty_11, i32 0, i32 0, void @empty_0, i32 0, i32 0, void @empty_0, void @empty_0, void @empty_0, i32 0, i32 0, i32 0, i32 0, void @empty_0, void @empty_10, i32 4294967295, i32 0, i32 0"   --->   Operation 26 'specinterface' 'specinterface_ln0' <Predicate = true> <Delay = 0.00>
ST_1 : Operation 27 [1/1] (0.00ns)   --->   "%specinterface_ln0 = specinterface void @_ssdm_op_SpecInterface, i64 %w_3x3, void @empty_7, i32 0, i32 0, void @empty_0, i32 0, i32 0, void @empty_8, void @empty_14, void @empty_0, i32 0, i32 0, i32 0, i32 0, void @empty_0, void @empty_10, i32 4294967295, i32 0, i32 0"   --->   Operation 27 'specinterface' 'specinterface_ln0' <Predicate = true> <Delay = 0.00>
ST_1 : Operation 28 [1/1] (0.00ns)   --->   "%specinterface_ln0 = specinterface void @_ssdm_op_SpecInterface, i64 %w_3x3, void @empty_11, i32 0, i32 0, void @empty_0, i32 0, i32 0, void @empty_0, void @empty_0, void @empty_0, i32 0, i32 0, i32 0, i32 0, void @empty_0, void @empty_10, i32 4294967295, i32 0, i32 0"   --->   Operation 28 'specinterface' 'specinterface_ln0' <Predicate = true> <Delay = 0.00>
ST_1 : Operation 29 [1/1] (0.00ns)   --->   "%specinterface_ln0 = specinterface void @_ssdm_op_SpecInterface, i64 %w_1x1_b, void @empty_7, i32 0, i32 0, void @empty_0, i32 0, i32 0, void @empty_8, void @empty_15, void @empty_0, i32 0, i32 0, i32 0, i32 0, void @empty_0, void @empty_10, i32 4294967295, i32 0, i32 0"   --->   Operation 29 'specinterface' 'specinterface_ln0' <Predicate = true> <Delay = 0.00>
ST_1 : Operation 30 [1/1] (0.00ns)   --->   "%specinterface_ln0 = specinterface void @_ssdm_op_SpecInterface, i64 %w_1x1_b, void @empty_11, i32 0, i32 0, void @empty_0, i32 0, i32 0, void @empty_0, void @empty_0, void @empty_0, i32 0, i32 0, i32 0, i32 0, void @empty_0, void @empty_10, i32 4294967295, i32 0, i32 0"   --->   Operation 30 'specinterface' 'specinterface_ln0' <Predicate = true> <Delay = 0.00>
ST_1 : Operation 31 [1/1] (0.00ns)   --->   "%specinterface_ln0 = specinterface void @_ssdm_op_SpecInterface, i32 0, void @empty_7, i32 0, i32 0, void @empty_0, i32 0, i32 0, void @empty_8, void @empty_0, void @empty_0, i32 0, i32 0, i32 0, i32 0, void @empty_0, void @empty_0, i32 4294967295, i32 0, i32 0"   --->   Operation 31 'specinterface' 'specinterface_ln0' <Predicate = true> <Delay = 0.00>
ST_1 : Operation 32 [1/1] (1.00ns)   --->   "%output_tensor_read = read i64 @_ssdm_op_Read.s_axilite.i64, i64 %output_tensor"   --->   Operation 32 'read' 'output_tensor_read' <Predicate = true> <Delay = 1.00> <CoreInst = "s_axilite">   --->   Core 120 's_axilite' <Latency = 0> <II = 1> <Delay = 1.00> <Adapter> <Opcode : 'read' 'write'>
ST_1 : Operation 33 [1/1] (1.00ns)   --->   "%input_tensor_read = read i64 @_ssdm_op_Read.s_axilite.i64, i64 %input_tensor"   --->   Operation 33 'read' 'input_tensor_read' <Predicate = true> <Delay = 1.00> <CoreInst = "s_axilite">   --->   Core 120 's_axilite' <Latency = 0> <II = 1> <Delay = 1.00> <Adapter> <Opcode : 'read' 'write'>
ST_1 : Operation 34 [1/1] (0.00ns)   --->   "%skip_connection_fifo = alloca i64 1" [ResNet50.cpp:28]   --->   Operation 34 'alloca' 'skip_connection_fifo' <Predicate = true> <Delay = 0.00> <CoreInst = "FIFO">   --->   Core 77 'FIFO' <Latency = 0> <II = 1> <Delay = 1.75> <Storage> <Opcode : 'read' 'write' 'nbread' 'nbwrite'> <Ports = 0> <Width = 16> <Depth = 1024> <FIFO>
ST_1 : Operation 35 [1/1] (0.00ns)   --->   "%empty = specchannel i32 @_ssdm_op_SpecChannel, void @skip_connection_fifo_str, i32 1, void @p_str, void @p_str, i32 1024, i32 1024, i16 %skip_connection_fifo, i16 %skip_connection_fifo"   --->   Operation 35 'specchannel' 'empty' <Predicate = true> <Delay = 0.00>
ST_1 : Operation 36 [1/1] (0.00ns)   --->   "%specinterface_ln0 = specinterface void @_ssdm_op_SpecInterface, i16 %skip_connection_fifo, void @empty_16, i32 0, i32 0, void @empty_0, i32 0, i32 0, void @empty_0, void @empty_0, void @empty_0, i32 0, i32 0, i32 0, i32 0, void @empty_0, void @empty_0, i32 4294967295, i32 0, i32 0"   --->   Operation 36 'specinterface' 'specinterface_ln0' <Predicate = true> <Delay = 0.00>
ST_1 : Operation 37 [1/1] (0.00ns)   --->   "%local_in = alloca i64 1" [ResNet50.cpp:32]   --->   Operation 37 'alloca' 'local_in' <Predicate = true> <Delay = 0.00>
ST_1 : Operation 38 [1/1] (0.00ns)   --->   "%local_out = alloca i64 1" [ResNet50.cpp:33]   --->   Operation 38 'alloca' 'local_out' <Predicate = true> <Delay = 0.00>
ST_1 : Operation 39 [1/1] (0.42ns)   --->   "%store_ln36 = store i6 0, i6 %r" [ResNet50.cpp:36]   --->   Operation 39 'store' 'store_ln36' <Predicate = true> <Delay = 0.42>
ST_1 : Operation 40 [1/1] (0.00ns)   --->   "%br_ln36 = br void %VITIS_LOOP_37_2" [ResNet50.cpp:36]   --->   Operation 40 'br' 'br_ln36' <Predicate = true> <Delay = 0.00>

State 2 <SV = 1> <Delay = 1.20>
ST_2 : Operation 41 [1/1] (0.00ns)   --->   "%r_1 = load i6 %r" [ResNet50.cpp:36]   --->   Operation 41 'load' 'r_1' <Predicate = true> <Delay = 0.00>
ST_2 : Operation 42 [1/1] (0.78ns)   --->   "%icmp_ln36 = icmp_eq  i6 %r_1, i6 56" [ResNet50.cpp:36]   --->   Operation 42 'icmp' 'icmp_ln36' <Predicate = true> <Delay = 0.78> <CoreInst = "Cmp">   --->   Core 9 'Cmp' <Latency = 0> <II = 1> <Delay = 0.78> <FuncUnit> <Opcode : 'seteq' 'setne' 'setle' 'setge' 'setlt' 'setgt'> <InPorts = 2> <OutPorts = 1>
ST_2 : Operation 43 [1/1] (0.78ns)   --->   "%add_ln36 = add i6 %r_1, i6 1" [ResNet50.cpp:36]   --->   Operation 43 'add' 'add_ln36' <Predicate = true> <Delay = 0.78> <CoreInst = "Adder">   --->   Core 1 'Adder' <Latency = 0> <II = 1> <Delay = 0.78> <FuncUnit> <Opcode : 'add' 'sub'> <InPorts = 2> <OutPorts = 1>
ST_2 : Operation 44 [1/1] (0.00ns)   --->   "%br_ln36 = br i1 %icmp_ln36, void %VITIS_LOOP_37_2.split, void %for.end52" [ResNet50.cpp:36]   --->   Operation 44 'br' 'br_ln36' <Predicate = true> <Delay = 0.00>
ST_2 : Operation 45 [1/1] (0.00ns)   --->   "%speclooptripcount_ln36 = speclooptripcount void @_ssdm_op_SpecLoopTripCount, i64 56, i64 56, i64 56" [ResNet50.cpp:36]   --->   Operation 45 'speclooptripcount' 'speclooptripcount_ln36' <Predicate = (!icmp_ln36)> <Delay = 0.00>
ST_2 : Operation 46 [1/1] (0.00ns)   --->   "%specloopname_ln36 = specloopname void @_ssdm_op_SpecLoopName, void @empty_22" [ResNet50.cpp:36]   --->   Operation 46 'specloopname' 'specloopname_ln36' <Predicate = (!icmp_ln36)> <Delay = 0.00>
ST_2 : Operation 47 [1/1] (0.00ns)   --->   "%p_shl = bitconcatenate i12 @_ssdm_op_BitConcatenate.i12.i6.i6, i6 %r_1, i6 0" [ResNet50.cpp:36]   --->   Operation 47 'bitconcatenate' 'p_shl' <Predicate = (!icmp_ln36)> <Delay = 0.00>
ST_2 : Operation 48 [1/1] (0.00ns)   --->   "%tmp = bitconcatenate i9 @_ssdm_op_BitConcatenate.i9.i6.i3, i6 %r_1, i3 0" [ResNet50.cpp:36]   --->   Operation 48 'bitconcatenate' 'tmp' <Predicate = (!icmp_ln36)> <Delay = 0.00>
ST_2 : Operation 49 [1/1] (0.00ns)   --->   "%p_shl7 = zext i9 %tmp" [ResNet50.cpp:36]   --->   Operation 49 'zext' 'p_shl7' <Predicate = (!icmp_ln36)> <Delay = 0.00>
ST_2 : Operation 50 [1/1] (0.80ns)   --->   "%empty_31 = sub i12 %p_shl, i12 %p_shl7" [ResNet50.cpp:36]   --->   Operation 50 'sub' 'empty_31' <Predicate = (!icmp_ln36)> <Delay = 0.80> <CoreInst = "Adder">   --->   Core 1 'Adder' <Latency = 0> <II = 1> <Delay = 0.80> <FuncUnit> <Opcode : 'add' 'sub'> <InPorts = 2> <OutPorts = 1>
ST_2 : Operation 51 [1/1] (0.42ns)   --->   "%br_ln37 = br void %VITIS_LOOP_40_3" [ResNet50.cpp:37]   --->   Operation 51 'br' 'br_ln37' <Predicate = (!icmp_ln36)> <Delay = 0.42>
ST_2 : Operation 52 [1/1] (0.00ns)   --->   "%ret_ln73 = ret" [ResNet50.cpp:73]   --->   Operation 52 'ret' 'ret_ln73' <Predicate = (icmp_ln36)> <Delay = 0.00>

State 3 <SV = 2> <Delay = 2.78>
ST_3 : Operation 53 [1/1] (0.00ns)   --->   "%c = phi i6 0, void %VITIS_LOOP_37_2.split, i6 %add_ln37, void %VITIS_LOOP_40_3.split" [ResNet50.cpp:37]   --->   Operation 53 'phi' 'c' <Predicate = true> <Delay = 0.00>
ST_3 : Operation 54 [1/1] (0.78ns)   --->   "%icmp_ln37 = icmp_eq  i6 %c, i6 56" [ResNet50.cpp:37]   --->   Operation 54 'icmp' 'icmp_ln37' <Predicate = true> <Delay = 0.78> <CoreInst = "Cmp">   --->   Core 9 'Cmp' <Latency = 0> <II = 1> <Delay = 0.78> <FuncUnit> <Opcode : 'seteq' 'setne' 'setle' 'setge' 'setlt' 'setgt'> <InPorts = 2> <OutPorts = 1>
ST_3 : Operation 55 [1/1] (0.78ns)   --->   "%add_ln37 = add i6 %c, i6 1" [ResNet50.cpp:37]   --->   Operation 55 'add' 'add_ln37' <Predicate = true> <Delay = 0.78> <CoreInst = "Adder">   --->   Core 1 'Adder' <Latency = 0> <II = 1> <Delay = 0.78> <FuncUnit> <Opcode : 'add' 'sub'> <InPorts = 2> <OutPorts = 1>
ST_3 : Operation 56 [1/1] (0.00ns)   --->   "%br_ln37 = br i1 %icmp_ln37, void %VITIS_LOOP_40_3.split, void %for.inc50" [ResNet50.cpp:37]   --->   Operation 56 'br' 'br_ln37' <Predicate = true> <Delay = 0.00>
ST_3 : Operation 57 [1/1] (0.00ns)   --->   "%zext_ln37 = zext i6 %c" [ResNet50.cpp:37]   --->   Operation 57 'zext' 'zext_ln37' <Predicate = (!icmp_ln37)> <Delay = 0.00>
ST_3 : Operation 58 [1/1] (0.80ns)   --->   "%thr_add = add i12 %zext_ln37, i12 %empty_31" [ResNet50.cpp:37]   --->   Operation 58 'add' 'thr_add' <Predicate = (!icmp_ln37)> <Delay = 0.80> <CoreInst = "Adder">   --->   Core 1 'Adder' <Latency = 0> <II = 1> <Delay = 0.80> <FuncUnit> <Opcode : 'add' 'sub'> <InPorts = 2> <OutPorts = 1>
ST_3 : Operation 59 [2/2] (1.97ns)   --->   "%call_ln37 = call void @resnet50_bottleneck_Pipeline_VITIS_LOOP_40_3, i16 %gmem0, i12 %thr_add, i64 %input_tensor_read, i16 %local_in, i16 %skip_connection_fifo" [ResNet50.cpp:37]   --->   Operation 59 'call' 'call_ln37' <Predicate = (!icmp_ln37)> <Delay = 1.97> <CoreType = "Generic">   --->   Generic Core
ST_3 : Operation 60 [1/1] (0.42ns)   --->   "%store_ln36 = store i6 %add_ln36, i6 %r" [ResNet50.cpp:36]   --->   Operation 60 'store' 'store_ln36' <Predicate = (icmp_ln37)> <Delay = 0.42>
ST_3 : Operation 61 [1/1] (0.00ns)   --->   "%br_ln36 = br void %VITIS_LOOP_37_2" [ResNet50.cpp:36]   --->   Operation 61 'br' 'br_ln36' <Predicate = (icmp_ln37)> <Delay = 0.00>

State 4 <SV = 3> <Delay = 0.00>
ST_4 : Operation 62 [1/2] (0.00ns)   --->   "%call_ln37 = call void @resnet50_bottleneck_Pipeline_VITIS_LOOP_40_3, i16 %gmem0, i12 %thr_add, i64 %input_tensor_read, i16 %local_in, i16 %skip_connection_fifo" [ResNet50.cpp:37]   --->   Operation 62 'call' 'call_ln37' <Predicate = true> <Delay = 0.00> <CoreType = "Generic">   --->   Generic Core

State 5 <SV = 4> <Delay = 0.00>
ST_5 : Operation 63 [2/2] (0.00ns)   --->   "%call_ln0 = call void @resnet50_bottleneck_Pipeline_VITIS_LOOP_55_4, i16 %local_in, i15 %local_out"   --->   Operation 63 'call' 'call_ln0' <Predicate = true> <Delay = 0.00> <CoreType = "Generic">   --->   Generic Core

State 6 <SV = 5> <Delay = 1.63>
ST_6 : Operation 64 [1/2] (1.63ns)   --->   "%call_ln0 = call void @resnet50_bottleneck_Pipeline_VITIS_LOOP_55_4, i16 %local_in, i15 %local_out"   --->   Operation 64 'call' 'call_ln0' <Predicate = true> <Delay = 1.63> <CoreType = "Generic">   --->   Generic Core

State 7 <SV = 6> <Delay = 1.97>
ST_7 : Operation 65 [2/2] (1.97ns)   --->   "%call_ln37 = call void @resnet50_bottleneck_Pipeline_VITIS_LOOP_61_5, i16 %gmem1, i15 %local_out, i16 %skip_connection_fifo, i12 %thr_add, i64 %output_tensor_read" [ResNet50.cpp:37]   --->   Operation 65 'call' 'call_ln37' <Predicate = true> <Delay = 1.97> <CoreType = "Generic">   --->   Generic Core

State 8 <SV = 7> <Delay = 0.00>
ST_8 : Operation 66 [1/1] (0.00ns)   --->   "%speclooptripcount_ln37 = speclooptripcount void @_ssdm_op_SpecLoopTripCount, i64 56, i64 56, i64 56" [ResNet50.cpp:37]   --->   Operation 66 'speclooptripcount' 'speclooptripcount_ln37' <Predicate = true> <Delay = 0.00>
ST_8 : Operation 67 [1/1] (0.00ns)   --->   "%specloopname_ln37 = specloopname void @_ssdm_op_SpecLoopName, void @empty_21" [ResNet50.cpp:37]   --->   Operation 67 'specloopname' 'specloopname_ln37' <Predicate = true> <Delay = 0.00>
ST_8 : Operation 68 [1/2] (0.00ns)   --->   "%call_ln37 = call void @resnet50_bottleneck_Pipeline_VITIS_LOOP_61_5, i16 %gmem1, i15 %local_out, i16 %skip_connection_fifo, i12 %thr_add, i64 %output_tensor_read" [ResNet50.cpp:37]   --->   Operation 68 'call' 'call_ln37' <Predicate = true> <Delay = 0.00> <CoreType = "Generic">   --->   Generic Core
ST_8 : Operation 69 [1/1] (0.00ns)   --->   "%br_ln37 = br void %VITIS_LOOP_40_3" [ResNet50.cpp:37]   --->   Operation 69 'br' 'br_ln37' <Predicate = true> <Delay = 0.00>


============================================================
+ Verbose Summary: Timing violations
============================================================
Target clock period: 10.000ns, clock uncertainty: 2.700ns.

 <State 1>: 1.000ns
The critical path consists of the following:
	s_axi read operation ('output_tensor_read') on port 'output_tensor' [34]  (1.000 ns)

 <State 2>: 1.208ns
The critical path consists of the following:
	'load' operation 6 bit ('r', ResNet50.cpp:36) on local variable 'r', ResNet50.cpp:36 [44]  (0.000 ns)
	'sub' operation 12 bit ('empty_31', ResNet50.cpp:36) [54]  (0.809 ns)
	blocking operation 0.399 ns on control path)

 <State 3>: 2.788ns
The critical path consists of the following:
	'phi' operation 6 bit ('c', ResNet50.cpp:37) with incoming values : ('add_ln37', ResNet50.cpp:37) [57]  (0.000 ns)
	'add' operation 12 bit ('thr_add', ResNet50.cpp:37) [65]  (0.809 ns)
	'call' operation 0 bit ('call_ln37', ResNet50.cpp:37) to 'resnet50_bottleneck_Pipeline_VITIS_LOOP_40_3' [66]  (1.979 ns)

 <State 4>: 0.000ns
The critical path consists of the following:

 <State 5>: 0.000ns
The critical path consists of the following:

 <State 6>: 1.630ns
The critical path consists of the following:
	'call' operation 0 bit ('call_ln0') to 'resnet50_bottleneck_Pipeline_VITIS_LOOP_55_4' [67]  (1.630 ns)

 <State 7>: 1.979ns
The critical path consists of the following:
	'call' operation 0 bit ('call_ln37', ResNet50.cpp:37) to 'resnet50_bottleneck_Pipeline_VITIS_LOOP_61_5' [68]  (1.979 ns)

 <State 8>: 0.000ns
The critical path consists of the following:


============================================================
+ Verbose Summary: Binding
============================================================
N/A
* FSMD analyzer results:
  - Output states:
 - Input state : 
  - Chain level:
	State 1
	State 2
	State 3
	State 4
	State 5
	State 6
	State 7
	State 8


============================================================
+ Verbose Summary: Datapath Resource usage 
============================================================
N/A
