

================================================================
== Vitis HLS Report for 'resnet50_bottleneck_Pipeline_VITIS_LOOP_40_3'
================================================================
* Date:           Mon Mar 30 20:09:09 2026

* Version:        2025.1 (Build 6135595 on May 21 2025)
* Project:        hls_component
* Solution:       hls (Vivado IP Flow Target)
* Product family: zynquplus
* Target device:  xczu7ev-ffvc1156-2-e


================================================================
== Performance Estimates
================================================================
+ Timing: 
    * Summary: 
    +--------+----------+----------+------------+
    |  Clock |  Target  | Estimated| Uncertainty|
    +--------+----------+----------+------------+
    |ap_clk  |  10.00 ns|  7.300 ns|     2.70 ns|
    +--------+----------+----------+------------+

+ Latency: 
    * Summary: 
    +---------+---------+----------+----------+-----+-----+------------------------------------------------+
    |  Latency (cycles) |  Latency (absolute) |  Interval |                    Pipeline                    |
    |   min   |   max   |    min   |    max   | min | max |                      Type                      |
    +---------+---------+----------+----------+-----+-----+------------------------------------------------+
    |      267|      267|  2.670 us|  2.670 us|  257|  257|  loop auto-rewind stp (delay=0 clock cycles(s))|
    +---------+---------+----------+----------+-----+-----+------------------------------------------------+

    + Detail: 
        * Instance: 
        N/A

        * Loop: 
        +-------------------+---------+---------+----------+-----------+-----------+------+----------+
        |                   |  Latency (cycles) | Iteration|  Initiation Interval  | Trip |          |
        |     Loop Name     |   min   |   max   |  Latency |  achieved |   target  | Count| Pipelined|
        +-------------------+---------+---------+----------+-----------+-----------+------+----------+
        |- VITIS_LOOP_40_3  |      265|      265|        11|          1|          1|   256|       yes|
        +-------------------+---------+---------+----------+-----------+-----------+------+----------+

============================================================
+ Verbose Summary: Synthesis Manager
============================================================
InlineROM: 1
ExposeGlobal: 0
============================================================
+ Verbose Summary: CDFG Model
============================================================
IsTopModel: 0
ResetActiveHigh: 1
IsCombinational: 0
IsDatapathOnly: 0
HasWiredReturn: 1
HasMFsm: 2
HasVarLatency: 1
IsPipeline: 0
IsRtlPipelined: 0
IsInstanceOverlapped: 0
IsDontTouch: 0
HasImplIP: 0
IsGatedGlobalClock: 0

+ Individual pipeline summary: 
  * Pipeline-0: initiation interval (II) = 1, depth = 11


============================================================
+ Verbose Summary: Schedule
============================================================
* Number of FSM states : 11
* Pipeline : 1
  Pipeline-0 : II = 1, D = 11, States = { 1 2 3 4 5 6 7 8 9 10 11 }
* Dataflow Pipeline: 0

* FSM state transitions: 
1 --> 2 
2 --> 3 
3 --> 4 
4 --> 5 
5 --> 6 
6 --> 7 
7 --> 8 
8 --> 9 
9 --> 10 
10 --> 11 
11 --> 

* FSM state operations: 

State 1 <SV = 0> <Delay = 2.40>
ST_1 : Operation 14 [1/1] (0.00ns)   --->   "%phi_mul = alloca i32 1"   --->   Operation 14 'alloca' 'phi_mul' <Predicate = true> <Delay = 0.00>
ST_1 : Operation 15 [1/1] (0.00ns)   --->   "%ch = alloca i32 1" [ResNet50.cpp:40]   --->   Operation 15 'alloca' 'ch' <Predicate = true> <Delay = 0.00>
ST_1 : Operation 16 [1/1] (0.00ns)   --->   "%input_tensor_read = read i64 @_ssdm_op_Read.ap_auto.i64, i64 %input_tensor"   --->   Operation 16 'read' 'input_tensor_read' <Predicate = true> <Delay = 0.00>
ST_1 : Operation 17 [1/1] (0.00ns)   --->   "%zext_ln40_read = read i12 @_ssdm_op_Read.ap_auto.i12, i12 %zext_ln40"   --->   Operation 17 'read' 'zext_ln40_read' <Predicate = true> <Delay = 0.00>
ST_1 : Operation 18 [1/1] (0.00ns)   --->   "%zext_ln40_cast = zext i12 %zext_ln40_read"   --->   Operation 18 'zext' 'zext_ln40_cast' <Predicate = true> <Delay = 0.00>
ST_1 : Operation 19 [1/1] (0.00ns)   --->   "%specinterface_ln0 = specinterface void @_ssdm_op_SpecInterface, i16 %skip_connection_fifo, void @empty_16, i32 0, i32 0, void @empty_0, i32 0, i32 0, void @empty_0, void @empty_0, void @empty_0, i32 0, i32 0, i32 0, i32 0, void @empty_0, void @empty_0, i32 4294967295, i32 0, i32 0"   --->   Operation 19 'specinterface' 'specinterface_ln0' <Predicate = true> <Delay = 0.00>
ST_1 : Operation 20 [1/1] (0.00ns)   --->   "%specinterface_ln0 = specinterface void @_ssdm_op_SpecInterface, i16 %gmem0, void @empty, i32 0, i32 0, void @empty_0, i32 0, i32 0, void @empty_1, void @empty_2, void @empty_0, i32 16, i32 16, i32 16, i32 16, void @empty_0, void @empty_0, i32 4294967295, i32 0, i32 0"   --->   Operation 20 'specinterface' 'specinterface_ln0' <Predicate = true> <Delay = 0.00>
ST_1 : Operation 21 [1/1] (0.42ns)   --->   "%store_ln40 = store i9 0, i9 %ch" [ResNet50.cpp:40]   --->   Operation 21 'store' 'store_ln40' <Predicate = true> <Delay = 0.42>
ST_1 : Operation 22 [1/1] (0.42ns)   --->   "%store_ln0 = store i20 0, i20 %phi_mul"   --->   Operation 22 'store' 'store_ln0' <Predicate = true> <Delay = 0.42>
ST_1 : Operation 23 [1/1] (0.00ns)   --->   "%br_ln0 = br void %for.inc"   --->   Operation 23 'br' 'br_ln0' <Predicate = true> <Delay = 0.00>
ST_1 : Operation 24 [1/1] (0.00ns)   --->   "%ch_2 = load i9 %ch" [ResNet50.cpp:40]   --->   Operation 24 'load' 'ch_2' <Predicate = true> <Delay = 0.00>
ST_1 : Operation 25 [1/1] (0.00ns)   --->   "%specbitsmap_ln0 = specbitsmap void @_ssdm_op_SpecBitsMap, i16 %gmem0"   --->   Operation 25 'specbitsmap' 'specbitsmap_ln0' <Predicate = true> <Delay = 0.00>
ST_1 : Operation 26 [1/1] (0.77ns)   --->   "%icmp_ln40 = icmp_eq  i9 %ch_2, i9 256" [ResNet50.cpp:40]   --->   Operation 26 'icmp' 'icmp_ln40' <Predicate = true> <Delay = 0.77> <CoreInst = "Cmp">   --->   Core 9 'Cmp' <Latency = 0> <II = 1> <Delay = 0.77> <FuncUnit> <Opcode : 'seteq' 'setne' 'setle' 'setge' 'setlt' 'setgt'> <InPorts = 2> <OutPorts = 1>
ST_1 : Operation 27 [1/1] (0.77ns)   --->   "%add_ln40 = add i9 %ch_2, i9 1" [ResNet50.cpp:40]   --->   Operation 27 'add' 'add_ln40' <Predicate = true> <Delay = 0.77> <CoreInst = "Adder">   --->   Core 1 'Adder' <Latency = 0> <II = 1> <Delay = 0.77> <FuncUnit> <Opcode : 'add' 'sub'> <InPorts = 2> <OutPorts = 1>
ST_1 : Operation 28 [1/1] (0.00ns)   --->   "%br_ln40 = br i1 %icmp_ln40, void %for.inc.split, void %for.body18.preheader.exitStub" [ResNet50.cpp:40]   --->   Operation 28 'br' 'br_ln40' <Predicate = true> <Delay = 0.00>
ST_1 : Operation 29 [1/1] (0.00ns)   --->   "%phi_mul_load = load i20 %phi_mul" [ResNet50.cpp:42]   --->   Operation 29 'load' 'phi_mul_load' <Predicate = (!icmp_ln40)> <Delay = 0.00>
ST_1 : Operation 30 [1/1] (0.89ns)   --->   "%add_ln42_2 = add i20 %phi_mul_load, i20 3136" [ResNet50.cpp:42]   --->   Operation 30 'add' 'add_ln42_2' <Predicate = (!icmp_ln40)> <Delay = 0.89> <CoreInst = "Adder">   --->   Core 1 'Adder' <Latency = 0> <II = 1> <Delay = 0.89> <FuncUnit> <Opcode : 'add' 'sub'> <InPorts = 2> <OutPorts = 1>
ST_1 : Operation 31 [1/1] (0.89ns)   --->   "%add_ln42 = add i20 %phi_mul_load, i20 %zext_ln40_cast" [ResNet50.cpp:42]   --->   Operation 31 'add' 'add_ln42' <Predicate = (!icmp_ln40)> <Delay = 0.89> <CoreInst = "Adder">   --->   Core 1 'Adder' <Latency = 0> <II = 1> <Delay = 0.89> <FuncUnit> <Opcode : 'add' 'sub'> <InPorts = 2> <OutPorts = 1>
ST_1 : Operation 32 [1/1] (0.00ns)   --->   "%shl_ln = bitconcatenate i21 @_ssdm_op_BitConcatenate.i21.i20.i1, i20 %add_ln42, i1 0" [ResNet50.cpp:42]   --->   Operation 32 'bitconcatenate' 'shl_ln' <Predicate = (!icmp_ln40)> <Delay = 0.00>
ST_1 : Operation 33 [1/1] (0.00ns)   --->   "%zext_ln42 = zext i21 %shl_ln" [ResNet50.cpp:42]   --->   Operation 33 'zext' 'zext_ln42' <Predicate = (!icmp_ln40)> <Delay = 0.00>
ST_1 : Operation 34 [1/1] (1.08ns)   --->   "%add_ln42_1 = add i64 %zext_ln42, i64 %input_tensor_read" [ResNet50.cpp:42]   --->   Operation 34 'add' 'add_ln42_1' <Predicate = (!icmp_ln40)> <Delay = 1.08> <CoreInst = "Adder">   --->   Core 1 'Adder' <Latency = 0> <II = 1> <Delay = 1.08> <FuncUnit> <Opcode : 'add' 'sub'> <InPorts = 2> <OutPorts = 1>
ST_1 : Operation 35 [1/1] (0.00ns)   --->   "%trunc_ln = partselect i63 @_ssdm_op_PartSelect.i63.i64.i32.i32, i64 %add_ln42_1, i32 1, i32 63" [ResNet50.cpp:43]   --->   Operation 35 'partselect' 'trunc_ln' <Predicate = (!icmp_ln40)> <Delay = 0.00>
ST_1 : Operation 36 [1/1] (0.00ns)   --->   "%sext_ln43 = sext i63 %trunc_ln" [ResNet50.cpp:43]   --->   Operation 36 'sext' 'sext_ln43' <Predicate = (!icmp_ln40)> <Delay = 0.00>
ST_1 : Operation 37 [1/1] (0.00ns)   --->   "%gmem0_addr = getelementptr i16 %gmem0, i64 %sext_ln43" [ResNet50.cpp:43]   --->   Operation 37 'getelementptr' 'gmem0_addr' <Predicate = (!icmp_ln40)> <Delay = 0.00>
ST_1 : Operation 38 [1/1] (0.42ns)   --->   "%store_ln40 = store i9 %add_ln40, i9 %ch" [ResNet50.cpp:40]   --->   Operation 38 'store' 'store_ln40' <Predicate = (!icmp_ln40)> <Delay = 0.42>
ST_1 : Operation 39 [1/1] (0.42ns)   --->   "%store_ln42 = store i20 %add_ln42_2, i20 %phi_mul" [ResNet50.cpp:42]   --->   Operation 39 'store' 'store_ln42' <Predicate = (!icmp_ln40)> <Delay = 0.42>

State 2 <SV = 1> <Delay = 7.30>
ST_2 : Operation 40 [8/8] (7.30ns)   --->   "%gmem0_load_req = readreq i1 @_ssdm_op_ReadReq.m_axi.i16P1A, i16 %gmem0_addr, i64 1" [ResNet50.cpp:43]   --->   Operation 40 'readreq' 'gmem0_load_req' <Predicate = true> <Delay = 7.30> <CoreInst = "m_axi">   --->   Core 119 'm_axi' <Latency = 6> <II = 1> <Delay = 1.00> <Adapter> <Opcode : 'read' 'write' 'readreq' 'writereq' 'writeresp'>

State 3 <SV = 2> <Delay = 7.30>
ST_3 : Operation 41 [7/8] (7.30ns)   --->   "%gmem0_load_req = readreq i1 @_ssdm_op_ReadReq.m_axi.i16P1A, i16 %gmem0_addr, i64 1" [ResNet50.cpp:43]   --->   Operation 41 'readreq' 'gmem0_load_req' <Predicate = true> <Delay = 7.30> <CoreInst = "m_axi">   --->   Core 119 'm_axi' <Latency = 6> <II = 1> <Delay = 1.00> <Adapter> <Opcode : 'read' 'write' 'readreq' 'writereq' 'writeresp'>

State 4 <SV = 3> <Delay = 7.30>
ST_4 : Operation 42 [6/8] (7.30ns)   --->   "%gmem0_load_req = readreq i1 @_ssdm_op_ReadReq.m_axi.i16P1A, i16 %gmem0_addr, i64 1" [ResNet50.cpp:43]   --->   Operation 42 'readreq' 'gmem0_load_req' <Predicate = true> <Delay = 7.30> <CoreInst = "m_axi">   --->   Core 119 'm_axi' <Latency = 6> <II = 1> <Delay = 1.00> <Adapter> <Opcode : 'read' 'write' 'readreq' 'writereq' 'writeresp'>

State 5 <SV = 4> <Delay = 7.30>
ST_5 : Operation 43 [5/8] (7.30ns)   --->   "%gmem0_load_req = readreq i1 @_ssdm_op_ReadReq.m_axi.i16P1A, i16 %gmem0_addr, i64 1" [ResNet50.cpp:43]   --->   Operation 43 'readreq' 'gmem0_load_req' <Predicate = true> <Delay = 7.30> <CoreInst = "m_axi">   --->   Core 119 'm_axi' <Latency = 6> <II = 1> <Delay = 1.00> <Adapter> <Opcode : 'read' 'write' 'readreq' 'writereq' 'writeresp'>

State 6 <SV = 5> <Delay = 7.30>
ST_6 : Operation 44 [4/8] (7.30ns)   --->   "%gmem0_load_req = readreq i1 @_ssdm_op_ReadReq.m_axi.i16P1A, i16 %gmem0_addr, i64 1" [ResNet50.cpp:43]   --->   Operation 44 'readreq' 'gmem0_load_req' <Predicate = true> <Delay = 7.30> <CoreInst = "m_axi">   --->   Core 119 'm_axi' <Latency = 6> <II = 1> <Delay = 1.00> <Adapter> <Opcode : 'read' 'write' 'readreq' 'writereq' 'writeresp'>

State 7 <SV = 6> <Delay = 7.30>
ST_7 : Operation 45 [3/8] (7.30ns)   --->   "%gmem0_load_req = readreq i1 @_ssdm_op_ReadReq.m_axi.i16P1A, i16 %gmem0_addr, i64 1" [ResNet50.cpp:43]   --->   Operation 45 'readreq' 'gmem0_load_req' <Predicate = true> <Delay = 7.30> <CoreInst = "m_axi">   --->   Core 119 'm_axi' <Latency = 6> <II = 1> <Delay = 1.00> <Adapter> <Opcode : 'read' 'write' 'readreq' 'writereq' 'writeresp'>

State 8 <SV = 7> <Delay = 7.30>
ST_8 : Operation 46 [2/8] (7.30ns)   --->   "%gmem0_load_req = readreq i1 @_ssdm_op_ReadReq.m_axi.i16P1A, i16 %gmem0_addr, i64 1" [ResNet50.cpp:43]   --->   Operation 46 'readreq' 'gmem0_load_req' <Predicate = true> <Delay = 7.30> <CoreInst = "m_axi">   --->   Core 119 'm_axi' <Latency = 6> <II = 1> <Delay = 1.00> <Adapter> <Opcode : 'read' 'write' 'readreq' 'writereq' 'writeresp'>

State 9 <SV = 8> <Delay = 7.30>
ST_9 : Operation 47 [1/8] (7.30ns)   --->   "%gmem0_load_req = readreq i1 @_ssdm_op_ReadReq.m_axi.i16P1A, i16 %gmem0_addr, i64 1" [ResNet50.cpp:43]   --->   Operation 47 'readreq' 'gmem0_load_req' <Predicate = true> <Delay = 7.30> <CoreInst = "m_axi">   --->   Core 119 'm_axi' <Latency = 6> <II = 1> <Delay = 1.00> <Adapter> <Opcode : 'read' 'write' 'readreq' 'writereq' 'writeresp'>

State 10 <SV = 9> <Delay = 7.30>
ST_10 : Operation 48 [1/1] (7.30ns)   --->   "%gmem0_addr_read = read i16 @_ssdm_op_Read.m_axi.i16P1A, i16 %gmem0_addr" [ResNet50.cpp:43]   --->   Operation 48 'read' 'gmem0_addr_read' <Predicate = true> <Delay = 7.30> <CoreInst = "m_axi">   --->   Core 119 'm_axi' <Latency = 3> <II = 1> <Delay = 1.00> <Adapter> <Opcode : 'read' 'write' 'readreq' 'writereq' 'writeresp'>
ST_10 : Operation 57 [1/1] (0.42ns)   --->   "%ret_ln0 = ret"   --->   Operation 57 'ret' 'ret_ln0' <Predicate = (icmp_ln40)> <Delay = 0.42>

State 11 <SV = 10> <Delay = 1.75>
ST_11 : Operation 49 [1/1] (0.00ns)   --->   "%zext_ln40_1 = zext i9 %ch_2" [ResNet50.cpp:40]   --->   Operation 49 'zext' 'zext_ln40_1' <Predicate = true> <Delay = 0.00>
ST_11 : Operation 50 [1/1] (0.00ns)   --->   "%specpipeline_ln41 = specpipeline void @_ssdm_op_SpecPipeline, i32 1, i32 0, i32 0, i32 0, void @empty_0" [ResNet50.cpp:41]   --->   Operation 50 'specpipeline' 'specpipeline_ln41' <Predicate = true> <Delay = 0.00>
ST_11 : Operation 51 [1/1] (0.00ns)   --->   "%speclooptripcount_ln40 = speclooptripcount void @_ssdm_op_SpecLoopTripCount, i64 256, i64 256, i64 256" [ResNet50.cpp:40]   --->   Operation 51 'speclooptripcount' 'speclooptripcount_ln40' <Predicate = true> <Delay = 0.00>
ST_11 : Operation 52 [1/1] (0.00ns)   --->   "%specloopname_ln40 = specloopname void @_ssdm_op_SpecLoopName, void @empty_18" [ResNet50.cpp:40]   --->   Operation 52 'specloopname' 'specloopname_ln40' <Predicate = true> <Delay = 0.00>
ST_11 : Operation 53 [1/1] (0.00ns)   --->   "%local_in_addr = getelementptr i16 %local_in, i64 0, i64 %zext_ln40_1" [ResNet50.cpp:43]   --->   Operation 53 'getelementptr' 'local_in_addr' <Predicate = true> <Delay = 0.00>
ST_11 : Operation 54 [1/1] ( I:1.23ns O:1.23ns )   --->   "%store_ln43 = store i16 %gmem0_addr_read, i8 %local_in_addr" [ResNet50.cpp:43]   --->   Operation 54 'store' 'store_ln43' <Predicate = true> <Delay = 1.23> <CoreInst = "RAM">   --->   Core 82 'RAM' <Latency = 1> <II = 1> <Delay = 1.23> <Storage> <Opcode : 'load' 'store'> <Ports = 2> <Width = 16> <Depth = 256> <RAM>
ST_11 : Operation 55 [1/1] ( I:1.75ns O:1.75ns )   --->   "%write_ln44 = write void @_ssdm_op_Write.ap_fifo.volatile.i16P0A, i16 %skip_connection_fifo, i16 %gmem0_addr_read" [ResNet50.cpp:44]   --->   Operation 55 'write' 'write_ln44' <Predicate = true> <Delay = 1.75> <CoreInst = "FIFO">   --->   Core 77 'FIFO' <Latency = 0> <II = 1> <Delay = 1.75> <Storage> <Opcode : 'read' 'write' 'nbread' 'nbwrite'> <Ports = 0> <Width = 16> <Depth = 1024> <FIFO>
ST_11 : Operation 56 [1/1] (0.00ns)   --->   "%br_ln40 = br void %for.inc" [ResNet50.cpp:40]   --->   Operation 56 'br' 'br_ln40' <Predicate = true> <Delay = 0.00>


============================================================
+ Verbose Summary: Timing violations
============================================================
Target clock period: 10.000ns, clock uncertainty: 2.700ns.

 <State 1>: 2.406ns
The critical path consists of the following:
	'store' operation 0 bit ('store_ln0') of constant 0 on local variable 'phi_mul' [14]  (0.427 ns)
	'load' operation 20 bit ('phi_mul_load', ResNet50.cpp:42) on local variable 'phi_mul' [23]  (0.000 ns)
	'add' operation 20 bit ('add_ln42', ResNet50.cpp:42) [29]  (0.894 ns)
	'add' operation 64 bit ('add_ln42_1', ResNet50.cpp:42) [32]  (1.085 ns)

 <State 2>: 7.300ns
The critical path consists of the following:
	bus request operation ('gmem0_load_req', ResNet50.cpp:43) on port 'gmem0' (ResNet50.cpp:43) [36]  (7.300 ns)

 <State 3>: 7.300ns
The critical path consists of the following:
	bus request operation ('gmem0_load_req', ResNet50.cpp:43) on port 'gmem0' (ResNet50.cpp:43) [36]  (7.300 ns)

 <State 4>: 7.300ns
The critical path consists of the following:
	bus request operation ('gmem0_load_req', ResNet50.cpp:43) on port 'gmem0' (ResNet50.cpp:43) [36]  (7.300 ns)

 <State 5>: 7.300ns
The critical path consists of the following:
	bus request operation ('gmem0_load_req', ResNet50.cpp:43) on port 'gmem0' (ResNet50.cpp:43) [36]  (7.300 ns)

 <State 6>: 7.300ns
The critical path consists of the following:
	bus request operation ('gmem0_load_req', ResNet50.cpp:43) on port 'gmem0' (ResNet50.cpp:43) [36]  (7.300 ns)

 <State 7>: 7.300ns
The critical path consists of the following:
	bus request operation ('gmem0_load_req', ResNet50.cpp:43) on port 'gmem0' (ResNet50.cpp:43) [36]  (7.300 ns)

 <State 8>: 7.300ns
The critical path consists of the following:
	bus request operation ('gmem0_load_req', ResNet50.cpp:43) on port 'gmem0' (ResNet50.cpp:43) [36]  (7.300 ns)

 <State 9>: 7.300ns
The critical path consists of the following:
	bus request operation ('gmem0_load_req', ResNet50.cpp:43) on port 'gmem0' (ResNet50.cpp:43) [36]  (7.300 ns)

 <State 10>: 7.300ns
The critical path consists of the following:
	bus read operation ('gmem0_addr_read', ResNet50.cpp:43) on port 'gmem0' (ResNet50.cpp:43) [37]  (7.300 ns)

 <State 11>: 1.750ns
The critical path consists of the following:
	fifo write operation ('write_ln44', ResNet50.cpp:44) on port 'skip_connection_fifo' (ResNet50.cpp:44) [40]  (1.750 ns)


============================================================
+ Verbose Summary: Binding
============================================================
N/A
* FSMD analyzer results:
  - Output states:
 - Input state : 
  - Chain level:
	State 1
	State 2
	State 3
	State 4
	State 5
	State 6
	State 7
	State 8
	State 9
	State 10
	State 11


============================================================
+ Verbose Summary: Datapath Resource usage 
============================================================
N/A
