

================================================================
== Vitis HLS Report for 'resnet50_bottleneck_Pipeline_VITIS_LOOP_61_5'
================================================================
* Date:           Mon Mar 30 20:09:10 2026

* Version:        2025.1 (Build 6135595 on May 21 2025)
* Project:        hls_component
* Solution:       hls (Vivado IP Flow Target)
* Product family: zynquplus
* Target device:  xczu7ev-ffvc1156-2-e


================================================================
== Performance Estimates
================================================================
+ Timing: 
    * Summary: 
    +--------+----------+----------+------------+
    |  Clock |  Target  | Estimated| Uncertainty|
    +--------+----------+----------+------------+
    |ap_clk  |  10.00 ns|  7.300 ns|     2.70 ns|
    +--------+----------+----------+------------+

+ Latency: 
    * Summary: 
    +---------+---------+----------+----------+-----+-----+------------------------------------------------+
    |  Latency (cycles) |  Latency (absolute) |  Interval |                    Pipeline                    |
    |   min   |   max   |    min   |    max   | min | max |                      Type                      |
    +---------+---------+----------+----------+-----+-----+------------------------------------------------+
    |      264|      264|  2.640 us|  2.640 us|  257|  257|  loop auto-rewind stp (delay=0 clock cycles(s))|
    +---------+---------+----------+----------+-----+-----+------------------------------------------------+

    + Detail: 
        * Instance: 
        N/A

        * Loop: 
        +-------------------+---------+---------+----------+-----------+-----------+------+----------+
        |                   |  Latency (cycles) | Iteration|  Initiation Interval  | Trip |          |
        |     Loop Name     |   min   |   max   |  Latency |  achieved |   target  | Count| Pipelined|
        +-------------------+---------+---------+----------+-----------+-----------+------+----------+
        |- VITIS_LOOP_61_5  |      262|      262|         8|          1|          1|   256|       yes|
        +-------------------+---------+---------+----------+-----------+-----------+------+----------+

============================================================
+ Verbose Summary: Synthesis Manager
============================================================
InlineROM: 1
ExposeGlobal: 0
============================================================
+ Verbose Summary: CDFG Model
============================================================
IsTopModel: 0
ResetActiveHigh: 1
IsCombinational: 0
IsDatapathOnly: 0
HasWiredReturn: 1
HasMFsm: 2
HasVarLatency: 1
IsPipeline: 0
IsRtlPipelined: 0
IsInstanceOverlapped: 0
IsDontTouch: 0
HasImplIP: 0
IsGatedGlobalClock: 0

+ Individual pipeline summary: 
  * Pipeline-0: initiation interval (II) = 1, depth = 8


============================================================
+ Verbose Summary: Schedule
============================================================
* Number of FSM states : 8
* Pipeline : 1
  Pipeline-0 : II = 1, D = 8, States = { 1 2 3 4 5 6 7 8 }
* Dataflow Pipeline: 0

* FSM state transitions: 
1 --> 2 
2 --> 3 
3 --> 4 
4 --> 5 
5 --> 6 
6 --> 7 
7 --> 8 
8 --> 

* FSM state operations: 

State 1 <SV = 0> <Delay = 2.40>
ST_1 : Operation 11 [1/1] (0.00ns)   --->   "%phi_mul1 = alloca i32 1"   --->   Operation 11 'alloca' 'phi_mul1' <Predicate = true> <Delay = 0.00>
ST_1 : Operation 12 [1/1] (0.00ns)   --->   "%ch = alloca i32 1" [ResNet50.cpp:61]   --->   Operation 12 'alloca' 'ch' <Predicate = true> <Delay = 0.00>
ST_1 : Operation 13 [1/1] (0.00ns)   --->   "%output_tensor_read = read i64 @_ssdm_op_Read.ap_auto.i64, i64 %output_tensor"   --->   Operation 13 'read' 'output_tensor_read' <Predicate = true> <Delay = 0.00>
ST_1 : Operation 14 [1/1] (0.00ns)   --->   "%zext_ln40_read = read i12 @_ssdm_op_Read.ap_auto.i12, i12 %zext_ln40"   --->   Operation 14 'read' 'zext_ln40_read' <Predicate = true> <Delay = 0.00>
ST_1 : Operation 15 [1/1] (0.00ns)   --->   "%zext_ln40_cast = zext i12 %zext_ln40_read"   --->   Operation 15 'zext' 'zext_ln40_cast' <Predicate = true> <Delay = 0.00>
ST_1 : Operation 16 [1/1] (0.00ns)   --->   "%specinterface_ln0 = specinterface void @_ssdm_op_SpecInterface, i16 %skip_connection_fifo, void @empty_16, i32 0, i32 0, void @empty_0, i32 0, i32 0, void @empty_0, void @empty_0, void @empty_0, i32 0, i32 0, i32 0, i32 0, void @empty_0, void @empty_0, i32 4294967295, i32 0, i32 0"   --->   Operation 16 'specinterface' 'specinterface_ln0' <Predicate = true> <Delay = 0.00>
ST_1 : Operation 17 [1/1] (0.00ns)   --->   "%specinterface_ln0 = specinterface void @_ssdm_op_SpecInterface, i16 %gmem1, void @empty, i32 0, i32 0, void @empty_0, i32 0, i32 0, void @empty_3, void @empty_2, void @empty_0, i32 16, i32 16, i32 16, i32 16, void @empty_0, void @empty_0, i32 4294967295, i32 0, i32 0"   --->   Operation 17 'specinterface' 'specinterface_ln0' <Predicate = true> <Delay = 0.00>
ST_1 : Operation 18 [1/1] (0.42ns)   --->   "%store_ln61 = store i9 0, i9 %ch" [ResNet50.cpp:61]   --->   Operation 18 'store' 'store_ln61' <Predicate = true> <Delay = 0.42>
ST_1 : Operation 19 [1/1] (0.42ns)   --->   "%store_ln0 = store i20 0, i20 %phi_mul1"   --->   Operation 19 'store' 'store_ln0' <Predicate = true> <Delay = 0.42>
ST_1 : Operation 20 [1/1] (0.00ns)   --->   "%br_ln61 = br void %for.body32" [ResNet50.cpp:61]   --->   Operation 20 'br' 'br_ln61' <Predicate = true> <Delay = 0.00>
ST_1 : Operation 21 [1/1] (0.00ns)   --->   "%ch_1 = load i9 %ch" [ResNet50.cpp:61]   --->   Operation 21 'load' 'ch_1' <Predicate = true> <Delay = 0.00>
ST_1 : Operation 22 [1/1] (0.00ns)   --->   "%specbitsmap_ln0 = specbitsmap void @_ssdm_op_SpecBitsMap, i16 %gmem1"   --->   Operation 22 'specbitsmap' 'specbitsmap_ln0' <Predicate = true> <Delay = 0.00>
ST_1 : Operation 23 [1/1] (0.77ns)   --->   "%icmp_ln61 = icmp_eq  i9 %ch_1, i9 256" [ResNet50.cpp:61]   --->   Operation 23 'icmp' 'icmp_ln61' <Predicate = true> <Delay = 0.77> <CoreInst = "Cmp">   --->   Core 9 'Cmp' <Latency = 0> <II = 1> <Delay = 0.77> <FuncUnit> <Opcode : 'seteq' 'setne' 'setle' 'setge' 'setlt' 'setgt'> <InPorts = 2> <OutPorts = 1>
ST_1 : Operation 24 [1/1] (0.77ns)   --->   "%add_ln61 = add i9 %ch_1, i9 1" [ResNet50.cpp:61]   --->   Operation 24 'add' 'add_ln61' <Predicate = true> <Delay = 0.77> <CoreInst = "Adder">   --->   Core 1 'Adder' <Latency = 0> <II = 1> <Delay = 0.77> <FuncUnit> <Opcode : 'add' 'sub'> <InPorts = 2> <OutPorts = 1>
ST_1 : Operation 25 [1/1] (0.00ns)   --->   "%br_ln61 = br i1 %icmp_ln61, void %for.body32.split, void %for.inc47.exitStub" [ResNet50.cpp:61]   --->   Operation 25 'br' 'br_ln61' <Predicate = true> <Delay = 0.00>
ST_1 : Operation 26 [1/1] (0.00ns)   --->   "%phi_mul1_load = load i20 %phi_mul1" [ResNet50.cpp:69]   --->   Operation 26 'load' 'phi_mul1_load' <Predicate = (!icmp_ln61)> <Delay = 0.00>
ST_1 : Operation 27 [1/1] (0.00ns)   --->   "%zext_ln61 = zext i9 %ch_1" [ResNet50.cpp:61]   --->   Operation 27 'zext' 'zext_ln61' <Predicate = (!icmp_ln61)> <Delay = 0.00>
ST_1 : Operation 28 [1/1] (0.00ns)   --->   "%local_out_addr = getelementptr i15 %local_out, i64 0, i64 %zext_ln61" [ResNet50.cpp:63]   --->   Operation 28 'getelementptr' 'local_out_addr' <Predicate = (!icmp_ln61)> <Delay = 0.00>
ST_1 : Operation 29 [2/2] (1.23ns)   --->   "%f_x = load i8 %local_out_addr" [ResNet50.cpp:63]   --->   Operation 29 'load' 'f_x' <Predicate = (!icmp_ln61)> <Delay = 1.23> <CoreInst = "RAM">   --->   Core 82 'RAM' <Latency = 1> <II = 1> <Delay = 1.23> <Storage> <Opcode : 'load' 'store'> <Ports = 2> <Width = 15> <Depth = 256> <RAM>
ST_1 : Operation 30 [1/1] (0.89ns)   --->   "%add_ln69_2 = add i20 %phi_mul1_load, i20 3136" [ResNet50.cpp:69]   --->   Operation 30 'add' 'add_ln69_2' <Predicate = (!icmp_ln61)> <Delay = 0.89> <CoreInst = "Adder">   --->   Core 1 'Adder' <Latency = 0> <II = 1> <Delay = 0.89> <FuncUnit> <Opcode : 'add' 'sub'> <InPorts = 2> <OutPorts = 1>
ST_1 : Operation 31 [1/1] (0.89ns)   --->   "%add_ln69 = add i20 %phi_mul1_load, i20 %zext_ln40_cast" [ResNet50.cpp:69]   --->   Operation 31 'add' 'add_ln69' <Predicate = (!icmp_ln61)> <Delay = 0.89> <CoreInst = "Adder">   --->   Core 1 'Adder' <Latency = 0> <II = 1> <Delay = 0.89> <FuncUnit> <Opcode : 'add' 'sub'> <InPorts = 2> <OutPorts = 1>
ST_1 : Operation 32 [1/1] (0.00ns)   --->   "%shl_ln1 = bitconcatenate i21 @_ssdm_op_BitConcatenate.i21.i20.i1, i20 %add_ln69, i1 0" [ResNet50.cpp:69]   --->   Operation 32 'bitconcatenate' 'shl_ln1' <Predicate = (!icmp_ln61)> <Delay = 0.00>
ST_1 : Operation 33 [1/1] (0.00ns)   --->   "%zext_ln69_1 = zext i21 %shl_ln1" [ResNet50.cpp:69]   --->   Operation 33 'zext' 'zext_ln69_1' <Predicate = (!icmp_ln61)> <Delay = 0.00>
ST_1 : Operation 34 [1/1] (1.08ns)   --->   "%add_ln69_1 = add i64 %zext_ln69_1, i64 %output_tensor_read" [ResNet50.cpp:69]   --->   Operation 34 'add' 'add_ln69_1' <Predicate = (!icmp_ln61)> <Delay = 1.08> <CoreInst = "Adder">   --->   Core 1 'Adder' <Latency = 0> <II = 1> <Delay = 1.08> <FuncUnit> <Opcode : 'add' 'sub'> <InPorts = 2> <OutPorts = 1>
ST_1 : Operation 35 [1/1] (0.00ns)   --->   "%trunc_ln3 = partselect i63 @_ssdm_op_PartSelect.i63.i64.i32.i32, i64 %add_ln69_1, i32 1, i32 63" [ResNet50.cpp:69]   --->   Operation 35 'partselect' 'trunc_ln3' <Predicate = (!icmp_ln61)> <Delay = 0.00>
ST_1 : Operation 36 [1/1] (0.00ns)   --->   "%sext_ln69 = sext i63 %trunc_ln3" [ResNet50.cpp:69]   --->   Operation 36 'sext' 'sext_ln69' <Predicate = (!icmp_ln61)> <Delay = 0.00>
ST_1 : Operation 37 [1/1] (0.00ns)   --->   "%gmem1_addr = getelementptr i16 %gmem1, i64 %sext_ln69" [ResNet50.cpp:69]   --->   Operation 37 'getelementptr' 'gmem1_addr' <Predicate = (!icmp_ln61)> <Delay = 0.00>
ST_1 : Operation 38 [1/1] (0.42ns)   --->   "%store_ln61 = store i9 %add_ln61, i9 %ch" [ResNet50.cpp:61]   --->   Operation 38 'store' 'store_ln61' <Predicate = (!icmp_ln61)> <Delay = 0.42>
ST_1 : Operation 39 [1/1] (0.42ns)   --->   "%store_ln69 = store i20 %add_ln69_2, i20 %phi_mul1" [ResNet50.cpp:69]   --->   Operation 39 'store' 'store_ln69' <Predicate = (!icmp_ln61)> <Delay = 0.42>

State 2 <SV = 1> <Delay = 7.30>
ST_2 : Operation 40 [1/2] ( I:1.23ns O:1.23ns )   --->   "%f_x = load i8 %local_out_addr" [ResNet50.cpp:63]   --->   Operation 40 'load' 'f_x' <Predicate = true> <Delay = 1.23> <CoreInst = "RAM">   --->   Core 82 'RAM' <Latency = 1> <II = 1> <Delay = 1.23> <Storage> <Opcode : 'load' 'store'> <Ports = 2> <Width = 15> <Depth = 256> <RAM>
ST_2 : Operation 41 [1/1] (0.00ns)   --->   "%sext_ln63 = sext i15 %f_x" [ResNet50.cpp:63]   --->   Operation 41 'sext' 'sext_ln63' <Predicate = true> <Delay = 0.00>
ST_2 : Operation 42 [1/1] ( I:1.75ns O:1.75ns )   --->   "%x = read i16 @_ssdm_op_Read.ap_fifo.volatile.i16P0A, i16 %skip_connection_fifo" [ResNet50.cpp:64]   --->   Operation 42 'read' 'x' <Predicate = true> <Delay = 1.75> <CoreInst = "FIFO">   --->   Core 77 'FIFO' <Latency = 0> <II = 1> <Delay = 1.75> <Storage> <Opcode : 'read' 'write' 'nbread' 'nbwrite'> <Ports = 0> <Width = 16> <Depth = 1024> <FIFO>
ST_2 : Operation 43 [1/1] (0.85ns)   --->   "%added = add i16 %x, i16 %sext_ln63" [ResNet50.cpp:66]   --->   Operation 43 'add' 'added' <Predicate = true> <Delay = 0.85> <CoreInst = "Adder">   --->   Core 1 'Adder' <Latency = 0> <II = 1> <Delay = 0.85> <FuncUnit> <Opcode : 'add' 'sub'> <InPorts = 2> <OutPorts = 1>
ST_2 : Operation 44 [1/1] (0.00ns)   --->   "%trunc_ln66 = trunc i16 %added" [ResNet50.cpp:66]   --->   Operation 44 'trunc' 'trunc_ln66' <Predicate = true> <Delay = 0.00>
ST_2 : Operation 45 [1/1] (0.85ns)   --->   "%icmp_ln69 = icmp_sgt  i16 %added, i16 0" [ResNet50.cpp:69]   --->   Operation 45 'icmp' 'icmp_ln69' <Predicate = true> <Delay = 0.85> <CoreInst = "Cmp">   --->   Core 9 'Cmp' <Latency = 0> <II = 1> <Delay = 0.85> <FuncUnit> <Opcode : 'seteq' 'setne' 'setle' 'setge' 'setlt' 'setgt'> <InPorts = 2> <OutPorts = 1>
ST_2 : Operation 46 [1/1] (0.29ns)   --->   "%select_ln69 = select i1 %icmp_ln69, i15 %trunc_ln66, i15 0" [ResNet50.cpp:69]   --->   Operation 46 'select' 'select_ln69' <Predicate = true> <Delay = 0.29> <CoreInst = "Sel">   --->   Core 73 'Sel' <Latency = 0> <II = 1> <Delay = 0.29> <FuncUnit> <Opcode : 'select'> <InPorts = 3> <OutPorts = 1>
ST_2 : Operation 47 [1/1] (7.30ns)   --->   "%gmem1_addr_req = writereq i1 @_ssdm_op_WriteReq.m_axi.i16P1A, i16 %gmem1_addr, i64 1" [ResNet50.cpp:69]   --->   Operation 47 'writereq' 'gmem1_addr_req' <Predicate = true> <Delay = 7.30> <CoreInst = "m_axi">   --->   Core 119 'm_axi' <Latency = 9> <II = 1> <Delay = 1.00> <Adapter> <Opcode : 'read' 'write' 'readreq' 'writereq' 'writeresp'>

State 3 <SV = 2> <Delay = 7.30>
ST_3 : Operation 48 [1/1] (0.00ns)   --->   "%zext_ln69 = zext i15 %select_ln69" [ResNet50.cpp:69]   --->   Operation 48 'zext' 'zext_ln69' <Predicate = true> <Delay = 0.00>
ST_3 : Operation 49 [1/1] (7.30ns)   --->   "%write_ln69 = write void @_ssdm_op_Write.m_axi.i16P1A, i16 %gmem1_addr, i16 %zext_ln69, i2 3" [ResNet50.cpp:69]   --->   Operation 49 'write' 'write_ln69' <Predicate = true> <Delay = 7.30> <CoreInst = "m_axi">   --->   Core 119 'm_axi' <Latency = 5> <II = 1> <Delay = 1.00> <Adapter> <Opcode : 'read' 'write' 'readreq' 'writereq' 'writeresp'>

State 4 <SV = 3> <Delay = 7.30>
ST_4 : Operation 50 [5/5] (7.30ns)   --->   "%gmem1_addr_resp = writeresp i1 @_ssdm_op_WriteResp.m_axi.i16P1A, i16 %gmem1_addr" [ResNet50.cpp:69]   --->   Operation 50 'writeresp' 'gmem1_addr_resp' <Predicate = true> <Delay = 7.30> <CoreInst = "m_axi">   --->   Core 119 'm_axi' <Latency = 3> <II = 1> <Delay = 1.00> <Adapter> <Opcode : 'read' 'write' 'readreq' 'writereq' 'writeresp'>

State 5 <SV = 4> <Delay = 7.30>
ST_5 : Operation 51 [4/5] (7.30ns)   --->   "%gmem1_addr_resp = writeresp i1 @_ssdm_op_WriteResp.m_axi.i16P1A, i16 %gmem1_addr" [ResNet50.cpp:69]   --->   Operation 51 'writeresp' 'gmem1_addr_resp' <Predicate = true> <Delay = 7.30> <CoreInst = "m_axi">   --->   Core 119 'm_axi' <Latency = 3> <II = 1> <Delay = 1.00> <Adapter> <Opcode : 'read' 'write' 'readreq' 'writereq' 'writeresp'>

State 6 <SV = 5> <Delay = 7.30>
ST_6 : Operation 52 [3/5] (7.30ns)   --->   "%gmem1_addr_resp = writeresp i1 @_ssdm_op_WriteResp.m_axi.i16P1A, i16 %gmem1_addr" [ResNet50.cpp:69]   --->   Operation 52 'writeresp' 'gmem1_addr_resp' <Predicate = true> <Delay = 7.30> <CoreInst = "m_axi">   --->   Core 119 'm_axi' <Latency = 3> <II = 1> <Delay = 1.00> <Adapter> <Opcode : 'read' 'write' 'readreq' 'writereq' 'writeresp'>

State 7 <SV = 6> <Delay = 7.30>
ST_7 : Operation 53 [2/5] (7.30ns)   --->   "%gmem1_addr_resp = writeresp i1 @_ssdm_op_WriteResp.m_axi.i16P1A, i16 %gmem1_addr" [ResNet50.cpp:69]   --->   Operation 53 'writeresp' 'gmem1_addr_resp' <Predicate = true> <Delay = 7.30> <CoreInst = "m_axi">   --->   Core 119 'm_axi' <Latency = 3> <II = 1> <Delay = 1.00> <Adapter> <Opcode : 'read' 'write' 'readreq' 'writereq' 'writeresp'>
ST_7 : Operation 59 [1/1] (0.42ns)   --->   "%ret_ln0 = ret"   --->   Operation 59 'ret' 'ret_ln0' <Predicate = (icmp_ln61)> <Delay = 0.42>

State 8 <SV = 7> <Delay = 7.30>
ST_8 : Operation 54 [1/1] (0.00ns)   --->   "%specpipeline_ln62 = specpipeline void @_ssdm_op_SpecPipeline, i32 1, i32 0, i32 0, i32 0, void @empty_0" [ResNet50.cpp:62]   --->   Operation 54 'specpipeline' 'specpipeline_ln62' <Predicate = true> <Delay = 0.00>
ST_8 : Operation 55 [1/1] (0.00ns)   --->   "%speclooptripcount_ln61 = speclooptripcount void @_ssdm_op_SpecLoopTripCount, i64 256, i64 256, i64 256" [ResNet50.cpp:61]   --->   Operation 55 'speclooptripcount' 'speclooptripcount_ln61' <Predicate = true> <Delay = 0.00>
ST_8 : Operation 56 [1/1] (0.00ns)   --->   "%specloopname_ln61 = specloopname void @_ssdm_op_SpecLoopName, void @empty_20" [ResNet50.cpp:61]   --->   Operation 56 'specloopname' 'specloopname_ln61' <Predicate = true> <Delay = 0.00>
ST_8 : Operation 57 [1/5] (7.30ns)   --->   "%gmem1_addr_resp = writeresp i1 @_ssdm_op_WriteResp.m_axi.i16P1A, i16 %gmem1_addr" [ResNet50.cpp:69]   --->   Operation 57 'writeresp' 'gmem1_addr_resp' <Predicate = true> <Delay = 7.30> <CoreInst = "m_axi">   --->   Core 119 'm_axi' <Latency = 3> <II = 1> <Delay = 1.00> <Adapter> <Opcode : 'read' 'write' 'readreq' 'writereq' 'writeresp'>
ST_8 : Operation 58 [1/1] (0.00ns)   --->   "%br_ln61 = br void %for.body32" [ResNet50.cpp:61]   --->   Operation 58 'br' 'br_ln61' <Predicate = true> <Delay = 0.00>


============================================================
+ Verbose Summary: Timing violations
============================================================
Target clock period: 10.000ns, clock uncertainty: 2.700ns.

 <State 1>: 2.406ns
The critical path consists of the following:
	'store' operation 0 bit ('store_ln0') of constant 0 on local variable 'phi_mul1' [14]  (0.427 ns)
	'load' operation 20 bit ('phi_mul1_load', ResNet50.cpp:69) on local variable 'phi_mul1' [23]  (0.000 ns)
	'add' operation 20 bit ('add_ln69', ResNet50.cpp:69) [38]  (0.894 ns)
	'add' operation 64 bit ('add_ln69_1', ResNet50.cpp:69) [41]  (1.085 ns)

 <State 2>: 7.300ns
The critical path consists of the following:
	bus request operation ('gmem1_addr_req', ResNet50.cpp:69) on port 'gmem1' (ResNet50.cpp:69) [45]  (7.300 ns)

 <State 3>: 7.300ns
The critical path consists of the following:
	bus write operation ('write_ln69', ResNet50.cpp:69) on port 'gmem1' (ResNet50.cpp:69) [46]  (7.300 ns)

 <State 4>: 7.300ns
The critical path consists of the following:
	bus response operation ('gmem1_addr_resp', ResNet50.cpp:69) on port 'gmem1' (ResNet50.cpp:69) [47]  (7.300 ns)

 <State 5>: 7.300ns
The critical path consists of the following:
	bus response operation ('gmem1_addr_resp', ResNet50.cpp:69) on port 'gmem1' (ResNet50.cpp:69) [47]  (7.300 ns)

 <State 6>: 7.300ns
The critical path consists of the following:
	bus response operation ('gmem1_addr_resp', ResNet50.cpp:69) on port 'gmem1' (ResNet50.cpp:69) [47]  (7.300 ns)

 <State 7>: 7.300ns
The critical path consists of the following:
	bus response operation ('gmem1_addr_resp', ResNet50.cpp:69) on port 'gmem1' (ResNet50.cpp:69) [47]  (7.300 ns)

 <State 8>: 7.300ns
The critical path consists of the following:
	bus response operation ('gmem1_addr_resp', ResNet50.cpp:69) on port 'gmem1' (ResNet50.cpp:69) [47]  (7.300 ns)


============================================================
+ Verbose Summary: Binding
============================================================
N/A
* FSMD analyzer results:
  - Output states:
 - Input state : 
  - Chain level:
	State 1
	State 2
	State 3
	State 4
	State 5
	State 6
	State 7
	State 8


============================================================
+ Verbose Summary: Datapath Resource usage 
============================================================
N/A
