

================================================================
== Vitis HLS Report for 'resnet50_bottleneck_Pipeline_VITIS_LOOP_40_3'
================================================================
* Date:           Mon Mar 30 20:09:09 2026

* Version:        2025.1 (Build 6135595 on May 21 2025)
* Project:        hls_component
* Solution:       hls (Vivado IP Flow Target)
* Product family: zynquplus
* Target device:  xczu7ev-ffvc1156-2-e


================================================================
== Performance Estimates
================================================================
+ Timing: 
    * Summary: 
    +--------+----------+----------+------------+
    |  Clock |  Target  | Estimated| Uncertainty|
    +--------+----------+----------+------------+
    |ap_clk  |  10.00 ns|  7.300 ns|     2.70 ns|
    +--------+----------+----------+------------+

+ Latency: 
    * Summary: 
    +---------+---------+----------+----------+-----+-----+------------------------------------------------+
    |  Latency (cycles) |  Latency (absolute) |  Interval |                    Pipeline                    |
    |   min   |   max   |    min   |    max   | min | max |                      Type                      |
    +---------+---------+----------+----------+-----+-----+------------------------------------------------+
    |      267|      267|  2.670 us|  2.670 us|  257|  257|  loop auto-rewind stp (delay=0 clock cycles(s))|
    +---------+---------+----------+----------+-----+-----+------------------------------------------------+

    + Detail: 
        * Instance: 
        N/A

        * Loop: 
        +-------------------+---------+---------+----------+-----------+-----------+------+----------+
        |                   |  Latency (cycles) | Iteration|  Initiation Interval  | Trip |          |
        |     Loop Name     |   min   |   max   |  Latency |  achieved |   target  | Count| Pipelined|
        +-------------------+---------+---------+----------+-----------+-----------+------+----------+
        |- VITIS_LOOP_40_3  |      265|      265|        11|          1|          1|   256|       yes|
        +-------------------+---------+---------+----------+-----------+-----------+------+----------+

============================================================
+ Verbose Summary: Synthesis Manager
============================================================
InlineROM: 1
ExposeGlobal: 0
============================================================
+ Verbose Summary: CDFG Model
============================================================
IsTopModel: 0
ResetActiveHigh: 1
IsCombinational: 0
IsDatapathOnly: 0
HasWiredReturn: 1
HasMFsm: 2
HasVarLatency: 1
IsPipeline: 0
IsRtlPipelined: 0
IsInstanceOverlapped: 0
IsDontTouch: 0
HasImplIP: 0
IsGatedGlobalClock: 0

+ Individual pipeline summary: 
  * Pipeline-0: initiation interval (II) = 1, depth = 11


============================================================
+ Verbose Summary: Schedule
============================================================
* Number of FSM states : 11
* Pipeline : 1
  Pipeline-0 : II = 1, D = 11, States = { 1 2 3 4 5 6 7 8 9 10 11 }
* Dataflow Pipeline: 0

* FSM state transitions: 
1 --> 2 
2 --> 3 
3 --> 4 
4 --> 5 
5 --> 6 
6 --> 7 
7 --> 8 
8 --> 9 
9 --> 10 
10 --> 11 
11 --> 

* FSM state operations: 

State 1 <SV = 0> <Delay = 2.40>
ST_1 : Operation 14 [1/1] (0.00ns)   --->   "%phi_mul = alloca i32 1"   --->   Operation 14 'alloca' 'phi_mul' <Predicate = true> <Delay = 0.00>
ST_1 : Operation 15 [1/1] (0.00ns)   --->   "%ch = alloca i32 1" [ResNet50.cpp:40]   --->   Operation 15 'alloca' 'ch' <Predicate = true> <Delay = 0.00>
ST_1 : Operation 16 [1/1] (0.00ns)   --->   "%input_tensor_read = read i64 @_ssdm_op_Read.ap_auto.i64, i64 %input_tensor"   --->   Operation 16 'read' 'input_tensor_read' <Predicate = true> <Delay = 0.00>
ST_1 : Operation 17 [1/1] (0.00ns)   --->   "%zext_ln40_read = read i12 @_ssdm_op_Read.ap_auto.i12, i12 %zext_ln40"   --->   Operation 17 'read' 'zext_ln40_read' <Predicate = true> <Delay = 0.00>
ST_1 : Operation 18 [1/1] (0.00ns)   --->   "%zext_ln40_cast = zext i12 %zext_ln40_read"   --->   Operation 18 'zext' 'zext_ln40_cast' <Predicate = true> <Delay = 0.00>
ST_1 : Operation 19 [1/1] (0.00ns)   --->   "%specinterface_ln0 = specinterface void @_ssdm_op_SpecInterface, i16 %skip_connection_fifo, void @empty_16, i32 0, i32 0, void @empty_0, i32 0, i32 0, void @empty_0, void @empty_0, void @empty_0, i32 0, i32 0, i32 0, i32 0, void @empty_0, void @empty_0, i32 4294967295, i32 0, i32 0"   --->   Operation 19 'specinterface' 'specinterface_ln0' <Predicate = true> <Delay = 0.00>
ST_1 : Operation 20 [1/1] (0.00ns)   --->   "%specinterface_ln0 = specinterface void @_ssdm_op_SpecInterface, i16 %gmem0, void @empty, i32 0, i32 0, void @empty_0, i32 0, i32 0, void @empty_1, void @empty_2, void @empty_0, i32 16, i32 16, i32 16, i32 16, void @empty_0, void @empty_0, i32 4294967295, i32 0, i32 0"   --->   Operation 20 'specinterface' 'specinterface_ln0' <Predicate = true> <Delay = 0.00>
ST_1 : Operation 21 [1/1] (0.42ns)   --->   "%store_ln40 = store i9 0, i9 %ch" [ResNet50.cpp:40]   --->   Operation 21 'store' 'store_ln40' <Predicate = true> <Delay = 0.42>
ST_1 : Operation 22 [1/1] (0.42ns)   --->   "%store_ln0 = store i20 0, i20 %phi_mul"   --->   Operation 22 'store' 'store_ln0' <Predicate = true> <Delay = 0.42>
ST_1 : Operation 23 [1/1] (0.00ns)   --->   "%br_ln0 = br void %for.inc"   --->   Operation 23 'br' 'br_ln0' <Predicate = true> <Delay = 0.00>
ST_1 : Operation 24 [1/1] (0.00ns)   --->   "%ch_2 = load i9 %ch" [ResNet50.cpp:40]   --->   Operation 24 'load' 'ch_2' <Predicate = true> <Delay = 0.00>
ST_1 : Operation 25 [1/1] (0.00ns)   --->   "%specbitsmap_ln0 = specbitsmap void @_ssdm_op_SpecBitsMap, i16 %gmem0"   --->   Operation 25 'specbitsmap' 'specbitsmap_ln0' <Predicate = true> <Delay = 0.00>
ST_1 : Operation 26 [1/1] (0.77ns)   --->   "%icmp_ln40 = icmp_eq  i9 %ch_2, i9 256" [ResNet50.cpp:40]   --->   Operation 26 'icmp' 'icmp_ln40' <Predicate = true> <Delay = 0.77> <CoreInst = "Cmp">   --->   Core 9 'Cmp' <Latency = 0> <II = 1> <Delay = 0.77> <FuncUnit> <Opcode : 'seteq' 'setne' 'setle' 'setge' 'setlt' 'setgt'> <InPorts = 2> <OutPorts = 1>
ST_1 : Operation 27 [1/1] (0.77ns)   --->   "%add_ln40 = add i9 %ch_2, i9 1" [ResNet50.cpp:40]   --->   Operation 27 'add' 'add_ln40' <Predicate = true> <Delay = 0.77> <CoreInst = "Adder">   --->   Core 1 'Adder' <Latency = 0> <II = 1> <Delay = 0.77> <FuncUnit> <Opcode : 'add' 'sub'> <InPorts = 2> <OutPorts = 1>
ST_1 : Operation 28 [1/1] (0.00ns)   --->   "%br_ln40 = br i1 %icmp_ln40, void %for.inc.split, void %for.body18.preheader.exitStub" [ResNet50.cpp:40]   --->   Operation 28 'br' 'br_ln40' <Predicate = true> <Delay = 0.00>
ST_1 : Operation 29 [1/1] (0.00ns)   --->   "%phi_mul_load = load i20 %phi_mul" [ResNet50.cpp:42]   --->   Operation 29 'load' 'phi_mul_load' <Predicate = (!icmp_ln40)> <Delay = 0.00>
ST_1 : Operation 30 [1/1] (0.89ns)   --->   "%add_ln42_2 = add i20 %phi_mul_load, i20 3136" [ResNet50.cpp:42]   --->   Operation 30 'add' 'add_ln42_2' <Predicate = (!icmp_ln40)> <Delay = 0.89> <CoreInst = "Adder">   --->   Core 1 'Adder' <Latency = 0> <II = 1> <Delay = 0.89> <FuncUnit> <Opcode : 'add' 'sub'> <InPorts = 2> <OutPorts = 1>
ST_1 : Operation 31 [1/1] (0.89ns)   --->   "%add_ln42 = add i20 %phi_mul_load, i20 %zext_ln40_cast" [ResNet50.cpp:42]   --->   Operation 31 'add' 'add_ln42' <Predicate = (!icmp_ln40)> <Delay = 0.89> <CoreInst = "Adder">   --->   Core 1 'Adder' <Latency = 0> <II = 1> <Delay = 0.89> <FuncUnit> <Opcode : 'add' 'sub'> <InPorts = 2> <OutPorts = 1>
ST_1 : Operation 32 [1/1] (0.00ns)   --->   "%shl_ln = bitconcatenate i21 @_ssdm_op_BitConcatenate.i21.i20.i1, i20 %add_ln42, i1 0" [ResNet50.cpp:42]   --->   Operation 32 'bitconcatenate' 'shl_ln' <Predicate = (!icmp_ln40)> <Delay = 0.00>
ST_1 : Operation 33 [1/1] (0.00ns)   --->   "%zext_ln42 = zext i21 %shl_ln" [ResNet50.cpp:42]   --->   Operation 33 'zext' 'zext_ln42' <Predicate = (!icmp_ln40)> <Delay = 0.00>
ST_1 : Operation 34 [1/1] (1.08ns)   --->   "%add_ln42_1 = add i64 %zext_ln42, i64 %input_tensor_read" [ResNet50.cpp:42]   --->   Operation 34 'add' 'add_ln42_1' <Predicate = (!icmp_ln40)> <Delay = 1.08> <CoreInst = "Adder">   --->   Core 1 'Adder' <Latency = 0> <II = 1> <Delay = 1.08> <FuncUnit> <Opcode : 'add' 'sub'> <InPorts = 2> <OutPorts = 1>
ST_1 : Operation 35 [1/1] (0.00ns)   --->   "%trunc_ln = partselect i63 @_ssdm_op_PartSelect.i63.i64.i32.i32, i64 %add_ln42_1, i32 1, i32 63" [ResNet50.cpp:43]   --->   Operation 35 'partselect' 'trunc_ln' <Predicate = (!icmp_ln40)> <Delay = 0.00>
ST_1 : Operation 36 [1/1] (0.00ns)   --->   "%sext_ln43 = sext i63 %trunc_ln" [ResNet50.cpp:43]   --->   Operation 36 'sext' 'sext_ln43' <Predicate = (!icmp_ln40)> <Delay = 0.00>
ST_1 : Operation 37 [1/1] (0.00ns)   --->   "%gmem0_addr = getelementptr i16 %gmem0, i64 %sext_ln43" [ResNet50.cpp:43]   --->   Operation 37 'getelementptr' 'gmem0_addr' <Predicate = (!icmp_ln40)> <Delay = 0.00>
ST_1 : Operation 38 [1/1] (0.42ns)   --->   "%store_ln40 = store i9 %add_ln40, i9 %ch" [ResNet50.cpp:40]   --->   Operation 38 'store' 'store_ln40' <Predicate = (!icmp_ln40)> <Delay = 0.42>
ST_1 : Operation 39 [1/1] (0.42ns)   --->   "%store_ln42 = store i20 %add_ln42_2, i20 %phi_mul" [ResNet50.cpp:42]   --->   Operation 39 'store' 'store_ln42' <Predicate = (!icmp_ln40)> <Delay = 0.42>

State 2 <SV = 1> <Delay = 7.30>
ST_2 : Operation 40 [8/8] (7.30ns)   --->   "%gmem0_load_req = readreq i1 @_ssdm_op_ReadReq.m_axi.i16P1A, i16 %gmem0_addr, i64 1" [ResNet50.cpp:43]   --->   Operation 40 'readreq' 'gmem0_load_req' <Predicate = true> <Delay = 7.30> <CoreInst = "m_axi">   --->   Core 119 'm_axi' <Latency = 6> <II = 1> <Delay = 1.00> <Adapter> <Opcode : 'read' 'write' 'readreq' 'writereq' 'writeresp'>

State 3 <SV = 2> <Delay = 7.30>
ST_3 : Operation 41 [7/8] (7.30ns)   --->   "%gmem0_load_req = readreq i1 @_ssdm_op_ReadReq.m_axi.i16P1A, i16 %gmem0_addr, i64 1" [ResNet50.cpp:43]   --->   Operation 41 'readreq' 'gmem0_load_req' <Predicate = true> <Delay = 7.30> <CoreInst = "m_axi">   --->   Core 119 'm_axi' <Latency = 6> <II = 1> <Delay = 1.00> <Adapter> <Opcode : 'read' 'write' 'readreq' 'writereq' 'writeresp'>

State 4 <SV = 3> <Delay = 7.30>
ST_4 : Operation 42 [6/8] (7.30ns)   --->   "%gmem0_load_req = readreq i1 @_ssdm_op_ReadReq.m_axi.i16P1A, i16 %gmem0_addr, i64 1" [ResNet50.cpp:43]   --->   Operation 42 'readreq' 'gmem0_load_req' <Predicate = true> <Delay = 7.30> <CoreInst = "m_axi">   --->   Core 119 'm_axi' <Latency = 6> <II = 1> <Delay = 1.00> <Adapter> <Opcode : 'read' 'write' 'readreq' 'writereq' 'writeresp'>

State 5 <SV = 4> <Delay = 7.30>
ST_5 : Operation 43 [5/8] (7.30ns)   --->   "%gmem0_load_req = readreq i1 @_ssdm_op_ReadReq.m_axi.i16P1A, i16 %gmem0_addr, i64 1" [ResNet50.cpp:43]   --->   Operation 43 'readreq' 'gmem0_load_req' <Predicate = true> <Delay = 7.30> <CoreInst = "m_axi">   --->   Core 119 'm_axi' <Latency = 6> <II = 1> <Delay = 1.00> <Adapter> <Opcode : 'read' 'write' 'readreq' 'writereq' 'writeresp'>

State 6 <SV = 5> <Delay = 7.30>
ST_6 : Operation 44 [4/8] (7.30ns)   --->   "%gmem0_load_req = readreq i1 @_ssdm_op_ReadReq.m_axi.i16P1A, i16 %gmem0_addr, i64 1" [ResNet50.cpp:43]   --->   Operation 44 'readreq' 'gmem0_load_req' <Predicate = true> <Delay = 7.30> <CoreInst = "m_axi">   --->   Core 119 'm_axi' <Latency = 6> <II = 1> <Delay = 1.00> <Adapter> <Opcode : 'read' 'write' 'readreq' 'writereq' 'writeresp'>

State 7 <SV = 6> <Delay = 7.30>
ST_7 : Operation 45 [3/8] (7.30ns)   --->   "%gmem0_load_req = readreq i1 @_ssdm_op_ReadReq.m_axi.i16P1A, i16 %gmem0_addr, i64 1" [ResNet50.cpp:43]   --->   Operation 45 'readreq' 'gmem0_load_req' <Predicate = true> <Delay = 7.30> <CoreInst = "m_axi">   --->   Core 119 'm_axi' <Latency = 6> <II = 1> <Delay = 1.00> <Adapter> <Opcode : 'read' 'write' 'readreq' 'writereq' 'writeresp'>

State 8 <SV = 7> <Delay = 7.30>
ST_8 : Operation 46 [2/8] (7.30ns)   --->   "%gmem0_load_req = readreq i1 @_ssdm_op_ReadReq.m_axi.i16P1A, i16 %gmem0_addr, i64 1" [ResNet50.cpp:43]   --->   Operation 46 'readreq' 'gmem0_load_req' <Predicate = true> <Delay = 7.30> <CoreInst = "m_axi">   --->   Core 119 'm_axi' <Latency = 6> <II = 1> <Delay = 1.00> <Adapter> <Opcode : 'read' 'write' 'readreq' 'writereq' 'writeresp'>

State 9 <SV = 8> <Delay = 7.30>
ST_9 : Operation 47 [1/8] (7.30ns)   --->   "%gmem0_load_req = readreq i1 @_ssdm_op_ReadReq.m_axi.i16P1A, i16 %gmem0_addr, i64 1" [ResNet50.cpp:43]   --->   Operation 47 'readreq' 'gmem0_load_req' <Predicate = true> <Delay = 7.30> <CoreInst = "m_axi">   --->   Core 119 'm_axi' <Latency = 6> <II = 1> <Delay = 1.00> <Adapter> <Opcode : 'read' 'write' 'readreq' 'writereq' 'writeresp'>

State 10 <SV = 9> <Delay = 7.30>
ST_10 : Operation 48 [1/1] (7.30ns)   --->   "%gmem0_addr_read = read i16 @_ssdm_op_Read.m_axi.i16P1A, i16 %gmem0_addr" [ResNet50.cpp:43]   --->   Operation 48 'read' 'gmem0_addr_read' <Predicate = true> <Delay = 7.30> <CoreInst = "m_axi">   --->   Core 119 'm_axi' <Latency = 3> <II = 1> <Delay = 1.00> <Adapter> <Opcode : 'read' 'write' 'readreq' 'writereq' 'writeresp'>
ST_10 : Operation 57 [1/1] (0.42ns)   --->   "%ret_ln0 = ret"   --->   Operation 57 'ret' 'ret_ln0' <Predicate = (icmp_ln40)> <Delay = 0.42>

State 11 <SV = 10> <Delay = 1.75>
ST_11 : Operation 49 [1/1] (0.00ns)   --->   "%zext_ln40_1 = zext i9 %ch_2" [ResNet50.cpp:40]   --->   Operation 49 'zext' 'zext_ln40_1' <Predicate = true> <Delay = 0.00>
ST_11 : Operation 50 [1/1] (0.00ns)   --->   "%specpipeline_ln41 = specpipeline void @_ssdm_op_SpecPipeline, i32 1, i32 0, i32 0, i32 0, void @empty_0" [ResNet50.cpp:41]   --->   Operation 50 'specpipeline' 'specpipeline_ln41' <Predicate = true> <Delay = 0.00>
ST_11 : Operation 51 [1/1] (0.00ns)   --->   "%speclooptripcount_ln40 = speclooptripcount void @_ssdm_op_SpecLoopTripCount, i64 256, i64 256, i64 256" [ResNet50.cpp:40]   --->   Operation 51 'speclooptripcount' 'speclooptripcount_ln40' <Predicate = true> <Delay = 0.00>
ST_11 : Operation 52 [1/1] (0.00ns)   --->   "%specloopname_ln40 = specloopname void @_ssdm_op_SpecLoopName, void @empty_18" [ResNet50.cpp:40]   --->   Operation 52 'specloopname' 'specloopname_ln40' <Predicate = true> <Delay = 0.00>
ST_11 : Operation 53 [1/1] (0.00ns)   --->   "%local_in_addr = getelementptr i16 %local_in, i64 0, i64 %zext_ln40_1" [ResNet50.cpp:43]   --->   Operation 53 'getelementptr' 'local_in_addr' <Predicate = true> <Delay = 0.00>
ST_11 : Operation 54 [1/1] ( I:1.23ns O:1.23ns )   --->   "%store_ln43 = store i16 %gmem0_addr_read, i8 %local_in_addr" [ResNet50.cpp:43]   --->   Operation 54 'store' 'store_ln43' <Predicate = true> <Delay = 1.23> <CoreInst = "RAM">   --->   Core 82 'RAM' <Latency = 1> <II = 1> <Delay = 1.23> <Storage> <Opcode : 'load' 'store'> <Ports = 2> <Width = 16> <Depth = 256> <RAM>
ST_11 : Operation 55 [1/1] ( I:1.75ns O:1.75ns )   --->   "%write_ln44 = write void @_ssdm_op_Write.ap_fifo.volatile.i16P0A, i16 %skip_connection_fifo, i16 %gmem0_addr_read" [ResNet50.cpp:44]   --->   Operation 55 'write' 'write_ln44' <Predicate = true> <Delay = 1.75> <CoreInst = "FIFO">   --->   Core 77 'FIFO' <Latency = 0> <II = 1> <Delay = 1.75> <Storage> <Opcode : 'read' 'write' 'nbread' 'nbwrite'> <Ports = 0> <Width = 16> <Depth = 1024> <FIFO>
ST_11 : Operation 56 [1/1] (0.00ns)   --->   "%br_ln40 = br void %for.inc" [ResNet50.cpp:40]   --->   Operation 56 'br' 'br_ln40' <Predicate = true> <Delay = 0.00>


============================================================
+ Verbose Summary: Binding
============================================================
STG Binding: 
---------------- STG Properties BEGIN ----------------
- Is combinational: 0
- Is one-state seq: 0
- Is datapath-only: 0
- Is pipelined: 0
- Is top level: 0
Port [ Return ] is wired: 1; IO mode=ap_ctrl_hs:ce=0
Port [ gmem0]:  wired=1; compound=1; hidden=0; nouse=0; global=0; static=0; extern=0; dir=0; type=4; pingpong=0; private_global=0; IO mode=m_axi:ce=0
Port [ zext_ln40]:  wired=1; compound=0; hidden=0; nouse=0; global=0; static=0; extern=0; dir=0; type=0; pingpong=0; private_global=0; IO mode=ap_none:ce=0
Port [ input_tensor]:  wired=1; compound=0; hidden=0; nouse=0; global=0; static=0; extern=0; dir=0; type=0; pingpong=0; private_global=0; IO mode=ap_none:ce=0
Port [ local_in]:  wired=1; compound=1; hidden=0; nouse=0; global=0; static=0; extern=0; dir=1; type=1; pingpong=0; private_global=0; MemPort=[03]; IO mode=ap_memory:ce=0
Port [ skip_connection_fifo]:  wired=1; compound=1; hidden=0; nouse=0; global=0; static=0; extern=0; dir=1; type=3; pingpong=0; private_global=0; IO mode=ap_fifo:ce=0
---------------- STG Properties END ------------------

---------------- Datapath Model BEGIN ----------------

<LifeTime>
<method=bitvector/>
phi_mul                (alloca           ) [ 010000000000]
ch                     (alloca           ) [ 010000000000]
input_tensor_read      (read             ) [ 000000000000]
zext_ln40_read         (read             ) [ 000000000000]
zext_ln40_cast         (zext             ) [ 000000000000]
specinterface_ln0      (specinterface    ) [ 000000000000]
specinterface_ln0      (specinterface    ) [ 000000000000]
store_ln40             (store            ) [ 000000000000]
store_ln0              (store            ) [ 000000000000]
br_ln0                 (br               ) [ 000000000000]
ch_2                   (load             ) [ 011111111111]
specbitsmap_ln0        (specbitsmap      ) [ 000000000000]
icmp_ln40              (icmp             ) [ 011111111110]
add_ln40               (add              ) [ 000000000000]
br_ln40                (br               ) [ 000000000000]
phi_mul_load           (load             ) [ 000000000000]
add_ln42_2             (add              ) [ 000000000000]
add_ln42               (add              ) [ 000000000000]
shl_ln                 (bitconcatenate   ) [ 000000000000]
zext_ln42              (zext             ) [ 000000000000]
add_ln42_1             (add              ) [ 000000000000]
trunc_ln               (partselect       ) [ 000000000000]
sext_ln43              (sext             ) [ 000000000000]
gmem0_addr             (getelementptr    ) [ 011111111110]
store_ln40             (store            ) [ 000000000000]
store_ln42             (store            ) [ 000000000000]
gmem0_load_req         (readreq          ) [ 000000000000]
gmem0_addr_read        (read             ) [ 010000000001]
zext_ln40_1            (zext             ) [ 000000000000]
specpipeline_ln41      (specpipeline     ) [ 000000000000]
speclooptripcount_ln40 (speclooptripcount) [ 000000000000]
specloopname_ln40      (specloopname     ) [ 000000000000]
local_in_addr          (getelementptr    ) [ 000000000000]
store_ln43             (store            ) [ 000000000000]
write_ln44             (write            ) [ 000000000000]
br_ln40                (br               ) [ 000000000000]
ret_ln0                (ret              ) [ 000000000000]
</LifeTime>

<model>

<comp_list>
<comp id="0" class="1000" name="gmem0">
<pin_list>
<pin id="1" dir="1" index="0" bw="1" slack="0"/>
</pin_list>
<bind>
<StgValue><ssdm name="gmem0"/><MemPortTyVec>0 </MemPortTyVec>
</StgValue>
</bind>
</comp>

<comp id="2" class="1000" name="zext_ln40">
<pin_list>
<pin id="3" dir="1" index="0" bw="1" slack="0"/>
</pin_list>
<bind>
<StgValue><ssdm name="zext_ln40"/></StgValue>
</bind>
</comp>

<comp id="4" class="1000" name="input_tensor">
<pin_list>
<pin id="5" dir="1" index="0" bw="1" slack="0"/>
</pin_list>
<bind>
<StgValue><ssdm name="input_tensor"/></StgValue>
</bind>
</comp>

<comp id="6" class="1000" name="local_in">
<pin_list>
<pin id="7" dir="1" index="0" bw="1" slack="0"/>
</pin_list>
<bind>
<StgValue><ssdm name="local_in"/><MemPortTyVec>0 3 </MemPortTyVec>
</StgValue>
</bind>
</comp>

<comp id="8" class="1000" name="skip_connection_fifo">
<pin_list>
<pin id="9" dir="1" index="0" bw="1" slack="0"/>
</pin_list>
<bind>
<StgValue><ssdm name="skip_connection_fifo"/></StgValue>
</bind>
</comp>

<comp id="10" class="1001" name="const_10">
<pin_list>
<pin id="11" dir="1" index="0" bw="1" slack="0"/>
</pin_list>
<bind>
<StgValue><ssdm name=""/></StgValue>
</bind>
</comp>

<comp id="12" class="1001" name="const_12">
<pin_list>
<pin id="13" dir="1" index="0" bw="1" slack="0"/>
</pin_list>
<bind>
<StgValue><ssdm name="_ssdm_op_Read.ap_auto.i64"/></StgValue>
</bind>
</comp>

<comp id="14" class="1001" name="const_14">
<pin_list>
<pin id="15" dir="1" index="0" bw="1" slack="0"/>
</pin_list>
<bind>
<StgValue><ssdm name="_ssdm_op_Read.ap_auto.i12"/></StgValue>
</bind>
</comp>

<comp id="16" class="1001" name="const_16">
<pin_list>
<pin id="17" dir="1" index="0" bw="1" slack="2147483647"/>
</pin_list>
<bind>
<StgValue><ssdm name="_ssdm_op_SpecInterface"/></StgValue>
</bind>
</comp>

<comp id="18" class="1001" name="const_18">
<pin_list>
<pin id="19" dir="1" index="0" bw="1" slack="2147483647"/>
</pin_list>
<bind>
<StgValue><ssdm name="empty_16"/></StgValue>
</bind>
</comp>

<comp id="20" class="1001" name="const_20">
<pin_list>
<pin id="21" dir="1" index="0" bw="1" slack="2147483647"/>
</pin_list>
<bind>
<StgValue><ssdm name=""/></StgValue>
</bind>
</comp>

<comp id="22" class="1001" name="const_22">
<pin_list>
<pin id="23" dir="1" index="0" bw="1" slack="2147483647"/>
</pin_list>
<bind>
<StgValue><ssdm name="empty_0"/></StgValue>
</bind>
</comp>

<comp id="24" class="1001" name="const_24">
<pin_list>
<pin id="25" dir="1" index="0" bw="1" slack="2147483647"/>
</pin_list>
<bind>
<StgValue><ssdm name=""/></StgValue>
</bind>
</comp>

<comp id="26" class="1001" name="const_26">
<pin_list>
<pin id="27" dir="1" index="0" bw="1" slack="2147483647"/>
</pin_list>
<bind>
<StgValue><ssdm name="empty"/></StgValue>
</bind>
</comp>

<comp id="28" class="1001" name="const_28">
<pin_list>
<pin id="29" dir="1" index="0" bw="1" slack="2147483647"/>
</pin_list>
<bind>
<StgValue><ssdm name="empty_1"/></StgValue>
</bind>
</comp>

<comp id="30" class="1001" name="const_30">
<pin_list>
<pin id="31" dir="1" index="0" bw="1" slack="2147483647"/>
</pin_list>
<bind>
<StgValue><ssdm name="empty_2"/></StgValue>
</bind>
</comp>

<comp id="32" class="1001" name="const_32">
<pin_list>
<pin id="33" dir="1" index="0" bw="1" slack="2147483647"/>
</pin_list>
<bind>
<StgValue><ssdm name=""/></StgValue>
</bind>
</comp>

<comp id="34" class="1001" name="const_34">
<pin_list>
<pin id="35" dir="1" index="0" bw="1" slack="0"/>
</pin_list>
<bind>
<StgValue><ssdm name=""/></StgValue>
</bind>
</comp>

<comp id="36" class="1001" name="const_36">
<pin_list>
<pin id="37" dir="1" index="0" bw="1" slack="0"/>
</pin_list>
<bind>
<StgValue><ssdm name=""/></StgValue>
</bind>
</comp>

<comp id="38" class="1001" name="const_38">
<pin_list>
<pin id="39" dir="1" index="0" bw="1" slack="2147483647"/>
</pin_list>
<bind>
<StgValue><ssdm name="_ssdm_op_SpecBitsMap"/></StgValue>
</bind>
</comp>

<comp id="40" class="1001" name="const_40">
<pin_list>
<pin id="41" dir="1" index="0" bw="1" slack="0"/>
</pin_list>
<bind>
<StgValue><ssdm name=""/></StgValue>
</bind>
</comp>

<comp id="42" class="1001" name="const_42">
<pin_list>
<pin id="43" dir="1" index="0" bw="1" slack="0"/>
</pin_list>
<bind>
<StgValue><ssdm name=""/></StgValue>
</bind>
</comp>

<comp id="44" class="1001" name="const_44">
<pin_list>
<pin id="45" dir="1" index="0" bw="1" slack="0"/>
</pin_list>
<bind>
<StgValue><ssdm name=""/></StgValue>
</bind>
</comp>

<comp id="46" class="1001" name="const_46">
<pin_list>
<pin id="47" dir="1" index="0" bw="1" slack="0"/>
</pin_list>
<bind>
<StgValue><ssdm name="_ssdm_op_BitConcatenate.i21.i20.i1"/></StgValue>
</bind>
</comp>

<comp id="48" class="1001" name="const_48">
<pin_list>
<pin id="49" dir="1" index="0" bw="1" slack="0"/>
</pin_list>
<bind>
<StgValue><ssdm name=""/></StgValue>
</bind>
</comp>

<comp id="50" class="1001" name="const_50">
<pin_list>
<pin id="51" dir="1" index="0" bw="1" slack="0"/>
</pin_list>
<bind>
<StgValue><ssdm name="_ssdm_op_PartSelect.i63.i64.i32.i32"/></StgValue>
</bind>
</comp>

<comp id="52" class="1001" name="const_52">
<pin_list>
<pin id="53" dir="1" index="0" bw="1" slack="0"/>
</pin_list>
<bind>
<StgValue><ssdm name=""/></StgValue>
</bind>
</comp>

<comp id="54" class="1001" name="const_54">
<pin_list>
<pin id="55" dir="1" index="0" bw="1" slack="0"/>
</pin_list>
<bind>
<StgValue><ssdm name="_ssdm_op_ReadReq.m_axi.i16P1A"/></StgValue>
</bind>
</comp>

<comp id="56" class="1001" name="const_56">
<pin_list>
<pin id="57" dir="1" index="0" bw="1" slack="0"/>
</pin_list>
<bind>
<StgValue><ssdm name=""/></StgValue>
</bind>
</comp>

<comp id="58" class="1001" name="const_58">
<pin_list>
<pin id="59" dir="1" index="0" bw="1" slack="0"/>
</pin_list>
<bind>
<StgValue><ssdm name="_ssdm_op_Read.m_axi.i16P1A"/></StgValue>
</bind>
</comp>

<comp id="60" class="1001" name="const_60">
<pin_list>
<pin id="61" dir="1" index="0" bw="1" slack="2147483647"/>
</pin_list>
<bind>
<StgValue><ssdm name="_ssdm_op_SpecPipeline"/></StgValue>
</bind>
</comp>

<comp id="62" class="1001" name="const_62">
<pin_list>
<pin id="63" dir="1" index="0" bw="1" slack="2147483647"/>
</pin_list>
<bind>
<StgValue><ssdm name="_ssdm_op_SpecLoopTripCount"/></StgValue>
</bind>
</comp>

<comp id="64" class="1001" name="const_64">
<pin_list>
<pin id="65" dir="1" index="0" bw="1" slack="2147483647"/>
</pin_list>
<bind>
<StgValue><ssdm name=""/></StgValue>
</bind>
</comp>

<comp id="66" class="1001" name="const_66">
<pin_list>
<pin id="67" dir="1" index="0" bw="1" slack="2147483647"/>
</pin_list>
<bind>
<StgValue><ssdm name="_ssdm_op_SpecLoopName"/></StgValue>
</bind>
</comp>

<comp id="68" class="1001" name="const_68">
<pin_list>
<pin id="69" dir="1" index="0" bw="1" slack="2147483647"/>
</pin_list>
<bind>
<StgValue><ssdm name="empty_18"/></StgValue>
</bind>
</comp>

<comp id="70" class="1001" name="const_70">
<pin_list>
<pin id="71" dir="1" index="0" bw="1" slack="0"/>
</pin_list>
<bind>
<StgValue><ssdm name=""/></StgValue>
</bind>
</comp>

<comp id="72" class="1001" name="const_72">
<pin_list>
<pin id="73" dir="1" index="0" bw="1" slack="0"/>
</pin_list>
<bind>
<StgValue><ssdm name="_ssdm_op_Write.ap_fifo.volatile.i16P0A"/></StgValue>
</bind>
</comp>

<comp id="74" class="1004" name="phi_mul_fu_74">
<pin_list>
<pin id="75" dir="0" index="0" bw="1" slack="0"/>
<pin id="76" dir="1" index="1" bw="20" slack="0"/>
</pin_list>
<bind>
<opcode="alloca(26) " fcode="alloca"/>
<opset="phi_mul/1 "/>
</bind>
</comp>

<comp id="78" class="1004" name="ch_fu_78">
<pin_list>
<pin id="79" dir="0" index="0" bw="1" slack="0"/>
<pin id="80" dir="1" index="1" bw="9" slack="0"/>
</pin_list>
<bind>
<opcode="alloca(26) " fcode="alloca"/>
<opset="ch/1 "/>
</bind>
</comp>

<comp id="82" class="1004" name="input_tensor_read_read_fu_82">
<pin_list>
<pin id="83" dir="0" index="0" bw="64" slack="0"/>
<pin id="84" dir="0" index="1" bw="64" slack="0"/>
<pin id="85" dir="1" index="2" bw="64" slack="0"/>
</pin_list>
<bind>
<opcode="read(1150) " fcode="read"/>
<opset="input_tensor_read/1 "/>
</bind>
</comp>

<comp id="88" class="1004" name="zext_ln40_read_read_fu_88">
<pin_list>
<pin id="89" dir="0" index="0" bw="12" slack="0"/>
<pin id="90" dir="0" index="1" bw="12" slack="0"/>
<pin id="91" dir="1" index="2" bw="12" slack="0"/>
</pin_list>
<bind>
<opcode="read(1150) " fcode="read"/>
<opset="zext_ln40_read/1 "/>
</bind>
</comp>

<comp id="94" class="1004" name="write_ln44_write_fu_94">
<pin_list>
<pin id="95" dir="0" index="0" bw="0" slack="0"/>
<pin id="96" dir="0" index="1" bw="16" slack="0"/>
<pin id="97" dir="0" index="2" bw="16" slack="1"/>
<pin id="98" dir="1" index="3" bw="0" slack="2147483647"/>
</pin_list>
<bind>
<opcode="write(1151) " fcode="write"/>
<opset="write_ln44/11 "/>
</bind>
</comp>

<comp id="101" class="1004" name="local_in_addr_gep_fu_101">
<pin_list>
<pin id="102" dir="0" index="0" bw="16" slack="0"/>
<pin id="103" dir="0" index="1" bw="1" slack="0"/>
<pin id="104" dir="0" index="2" bw="9" slack="0"/>
<pin id="105" dir="1" index="3" bw="8" slack="0"/>
</pin_list>
<bind>
<opcode="getelementptr(29) " fcode="getelementptr"/>
<opset="local_in_addr/11 "/>
</bind>
</comp>

<comp id="108" class="1004" name="store_ln43_access_fu_108">
<pin_list>
<pin id="109" dir="0" index="0" bw="8" slack="0"/>
<pin id="110" dir="0" index="1" bw="16" slack="1"/>
<pin id="111" dir="0" index="2" bw="0" slack="2147483647"/>
<pin id="112" dir="1" index="3" bw="16" slack="2147483647"/>
</pin_list>
<bind>
<opcode="store(28) " fcode="store"/>
<opset="store_ln43/11 "/>
</bind>
</comp>

<comp id="114" class="1004" name="grp_readreq_fu_114">
<pin_list>
<pin id="115" dir="0" index="0" bw="1" slack="0"/>
<pin id="116" dir="0" index="1" bw="16" slack="1"/>
<pin id="117" dir="0" index="2" bw="1" slack="0"/>
<pin id="118" dir="1" index="3" bw="1" slack="2147483647"/>
</pin_list>
<bind>
<opcode="readreq(1154) " fcode="readreq"/>
<opset="gmem0_load_req/2 "/>
</bind>
</comp>

<comp id="121" class="1004" name="gmem0_addr_read_read_fu_121">
<pin_list>
<pin id="122" dir="0" index="0" bw="16" slack="0"/>
<pin id="123" dir="0" index="1" bw="16" slack="9"/>
<pin id="124" dir="1" index="2" bw="16" slack="1"/>
</pin_list>
<bind>
<opcode="read(1150) " fcode="read"/>
<opset="gmem0_addr_read/10 "/>
</bind>
</comp>

<comp id="126" class="1004" name="zext_ln40_cast_fu_126">
<pin_list>
<pin id="127" dir="0" index="0" bw="12" slack="0"/>
<pin id="128" dir="1" index="1" bw="20" slack="0"/>
</pin_list>
<bind>
<opcode="zext(34) " fcode="zext"/>
<opset="zext_ln40_cast/1 "/>
</bind>
</comp>

<comp id="130" class="1004" name="store_ln40_store_fu_130">
<pin_list>
<pin id="131" dir="0" index="0" bw="1" slack="0"/>
<pin id="132" dir="0" index="1" bw="9" slack="0"/>
<pin id="133" dir="1" index="2" bw="0" slack="2147483647"/>
</pin_list>
<bind>
<opcode="store(28) " fcode="store"/>
<opset="store_ln40/1 "/>
</bind>
</comp>

<comp id="135" class="1004" name="store_ln0_store_fu_135">
<pin_list>
<pin id="136" dir="0" index="0" bw="1" slack="0"/>
<pin id="137" dir="0" index="1" bw="20" slack="0"/>
<pin id="138" dir="1" index="2" bw="0" slack="2147483647"/>
</pin_list>
<bind>
<opcode="store(28) " fcode="store"/>
<opset="store_ln0/1 "/>
</bind>
</comp>

<comp id="140" class="1004" name="ch_2_load_fu_140">
<pin_list>
<pin id="141" dir="0" index="0" bw="9" slack="0"/>
<pin id="142" dir="1" index="1" bw="9" slack="0"/>
</pin_list>
<bind>
<opcode="load(27) " fcode="load"/>
<opset="ch_2/1 "/>
</bind>
</comp>

<comp id="143" class="1004" name="icmp_ln40_fu_143">
<pin_list>
<pin id="144" dir="0" index="0" bw="9" slack="0"/>
<pin id="145" dir="0" index="1" bw="9" slack="0"/>
<pin id="146" dir="1" index="2" bw="1" slack="9"/>
</pin_list>
<bind>
<opcode="icmp(45) " fcode="icmp"/>
<opset="icmp_ln40/1 "/>
</bind>
</comp>

<comp id="149" class="1004" name="add_ln40_fu_149">
<pin_list>
<pin id="150" dir="0" index="0" bw="9" slack="0"/>
<pin id="151" dir="0" index="1" bw="1" slack="0"/>
<pin id="152" dir="1" index="2" bw="9" slack="0"/>
</pin_list>
<bind>
<opcode="add(8) " fcode="add"/>
<opset="add_ln40/1 "/>
</bind>
</comp>

<comp id="155" class="1004" name="phi_mul_load_load_fu_155">
<pin_list>
<pin id="156" dir="0" index="0" bw="20" slack="0"/>
<pin id="157" dir="1" index="1" bw="20" slack="0"/>
</pin_list>
<bind>
<opcode="load(27) " fcode="load"/>
<opset="phi_mul_load/1 "/>
</bind>
</comp>

<comp id="158" class="1004" name="add_ln42_2_fu_158">
<pin_list>
<pin id="159" dir="0" index="0" bw="20" slack="0"/>
<pin id="160" dir="0" index="1" bw="13" slack="0"/>
<pin id="161" dir="1" index="2" bw="20" slack="0"/>
</pin_list>
<bind>
<opcode="add(8) " fcode="add"/>
<opset="add_ln42_2/1 "/>
</bind>
</comp>

<comp id="164" class="1004" name="add_ln42_fu_164">
<pin_list>
<pin id="165" dir="0" index="0" bw="20" slack="0"/>
<pin id="166" dir="0" index="1" bw="12" slack="0"/>
<pin id="167" dir="1" index="2" bw="20" slack="0"/>
</pin_list>
<bind>
<opcode="add(8) " fcode="add"/>
<opset="add_ln42/1 "/>
</bind>
</comp>

<comp id="170" class="1004" name="shl_ln_fu_170">
<pin_list>
<pin id="171" dir="0" index="0" bw="21" slack="0"/>
<pin id="172" dir="0" index="1" bw="20" slack="0"/>
<pin id="173" dir="0" index="2" bw="1" slack="0"/>
<pin id="174" dir="1" index="3" bw="21" slack="0"/>
</pin_list>
<bind>
<opcode="bitconcatenate(1004) " fcode="bitconcatenate"/>
<opset="shl_ln/1 "/>
</bind>
</comp>

<comp id="178" class="1004" name="zext_ln42_fu_178">
<pin_list>
<pin id="179" dir="0" index="0" bw="21" slack="0"/>
<pin id="180" dir="1" index="1" bw="64" slack="0"/>
</pin_list>
<bind>
<opcode="zext(34) " fcode="zext"/>
<opset="zext_ln42/1 "/>
</bind>
</comp>

<comp id="182" class="1004" name="add_ln42_1_fu_182">
<pin_list>
<pin id="183" dir="0" index="0" bw="21" slack="0"/>
<pin id="184" dir="0" index="1" bw="64" slack="0"/>
<pin id="185" dir="1" index="2" bw="64" slack="0"/>
</pin_list>
<bind>
<opcode="add(8) " fcode="add"/>
<opset="add_ln42_1/1 "/>
</bind>
</comp>

<comp id="188" class="1004" name="trunc_ln_fu_188">
<pin_list>
<pin id="189" dir="0" index="0" bw="63" slack="0"/>
<pin id="190" dir="0" index="1" bw="64" slack="0"/>
<pin id="191" dir="0" index="2" bw="1" slack="0"/>
<pin id="192" dir="0" index="3" bw="7" slack="0"/>
<pin id="193" dir="1" index="4" bw="63" slack="0"/>
</pin_list>
<bind>
<opcode="partselect(1002) " fcode="partselect"/>
<opset="trunc_ln/1 "/>
</bind>
</comp>

<comp id="198" class="1004" name="sext_ln43_fu_198">
<pin_list>
<pin id="199" dir="0" index="0" bw="63" slack="0"/>
<pin id="200" dir="1" index="1" bw="64" slack="0"/>
</pin_list>
<bind>
<opcode="sext(35) " fcode="sext"/>
<opset="sext_ln43/1 "/>
</bind>
</comp>

<comp id="202" class="1004" name="gmem0_addr_fu_202">
<pin_list>
<pin id="203" dir="0" index="0" bw="16" slack="0"/>
<pin id="204" dir="0" index="1" bw="63" slack="0"/>
<pin id="205" dir="1" index="2" bw="16" slack="1"/>
</pin_list>
<bind>
<opcode="getelementptr(29) " fcode="getelementptr"/>
<opset="gmem0_addr/1 "/>
</bind>
</comp>

<comp id="208" class="1004" name="store_ln40_store_fu_208">
<pin_list>
<pin id="209" dir="0" index="0" bw="9" slack="0"/>
<pin id="210" dir="0" index="1" bw="9" slack="0"/>
<pin id="211" dir="1" index="2" bw="0" slack="2147483647"/>
</pin_list>
<bind>
<opcode="store(28) " fcode="store"/>
<opset="store_ln40/1 "/>
</bind>
</comp>

<comp id="213" class="1004" name="store_ln42_store_fu_213">
<pin_list>
<pin id="214" dir="0" index="0" bw="20" slack="0"/>
<pin id="215" dir="0" index="1" bw="20" slack="0"/>
<pin id="216" dir="1" index="2" bw="0" slack="2147483647"/>
</pin_list>
<bind>
<opcode="store(28) " fcode="store"/>
<opset="store_ln42/1 "/>
</bind>
</comp>

<comp id="218" class="1004" name="zext_ln40_1_fu_218">
<pin_list>
<pin id="219" dir="0" index="0" bw="9" slack="10"/>
<pin id="220" dir="1" index="1" bw="64" slack="0"/>
</pin_list>
<bind>
<opcode="zext(34) " fcode="zext"/>
<opset="zext_ln40_1/11 "/>
</bind>
</comp>

<comp id="222" class="1005" name="phi_mul_reg_222">
<pin_list>
<pin id="223" dir="0" index="0" bw="20" slack="0"/>
<pin id="224" dir="1" index="1" bw="20" slack="0"/>
</pin_list>
<bind>
<opset="phi_mul "/>
</bind>
</comp>

<comp id="229" class="1005" name="ch_reg_229">
<pin_list>
<pin id="230" dir="0" index="0" bw="9" slack="0"/>
<pin id="231" dir="1" index="1" bw="9" slack="0"/>
</pin_list>
<bind>
<opset="ch "/>
</bind>
</comp>

<comp id="236" class="1005" name="ch_2_reg_236">
<pin_list>
<pin id="237" dir="0" index="0" bw="9" slack="10"/>
<pin id="238" dir="1" index="1" bw="9" slack="10"/>
</pin_list>
<bind>
<opset="ch_2 "/>
</bind>
</comp>

<comp id="241" class="1005" name="icmp_ln40_reg_241">
<pin_list>
<pin id="242" dir="0" index="0" bw="1" slack="9"/>
<pin id="243" dir="1" index="1" bw="1" slack="2147483647"/>
</pin_list>
<bind>
<opset="icmp_ln40 "/>
</bind>
</comp>

<comp id="245" class="1005" name="gmem0_addr_reg_245">
<pin_list>
<pin id="246" dir="0" index="0" bw="16" slack="1"/>
<pin id="247" dir="1" index="1" bw="16" slack="1"/>
</pin_list>
<bind>
<opset="gmem0_addr "/>
</bind>
</comp>

<comp id="251" class="1005" name="gmem0_addr_read_reg_251">
<pin_list>
<pin id="252" dir="0" index="0" bw="16" slack="1"/>
<pin id="253" dir="1" index="1" bw="16" slack="1"/>
</pin_list>
<bind>
<opset="gmem0_addr_read "/>
</bind>
</comp>

</comp_list>

<net_list>
<net id="77"><net_src comp="10" pin="0"/><net_sink comp="74" pin=0"/></net>

<net id="81"><net_src comp="10" pin="0"/><net_sink comp="78" pin=0"/></net>

<net id="86"><net_src comp="12" pin="0"/><net_sink comp="82" pin=0"/></net>

<net id="87"><net_src comp="4" pin="0"/><net_sink comp="82" pin=1"/></net>

<net id="92"><net_src comp="14" pin="0"/><net_sink comp="88" pin=0"/></net>

<net id="93"><net_src comp="2" pin="0"/><net_sink comp="88" pin=1"/></net>

<net id="99"><net_src comp="72" pin="0"/><net_sink comp="94" pin=0"/></net>

<net id="100"><net_src comp="8" pin="0"/><net_sink comp="94" pin=1"/></net>

<net id="106"><net_src comp="6" pin="0"/><net_sink comp="101" pin=0"/></net>

<net id="107"><net_src comp="70" pin="0"/><net_sink comp="101" pin=1"/></net>

<net id="113"><net_src comp="101" pin="3"/><net_sink comp="108" pin=0"/></net>

<net id="119"><net_src comp="54" pin="0"/><net_sink comp="114" pin=0"/></net>

<net id="120"><net_src comp="56" pin="0"/><net_sink comp="114" pin=2"/></net>

<net id="125"><net_src comp="58" pin="0"/><net_sink comp="121" pin=0"/></net>

<net id="129"><net_src comp="88" pin="2"/><net_sink comp="126" pin=0"/></net>

<net id="134"><net_src comp="34" pin="0"/><net_sink comp="130" pin=0"/></net>

<net id="139"><net_src comp="36" pin="0"/><net_sink comp="135" pin=0"/></net>

<net id="147"><net_src comp="140" pin="1"/><net_sink comp="143" pin=0"/></net>

<net id="148"><net_src comp="40" pin="0"/><net_sink comp="143" pin=1"/></net>

<net id="153"><net_src comp="140" pin="1"/><net_sink comp="149" pin=0"/></net>

<net id="154"><net_src comp="42" pin="0"/><net_sink comp="149" pin=1"/></net>

<net id="162"><net_src comp="155" pin="1"/><net_sink comp="158" pin=0"/></net>

<net id="163"><net_src comp="44" pin="0"/><net_sink comp="158" pin=1"/></net>

<net id="168"><net_src comp="155" pin="1"/><net_sink comp="164" pin=0"/></net>

<net id="169"><net_src comp="126" pin="1"/><net_sink comp="164" pin=1"/></net>

<net id="175"><net_src comp="46" pin="0"/><net_sink comp="170" pin=0"/></net>

<net id="176"><net_src comp="164" pin="2"/><net_sink comp="170" pin=1"/></net>

<net id="177"><net_src comp="48" pin="0"/><net_sink comp="170" pin=2"/></net>

<net id="181"><net_src comp="170" pin="3"/><net_sink comp="178" pin=0"/></net>

<net id="186"><net_src comp="178" pin="1"/><net_sink comp="182" pin=0"/></net>

<net id="187"><net_src comp="82" pin="2"/><net_sink comp="182" pin=1"/></net>

<net id="194"><net_src comp="50" pin="0"/><net_sink comp="188" pin=0"/></net>

<net id="195"><net_src comp="182" pin="2"/><net_sink comp="188" pin=1"/></net>

<net id="196"><net_src comp="10" pin="0"/><net_sink comp="188" pin=2"/></net>

<net id="197"><net_src comp="52" pin="0"/><net_sink comp="188" pin=3"/></net>

<net id="201"><net_src comp="188" pin="4"/><net_sink comp="198" pin=0"/></net>

<net id="206"><net_src comp="0" pin="0"/><net_sink comp="202" pin=0"/></net>

<net id="207"><net_src comp="198" pin="1"/><net_sink comp="202" pin=1"/></net>

<net id="212"><net_src comp="149" pin="2"/><net_sink comp="208" pin=0"/></net>

<net id="217"><net_src comp="158" pin="2"/><net_sink comp="213" pin=0"/></net>

<net id="221"><net_src comp="218" pin="1"/><net_sink comp="101" pin=2"/></net>

<net id="225"><net_src comp="74" pin="1"/><net_sink comp="222" pin=0"/></net>

<net id="226"><net_src comp="222" pin="1"/><net_sink comp="135" pin=1"/></net>

<net id="227"><net_src comp="222" pin="1"/><net_sink comp="155" pin=0"/></net>

<net id="228"><net_src comp="222" pin="1"/><net_sink comp="213" pin=1"/></net>

<net id="232"><net_src comp="78" pin="1"/><net_sink comp="229" pin=0"/></net>

<net id="233"><net_src comp="229" pin="1"/><net_sink comp="130" pin=1"/></net>

<net id="234"><net_src comp="229" pin="1"/><net_sink comp="140" pin=0"/></net>

<net id="235"><net_src comp="229" pin="1"/><net_sink comp="208" pin=1"/></net>

<net id="239"><net_src comp="140" pin="1"/><net_sink comp="236" pin=0"/></net>

<net id="240"><net_src comp="236" pin="1"/><net_sink comp="218" pin=0"/></net>

<net id="244"><net_src comp="143" pin="2"/><net_sink comp="241" pin=0"/></net>

<net id="248"><net_src comp="202" pin="2"/><net_sink comp="245" pin=0"/></net>

<net id="249"><net_src comp="245" pin="1"/><net_sink comp="114" pin=1"/></net>

<net id="250"><net_src comp="245" pin="1"/><net_sink comp="121" pin=1"/></net>

<net id="254"><net_src comp="121" pin="2"/><net_sink comp="251" pin=0"/></net>

<net id="255"><net_src comp="251" pin="1"/><net_sink comp="108" pin=1"/></net>

<net id="256"><net_src comp="251" pin="1"/><net_sink comp="94" pin=2"/></net>

</net_list>

</model> 
---------------- Datapath Model END ------------------

* FSMD analyzer results:
  - Output states:
	Port: local_in | {11 }
	Port: skip_connection_fifo | {11 }
 - Input state : 
	Port: resnet50_bottleneck_Pipeline_VITIS_LOOP_40_3 : gmem0 | {2 3 4 5 6 7 8 9 10 }
	Port: resnet50_bottleneck_Pipeline_VITIS_LOOP_40_3 : zext_ln40 | {1 }
	Port: resnet50_bottleneck_Pipeline_VITIS_LOOP_40_3 : input_tensor | {1 }
  - Chain level:
	State 1
		store_ln40 : 1
		store_ln0 : 1
		ch_2 : 1
		icmp_ln40 : 2
		add_ln40 : 2
		br_ln40 : 3
		phi_mul_load : 1
		add_ln42_2 : 2
		add_ln42 : 1
		shl_ln : 2
		zext_ln42 : 3
		add_ln42_1 : 4
		trunc_ln : 5
		sext_ln43 : 6
		gmem0_addr : 7
		store_ln40 : 3
		store_ln42 : 3
	State 2
	State 3
	State 4
	State 5
	State 6
	State 7
	State 8
	State 9
	State 10
	State 11
		local_in_addr : 1
		store_ln43 : 2


============================================================
+ Verbose Summary: Datapath Resource usage 
============================================================

* Functional unit list:
|----------|------------------------------|---------|---------|
| Operation|        Functional Unit       |    FF   |   LUT   |
|----------|------------------------------|---------|---------|
|          |        add_ln40_fu_149       |    0    |    16   |
|    add   |       add_ln42_2_fu_158      |    0    |    27   |
|          |        add_ln42_fu_164       |    0    |    27   |
|          |       add_ln42_1_fu_182      |    0    |    71   |
|----------|------------------------------|---------|---------|
|   icmp   |       icmp_ln40_fu_143       |    0    |    16   |
|----------|------------------------------|---------|---------|
|          | input_tensor_read_read_fu_82 |    0    |    0    |
|   read   |   zext_ln40_read_read_fu_88  |    0    |    0    |
|          |  gmem0_addr_read_read_fu_121 |    0    |    0    |
|----------|------------------------------|---------|---------|
|   write  |    write_ln44_write_fu_94    |    0    |    0    |
|----------|------------------------------|---------|---------|
|  readreq |      grp_readreq_fu_114      |    0    |    0    |
|----------|------------------------------|---------|---------|
|          |     zext_ln40_cast_fu_126    |    0    |    0    |
|   zext   |       zext_ln42_fu_178       |    0    |    0    |
|          |      zext_ln40_1_fu_218      |    0    |    0    |
|----------|------------------------------|---------|---------|
|bitconcatenate|         shl_ln_fu_170        |    0    |    0    |
|----------|------------------------------|---------|---------|
|partselect|        trunc_ln_fu_188       |    0    |    0    |
|----------|------------------------------|---------|---------|
|   sext   |       sext_ln43_fu_198       |    0    |    0    |
|----------|------------------------------|---------|---------|
|   Total  |                              |    0    |   157   |
|----------|------------------------------|---------|---------|

Memories:
N/A

* Register list:
+-----------------------+--------+
|                       |   FF   |
+-----------------------+--------+
|      ch_2_reg_236     |    9   |
|       ch_reg_229      |    9   |
|gmem0_addr_read_reg_251|   16   |
|   gmem0_addr_reg_245  |   16   |
|   icmp_ln40_reg_241   |    1   |
|    phi_mul_reg_222    |   20   |
+-----------------------+--------+
|         Total         |   71   |
+-----------------------+--------+

* Multiplexer (MUX) list: 
|--------|------|------|------|--------|
|  Comp  |  Pin | Size |  BW  | S x BW |
|--------|------|------|------|--------|
|  Total |      |      |      |    0   |
|--------|------|------|------|--------|



* Summary:
+-----------+--------+--------+
|           |   FF   |   LUT  |
+-----------+--------+--------+
|  Function |    0   |   157  |
|   Memory  |    -   |    -   |
|Multiplexer|    -   |    -   |
|  Register |   71   |    -   |
+-----------+--------+--------+
|   Total   |   71   |   157  |
+-----------+--------+--------+
