

================================================================
== Vitis HLS Report for 'resnet50_bottleneck_Pipeline_VITIS_LOOP_55_4'
================================================================
* Date:           Mon Mar 30 20:09:09 2026

* Version:        2025.1 (Build 6135595 on May 21 2025)
* Project:        hls_component
* Solution:       hls (Vivado IP Flow Target)
* Product family: zynquplus
* Target device:  xczu7ev-ffvc1156-2-e


================================================================
== Performance Estimates
================================================================
+ Timing: 
    * Summary: 
    +--------+----------+----------+------------+
    |  Clock |  Target  | Estimated| Uncertainty|
    +--------+----------+----------+------------+
    |ap_clk  |  10.00 ns|  2.474 ns|     2.70 ns|
    +--------+----------+----------+------------+

+ Latency: 
    * Summary: 
    +---------+---------+----------+----------+-----+-----+------------------------------------------------+
    |  Latency (cycles) |  Latency (absolute) |  Interval |                    Pipeline                    |
    |   min   |   max   |    min   |    max   | min | max |                      Type                      |
    +---------+---------+----------+----------+-----+-----+------------------------------------------------+
    |      258|      258|  2.580 us|  2.580 us|  257|  257|  loop auto-rewind stp (delay=0 clock cycles(s))|
    +---------+---------+----------+----------+-----+-----+------------------------------------------------+

    + Detail: 
        * Instance: 
        N/A

        * Loop: 
        +-------------------+---------+---------+----------+-----------+-----------+------+----------+
        |                   |  Latency (cycles) | Iteration|  Initiation Interval  | Trip |          |
        |     Loop Name     |   min   |   max   |  Latency |  achieved |   target  | Count| Pipelined|
        +-------------------+---------+---------+----------+-----------+-----------+------+----------+
        |- VITIS_LOOP_55_4  |      256|      256|         2|          1|          1|   256|       yes|
        +-------------------+---------+---------+----------+-----------+-----------+------+----------+

============================================================
+ Verbose Summary: Synthesis Manager
============================================================
InlineROM: 1
ExposeGlobal: 0
============================================================
+ Verbose Summary: CDFG Model
============================================================
IsTopModel: 0
ResetActiveHigh: 1
IsCombinational: 0
IsDatapathOnly: 0
HasWiredReturn: 1
HasMFsm: 2
HasVarLatency: 1
IsPipeline: 0
IsRtlPipelined: 0
IsInstanceOverlapped: 0
IsDontTouch: 0
HasImplIP: 0
IsGatedGlobalClock: 0

+ Individual pipeline summary: 
  * Pipeline-0: initiation interval (II) = 1, depth = 2


============================================================
+ Verbose Summary: Schedule
============================================================
* Number of FSM states : 2
* Pipeline : 1
  Pipeline-0 : II = 1, D = 2, States = { 1 2 }
* Dataflow Pipeline: 0

* FSM state transitions: 
1 --> 2 
2 --> 

* FSM state operations: 

State 1 <SV = 0> <Delay = 1.66>
ST_1 : Operation 5 [1/1] (0.00ns)   --->   "%ch_1 = alloca i32 1" [ResNet50.cpp:55]   --->   Operation 5 'alloca' 'ch_1' <Predicate = true> <Delay = 0.00>
ST_1 : Operation 6 [1/1] (0.42ns)   --->   "%store_ln55 = store i9 0, i9 %ch_1" [ResNet50.cpp:55]   --->   Operation 6 'store' 'store_ln55' <Predicate = true> <Delay = 0.42>
ST_1 : Operation 7 [1/1] (0.00ns)   --->   "%br_ln0 = br void %for.body18"   --->   Operation 7 'br' 'br_ln0' <Predicate = true> <Delay = 0.00>
ST_1 : Operation 8 [1/1] (0.00ns)   --->   "%ch = load i9 %ch_1" [ResNet50.cpp:55]   --->   Operation 8 'load' 'ch' <Predicate = true> <Delay = 0.00>
ST_1 : Operation 9 [1/1] (0.77ns)   --->   "%icmp_ln55 = icmp_eq  i9 %ch, i9 256" [ResNet50.cpp:55]   --->   Operation 9 'icmp' 'icmp_ln55' <Predicate = true> <Delay = 0.77> <CoreInst = "Cmp">   --->   Core 9 'Cmp' <Latency = 0> <II = 1> <Delay = 0.77> <FuncUnit> <Opcode : 'seteq' 'setne' 'setle' 'setge' 'setlt' 'setgt'> <InPorts = 2> <OutPorts = 1>
ST_1 : Operation 10 [1/1] (0.77ns)   --->   "%add_ln55 = add i9 %ch, i9 1" [ResNet50.cpp:55]   --->   Operation 10 'add' 'add_ln55' <Predicate = true> <Delay = 0.77> <CoreInst = "Adder">   --->   Core 1 'Adder' <Latency = 0> <II = 1> <Delay = 0.77> <FuncUnit> <Opcode : 'add' 'sub'> <InPorts = 2> <OutPorts = 1>
ST_1 : Operation 11 [1/1] (0.00ns)   --->   "%br_ln55 = br i1 %icmp_ln55, void %for.body18.split, void %for.body32.preheader.exitStub" [ResNet50.cpp:55]   --->   Operation 11 'br' 'br_ln55' <Predicate = true> <Delay = 0.00>
ST_1 : Operation 12 [1/1] (0.00ns)   --->   "%zext_ln55 = zext i9 %ch" [ResNet50.cpp:55]   --->   Operation 12 'zext' 'zext_ln55' <Predicate = (!icmp_ln55)> <Delay = 0.00>
ST_1 : Operation 13 [1/1] (0.00ns)   --->   "%local_in_addr = getelementptr i16 %local_in, i64 0, i64 %zext_ln55" [ResNet50.cpp:56]   --->   Operation 13 'getelementptr' 'local_in_addr' <Predicate = (!icmp_ln55)> <Delay = 0.00>
ST_1 : Operation 14 [2/2] (1.23ns)   --->   "%local_in_load = load i8 %local_in_addr" [ResNet50.cpp:56]   --->   Operation 14 'load' 'local_in_load' <Predicate = (!icmp_ln55)> <Delay = 1.23> <CoreInst = "RAM">   --->   Core 82 'RAM' <Latency = 1> <II = 1> <Delay = 1.23> <Storage> <Opcode : 'load' 'store'> <Ports = 2> <Width = 16> <Depth = 256> <RAM>
ST_1 : Operation 15 [1/1] (0.42ns)   --->   "%store_ln55 = store i9 %add_ln55, i9 %ch_1" [ResNet50.cpp:55]   --->   Operation 15 'store' 'store_ln55' <Predicate = (!icmp_ln55)> <Delay = 0.42>
ST_1 : Operation 24 [1/1] (0.42ns)   --->   "%ret_ln0 = ret"   --->   Operation 24 'ret' 'ret_ln0' <Predicate = (icmp_ln55)> <Delay = 0.42>

State 2 <SV = 1> <Delay = 2.47>
ST_2 : Operation 16 [1/1] (0.00ns)   --->   "%specpipeline_ln55 = specpipeline void @_ssdm_op_SpecPipeline, i32 4294967295, i32 0, i32 0, i32 0, void @empty_0" [ResNet50.cpp:55]   --->   Operation 16 'specpipeline' 'specpipeline_ln55' <Predicate = true> <Delay = 0.00>
ST_2 : Operation 17 [1/1] (0.00ns)   --->   "%speclooptripcount_ln55 = speclooptripcount void @_ssdm_op_SpecLoopTripCount, i64 256, i64 256, i64 256" [ResNet50.cpp:55]   --->   Operation 17 'speclooptripcount' 'speclooptripcount_ln55' <Predicate = true> <Delay = 0.00>
ST_2 : Operation 18 [1/1] (0.00ns)   --->   "%specloopname_ln55 = specloopname void @_ssdm_op_SpecLoopName, void @empty_19" [ResNet50.cpp:55]   --->   Operation 18 'specloopname' 'specloopname_ln55' <Predicate = true> <Delay = 0.00>
ST_2 : Operation 19 [1/2] ( I:1.23ns O:1.23ns )   --->   "%local_in_load = load i8 %local_in_addr" [ResNet50.cpp:56]   --->   Operation 19 'load' 'local_in_load' <Predicate = true> <Delay = 1.23> <CoreInst = "RAM">   --->   Core 82 'RAM' <Latency = 1> <II = 1> <Delay = 1.23> <Storage> <Opcode : 'load' 'store'> <Ports = 2> <Width = 16> <Depth = 256> <RAM>
ST_2 : Operation 20 [1/1] (0.00ns)   --->   "%trunc_ln1 = partselect i15 @_ssdm_op_PartSelect.i15.i16.i32.i32, i16 %local_in_load, i32 1, i32 15" [ResNet50.cpp:56]   --->   Operation 20 'partselect' 'trunc_ln1' <Predicate = true> <Delay = 0.00>
ST_2 : Operation 21 [1/1] (0.00ns)   --->   "%local_out_addr = getelementptr i15 %local_out, i64 0, i64 %zext_ln55" [ResNet50.cpp:56]   --->   Operation 21 'getelementptr' 'local_out_addr' <Predicate = true> <Delay = 0.00>
ST_2 : Operation 22 [1/1] ( I:1.23ns O:1.23ns )   --->   "%store_ln56 = store i15 %trunc_ln1, i8 %local_out_addr" [ResNet50.cpp:56]   --->   Operation 22 'store' 'store_ln56' <Predicate = true> <Delay = 1.23> <CoreInst = "RAM">   --->   Core 82 'RAM' <Latency = 1> <II = 1> <Delay = 1.23> <Storage> <Opcode : 'load' 'store'> <Ports = 2> <Width = 15> <Depth = 256> <RAM>
ST_2 : Operation 23 [1/1] (0.00ns)   --->   "%br_ln55 = br void %for.body18" [ResNet50.cpp:55]   --->   Operation 23 'br' 'br_ln55' <Predicate = true> <Delay = 0.00>


============================================================
+ Verbose Summary: Timing violations
============================================================
Target clock period: 10.000ns, clock uncertainty: 2.700ns.

 <State 1>: 1.664ns
The critical path consists of the following:
	'store' operation 0 bit ('store_ln55', ResNet50.cpp:55) of constant 0 on local variable 'ch', ResNet50.cpp:55 [4]  (0.427 ns)
	'load' operation 9 bit ('ch', ResNet50.cpp:55) on local variable 'ch', ResNet50.cpp:55 [7]  (0.000 ns)
	'getelementptr' operation 8 bit ('local_in_addr', ResNet50.cpp:56) [16]  (0.000 ns)
	'load' operation 16 bit ('local_in_load', ResNet50.cpp:56) on array 'local_in' [17]  (1.237 ns)

 <State 2>: 2.474ns
The critical path consists of the following:
	'load' operation 16 bit ('local_in_load', ResNet50.cpp:56) on array 'local_in' [17]  (1.237 ns)
	'store' operation 0 bit ('store_ln56', ResNet50.cpp:56) of variable 'trunc_ln1', ResNet50.cpp:56 on array 'local_out' [20]  (1.237 ns)


============================================================
+ Verbose Summary: Binding
============================================================
N/A
* FSMD analyzer results:
  - Output states:
 - Input state : 
  - Chain level:
	State 1
	State 2


============================================================
+ Verbose Summary: Datapath Resource usage 
============================================================
N/A
