

================================================================
== Synthesis Summary Report of 'lenet_kernel'
================================================================
+ General Information: 
    * Date:           Mon Mar 30 19:32:19 2026
    * Version:        2025.1 (Build 6135595 on May 21 2025)
    * Project:        hls_component
    * Solution:       hls (Vivado IP Flow Target)
    * Product family: zynquplus
    * Target device:  xczu7ev-ffvc1156-2-e
    

+ Performance & Resource Estimates: 
    
    PS: '+' for module; 'o' for loop; '*' for dataflow
    +------------------------------------------+------+------+---------+-----------+----------+---------+------+----------+---------+----+------------+------------+-----+
    |                  Modules                 | Issue|      |       Latency       | Iteration|         | Trip |          |         |    |            |            |     |
    |                  & Loops                 | Type | Slack| (cycles)|    (ns)   |  Latency | Interval| Count| Pipelined|  BRAM   | DSP|     FF     |     LUT    | URAM|
    +------------------------------------------+------+------+---------+-----------+----------+---------+------+----------+---------+----+------------+------------+-----+
    |+ lenet_kernel                            |     -|  0.00|     1057|  1.057e+04|         -|     1058|     -|        no|  3 (~0%)|   -|  1762 (~0%)|  2250 (~0%)|    -|
    | + lenet_kernel_Pipeline_VITIS_LOOP_25_1  |     -|  0.00|     1027|  1.027e+04|         -|     1025|     -|    rewind|        -|   -|    53 (~0%)|    86 (~0%)|    -|
    |  o VITIS_LOOP_25_1                       |     -|  7.30|     1025|  1.025e+04|         3|        1|  1024|       yes|        -|   -|           -|           -|    -|
    | + lenet_kernel_Pipeline_VITIS_LOOP_31_2  |     -|  0.00|       13|    130.000|         -|       11|     -|    rewind|        -|   -|    25 (~0%)|    73 (~0%)|    -|
    |  o VITIS_LOOP_31_2                       |     -|  7.30|       11|    110.000|         3|        1|    10|       yes|        -|   -|           -|           -|    -|
    +------------------------------------------+------+------+---------+-----------+----------+---------+------+----------+---------+----+------------+------------+-----+


================================================================
== HW Interfaces
================================================================
* M_AXI
+-------------+------------+------------+---------------+---------+--------+----------+-----------+--------------+--------------+-------------+-------------+-------------------+
| Interface   | Read/Write | Data Width | Address Width | Latency | Offset | Register | Max Widen | Max Read     | Max Write    | Num Read    | Num Write   | Resource Estimate |
|             |            | (SW->HW)   |               |         |        |          | Bitwidth  | Burst Length | Burst Length | Outstanding | Outstanding |                   |
+-------------+------------+------------+---------------+---------+--------+----------+-----------+--------------+--------------+-------------+-------------+-------------------+
| m_axi_gmem0 | READ_ONLY  | 16 -> 16   | 64            | 0       | slave  | 0        | 0         | 16           | 16           | 16          | 16          | BRAM=2            |
| m_axi_gmem1 | WRITE_ONLY | 16 -> 16   | 64            | 0       | slave  | 0        | 0         | 16           | 16           | 16          | 16          |                   |
+-------------+------------+------------+---------------+---------+--------+----------+-----------+--------------+--------------+-------------+-------------+-------------------+

* S_AXILITE Interfaces
+-----------------+------------+---------------+--------+----------+
| Interface       | Data Width | Address Width | Offset | Register |
+-----------------+------------+---------------+--------+----------+
| s_axi_control   | 32         | 4             |        |          |
| s_axi_control_r | 32         | 6             | 16     | 0        |
+-----------------+------------+---------------+--------+----------+

* S_AXILITE Registers
+-----------------+---------------+--------+-------+--------+----------------------------------+----------------------------------------------------------------------+
| Interface       | Register      | Offset | Width | Access | Description                      | Bit Fields                                                           |
+-----------------+---------------+--------+-------+--------+----------------------------------+----------------------------------------------------------------------+
| s_axi_control   | CTRL          | 0x00   | 32    | RW     | Control signals                  | 0=AP_START 1=AP_DONE 2=AP_IDLE 3=AP_READY 7=AUTO_RESTART 9=INTERRUPT |
| s_axi_control   | GIER          | 0x04   | 32    | RW     | Global Interrupt Enable Register | 0=Enable                                                             |
| s_axi_control   | IP_IER        | 0x08   | 32    | RW     | IP Interrupt Enable Register     | 0=CHAN0_INT_EN 1=CHAN1_INT_EN                                        |
| s_axi_control   | IP_ISR        | 0x0c   | 32    | RW     | IP Interrupt Status Register     | 0=CHAN0_INT_ST 1=CHAN1_INT_ST                                        |
| s_axi_control_r | input_data_1  | 0x10   | 32    | W      | Data signal of input_data        |                                                                      |
| s_axi_control_r | input_data_2  | 0x14   | 32    | W      | Data signal of input_data        |                                                                      |
| s_axi_control_r | output_data_1 | 0x1c   | 32    | W      | Data signal of output_data       |                                                                      |
| s_axi_control_r | output_data_2 | 0x20   | 32    | W      | Data signal of output_data       |                                                                      |
+-----------------+---------------+--------+-------+--------+----------------------------------+----------------------------------------------------------------------+

* Other Ports
+---------+---------+-----------+----------+
| Port    | Mode    | Direction | Bitwidth |
+---------+---------+-----------+----------+
| weights | ap_none | in        | 16       |
+---------+---------+-----------+----------+

* TOP LEVEL CONTROL
+-----------+------------+-----------+
| Interface | Type       | Ports     |
+-----------+------------+-----------+
| ap_clk    | clock      | ap_clk    |
| ap_rst_n  | reset      | ap_rst_n  |
| interrupt | interrupt  | interrupt |
| ap_ctrl   | ap_ctrl_hs |           |
+-----------+------------+-----------+


================================================================
== SW I/O Information
================================================================
* Top Function Arguments
+-------------+-----------+---------------------------------------------+
| Argument    | Direction | Datatype                                    |
+-------------+-----------+---------------------------------------------+
| input_data  | in        | ap_fixed<16, 8, AP_TRN, AP_WRAP, 0>*        |
| output_data | out       | ap_fixed<16, 8, AP_TRN, AP_WRAP, 0>*        |
| weights     | unused    | ap_fixed<16, 8, AP_TRN, AP_WRAP, 0> const * |
+-------------+-----------+---------------------------------------------+

* SW-to-HW Mapping
+-------------+-----------------+-----------+----------+-----------------------------------------+
| Argument    | HW Interface    | HW Type   | HW Usage | HW Info                                 |
+-------------+-----------------+-----------+----------+-----------------------------------------+
| input_data  | m_axi_gmem0     | interface |          | channel=0                               |
| input_data  | s_axi_control_r | register  | offset   | name=input_data_1 offset=0x10 range=32  |
| input_data  | s_axi_control_r | register  | offset   | name=input_data_2 offset=0x14 range=32  |
| output_data | m_axi_gmem1     | interface |          | channel=0                               |
| output_data | s_axi_control_r | register  | offset   | name=output_data_1 offset=0x1c range=32 |
| output_data | s_axi_control_r | register  | offset   | name=output_data_2 offset=0x20 range=32 |
| weights     | weights         | port      |          |                                         |
+-------------+-----------------+-----------+----------+-----------------------------------------+


================================================================
== M_AXI Burst Information
================================================================
 Note: All burst requests might be further partitioned into multiple requests during RTL generation based on max_read_burst_length or max_write_burst_length settings.

* Inferred Burst Summary
+--------------+-----------+--------+-------+-----------------+------------------------+
| HW Interface | Direction | Length | Width | Loop            | Loop Location          |
+--------------+-----------+--------+-------+-----------------+------------------------+
| m_axi_gmem0  | read      | 1024   | 16    | VITIS_LOOP_25_1 | lenet_c_code.cpp:25:19 |
| m_axi_gmem1  | write     | 10     | 16    | VITIS_LOOP_31_2 | lenet_c_code.cpp:31:22 |
+--------------+-----------+--------+-------+-----------------+------------------------+

* All M_AXI Variable Accesses
+--------------+-------------+------------------------+-----------+--------------+--------+-----------------+------------------------+------------+-------------------------------------------------------------------------------------------------------+
| HW Interface | Variable    | Access Location        | Direction | Burst Status | Length | Loop            | Loop Location          | Resolution | Problem                                                                                               |
+--------------+-------------+------------------------+-----------+--------------+--------+-----------------+------------------------+------------+-------------------------------------------------------------------------------------------------------+
| m_axi_gmem0  | input_data  | lenet_c_code.cpp:27:26 | read      | Widen Fail   |        | VITIS_LOOP_25_1 | lenet_c_code.cpp:25:19 | 214-353    | Could not widen since type i16 size is greater than or equal to the max_widen_bitwidth threshold of 0 |
| m_axi_gmem0  | input_data  | lenet_c_code.cpp:27:26 | read      | Inferred     | 1024   | VITIS_LOOP_25_1 | lenet_c_code.cpp:25:19 |            |                                                                                                       |
| m_axi_gmem1  | output_data | lenet_c_code.cpp:33:17 | write     | Widen Fail   |        | VITIS_LOOP_31_2 | lenet_c_code.cpp:31:22 | 214-353    | Could not widen since type i16 size is greater than or equal to the max_widen_bitwidth threshold of 0 |
| m_axi_gmem1  | output_data | lenet_c_code.cpp:33:17 | write     | Inferred     | 10     | VITIS_LOOP_31_2 | lenet_c_code.cpp:31:22 |            |                                                                                                       |
+--------------+-------------+------------------------+-----------+--------------+--------+-----------------+------------------------+------------+-------------------------------------------------------------------------------------------------------+

    * Resolution URL: docs.xilinx.com/access/sources/dita/topic?Doc_Version=2025.1%20English&url=ug1448-hls-guidance&resourceid=XXX-YYY.html (replace XXX-YYY with column value)

================================================================
== Bind Op Report
================================================================
+------------------------------------------+-----+--------+-----------+-------+--------+---------+
| Name                                     | DSP | Pragma | Variable  | Op    | Impl   | Latency |
+------------------------------------------+-----+--------+-----------+-------+--------+---------+
| + lenet_kernel                           | 0   |        |           |       |        |         |
|  + lenet_kernel_Pipeline_VITIS_LOOP_25_1 | 0   |        |           |       |        |         |
|    icmp_ln25_fu_88_p2                    |     |        | icmp_ln25 | seteq | auto   | 0       |
|    add_ln25_fu_94_p2                     |     |        | add_ln25  | add   | fabric | 0       |
|  + lenet_kernel_Pipeline_VITIS_LOOP_31_2 | 0   |        |           |       |        |         |
|    icmp_ln31_fu_93_p2                    |     |        | icmp_ln31 | seteq | auto   | 0       |
|    add_ln31_fu_99_p2                     |     |        | add_ln31  | add   | fabric | 0       |
+------------------------------------------+-----+--------+-----------+-------+--------+---------+


================================================================
== Storage Report
================================================================
+---------------------+--------------+-----------+------+------+--------+----------+------+---------+------------------+
| Name                | Usage        | Type      | BRAM | URAM | Pragma | Variable | Impl | Latency | Bitwidth, Depth, |
|                     |              |           |      |      |        |          |      |         | Banks            |
+---------------------+--------------+-----------+------+------+--------+----------+------+---------+------------------+
| + lenet_kernel      |              |           | 3    | 0    |        |          |      |         |                  |
|   control_s_axi_U   | interface    | s_axilite |      |      |        |          |      |         |                  |
|   control_r_s_axi_U | interface    | s_axilite |      |      |        |          |      |         |                  |
|   gmem0_m_axi_U     | interface    | m_axi     | 2    |      |        |          |      |         |                  |
|   gmem1_m_axi_U     | interface    | m_axi     |      |      |        |          |      |         |                  |
|   local_in_U        | ram_1p array |           | 1    |      |        | local_in | auto | 1       | 16, 1024, 1      |
+---------------------+--------------+-----------+------+------+--------+----------+------+---------+------------------+


================================================================
== Pragma Report
================================================================
* Valid Pragma Syntax
+-----------------+--------------------------------------------------+--------------------------------------------------+
| Type            | Options                                          | Location                                         |
+-----------------+--------------------------------------------------+--------------------------------------------------+
| INTERFACE       | m_axi port=input_data offset=slave bundle=gmem0  | lenet_c_code.cpp:16 in lenet_kernel, input_data  |
| INTERFACE       | m_axi port=output_data offset=slave bundle=gmem1 | lenet_c_code.cpp:17 in lenet_kernel, output_data |
| INTERFACE       | s_axilite port=return bundle=control             | lenet_c_code.cpp:18 in lenet_kernel, return      |
| ARRAY_PARTITION | variable=local_in complete dim=1                 | lenet_c_code.cpp:23 in lenet_kernel, local_in    |
| PIPELINE        | ii=1                                             | lenet_c_code.cpp:26 in lenet_kernel              |
| PIPELINE        | ii=1                                             | lenet_c_code.cpp:32 in lenet_kernel              |
+-----------------+--------------------------------------------------+--------------------------------------------------+


