03/30/26 21:24:22: Running xcd server. This server was built by gradle.
03/30/26 21:24:22: Server was asked to start on port: '64787'
03/30/26 21:24:22: Server is using token UUID: '364cab86-df19-4578-849b-a8f6d48c9e88'
03/30/26 21:24:22: SESSION_MGR: creating session with session uuid: '6d04a3e9-ade5-4ab9-8d63-1f78fcd2ec76' and name 'default'
03/30/26 21:24:22: Attempting to start server on port '64787'
03/30/26 21:24:22: Running Dispatch Server
03/30/26 21:24:22: Version 2.2.0
03/30/26 21:24:24: Dispatch Server: Accepted socket connection from client
03/30/26 21:24:24: Starting Socket connection
03/30/26 21:24:24: EXCHANGE_TOKEN received, server token: 364cab86-df19-4578-849b-a8f6d48c9e88, passed token: 364cab86-df19-4578-849b-a8f6d48c9e88
03/30/26 21:24:24: DISPATCH_HANDLER: Adding handler from function makeHandler in library xv_system_diagram
03/30/26 21:24:24: SESSION_MGR: creating session with session uuid: '850613d7-4c0e-48f8-aee3-4ce8ba0d558a' and name 'v++_compile_hls_component'
03/30/26 21:24:24: KERNEL_SVC: creating session with uuid: '850613d7-4c0e-48f8-aee3-4ce8ba0d558a' and name 'v++_compile_hls_component'
03/30/26 21:24:24: GUIDANCE_SMGR: creating guidance session with uuid: '850613d7-4c0e-48f8-aee3-4ce8ba0d558a' and name 'v++_compile_hls_component'
03/30/26 21:24:24: SYSTEM_DIAGRAM: creating session with uuid: '850613d7-4c0e-48f8-aee3-4ce8ba0d558a' and name 'v++_compile_hls_component'
03/30/26 21:24:31: Dispatch Server: Accepted socket connection from client
03/30/26 21:24:31: Starting Socket connection
03/30/26 21:24:57: SESSION_MGR: closing session for UUID '850613d7-4c0e-48f8-aee3-4ce8ba0d558a' with name 'v++_compile_hls_component'
03/30/26 21:24:57: KERNEL_SVC: closing session for UUID '850613d7-4c0e-48f8-aee3-4ce8ba0d558a' with name 'v++_compile_hls_component'
03/30/26 21:24:57: GUIDANCE_SMGR: closing session for UUID '850613d7-4c0e-48f8-aee3-4ce8ba0d558a' with name 'v++_compile_hls_component'
03/30/26 21:24:57: SYSTEM_DIAGRAM: closing session for UUID '850613d7-4c0e-48f8-aee3-4ce8ba0d558a' with name 'v++_compile_hls_component'
03/30/26 21:24:57: STOP_SERVER received, server token: 364cab86-df19-4578-849b-a8f6d48c9e88, passed token: 364cab86-df19-4578-849b-a8f6d48c9e88
03/30/26 21:24:57: Socket received request to stop server.
03/30/26 21:24:57: Dispatch Server: do_await_stop
03/30/26 21:24:57: SERVER: destructor for server bound to port 64787
