INFO: [VRFC 10-2263] Analyzing Verilog file "D:/vivado_research_project/alexnet/alexnet_layer1_alexnet_layer1_Pipeline_VITIS_LOOP_36_1_VITIS_LOOP_38_2_VITIS_LOOP_39_3_VITIS_LO.v" into library xil_defaultlib
INFO: [VRFC 10-311] analyzing module alexnet_layer1_alexnet_layer1_Pipeline_VITIS_LOOP_36_1_VITIS_LOOP_38_2_VITIS_LOOP_39_3_VITIS_LO
INFO: [VRFC 10-2263] Analyzing Verilog file "D:/vivado_research_project/alexnet/alexnet_layer1_alexnet_layer1_Pipeline_VITIS_LOOP_49_5_VITIS_LOOP_50_6_VITIS_LOOP_51_7.v" into library xil_defaultlib
INFO: [VRFC 10-311] analyzing module alexnet_layer1_alexnet_layer1_Pipeline_VITIS_LOOP_49_5_VITIS_LOOP_50_6_VITIS_LOOP_51_7
INFO: [VRFC 10-2263] Analyzing Verilog file "D:/vivado_research_project/alexnet/alexnet_layer1_ama_addmuladd_11ns_4ns_4ns_4ns_14_4_1.v" into library xil_defaultlib
INFO: [VRFC 10-311] analyzing module alexnet_layer1_ama_addmuladd_11ns_4ns_4ns_4ns_14_4_1_DSP48_0
INFO: [VRFC 10-311] analyzing module alexnet_layer1_ama_addmuladd_11ns_4ns_4ns_4ns_14_4_1
INFO: [VRFC 10-2263] Analyzing Verilog file "D:/vivado_research_project/alexnet/alexnet_layer1_control_s_axi.v" into library xil_defaultlib
INFO: [VRFC 10-311] analyzing module alexnet_layer1_control_s_axi
INFO: [VRFC 10-2263] Analyzing Verilog file "D:/vivado_research_project/alexnet/alexnet_layer1_flow_control_loop_pipe_sequential_init.v" into library xil_defaultlib
INFO: [VRFC 10-311] analyzing module alexnet_layer1_flow_control_loop_pipe_sequential_init
INFO: [VRFC 10-2263] Analyzing Verilog file "D:/vivado_research_project/alexnet/alexnet_layer1_gmem0_m_axi.v" into library xil_defaultlib
INFO: [VRFC 10-311] analyzing module alexnet_layer1_gmem0_m_axi
INFO: [VRFC 10-311] analyzing module alexnet_layer1_gmem0_m_axi_load
INFO: [VRFC 10-311] analyzing module alexnet_layer1_gmem0_m_axi_read
INFO: [VRFC 10-311] analyzing module alexnet_layer1_gmem0_m_axi_burst_converter
INFO: [VRFC 10-311] analyzing module alexnet_layer1_gmem0_m_axi_burst_interleave
INFO: [VRFC 10-311] analyzing module alexnet_layer1_gmem0_m_axi_burst_sequential
INFO: [VRFC 10-311] analyzing module alexnet_layer1_gmem0_m_axi_reg_slice
INFO: [VRFC 10-311] analyzing module alexnet_layer1_gmem0_m_axi_fifo
INFO: [VRFC 10-311] analyzing module alexnet_layer1_gmem0_m_axi_srl
INFO: [VRFC 10-311] analyzing module alexnet_layer1_gmem0_m_axi_mem
INFO: [VRFC 10-2263] Analyzing Verilog file "D:/vivado_research_project/alexnet/alexnet_layer1_gmem1_m_axi.v" into library xil_defaultlib
INFO: [VRFC 10-311] analyzing module alexnet_layer1_gmem1_m_axi
INFO: [VRFC 10-311] analyzing module alexnet_layer1_gmem1_m_axi_store
INFO: [VRFC 10-311] analyzing module alexnet_layer1_gmem1_m_axi_write
INFO: [VRFC 10-311] analyzing module alexnet_layer1_gmem1_m_axi_burst_converter
INFO: [VRFC 10-311] analyzing module alexnet_layer1_gmem1_m_axi_burst_interleave
INFO: [VRFC 10-311] analyzing module alexnet_layer1_gmem1_m_axi_burst_sequential
INFO: [VRFC 10-311] analyzing module alexnet_layer1_gmem1_m_axi_throttle
INFO: [VRFC 10-311] analyzing module alexnet_layer1_gmem1_m_axi_reg_slice
INFO: [VRFC 10-311] analyzing module alexnet_layer1_gmem1_m_axi_fifo
INFO: [VRFC 10-311] analyzing module alexnet_layer1_gmem1_m_axi_srl
INFO: [VRFC 10-311] analyzing module alexnet_layer1_gmem1_m_axi_mem
INFO: [VRFC 10-2263] Analyzing Verilog file "D:/vivado_research_project/alexnet/alexnet_layer1_gmem2_m_axi.v" into library xil_defaultlib
INFO: [VRFC 10-311] analyzing module alexnet_layer1_gmem2_m_axi
INFO: [VRFC 10-311] analyzing module alexnet_layer1_gmem2_m_axi_load
INFO: [VRFC 10-311] analyzing module alexnet_layer1_gmem2_m_axi_read
INFO: [VRFC 10-311] analyzing module alexnet_layer1_gmem2_m_axi_burst_converter
INFO: [VRFC 10-311] analyzing module alexnet_layer1_gmem2_m_axi_burst_interleave
INFO: [VRFC 10-311] analyzing module alexnet_layer1_gmem2_m_axi_burst_sequential
INFO: [VRFC 10-311] analyzing module alexnet_layer1_gmem2_m_axi_reg_slice
INFO: [VRFC 10-311] analyzing module alexnet_layer1_gmem2_m_axi_fifo
INFO: [VRFC 10-311] analyzing module alexnet_layer1_gmem2_m_axi_srl
INFO: [VRFC 10-311] analyzing module alexnet_layer1_gmem2_m_axi_mem
INFO: [VRFC 10-2263] Analyzing Verilog file "D:/vivado_research_project/alexnet/alexnet_layer1_gmem3_m_axi.v" into library xil_defaultlib
INFO: [VRFC 10-311] analyzing module alexnet_layer1_gmem3_m_axi
INFO: [VRFC 10-311] analyzing module alexnet_layer1_gmem3_m_axi_load
INFO: [VRFC 10-311] analyzing module alexnet_layer1_gmem3_m_axi_read
INFO: [VRFC 10-311] analyzing module alexnet_layer1_gmem3_m_axi_burst_converter
INFO: [VRFC 10-311] analyzing module alexnet_layer1_gmem3_m_axi_burst_interleave
INFO: [VRFC 10-311] analyzing module alexnet_layer1_gmem3_m_axi_burst_sequential
INFO: [VRFC 10-311] analyzing module alexnet_layer1_gmem3_m_axi_reg_slice
INFO: [VRFC 10-311] analyzing module alexnet_layer1_gmem3_m_axi_fifo
INFO: [VRFC 10-311] analyzing module alexnet_layer1_gmem3_m_axi_srl
INFO: [VRFC 10-311] analyzing module alexnet_layer1_gmem3_m_axi_mem
INFO: [VRFC 10-2263] Analyzing Verilog file "D:/vivado_research_project/alexnet/alexnet_layer1_local_bias_RAM_AUTO_1R1W.v" into library xil_defaultlib
INFO: [VRFC 10-311] analyzing module alexnet_layer1_local_bias_RAM_AUTO_1R1W
INFO: [VRFC 10-2263] Analyzing Verilog file "D:/vivado_research_project/alexnet/alexnet_layer1_local_weights_RAM_1WNR_AUTO_1R1W.v" into library xil_defaultlib
INFO: [VRFC 10-311] analyzing module alexnet_layer1_local_weights_RAM_1WNR_AUTO_1R1W
INFO: [VRFC 10-2263] Analyzing Verilog file "D:/vivado_research_project/alexnet/alexnet_layer1_mac_muladd_16s_16s_24ns_24_4_1.v" into library xil_defaultlib
INFO: [VRFC 10-311] analyzing module alexnet_layer1_mac_muladd_16s_16s_24ns_24_4_1_DSP48_0
INFO: [VRFC 10-311] analyzing module alexnet_layer1_mac_muladd_16s_16s_24ns_24_4_1
INFO: [VRFC 10-2263] Analyzing Verilog file "D:/vivado_research_project/alexnet/alexnet_layer1_mac_muladd_6ns_6ns_19ns_19_4_1.v" into library xil_defaultlib
INFO: [VRFC 10-311] analyzing module alexnet_layer1_mac_muladd_6ns_6ns_19ns_19_4_1_DSP48_0
INFO: [VRFC 10-311] analyzing module alexnet_layer1_mac_muladd_6ns_6ns_19ns_19_4_1
INFO: [VRFC 10-2263] Analyzing Verilog file "D:/vivado_research_project/alexnet/alexnet_layer1_mul_6ns_11ns_16_1_1.v" into library xil_defaultlib
INFO: [VRFC 10-311] analyzing module alexnet_layer1_mul_6ns_11ns_16_1_1
INFO: [VRFC 10-2263] Analyzing Verilog file "D:/vivado_research_project/alexnet/alexnet_layer1_mul_7ns_13ns_19_1_1.v" into library xil_defaultlib
INFO: [VRFC 10-311] analyzing module alexnet_layer1_mul_7ns_13ns_19_1_1
INFO: [VRFC 10-2263] Analyzing Verilog file "D:/vivado_research_project/alexnet/alexnet_layer1_mul_7ns_5ns_11_1_1.v" into library xil_defaultlib
INFO: [VRFC 10-311] analyzing module alexnet_layer1_mul_7ns_5ns_11_1_1
INFO: [VRFC 10-2263] Analyzing Verilog file "D:/vivado_research_project/alexnet/alexnet_layer1_mul_7ns_8ns_14_1_1.v" into library xil_defaultlib
INFO: [VRFC 10-311] analyzing module alexnet_layer1_mul_7ns_8ns_14_1_1
INFO: [VRFC 10-2263] Analyzing Verilog file "D:/vivado_research_project/alexnet/alexnet_layer1.v" into library xil_defaultlib
INFO: [VRFC 10-311] analyzing module alexnet_layer1
INFO: [VRFC 10-2263] Analyzing Verilog file "D:/vivado_research_project/alexnet/mobilenet_project_1/mobilenet_project_1.sim/sim_1/behav/xsim/glbl.v" into library xil_defaultlib
INFO: [VRFC 10-311] analyzing module glbl
