  **** HLS Build v2025.1 6135595
INFO: [HLS 200-2005] Using work_dir D:/vitis_research_project/ResNet50/hls_component/hls_component 
INFO: [HLS 200-2176] Writing Vitis IDE component file D:/vitis_research_project/ResNet50/hls_component/hls_component/vitis-comp.json
INFO: [HLS 200-10] Creating and opening component 'D:/vitis_research_project/ResNet50/hls_component/hls_component'.
INFO: [HLS 200-1505] Using default flow_target 'vivado'
Resolution: For help on HLS 200-1505 see docs.xilinx.com/access/sources/dita/topic?Doc_Version=2025.1%20English&url=ug1448-hls-guidance&resourceid=200-1505.html
INFO: [HLS 200-2174] Applying component config ini file D:/vitis_research_project/ResNet50/hls_component/hls_config.cfg
INFO: [HLS 200-1465] Applying config ini 'syn.file=ResNet50.cpp' from D:/vitis_research_project/ResNet50/hls_component/hls_config.cfg(8)
INFO: [HLS 200-10] Adding design file 'D:/vitis_research_project/ResNet50/hls_component/ResNet50.cpp' to the project
INFO: [HLS 200-1465] Applying config ini 'tb.file=ResNet50_tb.cpp' from D:/vitis_research_project/ResNet50/hls_component/hls_config.cfg(9)
INFO: [HLS 200-10] Adding test bench file 'D:/vitis_research_project/ResNet50/hls_component/ResNet50_tb.cpp' to the project
INFO: [HLS 200-1465] Applying config ini 'syn.top=resnet50_bottleneck' from D:/vitis_research_project/ResNet50/hls_component/hls_config.cfg(10)
INFO: [HLS 200-1465] Applying config ini 'flow_target=vivado' from D:/vitis_research_project/ResNet50/hls_component/hls_config.cfg(4)
INFO: [HLS 200-1505] Using flow_target 'vivado'
Resolution: For help on HLS 200-1505 see docs.xilinx.com/access/sources/dita/topic?Doc_Version=2025.1%20English&url=ug1448-hls-guidance&resourceid=200-1505.html
INFO: [HLS 200-1465] Applying config ini 'part=xczu7ev-ffvc1156-2-e' from D:/vitis_research_project/ResNet50/hls_component/hls_config.cfg(1)
INFO: [HLS 200-1611] Setting target device to 'xczu7ev-ffvc1156-2-e'
INFO: [HLS 200-1465] Applying config ini 'clock=10ns' from D:/vitis_research_project/ResNet50/hls_component/hls_config.cfg(7)
INFO: [SYN 201-201] Setting up clock 'default' with a period of 10ns.
INFO: [HLS 200-1465] Applying config ini 'package.output.format=ip_catalog' from D:/vitis_research_project/ResNet50/hls_component/hls_config.cfg(5)
INFO: [HLS 200-2176] Writing Vitis IDE component file D:/vitis_research_project/ResNet50/hls_component/hls_component/vitis-comp.json
INFO: [HLS 200-111] Finished File checks and directory preparation: CPU user time: 2 seconds. CPU system time: 2 seconds. Elapsed time: 4.852 seconds; current allocated memory: 160.859 MB.
INFO: [HLS 200-10] Analyzing design file 'ResNet50.cpp' ... 
INFO: [HLS 200-111] Finished Source Code Analysis and Preprocessing: CPU user time: 0 seconds. CPU system time: 0 seconds. Elapsed time: 7.501 seconds; current allocated memory: 163.234 MB.
INFO: [HLS 200-777] Using interface defaults for 'Vivado' flow target.
INFO: [HLS 200-1995] There were 1,104 instructions in the design after the 'Compile/Link' phase of compilation. See the Design Size Report for more details (D:/vitis_research_project/ResNet50/hls_component/hls_component/hls/syn/report/csynth_design_size.rpt:2)
INFO: [HLS 200-1995] There were 120 instructions in the design after the 'Unroll/Inline (step 1)' phase of compilation. See the Design Size Report for more details (D:/vitis_research_project/ResNet50/hls_component/hls_component/hls/syn/report/csynth_design_size.rpt:2)
INFO: [HLS 200-1995] There were 77 instructions in the design after the 'Unroll/Inline (step 2)' phase of compilation. See the Design Size Report for more details (D:/vitis_research_project/ResNet50/hls_component/hls_component/hls/syn/report/csynth_design_size.rpt:2)
INFO: [HLS 200-1995] There were 72 instructions in the design after the 'Unroll/Inline (step 3)' phase of compilation. See the Design Size Report for more details (D:/vitis_research_project/ResNet50/hls_component/hls_component/hls/syn/report/csynth_design_size.rpt:2)
INFO: [HLS 200-1995] There were 72 instructions in the design after the 'Unroll/Inline (step 4)' phase of compilation. See the Design Size Report for more details (D:/vitis_research_project/ResNet50/hls_component/hls_component/hls/syn/report/csynth_design_size.rpt:2)
INFO: [HLS 200-1995] There were 72 instructions in the design after the 'Array/Struct (step 1)' phase of compilation. See the Design Size Report for more details (D:/vitis_research_project/ResNet50/hls_component/hls_component/hls/syn/report/csynth_design_size.rpt:2)
INFO: [HLS 200-1995] There were 72 instructions in the design after the 'Array/Struct (step 2)' phase of compilation. See the Design Size Report for more details (D:/vitis_research_project/ResNet50/hls_component/hls_component/hls/syn/report/csynth_design_size.rpt:2)
INFO: [HLS 200-1995] There were 72 instructions in the design after the 'Array/Struct (step 3)' phase of compilation. See the Design Size Report for more details (D:/vitis_research_project/ResNet50/hls_component/hls_component/hls/syn/report/csynth_design_size.rpt:2)
INFO: [HLS 200-1995] There were 72 instructions in the design after the 'Array/Struct (step 4)' phase of compilation. See the Design Size Report for more details (D:/vitis_research_project/ResNet50/hls_component/hls_component/hls/syn/report/csynth_design_size.rpt:2)
INFO: [HLS 200-1995] There were 72 instructions in the design after the 'Array/Struct (step 5)' phase of compilation. See the Design Size Report for more details (D:/vitis_research_project/ResNet50/hls_component/hls_component/hls/syn/report/csynth_design_size.rpt:2)
INFO: [HLS 200-1995] There were 70 instructions in the design after the 'Performance (step 1)' phase of compilation. See the Design Size Report for more details (D:/vitis_research_project/ResNet50/hls_component/hls_component/hls/syn/report/csynth_design_size.rpt:2)
INFO: [HLS 200-1995] There were 69 instructions in the design after the 'Performance (step 2)' phase of compilation. See the Design Size Report for more details (D:/vitis_research_project/ResNet50/hls_component/hls_component/hls/syn/report/csynth_design_size.rpt:2)
INFO: [HLS 200-1995] There were 69 instructions in the design after the 'Performance (step 3)' phase of compilation. See the Design Size Report for more details (D:/vitis_research_project/ResNet50/hls_component/hls_component/hls/syn/report/csynth_design_size.rpt:2)
INFO: [HLS 200-1995] There were 69 instructions in the design after the 'Performance (step 4)' phase of compilation. See the Design Size Report for more details (D:/vitis_research_project/ResNet50/hls_component/hls_component/hls/syn/report/csynth_design_size.rpt:2)
INFO: [HLS 200-1995] There were 86 instructions in the design after the 'HW Transforms (step 1)' phase of compilation. See the Design Size Report for more details (D:/vitis_research_project/ResNet50/hls_component/hls_component/hls/syn/report/csynth_design_size.rpt:2)
INFO: [HLS 200-1995] There were 108 instructions in the design after the 'HW Transforms (step 2)' phase of compilation. See the Design Size Report for more details (D:/vitis_research_project/ResNet50/hls_component/hls_component/hls/syn/report/csynth_design_size.rpt:2)
INFO: [HLS 214-376] automatically set the pipeline for Loop< VITIS_LOOP_55_4> at ResNet50.cpp:55:30 
INFO: [HLS 200-111] Finished Compiling Optimization and Transform: CPU user time: 0 seconds. CPU system time: 0 seconds. Elapsed time: 11.238 seconds; current allocated memory: 165.156 MB.
INFO: [HLS 200-111] Finished Checking Pragmas: CPU user time: 0 seconds. CPU system time: 0 seconds. Elapsed time: 0.003 seconds; current allocated memory: 165.160 MB.
INFO: [HLS 200-10] Starting code transformations ...
INFO: [HLS 200-111] Finished Standard Transforms: CPU user time: 0 seconds. CPU system time: 0 seconds. Elapsed time: 0.024 seconds; current allocated memory: 169.777 MB.
INFO: [HLS 200-10] Checking synthesizability ...
INFO: [HLS 200-111] Finished Checking Synthesizability: CPU user time: 0 seconds. CPU system time: 0 seconds. Elapsed time: 0.021 seconds; current allocated memory: 171.430 MB.
INFO: [HLS 200-111] Finished Loop, function and other optimizations: CPU user time: 0 seconds. CPU system time: 0 seconds. Elapsed time: 0.094 seconds; current allocated memory: 193.285 MB.
INFO: [HLS 200-111] Finished Architecture Synthesis: CPU user time: 0 seconds. CPU system time: 0 seconds. Elapsed time: 0.131 seconds; current allocated memory: 213.230 MB.
INFO: [HLS 200-10] Starting hardware synthesis ...
INFO: [HLS 200-10] Synthesizing 'resnet50_bottleneck' ...
INFO: [HLS 200-10] ----------------------------------------------------------------
INFO: [HLS 200-42] -- Implementing module 'resnet50_bottleneck_Pipeline_VITIS_LOOP_40_3' 
INFO: [HLS 200-10] ----------------------------------------------------------------
INFO: [SCHED 204-11] Starting scheduling ...
INFO: [SCHED 204-61] Pipelining loop 'VITIS_LOOP_40_3'.
INFO: [HLS 200-1470] Pipelining result : Target II = 1, Final II = 1, Depth = 11, loop 'VITIS_LOOP_40_3'
INFO: [SCHED 204-11] Finished scheduling.
INFO: [HLS 200-111] Finished Scheduling: CPU user time: 0 seconds. CPU system time: 0 seconds. Elapsed time: 1.438 seconds; current allocated memory: 217.484 MB.
INFO: [BIND 205-100] Starting micro-architecture generation ...
INFO: [BIND 205-101] Performing variable lifetime analysis.
INFO: [BIND 205-101] Exploring resource sharing.
INFO: [BIND 205-101] Binding ...
INFO: [BIND 205-100] Finished micro-architecture generation.
INFO: [HLS 200-111] Finished Binding: CPU user time: 0 seconds. CPU system time: 0 seconds. Elapsed time: 0.058 seconds; current allocated memory: 218.809 MB.
INFO: [HLS 200-10] ----------------------------------------------------------------
INFO: [HLS 200-42] -- Implementing module 'resnet50_bottleneck_Pipeline_VITIS_LOOP_55_4' 
INFO: [HLS 200-10] ----------------------------------------------------------------
INFO: [SCHED 204-11] Starting scheduling ...
INFO: [SCHED 204-61] Pipelining loop 'VITIS_LOOP_55_4'.
INFO: [HLS 200-1470] Pipelining result : Target II = NA, Final II = 1, Depth = 2, loop 'VITIS_LOOP_55_4'
INFO: [SCHED 204-11] Finished scheduling.
INFO: [HLS 200-111] Finished Scheduling: CPU user time: 0 seconds. CPU system time: 0 seconds. Elapsed time: 0.079 seconds; current allocated memory: 218.961 MB.
INFO: [BIND 205-100] Starting micro-architecture generation ...
INFO: [BIND 205-101] Performing variable lifetime analysis.
INFO: [BIND 205-101] Exploring resource sharing.
INFO: [BIND 205-101] Binding ...
INFO: [BIND 205-100] Finished micro-architecture generation.
INFO: [HLS 200-111] Finished Binding: CPU user time: 0 seconds. CPU system time: 0 seconds. Elapsed time: 0.042 seconds; current allocated memory: 219.023 MB.
INFO: [HLS 200-10] ----------------------------------------------------------------
INFO: [HLS 200-42] -- Implementing module 'resnet50_bottleneck_Pipeline_VITIS_LOOP_61_5' 
INFO: [HLS 200-10] ----------------------------------------------------------------
INFO: [SCHED 204-11] Starting scheduling ...
INFO: [SCHED 204-61] Pipelining loop 'VITIS_LOOP_61_5'.
INFO: [HLS 200-1470] Pipelining result : Target II = 1, Final II = 1, Depth = 8, loop 'VITIS_LOOP_61_5'
INFO: [SCHED 204-11] Finished scheduling.
INFO: [HLS 200-111] Finished Scheduling: CPU user time: 0 seconds. CPU system time: 0 seconds. Elapsed time: 0.123 seconds; current allocated memory: 219.074 MB.
INFO: [BIND 205-100] Starting micro-architecture generation ...
INFO: [BIND 205-101] Performing variable lifetime analysis.
INFO: [BIND 205-101] Exploring resource sharing.
INFO: [BIND 205-101] Binding ...
INFO: [BIND 205-100] Finished micro-architecture generation.
INFO: [HLS 200-111] Finished Binding: CPU user time: 1 seconds. CPU system time: 0 seconds. Elapsed time: 0.058 seconds; current allocated memory: 219.074 MB.
INFO: [HLS 200-10] ----------------------------------------------------------------
INFO: [HLS 200-42] -- Implementing module 'resnet50_bottleneck' 
INFO: [HLS 200-10] ----------------------------------------------------------------
INFO: [SCHED 204-11] Starting scheduling ...
INFO: [SCHED 204-11] Finished scheduling.
INFO: [HLS 200-111] Finished Scheduling: CPU user time: 0 seconds. CPU system time: 0 seconds. Elapsed time: 0.129 seconds; current allocated memory: 219.223 MB.
INFO: [BIND 205-100] Starting micro-architecture generation ...
INFO: [BIND 205-101] Performing variable lifetime analysis.
INFO: [BIND 205-101] Exploring resource sharing.
INFO: [BIND 205-101] Binding ...
INFO: [BIND 205-100] Finished micro-architecture generation.
INFO: [HLS 200-111] Finished Binding: CPU user time: 0 seconds. CPU system time: 0 seconds. Elapsed time: 0.058 seconds; current allocated memory: 219.266 MB.
INFO: [HLS 200-10] ----------------------------------------------------------------
INFO: [HLS 200-10] -- Generating RTL for module 'resnet50_bottleneck_Pipeline_VITIS_LOOP_40_3' 
INFO: [HLS 200-10] ----------------------------------------------------------------
INFO: [HLS 200-1030] Apply Unified Pipeline Control on module 'resnet50_bottleneck_Pipeline_VITIS_LOOP_40_3' pipeline 'VITIS_LOOP_40_3' pipeline type 'loop pipeline'
INFO: [RTGEN 206-100] Finished creating RTL model for 'resnet50_bottleneck_Pipeline_VITIS_LOOP_40_3'.
INFO: [HLS 200-111] Finished Creating RTL model: CPU user time: 0 seconds. CPU system time: 1 seconds. Elapsed time: 0.137 seconds; current allocated memory: 221.375 MB.
INFO: [HLS 200-10] ----------------------------------------------------------------
INFO: [HLS 200-10] -- Generating RTL for module 'resnet50_bottleneck_Pipeline_VITIS_LOOP_55_4' 
INFO: [HLS 200-10] ----------------------------------------------------------------
INFO: [HLS 200-1030] Apply Unified Pipeline Control on module 'resnet50_bottleneck_Pipeline_VITIS_LOOP_55_4' pipeline 'VITIS_LOOP_55_4' pipeline type 'loop pipeline'
INFO: [RTGEN 206-100] Finished creating RTL model for 'resnet50_bottleneck_Pipeline_VITIS_LOOP_55_4'.
INFO: [HLS 200-111] Finished Creating RTL model: CPU user time: 0 seconds. CPU system time: 0 seconds. Elapsed time: 0.257 seconds; current allocated memory: 223.328 MB.
INFO: [HLS 200-10] ----------------------------------------------------------------
INFO: [HLS 200-10] -- Generating RTL for module 'resnet50_bottleneck_Pipeline_VITIS_LOOP_61_5' 
INFO: [HLS 200-10] ----------------------------------------------------------------
INFO: [HLS 200-1030] Apply Unified Pipeline Control on module 'resnet50_bottleneck_Pipeline_VITIS_LOOP_61_5' pipeline 'VITIS_LOOP_61_5' pipeline type 'loop pipeline'
INFO: [RTGEN 206-100] Finished creating RTL model for 'resnet50_bottleneck_Pipeline_VITIS_LOOP_61_5'.
INFO: [HLS 200-111] Finished Creating RTL model: CPU user time: 0 seconds. CPU system time: 0 seconds. Elapsed time: 0.198 seconds; current allocated memory: 224.109 MB.
INFO: [HLS 200-10] ----------------------------------------------------------------
INFO: [HLS 200-10] -- Generating RTL for module 'resnet50_bottleneck' 
INFO: [HLS 200-10] ----------------------------------------------------------------
WARNING: [RTGEN 206-101] Design contains AXI ports. Reset is fixed to synchronous and active low.
INFO: [RTGEN 206-500] Setting interface mode on port 'resnet50_bottleneck/gmem0' to 'm_axi'.
INFO: [RTGEN 206-500] Setting interface mode on port 'resnet50_bottleneck/gmem1' to 'm_axi'.
INFO: [RTGEN 206-500] Setting interface mode on port 'resnet50_bottleneck/gmem2' to 'm_axi'.
INFO: [RTGEN 206-500] Setting interface mode on port 'resnet50_bottleneck/gmem3' to 'm_axi'.
INFO: [RTGEN 206-500] Setting interface mode on port 'resnet50_bottleneck/gmem4' to 'm_axi'.
INFO: [RTGEN 206-500] Setting interface mode on port 'resnet50_bottleneck/input_tensor' to 's_axilite & ap_none'.
INFO: [RTGEN 206-500] Setting interface mode on port 'resnet50_bottleneck/output_tensor' to 's_axilite & ap_none'.
INFO: [RTGEN 206-500] Setting interface mode on port 'resnet50_bottleneck/w_1x1_a' to 's_axilite & ap_none'.
INFO: [RTGEN 206-500] Setting interface mode on port 'resnet50_bottleneck/w_3x3' to 's_axilite & ap_none'.
INFO: [RTGEN 206-500] Setting interface mode on port 'resnet50_bottleneck/w_1x1_b' to 's_axilite & ap_none'.
INFO: [RTGEN 206-500] Setting interface mode on function 'resnet50_bottleneck' to 's_axilite & ap_ctrl_hs'.
INFO: [RTGEN 206-100] Bundling port 'input_tensor', 'output_tensor', 'w_1x1_a', 'w_3x3', 'w_1x1_b' and 'return' to AXI-Lite port control.
WARNING: [RTGEN 206-101] Port 'resnet50_bottleneck/m_axi_gmem2_AWVALID' has no fanin or fanout and is left dangling.
               Please use C simulation to confirm this function argument can be read from or written to.
WARNING: [RTGEN 206-101] Setting dangling out port 'resnet50_bottleneck/m_axi_gmem2_AWVALID' to 0.
WARNING: [RTGEN 206-101] Port 'resnet50_bottleneck/m_axi_gmem2_AWREADY' has no fanin or fanout and is left dangling.
               Please use C simulation to confirm this function argument can be read from or written to.
WARNING: [RTGEN 206-101] Port 'resnet50_bottleneck/m_axi_gmem2_AWADDR' has no fanin or fanout and is left dangling.
               Please use C simulation to confirm this function argument can be read from or written to.
WARNING: [RTGEN 206-101] Setting dangling out port 'resnet50_bottleneck/m_axi_gmem2_AWADDR' to 0.
WARNING: [RTGEN 206-101] Port 'resnet50_bottleneck/m_axi_gmem2_AWID' has no fanin or fanout and is left dangling.
               Please use C simulation to confirm this function argument can be read from or written to.
WARNING: [RTGEN 206-101] Setting dangling out port 'resnet50_bottleneck/m_axi_gmem2_AWID' to 0.
WARNING: [RTGEN 206-101] Port 'resnet50_bottleneck/m_axi_gmem2_AWLEN' has no fanin or fanout and is left dangling.
               Please use C simulation to confirm this function argument can be read from or written to.
WARNING: [RTGEN 206-101] Setting dangling out port 'resnet50_bottleneck/m_axi_gmem2_AWLEN' to 0.
WARNING: [RTGEN 206-101] Port 'resnet50_bottleneck/m_axi_gmem2_AWSIZE' has no fanin or fanout and is left dangling.
               Please use C simulation to confirm this function argument can be read from or written to.
WARNING: [RTGEN 206-101] Setting dangling out port 'resnet50_bottleneck/m_axi_gmem2_AWSIZE' to 0.
WARNING: [RTGEN 206-101] Port 'resnet50_bottleneck/m_axi_gmem2_AWBURST' has no fanin or fanout and is left dangling.
               Please use C simulation to confirm this function argument can be read from or written to.
WARNING: [RTGEN 206-101] Setting dangling out port 'resnet50_bottleneck/m_axi_gmem2_AWBURST' to 0.
WARNING: [RTGEN 206-101] Port 'resnet50_bottleneck/m_axi_gmem2_AWLOCK' has no fanin or fanout and is left dangling.
               Please use C simulation to confirm this function argument can be read from or written to.
WARNING: [RTGEN 206-101] Setting dangling out port 'resnet50_bottleneck/m_axi_gmem2_AWLOCK' to 0.
WARNING: [RTGEN 206-101] Port 'resnet50_bottleneck/m_axi_gmem2_AWCACHE' has no fanin or fanout and is left dangling.
               Please use C simulation to confirm this function argument can be read from or written to.
WARNING: [RTGEN 206-101] Setting dangling out port 'resnet50_bottleneck/m_axi_gmem2_AWCACHE' to 0.
WARNING: [RTGEN 206-101] Port 'resnet50_bottleneck/m_axi_gmem2_AWPROT' has no fanin or fanout and is left dangling.
               Please use C simulation to confirm this function argument can be read from or written to.
WARNING: [RTGEN 206-101] Setting dangling out port 'resnet50_bottleneck/m_axi_gmem2_AWPROT' to 0.
WARNING: [RTGEN 206-101] Port 'resnet50_bottleneck/m_axi_gmem2_AWQOS' has no fanin or fanout and is left dangling.
               Please use C simulation to confirm this function argument can be read from or written to.
WARNING: [RTGEN 206-101] Setting dangling out port 'resnet50_bottleneck/m_axi_gmem2_AWQOS' to 0.
WARNING: [RTGEN 206-101] Port 'resnet50_bottleneck/m_axi_gmem2_AWREGION' has no fanin or fanout and is left dangling.
               Please use C simulation to confirm this function argument can be read from or written to.
WARNING: [RTGEN 206-101] Setting dangling out port 'resnet50_bottleneck/m_axi_gmem2_AWREGION' to 0.
WARNING: [RTGEN 206-101] Port 'resnet50_bottleneck/m_axi_gmem2_AWUSER' has no fanin or fanout and is left dangling.
               Please use C simulation to confirm this function argument can be read from or written to.
WARNING: [RTGEN 206-101] Setting dangling out port 'resnet50_bottleneck/m_axi_gmem2_AWUSER' to 0.
WARNING: [RTGEN 206-101] Port 'resnet50_bottleneck/m_axi_gmem2_WVALID' has no fanin or fanout and is left dangling.
               Please use C simulation to confirm this function argument can be read from or written to.
WARNING: [RTGEN 206-101] Setting dangling out port 'resnet50_bottleneck/m_axi_gmem2_WVALID' to 0.
WARNING: [RTGEN 206-101] Port 'resnet50_bottleneck/m_axi_gmem2_WREADY' has no fanin or fanout and is left dangling.
               Please use C simulation to confirm this function argument can be read from or written to.
WARNING: [RTGEN 206-101] Port 'resnet50_bottleneck/m_axi_gmem2_WDATA' has no fanin or fanout and is left dangling.
               Please use C simulation to confirm this function argument can be read from or written to.
WARNING: [RTGEN 206-101] Setting dangling out port 'resnet50_bottleneck/m_axi_gmem2_WDATA' to 0.
WARNING: [RTGEN 206-101] Port 'resnet50_bottleneck/m_axi_gmem2_WSTRB' has no fanin or fanout and is left dangling.
               Please use C simulation to confirm this function argument can be read from or written to.
WARNING: [RTGEN 206-101] Setting dangling out port 'resnet50_bottleneck/m_axi_gmem2_WSTRB' to 0.
WARNING: [RTGEN 206-101] Port 'resnet50_bottleneck/m_axi_gmem2_WLAST' has no fanin or fanout and is left dangling.
               Please use C simulation to confirm this function argument can be read from or written to.
WARNING: [RTGEN 206-101] Setting dangling out port 'resnet50_bottleneck/m_axi_gmem2_WLAST' to 0.
WARNING: [RTGEN 206-101] Port 'resnet50_bottleneck/m_axi_gmem2_WID' has no fanin or fanout and is left dangling.
               Please use C simulation to confirm this function argument can be read from or written to.
WARNING: [RTGEN 206-101] Setting dangling out port 'resnet50_bottleneck/m_axi_gmem2_WID' to 0.
WARNING: [RTGEN 206-101] Port 'resnet50_bottleneck/m_axi_gmem2_WUSER' has no fanin or fanout and is left dangling.
               Please use C simulation to confirm this function argument can be read from or written to.
WARNING: [RTGEN 206-101] Setting dangling out port 'resnet50_bottleneck/m_axi_gmem2_WUSER' to 0.
WARNING: [RTGEN 206-101] Port 'resnet50_bottleneck/m_axi_gmem2_ARVALID' has no fanin or fanout and is left dangling.
               Please use C simulation to confirm this function argument can be read from or written to.
WARNING: [RTGEN 206-101] Setting dangling out port 'resnet50_bottleneck/m_axi_gmem2_ARVALID' to 0.
WARNING: [RTGEN 206-101] Port 'resnet50_bottleneck/m_axi_gmem2_ARREADY' has no fanin or fanout and is left dangling.
               Please use C simulation to confirm this function argument can be read from or written to.
WARNING: [RTGEN 206-101] Port 'resnet50_bottleneck/m_axi_gmem2_ARADDR' has no fanin or fanout and is left dangling.
               Please use C simulation to confirm this function argument can be read from or written to.
WARNING: [RTGEN 206-101] Setting dangling out port 'resnet50_bottleneck/m_axi_gmem2_ARADDR' to 0.
WARNING: [RTGEN 206-101] Port 'resnet50_bottleneck/m_axi_gmem2_ARID' has no fanin or fanout and is left dangling.
               Please use C simulation to confirm this function argument can be read from or written to.
WARNING: [RTGEN 206-101] Setting dangling out port 'resnet50_bottleneck/m_axi_gmem2_ARID' to 0.
WARNING: [RTGEN 206-101] Port 'resnet50_bottleneck/m_axi_gmem2_ARLEN' has no fanin or fanout and is left dangling.
               Please use C simulation to confirm this function argument can be read from or written to.
WARNING: [RTGEN 206-101] Setting dangling out port 'resnet50_bottleneck/m_axi_gmem2_ARLEN' to 0.
WARNING: [RTGEN 206-101] Port 'resnet50_bottleneck/m_axi_gmem2_ARSIZE' has no fanin or fanout and is left dangling.
               Please use C simulation to confirm this function argument can be read from or written to.
WARNING: [RTGEN 206-101] Setting dangling out port 'resnet50_bottleneck/m_axi_gmem2_ARSIZE' to 0.
WARNING: [RTGEN 206-101] Port 'resnet50_bottleneck/m_axi_gmem2_ARBURST' has no fanin or fanout and is left dangling.
               Please use C simulation to confirm this function argument can be read from or written to.
WARNING: [RTGEN 206-101] Setting dangling out port 'resnet50_bottleneck/m_axi_gmem2_ARBURST' to 0.
WARNING: [RTGEN 206-101] Port 'resnet50_bottleneck/m_axi_gmem2_ARLOCK' has no fanin or fanout and is left dangling.
               Please use C simulation to confirm this function argument can be read from or written to.
WARNING: [RTGEN 206-101] Setting dangling out port 'resnet50_bottleneck/m_axi_gmem2_ARLOCK' to 0.
WARNING: [RTGEN 206-101] Port 'resnet50_bottleneck/m_axi_gmem2_ARCACHE' has no fanin or fanout and is left dangling.
               Please use C simulation to confirm this function argument can be read from or written to.
WARNING: [RTGEN 206-101] Setting dangling out port 'resnet50_bottleneck/m_axi_gmem2_ARCACHE' to 0.
WARNING: [RTGEN 206-101] Port 'resnet50_bottleneck/m_axi_gmem2_ARPROT' has no fanin or fanout and is left dangling.
               Please use C simulation to confirm this function argument can be read from or written to.
WARNING: [RTGEN 206-101] Setting dangling out port 'resnet50_bottleneck/m_axi_gmem2_ARPROT' to 0.
WARNING: [RTGEN 206-101] Port 'resnet50_bottleneck/m_axi_gmem2_ARQOS' has no fanin or fanout and is left dangling.
               Please use C simulation to confirm this function argument can be read from or written to.
WARNING: [RTGEN 206-101] Setting dangling out port 'resnet50_bottleneck/m_axi_gmem2_ARQOS' to 0.
WARNING: [RTGEN 206-101] Port 'resnet50_bottleneck/m_axi_gmem2_ARREGION' has no fanin or fanout and is left dangling.
               Please use C simulation to confirm this function argument can be read from or written to.
WARNING: [RTGEN 206-101] Setting dangling out port 'resnet50_bottleneck/m_axi_gmem2_ARREGION' to 0.
WARNING: [RTGEN 206-101] Port 'resnet50_bottleneck/m_axi_gmem2_ARUSER' has no fanin or fanout and is left dangling.
               Please use C simulation to confirm this function argument can be read from or written to.
WARNING: [RTGEN 206-101] Setting dangling out port 'resnet50_bottleneck/m_axi_gmem2_ARUSER' to 0.
WARNING: [RTGEN 206-101] Port 'resnet50_bottleneck/m_axi_gmem2_RVALID' has no fanin or fanout and is left dangling.
               Please use C simulation to confirm this function argument can be read from or written to.
WARNING: [RTGEN 206-101] Port 'resnet50_bottleneck/m_axi_gmem2_RREADY' has no fanin or fanout and is left dangling.
               Please use C simulation to confirm this function argument can be read from or written to.
WARNING: [RTGEN 206-101] Setting dangling out port 'resnet50_bottleneck/m_axi_gmem2_RREADY' to 0.
WARNING: [RTGEN 206-101] Port 'resnet50_bottleneck/m_axi_gmem2_RDATA' has no fanin or fanout and is left dangling.
               Please use C simulation to confirm this function argument can be read from or written to.
WARNING: [RTGEN 206-101] Port 'resnet50_bottleneck/m_axi_gmem2_RLAST' has no fanin or fanout and is left dangling.
               Please use C simulation to confirm this function argument can be read from or written to.
WARNING: [RTGEN 206-101] Port 'resnet50_bottleneck/m_axi_gmem2_RID' has no fanin or fanout and is left dangling.
               Please use C simulation to confirm this function argument can be read from or written to.
WARNING: [RTGEN 206-101] Port 'resnet50_bottleneck/m_axi_gmem2_RUSER' has no fanin or fanout and is left dangling.
               Please use C simulation to confirm this function argument can be read from or written to.
WARNING: [RTGEN 206-101] Port 'resnet50_bottleneck/m_axi_gmem2_RRESP' has no fanin or fanout and is left dangling.
               Please use C simulation to confirm this function argument can be read from or written to.
WARNING: [RTGEN 206-101] Port 'resnet50_bottleneck/m_axi_gmem2_BVALID' has no fanin or fanout and is left dangling.
               Please use C simulation to confirm this function argument can be read from or written to.
WARNING: [RTGEN 206-101] Port 'resnet50_bottleneck/m_axi_gmem2_BREADY' has no fanin or fanout and is left dangling.
               Please use C simulation to confirm this function argument can be read from or written to.
WARNING: [RTGEN 206-101] Setting dangling out port 'resnet50_bottleneck/m_axi_gmem2_BREADY' to 0.
WARNING: [RTGEN 206-101] Port 'resnet50_bottleneck/m_axi_gmem2_BRESP' has no fanin or fanout and is left dangling.
               Please use C simulation to confirm this function argument can be read from or written to.
WARNING: [RTGEN 206-101] Port 'resnet50_bottleneck/m_axi_gmem2_BID' has no fanin or fanout and is left dangling.
               Please use C simulation to confirm this function argument can be read from or written to.
WARNING: [RTGEN 206-101] Port 'resnet50_bottleneck/m_axi_gmem2_BUSER' has no fanin or fanout and is left dangling.
               Please use C simulation to confirm this function argument can be read from or written to.
WARNING: [RTGEN 206-101] Port 'resnet50_bottleneck/m_axi_gmem3_AWVALID' has no fanin or fanout and is left dangling.
               Please use C simulation to confirm this function argument can be read from or written to.
WARNING: [RTGEN 206-101] Setting dangling out port 'resnet50_bottleneck/m_axi_gmem3_AWVALID' to 0.
WARNING: [RTGEN 206-101] Port 'resnet50_bottleneck/m_axi_gmem3_AWREADY' has no fanin or fanout and is left dangling.
               Please use C simulation to confirm this function argument can be read from or written to.
WARNING: [RTGEN 206-101] Port 'resnet50_bottleneck/m_axi_gmem3_AWADDR' has no fanin or fanout and is left dangling.
               Please use C simulation to confirm this function argument can be read from or written to.
WARNING: [RTGEN 206-101] Setting dangling out port 'resnet50_bottleneck/m_axi_gmem3_AWADDR' to 0.
WARNING: [RTGEN 206-101] Port 'resnet50_bottleneck/m_axi_gmem3_AWID' has no fanin or fanout and is left dangling.
               Please use C simulation to confirm this function argument can be read from or written to.
WARNING: [RTGEN 206-101] Setting dangling out port 'resnet50_bottleneck/m_axi_gmem3_AWID' to 0.
WARNING: [RTGEN 206-101] Port 'resnet50_bottleneck/m_axi_gmem3_AWLEN' has no fanin or fanout and is left dangling.
               Please use C simulation to confirm this function argument can be read from or written to.
WARNING: [RTGEN 206-101] Setting dangling out port 'resnet50_bottleneck/m_axi_gmem3_AWLEN' to 0.
WARNING: [RTGEN 206-101] Port 'resnet50_bottleneck/m_axi_gmem3_AWSIZE' has no fanin or fanout and is left dangling.
               Please use C simulation to confirm this function argument can be read from or written to.
WARNING: [RTGEN 206-101] Setting dangling out port 'resnet50_bottleneck/m_axi_gmem3_AWSIZE' to 0.
WARNING: [RTGEN 206-101] Port 'resnet50_bottleneck/m_axi_gmem3_AWBURST' has no fanin or fanout and is left dangling.
               Please use C simulation to confirm this function argument can be read from or written to.
WARNING: [RTGEN 206-101] Setting dangling out port 'resnet50_bottleneck/m_axi_gmem3_AWBURST' to 0.
WARNING: [RTGEN 206-101] Port 'resnet50_bottleneck/m_axi_gmem3_AWLOCK' has no fanin or fanout and is left dangling.
               Please use C simulation to confirm this function argument can be read from or written to.
WARNING: [RTGEN 206-101] Setting dangling out port 'resnet50_bottleneck/m_axi_gmem3_AWLOCK' to 0.
WARNING: [RTGEN 206-101] Port 'resnet50_bottleneck/m_axi_gmem3_AWCACHE' has no fanin or fanout and is left dangling.
               Please use C simulation to confirm this function argument can be read from or written to.
WARNING: [RTGEN 206-101] Setting dangling out port 'resnet50_bottleneck/m_axi_gmem3_AWCACHE' to 0.
WARNING: [RTGEN 206-101] Port 'resnet50_bottleneck/m_axi_gmem3_AWPROT' has no fanin or fanout and is left dangling.
               Please use C simulation to confirm this function argument can be read from or written to.
WARNING: [RTGEN 206-101] Setting dangling out port 'resnet50_bottleneck/m_axi_gmem3_AWPROT' to 0.
WARNING: [RTGEN 206-101] Port 'resnet50_bottleneck/m_axi_gmem3_AWQOS' has no fanin or fanout and is left dangling.
               Please use C simulation to confirm this function argument can be read from or written to.
WARNING: [RTGEN 206-101] Setting dangling out port 'resnet50_bottleneck/m_axi_gmem3_AWQOS' to 0.
WARNING: [RTGEN 206-101] Port 'resnet50_bottleneck/m_axi_gmem3_AWREGION' has no fanin or fanout and is left dangling.
               Please use C simulation to confirm this function argument can be read from or written to.
WARNING: [RTGEN 206-101] Setting dangling out port 'resnet50_bottleneck/m_axi_gmem3_AWREGION' to 0.
WARNING: [RTGEN 206-101] Port 'resnet50_bottleneck/m_axi_gmem3_AWUSER' has no fanin or fanout and is left dangling.
               Please use C simulation to confirm this function argument can be read from or written to.
WARNING: [RTGEN 206-101] Setting dangling out port 'resnet50_bottleneck/m_axi_gmem3_AWUSER' to 0.
WARNING: [RTGEN 206-101] Port 'resnet50_bottleneck/m_axi_gmem3_WVALID' has no fanin or fanout and is left dangling.
               Please use C simulation to confirm this function argument can be read from or written to.
WARNING: [RTGEN 206-101] Setting dangling out port 'resnet50_bottleneck/m_axi_gmem3_WVALID' to 0.
WARNING: [RTGEN 206-101] Port 'resnet50_bottleneck/m_axi_gmem3_WREADY' has no fanin or fanout and is left dangling.
               Please use C simulation to confirm this function argument can be read from or written to.
WARNING: [RTGEN 206-101] Port 'resnet50_bottleneck/m_axi_gmem3_WDATA' has no fanin or fanout and is left dangling.
               Please use C simulation to confirm this function argument can be read from or written to.
WARNING: [RTGEN 206-101] Setting dangling out port 'resnet50_bottleneck/m_axi_gmem3_WDATA' to 0.
WARNING: [RTGEN 206-101] Port 'resnet50_bottleneck/m_axi_gmem3_WSTRB' has no fanin or fanout and is left dangling.
               Please use C simulation to confirm this function argument can be read from or written to.
WARNING: [RTGEN 206-101] Setting dangling out port 'resnet50_bottleneck/m_axi_gmem3_WSTRB' to 0.
WARNING: [RTGEN 206-101] Port 'resnet50_bottleneck/m_axi_gmem3_WLAST' has no fanin or fanout and is left dangling.
               Please use C simulation to confirm this function argument can be read from or written to.
WARNING: [RTGEN 206-101] Setting dangling out port 'resnet50_bottleneck/m_axi_gmem3_WLAST' to 0.
WARNING: [RTGEN 206-101] Port 'resnet50_bottleneck/m_axi_gmem3_WID' has no fanin or fanout and is left dangling.
               Please use C simulation to confirm this function argument can be read from or written to.
WARNING: [RTGEN 206-101] Setting dangling out port 'resnet50_bottleneck/m_axi_gmem3_WID' to 0.
WARNING: [RTGEN 206-101] Port 'resnet50_bottleneck/m_axi_gmem3_WUSER' has no fanin or fanout and is left dangling.
               Please use C simulation to confirm this function argument can be read from or written to.
WARNING: [RTGEN 206-101] Setting dangling out port 'resnet50_bottleneck/m_axi_gmem3_WUSER' to 0.
WARNING: [RTGEN 206-101] Port 'resnet50_bottleneck/m_axi_gmem3_ARVALID' has no fanin or fanout and is left dangling.
               Please use C simulation to confirm this function argument can be read from or written to.
WARNING: [RTGEN 206-101] Setting dangling out port 'resnet50_bottleneck/m_axi_gmem3_ARVALID' to 0.
WARNING: [RTGEN 206-101] Port 'resnet50_bottleneck/m_axi_gmem3_ARREADY' has no fanin or fanout and is left dangling.
               Please use C simulation to confirm this function argument can be read from or written to.
WARNING: [RTGEN 206-101] Port 'resnet50_bottleneck/m_axi_gmem3_ARADDR' has no fanin or fanout and is left dangling.
               Please use C simulation to confirm this function argument can be read from or written to.
WARNING: [RTGEN 206-101] Setting dangling out port 'resnet50_bottleneck/m_axi_gmem3_ARADDR' to 0.
WARNING: [RTGEN 206-101] Port 'resnet50_bottleneck/m_axi_gmem3_ARID' has no fanin or fanout and is left dangling.
               Please use C simulation to confirm this function argument can be read from or written to.
WARNING: [RTGEN 206-101] Setting dangling out port 'resnet50_bottleneck/m_axi_gmem3_ARID' to 0.
WARNING: [RTGEN 206-101] Port 'resnet50_bottleneck/m_axi_gmem3_ARLEN' has no fanin or fanout and is left dangling.
               Please use C simulation to confirm this function argument can be read from or written to.
WARNING: [RTGEN 206-101] Setting dangling out port 'resnet50_bottleneck/m_axi_gmem3_ARLEN' to 0.
WARNING: [RTGEN 206-101] Port 'resnet50_bottleneck/m_axi_gmem3_ARSIZE' has no fanin or fanout and is left dangling.
               Please use C simulation to confirm this function argument can be read from or written to.
WARNING: [RTGEN 206-101] Setting dangling out port 'resnet50_bottleneck/m_axi_gmem3_ARSIZE' to 0.
WARNING: [RTGEN 206-101] Port 'resnet50_bottleneck/m_axi_gmem3_ARBURST' has no fanin or fanout and is left dangling.
               Please use C simulation to confirm this function argument can be read from or written to.
WARNING: [RTGEN 206-101] Setting dangling out port 'resnet50_bottleneck/m_axi_gmem3_ARBURST' to 0.
WARNING: [RTGEN 206-101] Port 'resnet50_bottleneck/m_axi_gmem3_ARLOCK' has no fanin or fanout and is left dangling.
               Please use C simulation to confirm this function argument can be read from or written to.
WARNING: [RTGEN 206-101] Setting dangling out port 'resnet50_bottleneck/m_axi_gmem3_ARLOCK' to 0.
WARNING: [RTGEN 206-101] Port 'resnet50_bottleneck/m_axi_gmem3_ARCACHE' has no fanin or fanout and is left dangling.
               Please use C simulation to confirm this function argument can be read from or written to.
WARNING: [RTGEN 206-101] Setting dangling out port 'resnet50_bottleneck/m_axi_gmem3_ARCACHE' to 0.
WARNING: [RTGEN 206-101] Port 'resnet50_bottleneck/m_axi_gmem3_ARPROT' has no fanin or fanout and is left dangling.
               Please use C simulation to confirm this function argument can be read from or written to.
WARNING: [RTGEN 206-101] Setting dangling out port 'resnet50_bottleneck/m_axi_gmem3_ARPROT' to 0.
WARNING: [RTGEN 206-101] Port 'resnet50_bottleneck/m_axi_gmem3_ARQOS' has no fanin or fanout and is left dangling.
               Please use C simulation to confirm this function argument can be read from or written to.
WARNING: [RTGEN 206-101] Setting dangling out port 'resnet50_bottleneck/m_axi_gmem3_ARQOS' to 0.
WARNING: [RTGEN 206-101] Port 'resnet50_bottleneck/m_axi_gmem3_ARREGION' has no fanin or fanout and is left dangling.
               Please use C simulation to confirm this function argument can be read from or written to.
WARNING: [RTGEN 206-101] Setting dangling out port 'resnet50_bottleneck/m_axi_gmem3_ARREGION' to 0.
WARNING: [RTGEN 206-101] Port 'resnet50_bottleneck/m_axi_gmem3_ARUSER' has no fanin or fanout and is left dangling.
               Please use C simulation to confirm this function argument can be read from or written to.
WARNING: [RTGEN 206-101] Setting dangling out port 'resnet50_bottleneck/m_axi_gmem3_ARUSER' to 0.
WARNING: [RTGEN 206-101] Port 'resnet50_bottleneck/m_axi_gmem3_RVALID' has no fanin or fanout and is left dangling.
               Please use C simulation to confirm this function argument can be read from or written to.
WARNING: [RTGEN 206-101] Port 'resnet50_bottleneck/m_axi_gmem3_RREADY' has no fanin or fanout and is left dangling.
               Please use C simulation to confirm this function argument can be read from or written to.
WARNING: [RTGEN 206-101] Setting dangling out port 'resnet50_bottleneck/m_axi_gmem3_RREADY' to 0.
WARNING: [RTGEN 206-101] Port 'resnet50_bottleneck/m_axi_gmem3_RDATA' has no fanin or fanout and is left dangling.
               Please use C simulation to confirm this function argument can be read from or written to.
WARNING: [RTGEN 206-101] Port 'resnet50_bottleneck/m_axi_gmem3_RLAST' has no fanin or fanout and is left dangling.
               Please use C simulation to confirm this function argument can be read from or written to.
WARNING: [RTGEN 206-101] Port 'resnet50_bottleneck/m_axi_gmem3_RID' has no fanin or fanout and is left dangling.
               Please use C simulation to confirm this function argument can be read from or written to.
WARNING: [RTGEN 206-101] Port 'resnet50_bottleneck/m_axi_gmem3_RUSER' has no fanin or fanout and is left dangling.
               Please use C simulation to confirm this function argument can be read from or written to.
WARNING: [RTGEN 206-101] Port 'resnet50_bottleneck/m_axi_gmem3_RRESP' has no fanin or fanout and is left dangling.
               Please use C simulation to confirm this function argument can be read from or written to.
WARNING: [RTGEN 206-101] Port 'resnet50_bottleneck/m_axi_gmem3_BVALID' has no fanin or fanout and is left dangling.
               Please use C simulation to confirm this function argument can be read from or written to.
WARNING: [RTGEN 206-101] Port 'resnet50_bottleneck/m_axi_gmem3_BREADY' has no fanin or fanout and is left dangling.
               Please use C simulation to confirm this function argument can be read from or written to.
WARNING: [RTGEN 206-101] Setting dangling out port 'resnet50_bottleneck/m_axi_gmem3_BREADY' to 0.
WARNING: [RTGEN 206-101] Port 'resnet50_bottleneck/m_axi_gmem3_BRESP' has no fanin or fanout and is left dangling.
               Please use C simulation to confirm this function argument can be read from or written to.
WARNING: [RTGEN 206-101] Port 'resnet50_bottleneck/m_axi_gmem3_BID' has no fanin or fanout and is left dangling.
               Please use C simulation to confirm this function argument can be read from or written to.
WARNING: [RTGEN 206-101] Port 'resnet50_bottleneck/m_axi_gmem3_BUSER' has no fanin or fanout and is left dangling.
               Please use C simulation to confirm this function argument can be read from or written to.
WARNING: [RTGEN 206-101] Port 'resnet50_bottleneck/m_axi_gmem4_AWVALID' has no fanin or fanout and is left dangling.
               Please use C simulation to confirm this function argument can be read from or written to.
WARNING: [RTGEN 206-101] Setting dangling out port 'resnet50_bottleneck/m_axi_gmem4_AWVALID' to 0.
WARNING: [RTGEN 206-101] Port 'resnet50_bottleneck/m_axi_gmem4_AWREADY' has no fanin or fanout and is left dangling.
               Please use C simulation to confirm this function argument can be read from or written to.
WARNING: [RTGEN 206-101] Port 'resnet50_bottleneck/m_axi_gmem4_AWADDR' has no fanin or fanout and is left dangling.
               Please use C simulation to confirm this function argument can be read from or written to.
WARNING: [RTGEN 206-101] Setting dangling out port 'resnet50_bottleneck/m_axi_gmem4_AWADDR' to 0.
WARNING: [RTGEN 206-101] Port 'resnet50_bottleneck/m_axi_gmem4_AWID' has no fanin or fanout and is left dangling.
               Please use C simulation to confirm this function argument can be read from or written to.
WARNING: [RTGEN 206-101] Setting dangling out port 'resnet50_bottleneck/m_axi_gmem4_AWID' to 0.
WARNING: [RTGEN 206-101] Port 'resnet50_bottleneck/m_axi_gmem4_AWLEN' has no fanin or fanout and is left dangling.
               Please use C simulation to confirm this function argument can be read from or written to.
WARNING: [RTGEN 206-101] Setting dangling out port 'resnet50_bottleneck/m_axi_gmem4_AWLEN' to 0.
WARNING: [RTGEN 206-101] Port 'resnet50_bottleneck/m_axi_gmem4_AWSIZE' has no fanin or fanout and is left dangling.
               Please use C simulation to confirm this function argument can be read from or written to.
WARNING: [RTGEN 206-101] Setting dangling out port 'resnet50_bottleneck/m_axi_gmem4_AWSIZE' to 0.
WARNING: [RTGEN 206-101] Port 'resnet50_bottleneck/m_axi_gmem4_AWBURST' has no fanin or fanout and is left dangling.
               Please use C simulation to confirm this function argument can be read from or written to.
WARNING: [RTGEN 206-101] Setting dangling out port 'resnet50_bottleneck/m_axi_gmem4_AWBURST' to 0.
WARNING: [RTGEN 206-101] Port 'resnet50_bottleneck/m_axi_gmem4_AWLOCK' has no fanin or fanout and is left dangling.
               Please use C simulation to confirm this function argument can be read from or written to.
WARNING: [RTGEN 206-101] Setting dangling out port 'resnet50_bottleneck/m_axi_gmem4_AWLOCK' to 0.
WARNING: [RTGEN 206-101] Port 'resnet50_bottleneck/m_axi_gmem4_AWCACHE' has no fanin or fanout and is left dangling.
               Please use C simulation to confirm this function argument can be read from or written to.
WARNING: [RTGEN 206-101] Setting dangling out port 'resnet50_bottleneck/m_axi_gmem4_AWCACHE' to 0.
WARNING: [RTGEN 206-101] Port 'resnet50_bottleneck/m_axi_gmem4_AWPROT' has no fanin or fanout and is left dangling.
               Please use C simulation to confirm this function argument can be read from or written to.
WARNING: [RTGEN 206-101] Setting dangling out port 'resnet50_bottleneck/m_axi_gmem4_AWPROT' to 0.
WARNING: [RTGEN 206-101] Port 'resnet50_bottleneck/m_axi_gmem4_AWQOS' has no fanin or fanout and is left dangling.
               Please use C simulation to confirm this function argument can be read from or written to.
WARNING: [RTGEN 206-101] Setting dangling out port 'resnet50_bottleneck/m_axi_gmem4_AWQOS' to 0.
WARNING: [RTGEN 206-101] Port 'resnet50_bottleneck/m_axi_gmem4_AWREGION' has no fanin or fanout and is left dangling.
               Please use C simulation to confirm this function argument can be read from or written to.
WARNING: [RTGEN 206-101] Setting dangling out port 'resnet50_bottleneck/m_axi_gmem4_AWREGION' to 0.
WARNING: [RTGEN 206-101] Port 'resnet50_bottleneck/m_axi_gmem4_AWUSER' has no fanin or fanout and is left dangling.
               Please use C simulation to confirm this function argument can be read from or written to.
WARNING: [RTGEN 206-101] Setting dangling out port 'resnet50_bottleneck/m_axi_gmem4_AWUSER' to 0.
WARNING: [RTGEN 206-101] Port 'resnet50_bottleneck/m_axi_gmem4_WVALID' has no fanin or fanout and is left dangling.
               Please use C simulation to confirm this function argument can be read from or written to.
WARNING: [RTGEN 206-101] Setting dangling out port 'resnet50_bottleneck/m_axi_gmem4_WVALID' to 0.
WARNING: [RTGEN 206-101] Port 'resnet50_bottleneck/m_axi_gmem4_WREADY' has no fanin or fanout and is left dangling.
               Please use C simulation to confirm this function argument can be read from or written to.
WARNING: [RTGEN 206-101] Port 'resnet50_bottleneck/m_axi_gmem4_WDATA' has no fanin or fanout and is left dangling.
               Please use C simulation to confirm this function argument can be read from or written to.
WARNING: [RTGEN 206-101] Setting dangling out port 'resnet50_bottleneck/m_axi_gmem4_WDATA' to 0.
WARNING: [RTGEN 206-101] Port 'resnet50_bottleneck/m_axi_gmem4_WSTRB' has no fanin or fanout and is left dangling.
               Please use C simulation to confirm this function argument can be read from or written to.
WARNING: [RTGEN 206-101] Setting dangling out port 'resnet50_bottleneck/m_axi_gmem4_WSTRB' to 0.
WARNING: [RTGEN 206-101] Port 'resnet50_bottleneck/m_axi_gmem4_WLAST' has no fanin or fanout and is left dangling.
               Please use C simulation to confirm this function argument can be read from or written to.
WARNING: [RTGEN 206-101] Setting dangling out port 'resnet50_bottleneck/m_axi_gmem4_WLAST' to 0.
WARNING: [RTGEN 206-101] Port 'resnet50_bottleneck/m_axi_gmem4_WID' has no fanin or fanout and is left dangling.
               Please use C simulation to confirm this function argument can be read from or written to.
WARNING: [RTGEN 206-101] Setting dangling out port 'resnet50_bottleneck/m_axi_gmem4_WID' to 0.
WARNING: [RTGEN 206-101] Port 'resnet50_bottleneck/m_axi_gmem4_WUSER' has no fanin or fanout and is left dangling.
               Please use C simulation to confirm this function argument can be read from or written to.
WARNING: [RTGEN 206-101] Setting dangling out port 'resnet50_bottleneck/m_axi_gmem4_WUSER' to 0.
WARNING: [RTGEN 206-101] Port 'resnet50_bottleneck/m_axi_gmem4_ARVALID' has no fanin or fanout and is left dangling.
               Please use C simulation to confirm this function argument can be read from or written to.
WARNING: [RTGEN 206-101] Setting dangling out port 'resnet50_bottleneck/m_axi_gmem4_ARVALID' to 0.
WARNING: [RTGEN 206-101] Port 'resnet50_bottleneck/m_axi_gmem4_ARREADY' has no fanin or fanout and is left dangling.
               Please use C simulation to confirm this function argument can be read from or written to.
WARNING: [RTGEN 206-101] Port 'resnet50_bottleneck/m_axi_gmem4_ARADDR' has no fanin or fanout and is left dangling.
               Please use C simulation to confirm this function argument can be read from or written to.
WARNING: [RTGEN 206-101] Setting dangling out port 'resnet50_bottleneck/m_axi_gmem4_ARADDR' to 0.
WARNING: [RTGEN 206-101] Port 'resnet50_bottleneck/m_axi_gmem4_ARID' has no fanin or fanout and is left dangling.
               Please use C simulation to confirm this function argument can be read from or written to.
WARNING: [RTGEN 206-101] Setting dangling out port 'resnet50_bottleneck/m_axi_gmem4_ARID' to 0.
WARNING: [RTGEN 206-101] Port 'resnet50_bottleneck/m_axi_gmem4_ARLEN' has no fanin or fanout and is left dangling.
               Please use C simulation to confirm this function argument can be read from or written to.
WARNING: [RTGEN 206-101] Setting dangling out port 'resnet50_bottleneck/m_axi_gmem4_ARLEN' to 0.
WARNING: [RTGEN 206-101] Port 'resnet50_bottleneck/m_axi_gmem4_ARSIZE' has no fanin or fanout and is left dangling.
               Please use C simulation to confirm this function argument can be read from or written to.
WARNING: [RTGEN 206-101] Setting dangling out port 'resnet50_bottleneck/m_axi_gmem4_ARSIZE' to 0.
WARNING: [RTGEN 206-101] Port 'resnet50_bottleneck/m_axi_gmem4_ARBURST' has no fanin or fanout and is left dangling.
               Please use C simulation to confirm this function argument can be read from or written to.
WARNING: [RTGEN 206-101] Setting dangling out port 'resnet50_bottleneck/m_axi_gmem4_ARBURST' to 0.
WARNING: [RTGEN 206-101] Port 'resnet50_bottleneck/m_axi_gmem4_ARLOCK' has no fanin or fanout and is left dangling.
               Please use C simulation to confirm this function argument can be read from or written to.
WARNING: [RTGEN 206-101] Setting dangling out port 'resnet50_bottleneck/m_axi_gmem4_ARLOCK' to 0.
WARNING: [RTGEN 206-101] Port 'resnet50_bottleneck/m_axi_gmem4_ARCACHE' has no fanin or fanout and is left dangling.
               Please use C simulation to confirm this function argument can be read from or written to.
WARNING: [RTGEN 206-101] Setting dangling out port 'resnet50_bottleneck/m_axi_gmem4_ARCACHE' to 0.
WARNING: [RTGEN 206-101] Port 'resnet50_bottleneck/m_axi_gmem4_ARPROT' has no fanin or fanout and is left dangling.
               Please use C simulation to confirm this function argument can be read from or written to.
WARNING: [RTGEN 206-101] Setting dangling out port 'resnet50_bottleneck/m_axi_gmem4_ARPROT' to 0.
WARNING: [RTGEN 206-101] Port 'resnet50_bottleneck/m_axi_gmem4_ARQOS' has no fanin or fanout and is left dangling.
               Please use C simulation to confirm this function argument can be read from or written to.
WARNING: [RTGEN 206-101] Setting dangling out port 'resnet50_bottleneck/m_axi_gmem4_ARQOS' to 0.
WARNING: [RTGEN 206-101] Port 'resnet50_bottleneck/m_axi_gmem4_ARREGION' has no fanin or fanout and is left dangling.
               Please use C simulation to confirm this function argument can be read from or written to.
WARNING: [RTGEN 206-101] Setting dangling out port 'resnet50_bottleneck/m_axi_gmem4_ARREGION' to 0.
WARNING: [RTGEN 206-101] Port 'resnet50_bottleneck/m_axi_gmem4_ARUSER' has no fanin or fanout and is left dangling.
               Please use C simulation to confirm this function argument can be read from or written to.
WARNING: [RTGEN 206-101] Setting dangling out port 'resnet50_bottleneck/m_axi_gmem4_ARUSER' to 0.
WARNING: [RTGEN 206-101] Port 'resnet50_bottleneck/m_axi_gmem4_RVALID' has no fanin or fanout and is left dangling.
               Please use C simulation to confirm this function argument can be read from or written to.
WARNING: [RTGEN 206-101] Port 'resnet50_bottleneck/m_axi_gmem4_RREADY' has no fanin or fanout and is left dangling.
               Please use C simulation to confirm this function argument can be read from or written to.
WARNING: [RTGEN 206-101] Setting dangling out port 'resnet50_bottleneck/m_axi_gmem4_RREADY' to 0.
WARNING: [RTGEN 206-101] Port 'resnet50_bottleneck/m_axi_gmem4_RDATA' has no fanin or fanout and is left dangling.
               Please use C simulation to confirm this function argument can be read from or written to.
WARNING: [RTGEN 206-101] Port 'resnet50_bottleneck/m_axi_gmem4_RLAST' has no fanin or fanout and is left dangling.
               Please use C simulation to confirm this function argument can be read from or written to.
WARNING: [RTGEN 206-101] Port 'resnet50_bottleneck/m_axi_gmem4_RID' has no fanin or fanout and is left dangling.
               Please use C simulation to confirm this function argument can be read from or written to.
WARNING: [RTGEN 206-101] Port 'resnet50_bottleneck/m_axi_gmem4_RUSER' has no fanin or fanout and is left dangling.
               Please use C simulation to confirm this function argument can be read from or written to.
WARNING: [RTGEN 206-101] Port 'resnet50_bottleneck/m_axi_gmem4_RRESP' has no fanin or fanout and is left dangling.
               Please use C simulation to confirm this function argument can be read from or written to.
WARNING: [RTGEN 206-101] Port 'resnet50_bottleneck/m_axi_gmem4_BVALID' has no fanin or fanout and is left dangling.
               Please use C simulation to confirm this function argument can be read from or written to.
WARNING: [RTGEN 206-101] Port 'resnet50_bottleneck/m_axi_gmem4_BREADY' has no fanin or fanout and is left dangling.
               Please use C simulation to confirm this function argument can be read from or written to.
WARNING: [RTGEN 206-101] Setting dangling out port 'resnet50_bottleneck/m_axi_gmem4_BREADY' to 0.
WARNING: [RTGEN 206-101] Port 'resnet50_bottleneck/m_axi_gmem4_BRESP' has no fanin or fanout and is left dangling.
               Please use C simulation to confirm this function argument can be read from or written to.
WARNING: [RTGEN 206-101] Port 'resnet50_bottleneck/m_axi_gmem4_BID' has no fanin or fanout and is left dangling.
               Please use C simulation to confirm this function argument can be read from or written to.
WARNING: [RTGEN 206-101] Port 'resnet50_bottleneck/m_axi_gmem4_BUSER' has no fanin or fanout and is left dangling.
               Please use C simulation to confirm this function argument can be read from or written to.
INFO: [RTGEN 206-100] Finished creating RTL model for 'resnet50_bottleneck'.
INFO: [RTMG 210-278] Implementing memory 'resnet50_bottleneck_local_in_RAM_AUTO_1R1W' using auto RAMs.
INFO: [RTMG 210-278] Implementing memory 'resnet50_bottleneck_local_out_RAM_AUTO_1R1W' using auto RAMs.
INFO: [RTMG 210-285] Implementing FIFO 'skip_connection_fifo_U(resnet50_bottleneck_fifo_w16_d1024_A)' using Vivado Default RAMs.
INFO: [HLS 200-111] Finished Creating RTL model: CPU user time: 0 seconds. CPU system time: 0 seconds. Elapsed time: 2.115 seconds; current allocated memory: 228.609 MB.
INFO: [HLS 200-111] Finished Generating all RTL models: CPU user time: 1 seconds. CPU system time: 0 seconds. Elapsed time: 0.99 seconds; current allocated memory: 233.035 MB.
INFO: [HLS 200-111] Finished Updating report files: CPU user time: 1 seconds. CPU system time: 0 seconds. Elapsed time: 1.488 seconds; current allocated memory: 241.527 MB.
INFO: [VHDL 208-304] Generating VHDL RTL for resnet50_bottleneck.
INFO: [VLOG 209-307] Generating Verilog RTL for resnet50_bottleneck.
INFO: [HLS 200-790] **** Loop Constraint Status: All loop constraints were satisfied.
INFO: [HLS 200-789] **** Estimated Fmax: 136.99 MHz
INFO: [HLS 200-112] Total CPU user time: 5 seconds. Total CPU system time: 3 seconds. Total elapsed time: 32.14 seconds; peak allocated memory: 241.574 MB.
INFO: [v++ 60-791] Total elapsed time: 0h 0m 38s
