03/30/26 20:08:38: Running xcd server. This server was built by gradle.
03/30/26 20:08:38: Server was asked to start on port: '50927'
03/30/26 20:08:38: Server is using token UUID: '4aafb564-e28a-456a-a8ab-c427fba45dda'
03/30/26 20:08:38: SESSION_MGR: creating session with session uuid: '6d04a3e9-ade5-4ab9-8d63-1f78fcd2ec76' and name 'default'
03/30/26 20:08:38: Attempting to start server on port '50927'
03/30/26 20:08:38: Running Dispatch Server
03/30/26 20:08:38: Version 2.2.0
03/30/26 20:08:40: Dispatch Server: Accepted socket connection from client
03/30/26 20:08:40: Starting Socket connection
03/30/26 20:08:40: EXCHANGE_TOKEN received, server token: 4aafb564-e28a-456a-a8ab-c427fba45dda, passed token: 4aafb564-e28a-456a-a8ab-c427fba45dda
03/30/26 20:08:40: DISPATCH_HANDLER: Adding handler from function makeHandler in library xv_system_diagram
03/30/26 20:08:40: SESSION_MGR: creating session with session uuid: '0a048309-cc80-4cb3-a688-1d6f3180710e' and name 'v++_compile_hls_component'
03/30/26 20:08:40: KERNEL_SVC: creating session with uuid: '0a048309-cc80-4cb3-a688-1d6f3180710e' and name 'v++_compile_hls_component'
03/30/26 20:08:40: GUIDANCE_SMGR: creating guidance session with uuid: '0a048309-cc80-4cb3-a688-1d6f3180710e' and name 'v++_compile_hls_component'
03/30/26 20:08:40: SYSTEM_DIAGRAM: creating session with uuid: '0a048309-cc80-4cb3-a688-1d6f3180710e' and name 'v++_compile_hls_component'
03/30/26 20:08:48: Dispatch Server: Accepted socket connection from client
03/30/26 20:08:48: Starting Socket connection
03/30/26 20:09:16: SESSION_MGR: closing session for UUID '0a048309-cc80-4cb3-a688-1d6f3180710e' with name 'v++_compile_hls_component'
03/30/26 20:09:16: KERNEL_SVC: closing session for UUID '0a048309-cc80-4cb3-a688-1d6f3180710e' with name 'v++_compile_hls_component'
03/30/26 20:09:16: GUIDANCE_SMGR: closing session for UUID '0a048309-cc80-4cb3-a688-1d6f3180710e' with name 'v++_compile_hls_component'
03/30/26 20:09:16: SYSTEM_DIAGRAM: closing session for UUID '0a048309-cc80-4cb3-a688-1d6f3180710e' with name 'v++_compile_hls_component'
03/30/26 20:09:16: STOP_SERVER received, server token: 4aafb564-e28a-456a-a8ab-c427fba45dda, passed token: 4aafb564-e28a-456a-a8ab-c427fba45dda
03/30/26 20:09:16: Socket received request to stop server.
03/30/26 20:09:16: Dispatch Server: do_await_stop
03/30/26 20:09:16: SERVER: destructor for server bound to port 50927
