================================================================
== Design Size Report
================================================================

* Total Instructions per Compilation Phase
+---------------+-----------------------------+--------------+----------------------------------------------------------------------------------------+
| Phase         | Step                        | Instructions | Description                                                                            |
+---------------+-----------------------------+--------------+----------------------------------------------------------------------------------------+
| Compile/Link  |                             | 1,104        | After all functions are compiled and linked into a single design                       |
|               |                             |              |                                                                                        |
| Unroll/Inline |                             |              | After user unroll and inline pragmas are applied                                       |
|               | (1) unroll                  |   120        | user unroll pragmas are applied                                                        |
|               | (2) simplification          |    77        | simplification of applied user unroll pragmas                                          |
|               | (3) inline                  |    72        | user inline pragmas are applied                                                        |
|               | (4) simplification          |    72        | simplification of applied user inline pragmas                                          |
|               |                             |              |                                                                                        |
| Array/Struct  |                             |              | After user array partition and struct aggregate/disaggregate pragmas are applied       |
|               | (1) array partition         |    72        | user array partition pragmas are applied                                               |
|               | (2) simplification          |    72        | simplification of applied user array partition & struct aggregate/disaggregate pragmas |
|               | (3) aggregate/disaggregate  |    72        | user struct aggregate/disaggregate pragmas are applied                                 |
|               | (4) array reshape           |    72        | apply array reshape pragmas                                                            |
|               | (5) access patterns         |    72        | array access pattern optmizations                                                      |
|               |                             |              |                                                                                        |
| Performance   |                             |              | After transformations are applied to meet performance pragma targets                   |
|               | (1) loop simplification     |    70        | loop and instruction simplification                                                    |
|               | (2) parallelization         |    69        | loops are unrolled or pipelined to meet performance targets                            |
|               | (3) array partition         |    69        | arrays are partitioned to meet performance targets                                     |
|               | (4) simplification          |    69        | simplification of design after performance transformations                             |
|               |                             |              |                                                                                        |
| HW Transforms |                             |              | After hardware transfomations                                                          |
|               | (1) lowering                |    86        | initial conversion to HW specific instructions                                         |
|               | (2) optimizations           |   108        | high level synthesis optimizations                                                     |
+---------------+-----------------------------+--------------+----------------------------------------------------------------------------------------+

* Instructions per Function for each Compilation Phase
+-----------------------+-----------------+--------------+---------------+--------------+-------------+---------------+
| Function              | Location        | Compile/Link | Unroll/Inline | Array/Struct | Performance | HW Transforms |
+-----------------------+-----------------+--------------+---------------+--------------+-------------+---------------+
|   resnet50_bottleneck | ResNet50.cpp:12 | 1,104        | 72            | 72           | 69          | 108           |
+-----------------------+-----------------+--------------+---------------+--------------+-------------+---------------+

* Design Size Message Settings
+---------------------------------------------+--------+------------------------------------------------------------------+
| Message Setting                             | Value  | Description                                                      |
+---------------------------------------------+--------+------------------------------------------------------------------+
| config_compile -design_size_maximum_warning | 100000 | Show a warning when total design instructions exceeds this value |
+---------------------------------------------+--------+------------------------------------------------------------------+


