

================================================================
== Synthesis Summary Report of 'resnet50_bottleneck'
================================================================
+ General Information: 
    * Date:           Mon Mar 30 20:09:14 2026
    * Version:        2025.1 (Build 6135595 on May 21 2025)
    * Project:        hls_component
    * Solution:       hls (Vivado IP Flow Target)
    * Product family: zynquplus
    * Target device:  xczu7ev-ffvc1156-2-e
    

+ Performance & Resource Estimates: 
    
    PS: '+' for module; 'o' for loop; '*' for dataflow
    +---------------------------------------------------+------+------+---------+-----------+----------+---------+------+----------+---------+----+------------+-----------+-----+
    |                      Modules                      | Issue|      |       Latency       | Iteration|         | Trip |          |         |    |            |           |     |
    |                      & Loops                      | Type | Slack| (cycles)|    (ns)   |  Latency | Interval| Count| Pipelined|  BRAM   | DSP|     FF     |    LUT    | URAM|
    +---------------------------------------------------+------+------+---------+-----------+----------+---------+------+----------+---------+----+------------+-----------+-----+
    |+ resnet50_bottleneck                              |     -|  0.00|  2493233|  2.493e+07|         -|  2493234|     -|        no|  5 (~0%)|   -|  2418 (~0%)|  3187 (1%)|    -|
    | o VITIS_LOOP_36_1                                 |     -|  7.30|  2493232|  2.493e+07|     44522|        -|    56|        no|        -|   -|           -|          -|    -|
    |  o VITIS_LOOP_37_2                                |     -|  7.30|    44520|  4.452e+05|       795|        -|    56|        no|        -|   -|           -|          -|    -|
    |   + resnet50_bottleneck_Pipeline_VITIS_LOOP_40_3  |     -|  0.00|      267|  2.670e+03|         -|      257|     -|    rewind|        -|   -|   206 (~0%)|  281 (~0%)|    -|
    |    o VITIS_LOOP_40_3                              |     -|  7.30|      265|  2.650e+03|        11|        1|   256|       yes|        -|   -|           -|          -|    -|
    |   + resnet50_bottleneck_Pipeline_VITIS_LOOP_55_4  |     -|  4.83|      258|  2.580e+03|         -|      257|     -|    rewind|        -|   -|    21 (~0%)|   71 (~0%)|    -|
    |    o VITIS_LOOP_55_4                              |     -|  7.30|      256|  2.560e+03|         2|        1|   256|       yes|        -|   -|           -|          -|    -|
    |   + resnet50_bottleneck_Pipeline_VITIS_LOOP_61_5  |     -|  0.00|      264|  2.640e+03|         -|      257|     -|    rewind|        -|   -|   126 (~0%)|  321 (~0%)|    -|
    |    o VITIS_LOOP_61_5                              |     -|  7.30|      262|  2.620e+03|         8|        1|   256|       yes|        -|   -|           -|          -|    -|
    +---------------------------------------------------+------+------+---------+-----------+----------+---------+------+----------+---------+----+------------+-----------+-----+


================================================================
== HW Interfaces
================================================================
* M_AXI
+-------------+------------+------------+---------------+---------+--------+----------+-----------+--------------+--------------+-------------+-------------+-------------------+
| Interface   | Read/Write | Data Width | Address Width | Latency | Offset | Register | Max Widen | Max Read     | Max Write    | Num Read    | Num Write   | Resource Estimate |
|             |            | (SW->HW)   |               |         |        |          | Bitwidth  | Burst Length | Burst Length | Outstanding | Outstanding |                   |
+-------------+------------+------------+---------------+---------+--------+----------+-----------+--------------+--------------+-------------+-------------+-------------------+
| m_axi_gmem0 | READ_ONLY  | 16 -> 16   | 64            | 0       | slave  | 0        | 0         | 16           | 16           | 16          | 16          | BRAM=2            |
| m_axi_gmem1 | WRITE_ONLY | 16 -> 16   | 64            | 0       | slave  | 0        | 0         | 16           | 16           | 16          | 16          |                   |
| m_axi_gmem2 | READ_ONLY  | 16 -> 16   | 64            | 0       | slave  | 0        | 0         | 16           | 16           | 16          | 16          |                   |
| m_axi_gmem3 | READ_ONLY  | 16 -> 16   | 64            | 0       | slave  | 0        | 0         | 16           | 16           | 16          | 16          |                   |
| m_axi_gmem4 | READ_ONLY  | 16 -> 16   | 64            | 0       | slave  | 0        | 0         | 16           | 16           | 16          | 16          |                   |
+-------------+------------+------------+---------------+---------+--------+----------+-----------+--------------+--------------+-------------+-------------+-------------------+

* S_AXILITE Interfaces
+---------------+------------+---------------+--------+----------+
| Interface     | Data Width | Address Width | Offset | Register |
+---------------+------------+---------------+--------+----------+
| s_axi_control | 32         | 7             | 16     | 0        |
+---------------+------------+---------------+--------+----------+

* S_AXILITE Registers
+---------------+-----------------+--------+-------+--------+----------------------------------+----------------------------------------------------------------------+
| Interface     | Register        | Offset | Width | Access | Description                      | Bit Fields                                                           |
+---------------+-----------------+--------+-------+--------+----------------------------------+----------------------------------------------------------------------+
| s_axi_control | CTRL            | 0x00   | 32    | RW     | Control signals                  | 0=AP_START 1=AP_DONE 2=AP_IDLE 3=AP_READY 7=AUTO_RESTART 9=INTERRUPT |
| s_axi_control | GIER            | 0x04   | 32    | RW     | Global Interrupt Enable Register | 0=Enable                                                             |
| s_axi_control | IP_IER          | 0x08   | 32    | RW     | IP Interrupt Enable Register     | 0=CHAN0_INT_EN 1=CHAN1_INT_EN                                        |
| s_axi_control | IP_ISR          | 0x0c   | 32    | RW     | IP Interrupt Status Register     | 0=CHAN0_INT_ST 1=CHAN1_INT_ST                                        |
| s_axi_control | input_tensor_1  | 0x10   | 32    | W      | Data signal of input_tensor      |                                                                      |
| s_axi_control | input_tensor_2  | 0x14   | 32    | W      | Data signal of input_tensor      |                                                                      |
| s_axi_control | output_tensor_1 | 0x1c   | 32    | W      | Data signal of output_tensor     |                                                                      |
| s_axi_control | output_tensor_2 | 0x20   | 32    | W      | Data signal of output_tensor     |                                                                      |
| s_axi_control | w_1x1_a_1       | 0x28   | 32    | W      | Data signal of w_1x1_a           |                                                                      |
| s_axi_control | w_1x1_a_2       | 0x2c   | 32    | W      | Data signal of w_1x1_a           |                                                                      |
| s_axi_control | w_3x3_1         | 0x34   | 32    | W      | Data signal of w_3x3             |                                                                      |
| s_axi_control | w_3x3_2         | 0x38   | 32    | W      | Data signal of w_3x3             |                                                                      |
| s_axi_control | w_1x1_b_1       | 0x40   | 32    | W      | Data signal of w_1x1_b           |                                                                      |
| s_axi_control | w_1x1_b_2       | 0x44   | 32    | W      | Data signal of w_1x1_b           |                                                                      |
+---------------+-----------------+--------+-------+--------+----------------------------------+----------------------------------------------------------------------+

* TOP LEVEL CONTROL
+-----------+------------+-----------+
| Interface | Type       | Ports     |
+-----------+------------+-----------+
| ap_clk    | clock      | ap_clk    |
| ap_rst_n  | reset      | ap_rst_n  |
| interrupt | interrupt  | interrupt |
| ap_ctrl   | ap_ctrl_hs |           |
+-----------+------------+-----------+


================================================================
== SW I/O Information
================================================================
* Top Function Arguments
+---------------+-----------+---------------------------------------------+
| Argument      | Direction | Datatype                                    |
+---------------+-----------+---------------------------------------------+
| input_tensor  | in        | ap_fixed<16, 8, AP_TRN, AP_WRAP, 0>*        |
| output_tensor | out       | ap_fixed<16, 8, AP_TRN, AP_WRAP, 0>*        |
| w_1x1_a       | unused    | ap_fixed<16, 8, AP_TRN, AP_WRAP, 0> const * |
| w_3x3         | unused    | ap_fixed<16, 8, AP_TRN, AP_WRAP, 0> const * |
| w_1x1_b       | unused    | ap_fixed<16, 8, AP_TRN, AP_WRAP, 0> const * |
+---------------+-----------+---------------------------------------------+

* SW-to-HW Mapping
+---------------+---------------+-----------+----------+-------------------------------------------+
| Argument      | HW Interface  | HW Type   | HW Usage | HW Info                                   |
+---------------+---------------+-----------+----------+-------------------------------------------+
| input_tensor  | m_axi_gmem0   | interface |          | channel=0                                 |
| input_tensor  | s_axi_control | register  | offset   | name=input_tensor_1 offset=0x10 range=32  |
| input_tensor  | s_axi_control | register  | offset   | name=input_tensor_2 offset=0x14 range=32  |
| output_tensor | m_axi_gmem1   | interface |          | channel=0                                 |
| output_tensor | s_axi_control | register  | offset   | name=output_tensor_1 offset=0x1c range=32 |
| output_tensor | s_axi_control | register  | offset   | name=output_tensor_2 offset=0x20 range=32 |
| w_1x1_a       | m_axi_gmem2   | interface |          | channel=0                                 |
| w_1x1_a       | s_axi_control | register  | offset   | name=w_1x1_a_1 offset=0x28 range=32       |
| w_1x1_a       | s_axi_control | register  | offset   | name=w_1x1_a_2 offset=0x2c range=32       |
| w_3x3         | m_axi_gmem3   | interface |          | channel=0                                 |
| w_3x3         | s_axi_control | register  | offset   | name=w_3x3_1 offset=0x34 range=32         |
| w_3x3         | s_axi_control | register  | offset   | name=w_3x3_2 offset=0x38 range=32         |
| w_1x1_b       | m_axi_gmem4   | interface |          | channel=0                                 |
| w_1x1_b       | s_axi_control | register  | offset   | name=w_1x1_b_1 offset=0x40 range=32       |
| w_1x1_b       | s_axi_control | register  | offset   | name=w_1x1_b_2 offset=0x44 range=32       |
+---------------+---------------+-----------+----------+-------------------------------------------+


================================================================
== M_AXI Burst Information
================================================================
 Note: All burst requests might be further partitioned into multiple requests during RTL generation based on max_read_burst_length or max_write_burst_length settings.

* All M_AXI Variable Accesses
+--------------+---------------+--------------------+-----------+--------------+-----------------+--------------------+------------+------------------------+
| HW Interface | Variable      | Access Location    | Direction | Burst Status | Loop            | Loop Location      | Resolution | Problem                |
+--------------+---------------+--------------------+-----------+--------------+-----------------+--------------------+------------+------------------------+
| m_axi_gmem0  | input_tensor  | ResNet50.cpp:43:30 | read      | Fail         | VITIS_LOOP_40_3 | ResNet50.cpp:40:30 | 214-230    | Stride is incompatible |
| m_axi_gmem1  | output_tensor | ResNet50.cpp:69:62 | write     | Fail         | VITIS_LOOP_61_5 | ResNet50.cpp:61:30 | 214-230    | Stride is incompatible |
+--------------+---------------+--------------------+-----------+--------------+-----------------+--------------------+------------+------------------------+

    * Resolution URL: docs.xilinx.com/access/sources/dita/topic?Doc_Version=2025.1%20English&url=ug1448-hls-guidance&resourceid=XXX-YYY.html (replace XXX-YYY with column value)

================================================================
== Bind Op Report
================================================================
+-------------------------------------------------+-----+--------+-------------+--------+----------+---------+
| Name                                            | DSP | Pragma | Variable    | Op     | Impl     | Latency |
+-------------------------------------------------+-----+--------+-------------+--------+----------+---------+
| + resnet50_bottleneck                           | 0   |        |             |        |          |         |
|   icmp_ln36_fu_185_p2                           |     |        | icmp_ln36   | seteq  | auto     | 0       |
|   add_ln36_fu_191_p2                            |     |        | add_ln36    | add    | fabric   | 0       |
|   empty_31_fu_217_p2                            |     |        | empty_31    | sub    | fabric   | 0       |
|   icmp_ln37_fu_223_p2                           |     |        | icmp_ln37   | seteq  | auto     | 0       |
|   add_ln37_fu_229_p2                            |     |        | add_ln37    | add    | fabric   | 0       |
|   thr_add_fu_239_p2                             |     |        | thr_add     | add    | fabric   | 0       |
|  + resnet50_bottleneck_Pipeline_VITIS_LOOP_40_3 | 0   |        |             |        |          |         |
|    icmp_ln40_fu_143_p2                          |     |        | icmp_ln40   | seteq  | auto     | 0       |
|    add_ln40_fu_149_p2                           |     |        | add_ln40    | add    | fabric   | 0       |
|    add_ln42_2_fu_158_p2                         |     |        | add_ln42_2  | add    | fabric   | 0       |
|    add_ln42_fu_164_p2                           |     |        | add_ln42    | add    | fabric   | 0       |
|    add_ln42_1_fu_182_p2                         |     |        | add_ln42_1  | add    | fabric   | 0       |
|  + resnet50_bottleneck_Pipeline_VITIS_LOOP_55_4 | 0   |        |             |        |          |         |
|    icmp_ln55_fu_72_p2                           |     |        | icmp_ln55   | seteq  | auto     | 0       |
|    add_ln55_fu_78_p2                            |     |        | add_ln55    | add    | fabric   | 0       |
|  + resnet50_bottleneck_Pipeline_VITIS_LOOP_61_5 | 0   |        |             |        |          |         |
|    icmp_ln61_fu_158_p2                          |     |        | icmp_ln61   | seteq  | auto     | 0       |
|    add_ln61_fu_164_p2                           |     |        | add_ln61    | add    | fabric   | 0       |
|    added_fu_242_p2                              |     |        | added       | add    | fabric   | 0       |
|    icmp_ln69_fu_252_p2                          |     |        | icmp_ln69   | setgt  | auto     | 0       |
|    select_ln69_fu_258_p3                        |     |        | select_ln69 | select | auto_sel | 0       |
|    add_ln69_2_fu_178_p2                         |     |        | add_ln69_2  | add    | fabric   | 0       |
|    add_ln69_fu_184_p2                           |     |        | add_ln69    | add    | fabric   | 0       |
|    add_ln69_1_fu_202_p2                         |     |        | add_ln69_1  | add    | fabric   | 0       |
+-------------------------------------------------+-----+--------+-------------+--------+----------+---------+


================================================================
== Storage Report
================================================================
+-------------------------------+--------------+-----------+------+------+--------+----------------------+--------+---------+------------------+
| Name                          | Usage        | Type      | BRAM | URAM | Pragma | Variable             | Impl   | Latency | Bitwidth, Depth, |
|                               |              |           |      |      |        |                      |        |         | Banks            |
+-------------------------------+--------------+-----------+------+------+--------+----------------------+--------+---------+------------------+
| + resnet50_bottleneck         |              |           | 5    | 0    |        |                      |        |         |                  |
|   control_s_axi_U             | interface    | s_axilite |      |      |        |                      |        |         |                  |
|   gmem0_m_axi_U               | interface    | m_axi     | 2    |      |        |                      |        |         |                  |
|   gmem1_m_axi_U               | interface    | m_axi     |      |      |        |                      |        |         |                  |
|   skip_connection_fifo_fifo_U | fifo array   |           | 1    |      |        | skip_connection_fifo | memory | 0       | 16, 1024, 1      |
|   local_in_U                  | ram_1p array |           | 1    |      |        | local_in             | auto   | 1       | 16, 256, 1       |
|   local_out_U                 | ram_1p array |           | 1    |      |        | local_out            | auto   | 1       | 15, 256, 1       |
+-------------------------------+--------------+-----------+------+------+--------+----------------------+--------+---------+------------------+


================================================================
== Pragma Report
================================================================
* Valid Pragma Syntax
+-----------+----------------------------------------------------+--------------------------------------------------------------+
| Type      | Options                                            | Location                                                     |
+-----------+----------------------------------------------------+--------------------------------------------------------------+
| INTERFACE | m_axi port=input_tensor offset=slave bundle=gmem0  | ResNet50.cpp:19 in resnet50_bottleneck, input_tensor         |
| INTERFACE | m_axi port=output_tensor offset=slave bundle=gmem1 | ResNet50.cpp:20 in resnet50_bottleneck, output_tensor        |
| INTERFACE | m_axi port=w_1x1_a offset=slave bundle=gmem2       | ResNet50.cpp:21 in resnet50_bottleneck, w_1x1_a              |
| INTERFACE | m_axi port=w_3x3 offset=slave bundle=gmem3         | ResNet50.cpp:22 in resnet50_bottleneck, w_3x3                |
| INTERFACE | m_axi port=w_1x1_b offset=slave bundle=gmem4       | ResNet50.cpp:23 in resnet50_bottleneck, w_1x1_b              |
| INTERFACE | s_axilite port=return                              | ResNet50.cpp:24 in resnet50_bottleneck, return               |
| STREAM    | variable=skip_connection_fifo depth=1024           | ResNet50.cpp:29 in resnet50_bottleneck, skip_connection_fifo |
| PIPELINE  | ii=1                                               | ResNet50.cpp:41 in resnet50_bottleneck                       |
| PIPELINE  | ii=1                                               | ResNet50.cpp:62 in resnet50_bottleneck                       |
+-----------+----------------------------------------------------+--------------------------------------------------------------+


