

================================================================
== Vitis HLS Report for 'resnet50_bottleneck_Pipeline_VITIS_LOOP_55_4'
================================================================
* Date:           Mon Mar 30 20:09:10 2026

* Version:        2025.1 (Build 6135595 on May 21 2025)
* Project:        hls_component
* Solution:       hls (Vivado IP Flow Target)
* Product family: zynquplus
* Target device:  xczu7ev-ffvc1156-2-e


================================================================
== Performance Estimates
================================================================
+ Timing: 
    * Summary: 
    +--------+----------+----------+------------+
    |  Clock |  Target  | Estimated| Uncertainty|
    +--------+----------+----------+------------+
    |ap_clk  |  10.00 ns|  2.474 ns|     2.70 ns|
    +--------+----------+----------+------------+

+ Latency: 
    * Summary: 
    +---------+---------+----------+----------+-----+-----+------------------------------------------------+
    |  Latency (cycles) |  Latency (absolute) |  Interval |                    Pipeline                    |
    |   min   |   max   |    min   |    max   | min | max |                      Type                      |
    +---------+---------+----------+----------+-----+-----+------------------------------------------------+
    |      258|      258|  2.580 us|  2.580 us|  257|  257|  loop auto-rewind stp (delay=0 clock cycles(s))|
    +---------+---------+----------+----------+-----+-----+------------------------------------------------+

    + Detail: 
        * Instance: 
        N/A

        * Loop: 
        +-------------------+---------+---------+----------+-----------+-----------+------+----------+
        |                   |  Latency (cycles) | Iteration|  Initiation Interval  | Trip |          |
        |     Loop Name     |   min   |   max   |  Latency |  achieved |   target  | Count| Pipelined|
        +-------------------+---------+---------+----------+-----------+-----------+------+----------+
        |- VITIS_LOOP_55_4  |      256|      256|         2|          1|          1|   256|       yes|
        +-------------------+---------+---------+----------+-----------+-----------+------+----------+



================================================================
== Utilization Estimates
================================================================
* Summary: 
+-----------------+---------+------+--------+--------+-----+
|       Name      | BRAM_18K|  DSP |   FF   |   LUT  | URAM|
+-----------------+---------+------+--------+--------+-----+
|DSP              |        -|     -|       -|       -|    -|
|Expression       |        -|     -|       0|      35|    -|
|FIFO             |        -|     -|       -|       -|    -|
|Instance         |        -|     -|       -|       -|    -|
|Memory           |        -|     -|       -|       -|    -|
|Multiplexer      |        -|     -|       0|      36|    -|
|Register         |        -|     -|      21|       -|    -|
+-----------------+---------+------+--------+--------+-----+
|Total            |        0|     0|      21|      71|    0|
+-----------------+---------+------+--------+--------+-----+
|Available        |      624|  1728|  460800|  230400|   96|
+-----------------+---------+------+--------+--------+-----+
|Utilization (%)  |        0|     0|      ~0|      ~0|    0|
+-----------------+---------+------+--------+--------+-----+

+ Detail: 
    * Instance: 
    N/A

    * DSP: 
    N/A

    * Memory: 
    N/A

    * FIFO: 
    N/A

    * Expression: 
    +--------------------+----------+----+---+----+------------+------------+
    |    Variable Name   | Operation| DSP| FF| LUT| Bitwidth P0| Bitwidth P1|
    +--------------------+----------+----+---+----+------------+------------+
    |add_ln55_fu_78_p2   |         +|   0|  0|  16|           9|           1|
    |icmp_ln55_fu_72_p2  |      icmp|   0|  0|  17|           9|          10|
    |ap_enable_pp0       |       xor|   0|  0|   2|           1|           2|
    +--------------------+----------+----+---+----+------------+------------+
    |Total               |          |   0|  0|  35|          19|          13|
    +--------------------+----------+----+---+----+------------+------------+

    * Multiplexer: 
    +-------------------------+----+-----------+-----+-----------+
    |           Name          | LUT| Input Size| Bits| Total Bits|
    +-------------------------+----+-----------+-----+-----------+
    |ap_done_int              |   9|          2|    1|          2|
    |ap_enable_reg_pp0_iter1  |   9|          2|    1|          2|
    |ap_sig_allocacmp_ch      |   9|          2|    9|         18|
    |ch_1_fu_34               |   9|          2|    9|         18|
    +-------------------------+----+-----------+-----+-----------+
    |Total                    |  36|          8|   20|         40|
    +-------------------------+----+-----------+-----+-----------+

    * Register: 
    +-------------------------+---+----+-----+-----------+
    |           Name          | FF| LUT| Bits| Const Bits|
    +-------------------------+---+----+-----+-----------+
    |ap_CS_fsm                |  1|   0|    1|          0|
    |ap_done_reg              |  1|   0|    1|          0|
    |ap_enable_reg_pp0_iter1  |  1|   0|    1|          0|
    |ch_1_fu_34               |  9|   0|    9|          0|
    |zext_ln55_reg_115        |  9|   0|   64|         55|
    +-------------------------+---+----+-----+-----------+
    |Total                    | 21|   0|   76|         55|
    +-------------------------+---+----+-----+-----------+



================================================================
== Interface
================================================================
* Summary: 
+--------------------+-----+-----+------------+----------------------------------------------+--------------+
|      RTL Ports     | Dir | Bits|  Protocol  |                 Source Object                |    C Type    |
+--------------------+-----+-----+------------+----------------------------------------------+--------------+
|ap_clk              |   in|    1|  ap_ctrl_hs|  resnet50_bottleneck_Pipeline_VITIS_LOOP_55_4|  return value|
|ap_rst              |   in|    1|  ap_ctrl_hs|  resnet50_bottleneck_Pipeline_VITIS_LOOP_55_4|  return value|
|ap_start            |   in|    1|  ap_ctrl_hs|  resnet50_bottleneck_Pipeline_VITIS_LOOP_55_4|  return value|
|ap_done             |  out|    1|  ap_ctrl_hs|  resnet50_bottleneck_Pipeline_VITIS_LOOP_55_4|  return value|
|ap_idle             |  out|    1|  ap_ctrl_hs|  resnet50_bottleneck_Pipeline_VITIS_LOOP_55_4|  return value|
|ap_ready            |  out|    1|  ap_ctrl_hs|  resnet50_bottleneck_Pipeline_VITIS_LOOP_55_4|  return value|
|local_in_address0   |  out|    8|   ap_memory|                                      local_in|         array|
|local_in_ce0        |  out|    1|   ap_memory|                                      local_in|         array|
|local_in_q0         |   in|   16|   ap_memory|                                      local_in|         array|
|local_out_address0  |  out|    8|   ap_memory|                                     local_out|         array|
|local_out_ce0       |  out|    1|   ap_memory|                                     local_out|         array|
|local_out_we0       |  out|    1|   ap_memory|                                     local_out|         array|
|local_out_d0        |  out|   15|   ap_memory|                                     local_out|         array|
+--------------------+-----+-----+------------+----------------------------------------------+--------------+

