

================================================================
== Vitis HLS Report for 'resnet50_bottleneck_Pipeline_VITIS_LOOP_40_3'
================================================================
* Date:           Mon Mar 30 20:09:10 2026

* Version:        2025.1 (Build 6135595 on May 21 2025)
* Project:        hls_component
* Solution:       hls (Vivado IP Flow Target)
* Product family: zynquplus
* Target device:  xczu7ev-ffvc1156-2-e


================================================================
== Performance Estimates
================================================================
+ Timing: 
    * Summary: 
    +--------+----------+----------+------------+
    |  Clock |  Target  | Estimated| Uncertainty|
    +--------+----------+----------+------------+
    |ap_clk  |  10.00 ns|  7.300 ns|     2.70 ns|
    +--------+----------+----------+------------+

+ Latency: 
    * Summary: 
    +---------+---------+----------+----------+-----+-----+------------------------------------------------+
    |  Latency (cycles) |  Latency (absolute) |  Interval |                    Pipeline                    |
    |   min   |   max   |    min   |    max   | min | max |                      Type                      |
    +---------+---------+----------+----------+-----+-----+------------------------------------------------+
    |      267|      267|  2.670 us|  2.670 us|  257|  257|  loop auto-rewind stp (delay=0 clock cycles(s))|
    +---------+---------+----------+----------+-----+-----+------------------------------------------------+

    + Detail: 
        * Instance: 
        N/A

        * Loop: 
        +-------------------+---------+---------+----------+-----------+-----------+------+----------+
        |                   |  Latency (cycles) | Iteration|  Initiation Interval  | Trip |          |
        |     Loop Name     |   min   |   max   |  Latency |  achieved |   target  | Count| Pipelined|
        +-------------------+---------+---------+----------+-----------+-----------+------+----------+
        |- VITIS_LOOP_40_3  |      265|      265|        11|          1|          1|   256|       yes|
        +-------------------+---------+---------+----------+-----------+-----------+------+----------+



================================================================
== Utilization Estimates
================================================================
* Summary: 
+-----------------+---------+------+--------+--------+-----+
|       Name      | BRAM_18K|  DSP |   FF   |   LUT  | URAM|
+-----------------+---------+------+--------+--------+-----+
|DSP              |        -|     -|       -|       -|    -|
|Expression       |        -|     -|       0|     166|    -|
|FIFO             |        -|     -|       -|       -|    -|
|Instance         |        -|     -|       -|       -|    -|
|Memory           |        -|     -|       -|       -|    -|
|Multiplexer      |        -|     -|       0|      81|    -|
|Register         |        -|     -|     206|      32|    -|
+-----------------+---------+------+--------+--------+-----+
|Total            |        0|     0|     206|     279|    0|
+-----------------+---------+------+--------+--------+-----+
|Available        |      624|  1728|  460800|  230400|   96|
+-----------------+---------+------+--------+--------+-----+
|Utilization (%)  |        0|     0|      ~0|      ~0|    0|
+-----------------+---------+------+--------+--------+-----+

+ Detail: 
    * Instance: 
    N/A

    * DSP: 
    N/A

    * Memory: 
    N/A

    * FIFO: 
    N/A

    * Expression: 
    +--------------------------------+----------+----+---+----+------------+------------+
    |          Variable Name         | Operation| DSP| FF| LUT| Bitwidth P0| Bitwidth P1|
    +--------------------------------+----------+----+---+----+------------+------------+
    |add_ln40_fu_149_p2              |         +|   0|  0|  16|           9|           1|
    |add_ln42_1_fu_182_p2            |         +|   0|  0|  71|          64|          64|
    |add_ln42_2_fu_158_p2            |         +|   0|  0|  27|          20|          12|
    |add_ln42_fu_164_p2              |         +|   0|  0|  27|          20|          20|
    |ap_block_pp0_stage0_11001_grp1  |       and|   0|  0|   2|           1|           1|
    |icmp_ln40_fu_143_p2             |      icmp|   0|  0|  17|           9|          10|
    |ap_block_pp0_stage0_01001_grp2  |        or|   0|  0|   2|           1|           1|
    |ap_block_pp0_stage0_11001       |        or|   0|  0|   2|           1|           1|
    |ap_enable_pp0                   |       xor|   0|  0|   2|           1|           2|
    +--------------------------------+----------+----+---+----+------------+------------+
    |Total                           |          |   0|  0| 166|         126|         112|
    +--------------------------------+----------+----+---+----+------------+------------+

    * Multiplexer: 
    +-------------------------------+----+-----------+-----+-----------+
    |              Name             | LUT| Input Size| Bits| Total Bits|
    +-------------------------------+----+-----------+-----+-----------+
    |ap_done_int                    |   9|          2|    1|          2|
    |ap_enable_reg_pp0_iter1        |   9|          2|    1|          2|
    |ap_sig_allocacmp_ch_2          |   9|          2|    9|         18|
    |ap_sig_allocacmp_phi_mul_load  |   9|          2|   20|         40|
    |ch_fu_78                       |   9|          2|    9|         18|
    |gmem0_blk_n_AR                 |   9|          2|    1|          2|
    |gmem0_blk_n_R                  |   9|          2|    1|          2|
    |phi_mul_fu_74                  |   9|          2|   20|         40|
    |skip_connection_fifo_blk_n     |   9|          2|    1|          2|
    +-------------------------------+----+-----------+-----+-----------+
    |Total                          |  81|         18|   63|        126|
    +-------------------------------+----+-----------+-----+-----------+

    * Register: 
    +-------------------------------------------+----+----+-----+-----------+
    |                    Name                   | FF | LUT| Bits| Const Bits|
    +-------------------------------------------+----+----+-----+-----------+
    |ap_CS_fsm                                  |   1|   0|    1|          0|
    |ap_block_pp0_stage0_subdone_grp0_done_reg  |   1|   0|    1|          0|
    |ap_block_pp0_stage0_subdone_grp1_done_reg  |   1|   0|    1|          0|
    |ap_block_pp0_stage0_subdone_grp2_done_reg  |   1|   0|    1|          0|
    |ap_done_reg                                |   1|   0|    1|          0|
    |ap_enable_reg_pp0_iter1                    |   1|   0|    1|          0|
    |ap_enable_reg_pp0_iter10                   |   1|   0|    1|          0|
    |ap_enable_reg_pp0_iter2                    |   1|   0|    1|          0|
    |ap_enable_reg_pp0_iter3                    |   1|   0|    1|          0|
    |ap_enable_reg_pp0_iter4                    |   1|   0|    1|          0|
    |ap_enable_reg_pp0_iter5                    |   1|   0|    1|          0|
    |ap_enable_reg_pp0_iter6                    |   1|   0|    1|          0|
    |ap_enable_reg_pp0_iter7                    |   1|   0|    1|          0|
    |ap_enable_reg_pp0_iter8                    |   1|   0|    1|          0|
    |ap_enable_reg_pp0_iter9                    |   1|   0|    1|          0|
    |ap_loop_exit_ready_pp0_iter1_reg           |   1|   0|    1|          0|
    |ap_loop_exit_ready_pp0_iter2_reg           |   1|   0|    1|          0|
    |ap_loop_exit_ready_pp0_iter3_reg           |   1|   0|    1|          0|
    |ap_loop_exit_ready_pp0_iter4_reg           |   1|   0|    1|          0|
    |ap_loop_exit_ready_pp0_iter5_reg           |   1|   0|    1|          0|
    |ap_loop_exit_ready_pp0_iter6_reg           |   1|   0|    1|          0|
    |ap_loop_exit_ready_pp0_iter7_reg           |   1|   0|    1|          0|
    |ap_loop_exit_ready_pp0_iter8_reg           |   1|   0|    1|          0|
    |ap_loop_exit_ready_pp0_iter9_reg           |   1|   0|    1|          0|
    |ch_2_reg_236                               |   9|   0|    9|          0|
    |ch_fu_78                                   |   9|   0|    9|          0|
    |gmem0_addr_read_reg_251                    |  16|   0|   16|          0|
    |gmem0_addr_reg_245                         |  64|   0|   64|          0|
    |phi_mul_fu_74                              |  20|   0|   20|          0|
    |ch_2_reg_236                               |  64|  32|    9|          0|
    +-------------------------------------------+----+----+-----+-----------+
    |Total                                      | 206|  32|  151|          0|
    +-------------------------------------------+----+----+-----+-----------+



================================================================
== Interface
================================================================
* Summary: 
+-----------------------------+-----+-----+------------+----------------------------------------------+--------------+
|          RTL Ports          | Dir | Bits|  Protocol  |                 Source Object                |    C Type    |
+-----------------------------+-----+-----+------------+----------------------------------------------+--------------+
|ap_clk                       |   in|    1|  ap_ctrl_hs|  resnet50_bottleneck_Pipeline_VITIS_LOOP_40_3|  return value|
|ap_rst                       |   in|    1|  ap_ctrl_hs|  resnet50_bottleneck_Pipeline_VITIS_LOOP_40_3|  return value|
|ap_start                     |   in|    1|  ap_ctrl_hs|  resnet50_bottleneck_Pipeline_VITIS_LOOP_40_3|  return value|
|ap_done                      |  out|    1|  ap_ctrl_hs|  resnet50_bottleneck_Pipeline_VITIS_LOOP_40_3|  return value|
|ap_idle                      |  out|    1|  ap_ctrl_hs|  resnet50_bottleneck_Pipeline_VITIS_LOOP_40_3|  return value|
|ap_ready                     |  out|    1|  ap_ctrl_hs|  resnet50_bottleneck_Pipeline_VITIS_LOOP_40_3|  return value|
|m_axi_gmem0_0_AWVALID        |  out|    1|       m_axi|                                         gmem0|       pointer|
|m_axi_gmem0_0_AWREADY        |   in|    1|       m_axi|                                         gmem0|       pointer|
|m_axi_gmem0_0_AWADDR         |  out|   64|       m_axi|                                         gmem0|       pointer|
|m_axi_gmem0_0_AWID           |  out|    1|       m_axi|                                         gmem0|       pointer|
|m_axi_gmem0_0_AWLEN          |  out|   32|       m_axi|                                         gmem0|       pointer|
|m_axi_gmem0_0_AWSIZE         |  out|    3|       m_axi|                                         gmem0|       pointer|
|m_axi_gmem0_0_AWBURST        |  out|    2|       m_axi|                                         gmem0|       pointer|
|m_axi_gmem0_0_AWLOCK         |  out|    2|       m_axi|                                         gmem0|       pointer|
|m_axi_gmem0_0_AWCACHE        |  out|    4|       m_axi|                                         gmem0|       pointer|
|m_axi_gmem0_0_AWPROT         |  out|    3|       m_axi|                                         gmem0|       pointer|
|m_axi_gmem0_0_AWQOS          |  out|    4|       m_axi|                                         gmem0|       pointer|
|m_axi_gmem0_0_AWREGION       |  out|    4|       m_axi|                                         gmem0|       pointer|
|m_axi_gmem0_0_AWUSER         |  out|    1|       m_axi|                                         gmem0|       pointer|
|m_axi_gmem0_0_WVALID         |  out|    1|       m_axi|                                         gmem0|       pointer|
|m_axi_gmem0_0_WREADY         |   in|    1|       m_axi|                                         gmem0|       pointer|
|m_axi_gmem0_0_WDATA          |  out|   16|       m_axi|                                         gmem0|       pointer|
|m_axi_gmem0_0_WSTRB          |  out|    2|       m_axi|                                         gmem0|       pointer|
|m_axi_gmem0_0_WLAST          |  out|    1|       m_axi|                                         gmem0|       pointer|
|m_axi_gmem0_0_WID            |  out|    1|       m_axi|                                         gmem0|       pointer|
|m_axi_gmem0_0_WUSER          |  out|    1|       m_axi|                                         gmem0|       pointer|
|m_axi_gmem0_0_ARVALID        |  out|    1|       m_axi|                                         gmem0|       pointer|
|m_axi_gmem0_0_ARREADY        |   in|    1|       m_axi|                                         gmem0|       pointer|
|m_axi_gmem0_0_ARADDR         |  out|   64|       m_axi|                                         gmem0|       pointer|
|m_axi_gmem0_0_ARID           |  out|    1|       m_axi|                                         gmem0|       pointer|
|m_axi_gmem0_0_ARLEN          |  out|   32|       m_axi|                                         gmem0|       pointer|
|m_axi_gmem0_0_ARSIZE         |  out|    3|       m_axi|                                         gmem0|       pointer|
|m_axi_gmem0_0_ARBURST        |  out|    2|       m_axi|                                         gmem0|       pointer|
|m_axi_gmem0_0_ARLOCK         |  out|    2|       m_axi|                                         gmem0|       pointer|
|m_axi_gmem0_0_ARCACHE        |  out|    4|       m_axi|                                         gmem0|       pointer|
|m_axi_gmem0_0_ARPROT         |  out|    3|       m_axi|                                         gmem0|       pointer|
|m_axi_gmem0_0_ARQOS          |  out|    4|       m_axi|                                         gmem0|       pointer|
|m_axi_gmem0_0_ARREGION       |  out|    4|       m_axi|                                         gmem0|       pointer|
|m_axi_gmem0_0_ARUSER         |  out|    1|       m_axi|                                         gmem0|       pointer|
|m_axi_gmem0_0_RVALID         |   in|    1|       m_axi|                                         gmem0|       pointer|
|m_axi_gmem0_0_RREADY         |  out|    1|       m_axi|                                         gmem0|       pointer|
|m_axi_gmem0_0_RDATA          |   in|   16|       m_axi|                                         gmem0|       pointer|
|m_axi_gmem0_0_RLAST          |   in|    1|       m_axi|                                         gmem0|       pointer|
|m_axi_gmem0_0_RID            |   in|    1|       m_axi|                                         gmem0|       pointer|
|m_axi_gmem0_0_RFIFONUM       |   in|   10|       m_axi|                                         gmem0|       pointer|
|m_axi_gmem0_0_RUSER          |   in|    1|       m_axi|                                         gmem0|       pointer|
|m_axi_gmem0_0_RRESP          |   in|    2|       m_axi|                                         gmem0|       pointer|
|m_axi_gmem0_0_BVALID         |   in|    1|       m_axi|                                         gmem0|       pointer|
|m_axi_gmem0_0_BREADY         |  out|    1|       m_axi|                                         gmem0|       pointer|
|m_axi_gmem0_0_BRESP          |   in|    2|       m_axi|                                         gmem0|       pointer|
|m_axi_gmem0_0_BID            |   in|    1|       m_axi|                                         gmem0|       pointer|
|m_axi_gmem0_0_BUSER          |   in|    1|       m_axi|                                         gmem0|       pointer|
|skip_connection_fifo_din     |  out|   16|     ap_fifo|                          skip_connection_fifo|       pointer|
|skip_connection_fifo_full_n  |   in|    1|     ap_fifo|                          skip_connection_fifo|       pointer|
|skip_connection_fifo_write   |  out|    1|     ap_fifo|                          skip_connection_fifo|       pointer|
|zext_ln40                    |   in|   12|     ap_none|                                     zext_ln40|        scalar|
|input_tensor                 |   in|   64|     ap_none|                                  input_tensor|        scalar|
|local_in_address0            |  out|    8|   ap_memory|                                      local_in|         array|
|local_in_ce0                 |  out|    1|   ap_memory|                                      local_in|         array|
|local_in_we0                 |  out|    1|   ap_memory|                                      local_in|         array|
|local_in_d0                  |  out|   16|   ap_memory|                                      local_in|         array|
+-----------------------------+-----+-----+------------+----------------------------------------------+--------------+

