

================================================================
== Vitis HLS Report for 'resnet50_bottleneck_Pipeline_VITIS_LOOP_61_5'
================================================================
* Date:           Mon Mar 30 20:09:12 2026

* Version:        2025.1 (Build 6135595 on May 21 2025)
* Project:        hls_component
* Solution:       hls (Vivado IP Flow Target)
* Product family: zynquplus
* Target device:  xczu7ev-ffvc1156-2-e


================================================================
== Performance Estimates
================================================================
+ Timing: 
    * Summary: 
    +--------+----------+----------+------------+
    |  Clock |  Target  | Estimated| Uncertainty|
    +--------+----------+----------+------------+
    |ap_clk  |  10.00 ns|  7.300 ns|     2.70 ns|
    +--------+----------+----------+------------+

+ Latency: 
    * Summary: 
    +---------+---------+----------+----------+-----+-----+------------------------------------------------+
    |  Latency (cycles) |  Latency (absolute) |  Interval |                    Pipeline                    |
    |   min   |   max   |    min   |    max   | min | max |                      Type                      |
    +---------+---------+----------+----------+-----+-----+------------------------------------------------+
    |      264|      264|  2.640 us|  2.640 us|  257|  257|  loop auto-rewind stp (delay=0 clock cycles(s))|
    +---------+---------+----------+----------+-----+-----+------------------------------------------------+

    + Detail: 
        * Instance: 
        N/A

        * Loop: 
        +-------------------+---------+---------+----------+-----------+-----------+------+----------+
        |                   |  Latency (cycles) | Iteration|  Initiation Interval  | Trip |          |
        |     Loop Name     |   min   |   max   |  Latency |  achieved |   target  | Count| Pipelined|
        +-------------------+---------+---------+----------+-----------+-----------+------+----------+
        |- VITIS_LOOP_61_5  |      262|      262|         8|          1|          1|   256|       yes|
        +-------------------+---------+---------+----------+-----------+-----------+------+----------+



================================================================
== Utilization Estimates
================================================================
* Summary: 
+-----------------+---------+------+--------+--------+-----+
|       Name      | BRAM_18K|  DSP |   FF   |   LUT  | URAM|
+-----------------+---------+------+--------+--------+-----+
|DSP              |        -|     -|       -|       -|    -|
|Expression       |        -|     -|       0|     229|    -|
|FIFO             |        -|     -|       -|       -|    -|
|Instance         |        -|     -|       -|       -|    -|
|Memory           |        -|     -|       -|       -|    -|
|Multiplexer      |        -|     -|       0|      90|    -|
|Register         |        -|     -|     126|       -|    -|
+-----------------+---------+------+--------+--------+-----+
|Total            |        0|     0|     126|     319|    0|
+-----------------+---------+------+--------+--------+-----+
|Available        |      624|  1728|  460800|  230400|   96|
+-----------------+---------+------+--------+--------+-----+
|Utilization (%)  |        0|     0|      ~0|      ~0|    0|
+-----------------+---------+------+--------+--------+-----+

+ Detail: 
    * Instance: 
    N/A

    * DSP: 
    N/A

    * Memory: 
    N/A

    * FIFO: 
    N/A

    * Expression: 
    +--------------------------------+----------+----+---+----+------------+------------+
    |          Variable Name         | Operation| DSP| FF| LUT| Bitwidth P0| Bitwidth P1|
    +--------------------------------+----------+----+---+----+------------+------------+
    |add_ln61_fu_164_p2              |         +|   0|  0|  16|           9|           1|
    |add_ln69_1_fu_202_p2            |         +|   0|  0|  71|          64|          64|
    |add_ln69_2_fu_178_p2            |         +|   0|  0|  27|          20|          12|
    |add_ln69_fu_184_p2              |         +|   0|  0|  27|          20|          20|
    |added_fu_242_p2                 |         +|   0|  0|  23|          16|          16|
    |ap_block_pp0_stage0_11001_grp1  |       and|   0|  0|   2|           1|           1|
    |ap_block_pp0_stage0_11001_grp2  |       and|   0|  0|   2|           1|           1|
    |ap_block_pp0_stage0_11001_grp3  |       and|   0|  0|   2|           1|           1|
    |icmp_ln61_fu_158_p2             |      icmp|   0|  0|  17|           9|          10|
    |icmp_ln69_fu_252_p2             |      icmp|   0|  0|  23|          16|           1|
    |ap_block_pp0_stage0_11001       |        or|   0|  0|   2|           1|           1|
    |select_ln69_fu_258_p3           |    select|   0|  0|  15|           1|          15|
    |ap_enable_pp0                   |       xor|   0|  0|   2|           1|           2|
    +--------------------------------+----------+----+---+----+------------+------------+
    |Total                           |          |   0|  0| 229|         160|         145|
    +--------------------------------+----------+----+---+----+------------+------------+

    * Multiplexer: 
    +--------------------------------+----+-----------+-----+-----------+
    |              Name              | LUT| Input Size| Bits| Total Bits|
    +--------------------------------+----+-----------+-----+-----------+
    |ap_done_int                     |   9|          2|    1|          2|
    |ap_enable_reg_pp0_iter1         |   9|          2|    1|          2|
    |ap_sig_allocacmp_ch_1           |   9|          2|    9|         18|
    |ap_sig_allocacmp_phi_mul1_load  |   9|          2|   20|         40|
    |ch_fu_86                        |   9|          2|    9|         18|
    |gmem1_blk_n_AW                  |   9|          2|    1|          2|
    |gmem1_blk_n_B                   |   9|          2|    1|          2|
    |gmem1_blk_n_W                   |   9|          2|    1|          2|
    |phi_mul1_fu_82                  |   9|          2|   20|         40|
    |skip_connection_fifo_blk_n      |   9|          2|    1|          2|
    +--------------------------------+----+-----------+-----+-----------+
    |Total                           |  90|         20|   64|        128|
    +--------------------------------+----+-----------+-----+-----------+

    * Register: 
    +-------------------------------------------+----+----+-----+-----------+
    |                    Name                   | FF | LUT| Bits| Const Bits|
    +-------------------------------------------+----+----+-----+-----------+
    |ap_CS_fsm                                  |   1|   0|    1|          0|
    |ap_block_pp0_stage0_subdone_grp1_done_reg  |   1|   0|    1|          0|
    |ap_block_pp0_stage0_subdone_grp2_done_reg  |   1|   0|    1|          0|
    |ap_block_pp0_stage0_subdone_grp3_done_reg  |   1|   0|    1|          0|
    |ap_done_reg                                |   1|   0|    1|          0|
    |ap_enable_reg_pp0_iter1                    |   1|   0|    1|          0|
    |ap_enable_reg_pp0_iter2                    |   1|   0|    1|          0|
    |ap_enable_reg_pp0_iter3                    |   1|   0|    1|          0|
    |ap_enable_reg_pp0_iter4                    |   1|   0|    1|          0|
    |ap_enable_reg_pp0_iter5                    |   1|   0|    1|          0|
    |ap_enable_reg_pp0_iter6                    |   1|   0|    1|          0|
    |ap_enable_reg_pp0_iter7                    |   1|   0|    1|          0|
    |ap_loop_exit_ready_pp0_iter1_reg           |   1|   0|    1|          0|
    |ap_loop_exit_ready_pp0_iter2_reg           |   1|   0|    1|          0|
    |ap_loop_exit_ready_pp0_iter3_reg           |   1|   0|    1|          0|
    |ap_loop_exit_ready_pp0_iter4_reg           |   1|   0|    1|          0|
    |ap_loop_exit_ready_pp0_iter5_reg           |   1|   0|    1|          0|
    |ap_loop_exit_ready_pp0_iter6_reg           |   1|   0|    1|          0|
    |ch_fu_86                                   |   9|   0|    9|          0|
    |gmem1_addr_reg_293                         |  64|   0|   64|          0|
    |phi_mul1_fu_82                             |  20|   0|   20|          0|
    |select_ln69_reg_300                        |  15|   0|   15|          0|
    +-------------------------------------------+----+----+-----+-----------+
    |Total                                      | 126|   0|  126|          0|
    +-------------------------------------------+----+----+-----+-----------+



================================================================
== Interface
================================================================
* Summary: 
+------------------------------+-----+-----+------------+----------------------------------------------+--------------+
|           RTL Ports          | Dir | Bits|  Protocol  |                 Source Object                |    C Type    |
+------------------------------+-----+-----+------------+----------------------------------------------+--------------+
|ap_clk                        |   in|    1|  ap_ctrl_hs|  resnet50_bottleneck_Pipeline_VITIS_LOOP_61_5|  return value|
|ap_rst                        |   in|    1|  ap_ctrl_hs|  resnet50_bottleneck_Pipeline_VITIS_LOOP_61_5|  return value|
|ap_start                      |   in|    1|  ap_ctrl_hs|  resnet50_bottleneck_Pipeline_VITIS_LOOP_61_5|  return value|
|ap_done                       |  out|    1|  ap_ctrl_hs|  resnet50_bottleneck_Pipeline_VITIS_LOOP_61_5|  return value|
|ap_idle                       |  out|    1|  ap_ctrl_hs|  resnet50_bottleneck_Pipeline_VITIS_LOOP_61_5|  return value|
|ap_ready                      |  out|    1|  ap_ctrl_hs|  resnet50_bottleneck_Pipeline_VITIS_LOOP_61_5|  return value|
|skip_connection_fifo_dout     |   in|   16|     ap_fifo|                          skip_connection_fifo|       pointer|
|skip_connection_fifo_empty_n  |   in|    1|     ap_fifo|                          skip_connection_fifo|       pointer|
|skip_connection_fifo_read     |  out|    1|     ap_fifo|                          skip_connection_fifo|       pointer|
|m_axi_gmem1_0_AWVALID         |  out|    1|       m_axi|                                         gmem1|       pointer|
|m_axi_gmem1_0_AWREADY         |   in|    1|       m_axi|                                         gmem1|       pointer|
|m_axi_gmem1_0_AWADDR          |  out|   64|       m_axi|                                         gmem1|       pointer|
|m_axi_gmem1_0_AWID            |  out|    1|       m_axi|                                         gmem1|       pointer|
|m_axi_gmem1_0_AWLEN           |  out|   32|       m_axi|                                         gmem1|       pointer|
|m_axi_gmem1_0_AWSIZE          |  out|    3|       m_axi|                                         gmem1|       pointer|
|m_axi_gmem1_0_AWBURST         |  out|    2|       m_axi|                                         gmem1|       pointer|
|m_axi_gmem1_0_AWLOCK          |  out|    2|       m_axi|                                         gmem1|       pointer|
|m_axi_gmem1_0_AWCACHE         |  out|    4|       m_axi|                                         gmem1|       pointer|
|m_axi_gmem1_0_AWPROT          |  out|    3|       m_axi|                                         gmem1|       pointer|
|m_axi_gmem1_0_AWQOS           |  out|    4|       m_axi|                                         gmem1|       pointer|
|m_axi_gmem1_0_AWREGION        |  out|    4|       m_axi|                                         gmem1|       pointer|
|m_axi_gmem1_0_AWUSER          |  out|    1|       m_axi|                                         gmem1|       pointer|
|m_axi_gmem1_0_WVALID          |  out|    1|       m_axi|                                         gmem1|       pointer|
|m_axi_gmem1_0_WREADY          |   in|    1|       m_axi|                                         gmem1|       pointer|
|m_axi_gmem1_0_WDATA           |  out|   16|       m_axi|                                         gmem1|       pointer|
|m_axi_gmem1_0_WSTRB           |  out|    2|       m_axi|                                         gmem1|       pointer|
|m_axi_gmem1_0_WLAST           |  out|    1|       m_axi|                                         gmem1|       pointer|
|m_axi_gmem1_0_WID             |  out|    1|       m_axi|                                         gmem1|       pointer|
|m_axi_gmem1_0_WUSER           |  out|    1|       m_axi|                                         gmem1|       pointer|
|m_axi_gmem1_0_ARVALID         |  out|    1|       m_axi|                                         gmem1|       pointer|
|m_axi_gmem1_0_ARREADY         |   in|    1|       m_axi|                                         gmem1|       pointer|
|m_axi_gmem1_0_ARADDR          |  out|   64|       m_axi|                                         gmem1|       pointer|
|m_axi_gmem1_0_ARID            |  out|    1|       m_axi|                                         gmem1|       pointer|
|m_axi_gmem1_0_ARLEN           |  out|   32|       m_axi|                                         gmem1|       pointer|
|m_axi_gmem1_0_ARSIZE          |  out|    3|       m_axi|                                         gmem1|       pointer|
|m_axi_gmem1_0_ARBURST         |  out|    2|       m_axi|                                         gmem1|       pointer|
|m_axi_gmem1_0_ARLOCK          |  out|    2|       m_axi|                                         gmem1|       pointer|
|m_axi_gmem1_0_ARCACHE         |  out|    4|       m_axi|                                         gmem1|       pointer|
|m_axi_gmem1_0_ARPROT          |  out|    3|       m_axi|                                         gmem1|       pointer|
|m_axi_gmem1_0_ARQOS           |  out|    4|       m_axi|                                         gmem1|       pointer|
|m_axi_gmem1_0_ARREGION        |  out|    4|       m_axi|                                         gmem1|       pointer|
|m_axi_gmem1_0_ARUSER          |  out|    1|       m_axi|                                         gmem1|       pointer|
|m_axi_gmem1_0_RVALID          |   in|    1|       m_axi|                                         gmem1|       pointer|
|m_axi_gmem1_0_RREADY          |  out|    1|       m_axi|                                         gmem1|       pointer|
|m_axi_gmem1_0_RDATA           |   in|   16|       m_axi|                                         gmem1|       pointer|
|m_axi_gmem1_0_RLAST           |   in|    1|       m_axi|                                         gmem1|       pointer|
|m_axi_gmem1_0_RID             |   in|    1|       m_axi|                                         gmem1|       pointer|
|m_axi_gmem1_0_RFIFONUM        |   in|   10|       m_axi|                                         gmem1|       pointer|
|m_axi_gmem1_0_RUSER           |   in|    1|       m_axi|                                         gmem1|       pointer|
|m_axi_gmem1_0_RRESP           |   in|    2|       m_axi|                                         gmem1|       pointer|
|m_axi_gmem1_0_BVALID          |   in|    1|       m_axi|                                         gmem1|       pointer|
|m_axi_gmem1_0_BREADY          |  out|    1|       m_axi|                                         gmem1|       pointer|
|m_axi_gmem1_0_BRESP           |   in|    2|       m_axi|                                         gmem1|       pointer|
|m_axi_gmem1_0_BID             |   in|    1|       m_axi|                                         gmem1|       pointer|
|m_axi_gmem1_0_BUSER           |   in|    1|       m_axi|                                         gmem1|       pointer|
|local_out_address0            |  out|    8|   ap_memory|                                     local_out|         array|
|local_out_ce0                 |  out|    1|   ap_memory|                                     local_out|         array|
|local_out_q0                  |   in|   15|   ap_memory|                                     local_out|         array|
|zext_ln40                     |   in|   12|     ap_none|                                     zext_ln40|        scalar|
|output_tensor                 |   in|   64|     ap_none|                                 output_tensor|        scalar|
+------------------------------+-----+-----+------------+----------------------------------------------+--------------+

