

================================================================
== Vitis HLS Report for 'resnet50_bottleneck'
================================================================
* Date:           Mon Mar 30 20:09:14 2026

* Version:        2025.1 (Build 6135595 on May 21 2025)
* Project:        hls_component
* Solution:       hls (Vivado IP Flow Target)
* Product family: zynquplus
* Target device:  xczu7ev-ffvc1156-2-e


================================================================
== Performance Estimates
================================================================
+ Timing: 
    * Summary: 
    +--------+----------+----------+------------+
    |  Clock |  Target  | Estimated| Uncertainty|
    +--------+----------+----------+------------+
    |ap_clk  |  10.00 ns|  7.300 ns|     2.70 ns|
    +--------+----------+----------+------------+

+ Latency: 
    * Summary: 
    +---------+---------+-----------+-----------+---------+---------+---------+
    |  Latency (cycles) |   Latency (absolute)  |      Interval     | Pipeline|
    |   min   |   max   |    min    |    max    |   min   |   max   |   Type  |
    +---------+---------+-----------+-----------+---------+---------+---------+
    |  2493233|  2493233|  24.932 ms|  24.932 ms|  2493234|  2493234|       no|
    +---------+---------+-----------+-----------+---------+---------+---------+

    + Detail: 
        * Instance: 
        +---------------------------------------------------------+----------------------------------------------+---------+---------+----------+----------+-----+-----+------------------------------------------------+
        |                                                         |                                              |  Latency (cycles) |  Latency (absolute) |  Interval |                    Pipeline                    |
        |                         Instance                        |                    Module                    |   min   |   max   |    min   |    max   | min | max |                      Type                      |
        +---------------------------------------------------------+----------------------------------------------+---------+---------+----------+----------+-----+-----+------------------------------------------------+
        |grp_resnet50_bottleneck_Pipeline_VITIS_LOOP_40_3_fu_151  |resnet50_bottleneck_Pipeline_VITIS_LOOP_40_3  |      267|      267|  2.670 us|  2.670 us|  257|  257|  loop auto-rewind stp (delay=0 clock cycles(s))|
        |grp_resnet50_bottleneck_Pipeline_VITIS_LOOP_55_4_fu_161  |resnet50_bottleneck_Pipeline_VITIS_LOOP_55_4  |      258|      258|  2.580 us|  2.580 us|  257|  257|  loop auto-rewind stp (delay=0 clock cycles(s))|
        |grp_resnet50_bottleneck_Pipeline_VITIS_LOOP_61_5_fu_167  |resnet50_bottleneck_Pipeline_VITIS_LOOP_61_5  |      264|      264|  2.640 us|  2.640 us|  257|  257|  loop auto-rewind stp (delay=0 clock cycles(s))|
        +---------------------------------------------------------+----------------------------------------------+---------+---------+----------+----------+-----+-----+------------------------------------------------+

        * Loop: 
        +--------------------+---------+---------+----------+-----------+-----------+------+----------+
        |                    |  Latency (cycles) | Iteration|  Initiation Interval  | Trip |          |
        |      Loop Name     |   min   |   max   |  Latency |  achieved |   target  | Count| Pipelined|
        +--------------------+---------+---------+----------+-----------+-----------+------+----------+
        |- VITIS_LOOP_36_1   |  2493232|  2493232|     44522|          -|          -|    56|        no|
        | + VITIS_LOOP_37_2  |    44520|    44520|       795|          -|          -|    56|        no|
        +--------------------+---------+---------+----------+-----------+-----------+------+----------+



================================================================
== Utilization Estimates
================================================================
* Summary: 
+-----------------+---------+------+--------+--------+-----+
|       Name      | BRAM_18K|  DSP |   FF   |   LUT  | URAM|
+-----------------+---------+------+--------+--------+-----+
|DSP              |        -|     -|       -|       -|    -|
|Expression       |        -|     -|       0|      90|    -|
|FIFO             |        1|     -|     163|      62|    -|
|Instance         |        2|     -|    2071|    2827|    0|
|Memory           |        2|     -|       0|       0|    0|
|Multiplexer      |        -|     -|       0|     204|    -|
|Register         |        -|     -|     184|       -|    -|
+-----------------+---------+------+--------+--------+-----+
|Total            |        5|     0|    2418|    3183|    0|
+-----------------+---------+------+--------+--------+-----+
|Available        |      624|  1728|  460800|  230400|   96|
+-----------------+---------+------+--------+--------+-----+
|Utilization (%)  |       ~0|     0|      ~0|       1|    0|
+-----------------+---------+------+--------+--------+-----+

+ Detail: 
    * Instance: 
    +---------------------------------------------------------+----------------------------------------------+---------+----+-----+-----+-----+
    |                         Instance                        |                    Module                    | BRAM_18K| DSP|  FF | LUT | URAM|
    +---------------------------------------------------------+----------------------------------------------+---------+----+-----+-----+-----+
    |control_s_axi_U                                          |control_s_axi                                 |        0|   0|  386|  680|    0|
    |gmem0_m_axi_U                                            |gmem0_m_axi                                   |        2|   0|  696|  734|    0|
    |gmem1_m_axi_U                                            |gmem1_m_axi                                   |        0|   0|  636|  744|    0|
    |grp_resnet50_bottleneck_Pipeline_VITIS_LOOP_40_3_fu_151  |resnet50_bottleneck_Pipeline_VITIS_LOOP_40_3  |        0|   0|  206|  279|    0|
    |grp_resnet50_bottleneck_Pipeline_VITIS_LOOP_55_4_fu_161  |resnet50_bottleneck_Pipeline_VITIS_LOOP_55_4  |        0|   0|   21|   71|    0|
    |grp_resnet50_bottleneck_Pipeline_VITIS_LOOP_61_5_fu_167  |resnet50_bottleneck_Pipeline_VITIS_LOOP_61_5  |        0|   0|  126|  319|    0|
    +---------------------------------------------------------+----------------------------------------------+---------+----+-----+-----+-----+
    |Total                                                    |                                              |        2|   0| 2071| 2827|    0|
    +---------------------------------------------------------+----------------------------------------------+---------+----+-----+-----+-----+

    * DSP: 
    N/A

    * Memory: 
    +-------------+-------------------------+---------+---+----+-----+------+-----+------+-------------+
    |    Memory   |          Module         | BRAM_18K| FF| LUT| URAM| Words| Bits| Banks| W*Bits*Banks|
    +-------------+-------------------------+---------+---+----+-----+------+-----+------+-------------+
    |local_in_U   |local_in_RAM_AUTO_1R1W   |        1|  0|   0|    0|   256|   16|     1|         4096|
    |local_out_U  |local_out_RAM_AUTO_1R1W  |        1|  0|   0|    0|   256|   15|     1|         3840|
    +-------------+-------------------------+---------+---+----+-----+------+-----+------+-------------+
    |Total        |                         |        2|  0|   0|    0|   512|   31|     2|         7936|
    +-------------+-------------------------+---------+---+----+-----+------+-----+------+-------------+

    * FIFO: 
    +-----------------------------+---------+-----+----+-----+------+-----+---------+
    |             Name            | BRAM_18K|  FF | LUT| URAM| Depth| Bits| Size:D*B|
    +-----------------------------+---------+-----+----+-----+------+-----+---------+
    |skip_connection_fifo_fifo_U  |        1|  163|   0|    -|  1024|   16|    16384|
    +-----------------------------+---------+-----+----+-----+------+-----+---------+
    |Total                        |        1|  163|   0|    0|  1024|   16|    16384|
    +-----------------------------+---------+-----+----+-----+------+-----+---------+

    * Expression: 
    +---------------------+----------+----+---+----+------------+------------+
    |    Variable Name    | Operation| DSP| FF| LUT| Bitwidth P0| Bitwidth P1|
    +---------------------+----------+----+---+----+------------+------------+
    |add_ln36_fu_191_p2   |         +|   0|  0|  13|           6|           1|
    |add_ln37_fu_229_p2   |         +|   0|  0|  13|           6|           1|
    |thr_add_fu_239_p2    |         +|   0|  0|  19|          12|          12|
    |empty_31_fu_217_p2   |         -|   0|  0|  19|          12|          12|
    |icmp_ln36_fu_185_p2  |      icmp|   0|  0|  13|           6|           5|
    |icmp_ln37_fu_223_p2  |      icmp|   0|  0|  13|           6|           5|
    +---------------------+----------+----+---+----+------------+------------+
    |Total                |          |   0|  0|  90|          48|          36|
    +---------------------+----------+----+---+----+------------+------------+

    * Multiplexer: 
    +----------------------------+----+-----------+-----+-----------+
    |            Name            | LUT| Input Size| Bits| Total Bits|
    +----------------------------+----+-----------+-----+-----------+
    |ap_NS_fsm                   |  49|          9|    1|          9|
    |c_reg_140                   |   9|          2|    6|         12|
    |gmem0_0_ARVALID             |   9|          2|    1|          2|
    |gmem0_0_RREADY              |   9|          2|    1|          2|
    |gmem1_0_AWVALID             |   9|          2|    1|          2|
    |gmem1_0_BREADY              |   9|          2|    1|          2|
    |gmem1_0_WVALID              |   9|          2|    1|          2|
    |local_in_address0           |  14|          3|    8|         24|
    |local_in_ce0                |  14|          3|    1|          3|
    |local_in_we0                |   9|          2|    1|          2|
    |local_out_address0          |  14|          3|    8|         24|
    |local_out_ce0               |  14|          3|    1|          3|
    |local_out_we0               |   9|          2|    1|          2|
    |r_fu_112                    |   9|          2|    6|         12|
    |skip_connection_fifo_read   |   9|          2|    1|          2|
    |skip_connection_fifo_write  |   9|          2|    1|          2|
    +----------------------------+----+-----------+-----+-----------+
    |Total                       | 204|         43|   40|        105|
    +----------------------------+----+-----------+-----+-----------+

    * Register: 
    +----------------------------------------------------------------------+----+----+-----+-----------+
    |                                 Name                                 | FF | LUT| Bits| Const Bits|
    +----------------------------------------------------------------------+----+----+-----+-----------+
    |add_ln36_reg_275                                                      |   6|   0|    6|          0|
    |add_ln37_reg_288                                                      |   6|   0|    6|          0|
    |ap_CS_fsm                                                             |   8|   0|    8|          0|
    |c_reg_140                                                             |   6|   0|    6|          0|
    |empty_31_reg_280                                                      |   9|   0|   12|          3|
    |grp_resnet50_bottleneck_Pipeline_VITIS_LOOP_40_3_fu_151_ap_start_reg  |   1|   0|    1|          0|
    |grp_resnet50_bottleneck_Pipeline_VITIS_LOOP_55_4_fu_161_ap_start_reg  |   1|   0|    1|          0|
    |grp_resnet50_bottleneck_Pipeline_VITIS_LOOP_61_5_fu_167_ap_start_reg  |   1|   0|    1|          0|
    |input_tensor_read_reg_261                                             |  64|   0|   64|          0|
    |output_tensor_read_reg_256                                            |  64|   0|   64|          0|
    |r_fu_112                                                              |   6|   0|    6|          0|
    |thr_add_reg_293                                                       |  12|   0|   12|          0|
    +----------------------------------------------------------------------+----+----+-----+-----------+
    |Total                                                                 | 184|   0|  187|          3|
    +----------------------------------------------------------------------+----+----+-----+-----------+



================================================================
== Interface
================================================================
* Summary: 
+-----------------------+-----+-----+------------+---------------------+--------------+
|       RTL Ports       | Dir | Bits|  Protocol  |    Source Object    |    C Type    |
+-----------------------+-----+-----+------------+---------------------+--------------+
|s_axi_control_AWVALID  |   in|    1|       s_axi|              control|        scalar|
|s_axi_control_AWREADY  |  out|    1|       s_axi|              control|        scalar|
|s_axi_control_AWADDR   |   in|    7|       s_axi|              control|        scalar|
|s_axi_control_WVALID   |   in|    1|       s_axi|              control|        scalar|
|s_axi_control_WREADY   |  out|    1|       s_axi|              control|        scalar|
|s_axi_control_WDATA    |   in|   32|       s_axi|              control|        scalar|
|s_axi_control_WSTRB    |   in|    4|       s_axi|              control|        scalar|
|s_axi_control_ARVALID  |   in|    1|       s_axi|              control|        scalar|
|s_axi_control_ARREADY  |  out|    1|       s_axi|              control|        scalar|
|s_axi_control_ARADDR   |   in|    7|       s_axi|              control|        scalar|
|s_axi_control_RVALID   |  out|    1|       s_axi|              control|        scalar|
|s_axi_control_RREADY   |   in|    1|       s_axi|              control|        scalar|
|s_axi_control_RDATA    |  out|   32|       s_axi|              control|        scalar|
|s_axi_control_RRESP    |  out|    2|       s_axi|              control|        scalar|
|s_axi_control_BVALID   |  out|    1|       s_axi|              control|        scalar|
|s_axi_control_BREADY   |   in|    1|       s_axi|              control|        scalar|
|s_axi_control_BRESP    |  out|    2|       s_axi|              control|        scalar|
|ap_clk                 |   in|    1|  ap_ctrl_hs|  resnet50_bottleneck|  return value|
|ap_rst_n               |   in|    1|  ap_ctrl_hs|  resnet50_bottleneck|  return value|
|interrupt              |  out|    1|  ap_ctrl_hs|  resnet50_bottleneck|  return value|
|m_axi_gmem0_AWVALID    |  out|    1|       m_axi|                gmem0|       pointer|
|m_axi_gmem0_AWREADY    |   in|    1|       m_axi|                gmem0|       pointer|
|m_axi_gmem0_AWADDR     |  out|   64|       m_axi|                gmem0|       pointer|
|m_axi_gmem0_AWID       |  out|    1|       m_axi|                gmem0|       pointer|
|m_axi_gmem0_AWLEN      |  out|    8|       m_axi|                gmem0|       pointer|
|m_axi_gmem0_AWSIZE     |  out|    3|       m_axi|                gmem0|       pointer|
|m_axi_gmem0_AWBURST    |  out|    2|       m_axi|                gmem0|       pointer|
|m_axi_gmem0_AWLOCK     |  out|    2|       m_axi|                gmem0|       pointer|
|m_axi_gmem0_AWCACHE    |  out|    4|       m_axi|                gmem0|       pointer|
|m_axi_gmem0_AWPROT     |  out|    3|       m_axi|                gmem0|       pointer|
|m_axi_gmem0_AWQOS      |  out|    4|       m_axi|                gmem0|       pointer|
|m_axi_gmem0_AWREGION   |  out|    4|       m_axi|                gmem0|       pointer|
|m_axi_gmem0_AWUSER     |  out|    1|       m_axi|                gmem0|       pointer|
|m_axi_gmem0_WVALID     |  out|    1|       m_axi|                gmem0|       pointer|
|m_axi_gmem0_WREADY     |   in|    1|       m_axi|                gmem0|       pointer|
|m_axi_gmem0_WDATA      |  out|   32|       m_axi|                gmem0|       pointer|
|m_axi_gmem0_WSTRB      |  out|    4|       m_axi|                gmem0|       pointer|
|m_axi_gmem0_WLAST      |  out|    1|       m_axi|                gmem0|       pointer|
|m_axi_gmem0_WID        |  out|    1|       m_axi|                gmem0|       pointer|
|m_axi_gmem0_WUSER      |  out|    1|       m_axi|                gmem0|       pointer|
|m_axi_gmem0_ARVALID    |  out|    1|       m_axi|                gmem0|       pointer|
|m_axi_gmem0_ARREADY    |   in|    1|       m_axi|                gmem0|       pointer|
|m_axi_gmem0_ARADDR     |  out|   64|       m_axi|                gmem0|       pointer|
|m_axi_gmem0_ARID       |  out|    1|       m_axi|                gmem0|       pointer|
|m_axi_gmem0_ARLEN      |  out|    8|       m_axi|                gmem0|       pointer|
|m_axi_gmem0_ARSIZE     |  out|    3|       m_axi|                gmem0|       pointer|
|m_axi_gmem0_ARBURST    |  out|    2|       m_axi|                gmem0|       pointer|
|m_axi_gmem0_ARLOCK     |  out|    2|       m_axi|                gmem0|       pointer|
|m_axi_gmem0_ARCACHE    |  out|    4|       m_axi|                gmem0|       pointer|
|m_axi_gmem0_ARPROT     |  out|    3|       m_axi|                gmem0|       pointer|
|m_axi_gmem0_ARQOS      |  out|    4|       m_axi|                gmem0|       pointer|
|m_axi_gmem0_ARREGION   |  out|    4|       m_axi|                gmem0|       pointer|
|m_axi_gmem0_ARUSER     |  out|    1|       m_axi|                gmem0|       pointer|
|m_axi_gmem0_RVALID     |   in|    1|       m_axi|                gmem0|       pointer|
|m_axi_gmem0_RREADY     |  out|    1|       m_axi|                gmem0|       pointer|
|m_axi_gmem0_RDATA      |   in|   32|       m_axi|                gmem0|       pointer|
|m_axi_gmem0_RLAST      |   in|    1|       m_axi|                gmem0|       pointer|
|m_axi_gmem0_RID        |   in|    1|       m_axi|                gmem0|       pointer|
|m_axi_gmem0_RUSER      |   in|    1|       m_axi|                gmem0|       pointer|
|m_axi_gmem0_RRESP      |   in|    2|       m_axi|                gmem0|       pointer|
|m_axi_gmem0_BVALID     |   in|    1|       m_axi|                gmem0|       pointer|
|m_axi_gmem0_BREADY     |  out|    1|       m_axi|                gmem0|       pointer|
|m_axi_gmem0_BRESP      |   in|    2|       m_axi|                gmem0|       pointer|
|m_axi_gmem0_BID        |   in|    1|       m_axi|                gmem0|       pointer|
|m_axi_gmem0_BUSER      |   in|    1|       m_axi|                gmem0|       pointer|
|m_axi_gmem1_AWVALID    |  out|    1|       m_axi|                gmem1|       pointer|
|m_axi_gmem1_AWREADY    |   in|    1|       m_axi|                gmem1|       pointer|
|m_axi_gmem1_AWADDR     |  out|   64|       m_axi|                gmem1|       pointer|
|m_axi_gmem1_AWID       |  out|    1|       m_axi|                gmem1|       pointer|
|m_axi_gmem1_AWLEN      |  out|    8|       m_axi|                gmem1|       pointer|
|m_axi_gmem1_AWSIZE     |  out|    3|       m_axi|                gmem1|       pointer|
|m_axi_gmem1_AWBURST    |  out|    2|       m_axi|                gmem1|       pointer|
|m_axi_gmem1_AWLOCK     |  out|    2|       m_axi|                gmem1|       pointer|
|m_axi_gmem1_AWCACHE    |  out|    4|       m_axi|                gmem1|       pointer|
|m_axi_gmem1_AWPROT     |  out|    3|       m_axi|                gmem1|       pointer|
|m_axi_gmem1_AWQOS      |  out|    4|       m_axi|                gmem1|       pointer|
|m_axi_gmem1_AWREGION   |  out|    4|       m_axi|                gmem1|       pointer|
|m_axi_gmem1_AWUSER     |  out|    1|       m_axi|                gmem1|       pointer|
|m_axi_gmem1_WVALID     |  out|    1|       m_axi|                gmem1|       pointer|
|m_axi_gmem1_WREADY     |   in|    1|       m_axi|                gmem1|       pointer|
|m_axi_gmem1_WDATA      |  out|   32|       m_axi|                gmem1|       pointer|
|m_axi_gmem1_WSTRB      |  out|    4|       m_axi|                gmem1|       pointer|
|m_axi_gmem1_WLAST      |  out|    1|       m_axi|                gmem1|       pointer|
|m_axi_gmem1_WID        |  out|    1|       m_axi|                gmem1|       pointer|
|m_axi_gmem1_WUSER      |  out|    1|       m_axi|                gmem1|       pointer|
|m_axi_gmem1_ARVALID    |  out|    1|       m_axi|                gmem1|       pointer|
|m_axi_gmem1_ARREADY    |   in|    1|       m_axi|                gmem1|       pointer|
|m_axi_gmem1_ARADDR     |  out|   64|       m_axi|                gmem1|       pointer|
|m_axi_gmem1_ARID       |  out|    1|       m_axi|                gmem1|       pointer|
|m_axi_gmem1_ARLEN      |  out|    8|       m_axi|                gmem1|       pointer|
|m_axi_gmem1_ARSIZE     |  out|    3|       m_axi|                gmem1|       pointer|
|m_axi_gmem1_ARBURST    |  out|    2|       m_axi|                gmem1|       pointer|
|m_axi_gmem1_ARLOCK     |  out|    2|       m_axi|                gmem1|       pointer|
|m_axi_gmem1_ARCACHE    |  out|    4|       m_axi|                gmem1|       pointer|
|m_axi_gmem1_ARPROT     |  out|    3|       m_axi|                gmem1|       pointer|
|m_axi_gmem1_ARQOS      |  out|    4|       m_axi|                gmem1|       pointer|
|m_axi_gmem1_ARREGION   |  out|    4|       m_axi|                gmem1|       pointer|
|m_axi_gmem1_ARUSER     |  out|    1|       m_axi|                gmem1|       pointer|
|m_axi_gmem1_RVALID     |   in|    1|       m_axi|                gmem1|       pointer|
|m_axi_gmem1_RREADY     |  out|    1|       m_axi|                gmem1|       pointer|
|m_axi_gmem1_RDATA      |   in|   32|       m_axi|                gmem1|       pointer|
|m_axi_gmem1_RLAST      |   in|    1|       m_axi|                gmem1|       pointer|
|m_axi_gmem1_RID        |   in|    1|       m_axi|                gmem1|       pointer|
|m_axi_gmem1_RUSER      |   in|    1|       m_axi|                gmem1|       pointer|
|m_axi_gmem1_RRESP      |   in|    2|       m_axi|                gmem1|       pointer|
|m_axi_gmem1_BVALID     |   in|    1|       m_axi|                gmem1|       pointer|
|m_axi_gmem1_BREADY     |  out|    1|       m_axi|                gmem1|       pointer|
|m_axi_gmem1_BRESP      |   in|    2|       m_axi|                gmem1|       pointer|
|m_axi_gmem1_BID        |   in|    1|       m_axi|                gmem1|       pointer|
|m_axi_gmem1_BUSER      |   in|    1|       m_axi|                gmem1|       pointer|
|m_axi_gmem2_AWVALID    |  out|    1|       m_axi|                gmem2|       pointer|
|m_axi_gmem2_AWREADY    |   in|    1|       m_axi|                gmem2|       pointer|
|m_axi_gmem2_AWADDR     |  out|   64|       m_axi|                gmem2|       pointer|
|m_axi_gmem2_AWID       |  out|    1|       m_axi|                gmem2|       pointer|
|m_axi_gmem2_AWLEN      |  out|    8|       m_axi|                gmem2|       pointer|
|m_axi_gmem2_AWSIZE     |  out|    3|       m_axi|                gmem2|       pointer|
|m_axi_gmem2_AWBURST    |  out|    2|       m_axi|                gmem2|       pointer|
|m_axi_gmem2_AWLOCK     |  out|    2|       m_axi|                gmem2|       pointer|
|m_axi_gmem2_AWCACHE    |  out|    4|       m_axi|                gmem2|       pointer|
|m_axi_gmem2_AWPROT     |  out|    3|       m_axi|                gmem2|       pointer|
|m_axi_gmem2_AWQOS      |  out|    4|       m_axi|                gmem2|       pointer|
|m_axi_gmem2_AWREGION   |  out|    4|       m_axi|                gmem2|       pointer|
|m_axi_gmem2_AWUSER     |  out|    1|       m_axi|                gmem2|       pointer|
|m_axi_gmem2_WVALID     |  out|    1|       m_axi|                gmem2|       pointer|
|m_axi_gmem2_WREADY     |   in|    1|       m_axi|                gmem2|       pointer|
|m_axi_gmem2_WDATA      |  out|   32|       m_axi|                gmem2|       pointer|
|m_axi_gmem2_WSTRB      |  out|    4|       m_axi|                gmem2|       pointer|
|m_axi_gmem2_WLAST      |  out|    1|       m_axi|                gmem2|       pointer|
|m_axi_gmem2_WID        |  out|    1|       m_axi|                gmem2|       pointer|
|m_axi_gmem2_WUSER      |  out|    1|       m_axi|                gmem2|       pointer|
|m_axi_gmem2_ARVALID    |  out|    1|       m_axi|                gmem2|       pointer|
|m_axi_gmem2_ARREADY    |   in|    1|       m_axi|                gmem2|       pointer|
|m_axi_gmem2_ARADDR     |  out|   64|       m_axi|                gmem2|       pointer|
|m_axi_gmem2_ARID       |  out|    1|       m_axi|                gmem2|       pointer|
|m_axi_gmem2_ARLEN      |  out|    8|       m_axi|                gmem2|       pointer|
|m_axi_gmem2_ARSIZE     |  out|    3|       m_axi|                gmem2|       pointer|
|m_axi_gmem2_ARBURST    |  out|    2|       m_axi|                gmem2|       pointer|
|m_axi_gmem2_ARLOCK     |  out|    2|       m_axi|                gmem2|       pointer|
|m_axi_gmem2_ARCACHE    |  out|    4|       m_axi|                gmem2|       pointer|
|m_axi_gmem2_ARPROT     |  out|    3|       m_axi|                gmem2|       pointer|
|m_axi_gmem2_ARQOS      |  out|    4|       m_axi|                gmem2|       pointer|
|m_axi_gmem2_ARREGION   |  out|    4|       m_axi|                gmem2|       pointer|
|m_axi_gmem2_ARUSER     |  out|    1|       m_axi|                gmem2|       pointer|
|m_axi_gmem2_RVALID     |   in|    1|       m_axi|                gmem2|       pointer|
|m_axi_gmem2_RREADY     |  out|    1|       m_axi|                gmem2|       pointer|
|m_axi_gmem2_RDATA      |   in|   32|       m_axi|                gmem2|       pointer|
|m_axi_gmem2_RLAST      |   in|    1|       m_axi|                gmem2|       pointer|
|m_axi_gmem2_RID        |   in|    1|       m_axi|                gmem2|       pointer|
|m_axi_gmem2_RUSER      |   in|    1|       m_axi|                gmem2|       pointer|
|m_axi_gmem2_RRESP      |   in|    2|       m_axi|                gmem2|       pointer|
|m_axi_gmem2_BVALID     |   in|    1|       m_axi|                gmem2|       pointer|
|m_axi_gmem2_BREADY     |  out|    1|       m_axi|                gmem2|       pointer|
|m_axi_gmem2_BRESP      |   in|    2|       m_axi|                gmem2|       pointer|
|m_axi_gmem2_BID        |   in|    1|       m_axi|                gmem2|       pointer|
|m_axi_gmem2_BUSER      |   in|    1|       m_axi|                gmem2|       pointer|
|m_axi_gmem3_AWVALID    |  out|    1|       m_axi|                gmem3|       pointer|
|m_axi_gmem3_AWREADY    |   in|    1|       m_axi|                gmem3|       pointer|
|m_axi_gmem3_AWADDR     |  out|   64|       m_axi|                gmem3|       pointer|
|m_axi_gmem3_AWID       |  out|    1|       m_axi|                gmem3|       pointer|
|m_axi_gmem3_AWLEN      |  out|    8|       m_axi|                gmem3|       pointer|
|m_axi_gmem3_AWSIZE     |  out|    3|       m_axi|                gmem3|       pointer|
|m_axi_gmem3_AWBURST    |  out|    2|       m_axi|                gmem3|       pointer|
|m_axi_gmem3_AWLOCK     |  out|    2|       m_axi|                gmem3|       pointer|
|m_axi_gmem3_AWCACHE    |  out|    4|       m_axi|                gmem3|       pointer|
|m_axi_gmem3_AWPROT     |  out|    3|       m_axi|                gmem3|       pointer|
|m_axi_gmem3_AWQOS      |  out|    4|       m_axi|                gmem3|       pointer|
|m_axi_gmem3_AWREGION   |  out|    4|       m_axi|                gmem3|       pointer|
|m_axi_gmem3_AWUSER     |  out|    1|       m_axi|                gmem3|       pointer|
|m_axi_gmem3_WVALID     |  out|    1|       m_axi|                gmem3|       pointer|
|m_axi_gmem3_WREADY     |   in|    1|       m_axi|                gmem3|       pointer|
|m_axi_gmem3_WDATA      |  out|   32|       m_axi|                gmem3|       pointer|
|m_axi_gmem3_WSTRB      |  out|    4|       m_axi|                gmem3|       pointer|
|m_axi_gmem3_WLAST      |  out|    1|       m_axi|                gmem3|       pointer|
|m_axi_gmem3_WID        |  out|    1|       m_axi|                gmem3|       pointer|
|m_axi_gmem3_WUSER      |  out|    1|       m_axi|                gmem3|       pointer|
|m_axi_gmem3_ARVALID    |  out|    1|       m_axi|                gmem3|       pointer|
|m_axi_gmem3_ARREADY    |   in|    1|       m_axi|                gmem3|       pointer|
|m_axi_gmem3_ARADDR     |  out|   64|       m_axi|                gmem3|       pointer|
|m_axi_gmem3_ARID       |  out|    1|       m_axi|                gmem3|       pointer|
|m_axi_gmem3_ARLEN      |  out|    8|       m_axi|                gmem3|       pointer|
|m_axi_gmem3_ARSIZE     |  out|    3|       m_axi|                gmem3|       pointer|
|m_axi_gmem3_ARBURST    |  out|    2|       m_axi|                gmem3|       pointer|
|m_axi_gmem3_ARLOCK     |  out|    2|       m_axi|                gmem3|       pointer|
|m_axi_gmem3_ARCACHE    |  out|    4|       m_axi|                gmem3|       pointer|
|m_axi_gmem3_ARPROT     |  out|    3|       m_axi|                gmem3|       pointer|
|m_axi_gmem3_ARQOS      |  out|    4|       m_axi|                gmem3|       pointer|
|m_axi_gmem3_ARREGION   |  out|    4|       m_axi|                gmem3|       pointer|
|m_axi_gmem3_ARUSER     |  out|    1|       m_axi|                gmem3|       pointer|
|m_axi_gmem3_RVALID     |   in|    1|       m_axi|                gmem3|       pointer|
|m_axi_gmem3_RREADY     |  out|    1|       m_axi|                gmem3|       pointer|
|m_axi_gmem3_RDATA      |   in|   32|       m_axi|                gmem3|       pointer|
|m_axi_gmem3_RLAST      |   in|    1|       m_axi|                gmem3|       pointer|
|m_axi_gmem3_RID        |   in|    1|       m_axi|                gmem3|       pointer|
|m_axi_gmem3_RUSER      |   in|    1|       m_axi|                gmem3|       pointer|
|m_axi_gmem3_RRESP      |   in|    2|       m_axi|                gmem3|       pointer|
|m_axi_gmem3_BVALID     |   in|    1|       m_axi|                gmem3|       pointer|
|m_axi_gmem3_BREADY     |  out|    1|       m_axi|                gmem3|       pointer|
|m_axi_gmem3_BRESP      |   in|    2|       m_axi|                gmem3|       pointer|
|m_axi_gmem3_BID        |   in|    1|       m_axi|                gmem3|       pointer|
|m_axi_gmem3_BUSER      |   in|    1|       m_axi|                gmem3|       pointer|
|m_axi_gmem4_AWVALID    |  out|    1|       m_axi|                gmem4|       pointer|
|m_axi_gmem4_AWREADY    |   in|    1|       m_axi|                gmem4|       pointer|
|m_axi_gmem4_AWADDR     |  out|   64|       m_axi|                gmem4|       pointer|
|m_axi_gmem4_AWID       |  out|    1|       m_axi|                gmem4|       pointer|
|m_axi_gmem4_AWLEN      |  out|    8|       m_axi|                gmem4|       pointer|
|m_axi_gmem4_AWSIZE     |  out|    3|       m_axi|                gmem4|       pointer|
|m_axi_gmem4_AWBURST    |  out|    2|       m_axi|                gmem4|       pointer|
|m_axi_gmem4_AWLOCK     |  out|    2|       m_axi|                gmem4|       pointer|
|m_axi_gmem4_AWCACHE    |  out|    4|       m_axi|                gmem4|       pointer|
|m_axi_gmem4_AWPROT     |  out|    3|       m_axi|                gmem4|       pointer|
|m_axi_gmem4_AWQOS      |  out|    4|       m_axi|                gmem4|       pointer|
|m_axi_gmem4_AWREGION   |  out|    4|       m_axi|                gmem4|       pointer|
|m_axi_gmem4_AWUSER     |  out|    1|       m_axi|                gmem4|       pointer|
|m_axi_gmem4_WVALID     |  out|    1|       m_axi|                gmem4|       pointer|
|m_axi_gmem4_WREADY     |   in|    1|       m_axi|                gmem4|       pointer|
|m_axi_gmem4_WDATA      |  out|   32|       m_axi|                gmem4|       pointer|
|m_axi_gmem4_WSTRB      |  out|    4|       m_axi|                gmem4|       pointer|
|m_axi_gmem4_WLAST      |  out|    1|       m_axi|                gmem4|       pointer|
|m_axi_gmem4_WID        |  out|    1|       m_axi|                gmem4|       pointer|
|m_axi_gmem4_WUSER      |  out|    1|       m_axi|                gmem4|       pointer|
|m_axi_gmem4_ARVALID    |  out|    1|       m_axi|                gmem4|       pointer|
|m_axi_gmem4_ARREADY    |   in|    1|       m_axi|                gmem4|       pointer|
|m_axi_gmem4_ARADDR     |  out|   64|       m_axi|                gmem4|       pointer|
|m_axi_gmem4_ARID       |  out|    1|       m_axi|                gmem4|       pointer|
|m_axi_gmem4_ARLEN      |  out|    8|       m_axi|                gmem4|       pointer|
|m_axi_gmem4_ARSIZE     |  out|    3|       m_axi|                gmem4|       pointer|
|m_axi_gmem4_ARBURST    |  out|    2|       m_axi|                gmem4|       pointer|
|m_axi_gmem4_ARLOCK     |  out|    2|       m_axi|                gmem4|       pointer|
|m_axi_gmem4_ARCACHE    |  out|    4|       m_axi|                gmem4|       pointer|
|m_axi_gmem4_ARPROT     |  out|    3|       m_axi|                gmem4|       pointer|
|m_axi_gmem4_ARQOS      |  out|    4|       m_axi|                gmem4|       pointer|
|m_axi_gmem4_ARREGION   |  out|    4|       m_axi|                gmem4|       pointer|
|m_axi_gmem4_ARUSER     |  out|    1|       m_axi|                gmem4|       pointer|
|m_axi_gmem4_RVALID     |   in|    1|       m_axi|                gmem4|       pointer|
|m_axi_gmem4_RREADY     |  out|    1|       m_axi|                gmem4|       pointer|
|m_axi_gmem4_RDATA      |   in|   32|       m_axi|                gmem4|       pointer|
|m_axi_gmem4_RLAST      |   in|    1|       m_axi|                gmem4|       pointer|
|m_axi_gmem4_RID        |   in|    1|       m_axi|                gmem4|       pointer|
|m_axi_gmem4_RUSER      |   in|    1|       m_axi|                gmem4|       pointer|
|m_axi_gmem4_RRESP      |   in|    2|       m_axi|                gmem4|       pointer|
|m_axi_gmem4_BVALID     |   in|    1|       m_axi|                gmem4|       pointer|
|m_axi_gmem4_BREADY     |  out|    1|       m_axi|                gmem4|       pointer|
|m_axi_gmem4_BRESP      |   in|    2|       m_axi|                gmem4|       pointer|
|m_axi_gmem4_BID        |   in|    1|       m_axi|                gmem4|       pointer|
|m_axi_gmem4_BUSER      |   in|    1|       m_axi|                gmem4|       pointer|
+-----------------------+-----+-----+------------+---------------------+--------------+

