

================================================================
== Vitis HLS Report for 'alexnet_layer1_Pipeline_VITIS_LOOP_36_1_VITIS_LOOP_38_2_VITIS_LOOP_39_3_VITIS_LO'
================================================================
* Date:           Mon Mar 30 19:47:54 2026

* Version:        2025.1 (Build 6135595 on May 21 2025)
* Project:        hls_component
* Solution:       hls (Vivado IP Flow Target)
* Product family: zynquplus
* Target device:  xczu7ev-ffvc1156-2-e


================================================================
== Performance Estimates
================================================================
+ Timing: 
    * Summary: 
    +--------+----------+----------+------------+
    |  Clock |  Target  | Estimated| Uncertainty|
    +--------+----------+----------+------------+
    |ap_clk  |  10.00 ns|  7.300 ns|     2.70 ns|
    +--------+----------+----------+------------+

+ Latency: 
    * Summary: 
    +---------+---------+----------+----------+-------+-------+------------------------------------------------+
    |  Latency (cycles) |  Latency (absolute) |    Interval   |                    Pipeline                    |
    |   min   |   max   |    min   |    max   |  min  |  max  |                      Type                      |
    +---------+---------+----------+----------+-------+-------+------------------------------------------------+
    |    34852|    34852|  0.349 ms|  0.349 ms|  34849|  34849|  loop auto-rewind stp (delay=0 clock cycles(s))|
    +---------+---------+----------+----------+-------+-------+------------------------------------------------+

    + Detail: 
        * Instance: 
        N/A

        * Loop: 
        +-------------------------------------------------------------------+---------+---------+----------+-----------+-----------+-------+----------+
        |                                                                   |  Latency (cycles) | Iteration|  Initiation Interval  |  Trip |          |
        |                             Loop Name                             |   min   |   max   |  Latency |  achieved |   target  | Count | Pipelined|
        +-------------------------------------------------------------------+---------+---------+----------+-----------+-----------+-------+----------+
        |- VITIS_LOOP_36_1_VITIS_LOOP_38_2_VITIS_LOOP_39_3_VITIS_LOOP_40_4  |    34850|    34850|         4|          1|          1|  34848|       yes|
        +-------------------------------------------------------------------+---------+---------+----------+-----------+-----------+-------+----------+

============================================================
+ Verbose Summary: Synthesis Manager
============================================================
InlineROM: 1
ExposeGlobal: 0
============================================================
+ Verbose Summary: CDFG Model
============================================================
IsTopModel: 0
ResetActiveHigh: 1
IsCombinational: 0
IsDatapathOnly: 0
HasWiredReturn: 1
HasMFsm: 2
HasVarLatency: 1
IsPipeline: 0
IsRtlPipelined: 0
IsInstanceOverlapped: 0
IsDontTouch: 0
HasImplIP: 0
IsGatedGlobalClock: 0

+ Individual pipeline summary: 
  * Pipeline-0: initiation interval (II) = 1, depth = 5


============================================================
+ Verbose Summary: Schedule
============================================================
* Number of FSM states : 5
* Pipeline : 1
  Pipeline-0 : II = 1, D = 5, States = { 1 2 3 4 5 }
* Dataflow Pipeline: 0

* FSM state transitions: 
1 --> 2 
2 --> 3 
3 --> 4 
4 --> 5 
5 --> 

* FSM state operations: 

State 1 <SV = 0> <Delay = 0.42>
ST_1 : Operation 7 [1/1] (0.00ns)   --->   "%kc = alloca i32 1" [alexnet.cpp:40]   --->   Operation 7 'alloca' 'kc' <Predicate = true> <Delay = 0.00>
ST_1 : Operation 8 [1/1] (0.00ns)   --->   "%kr = alloca i32 1" [alexnet.cpp:39]   --->   Operation 8 'alloca' 'kr' <Predicate = true> <Delay = 0.00>
ST_1 : Operation 9 [1/1] (0.00ns)   --->   "%indvar_flatten = alloca i32 1"   --->   Operation 9 'alloca' 'indvar_flatten' <Predicate = true> <Delay = 0.00>
ST_1 : Operation 10 [1/1] (0.00ns)   --->   "%ic = alloca i32 1" [alexnet.cpp:38]   --->   Operation 10 'alloca' 'ic' <Predicate = true> <Delay = 0.00>
ST_1 : Operation 11 [1/1] (0.00ns)   --->   "%indvar_flatten12 = alloca i32 1"   --->   Operation 11 'alloca' 'indvar_flatten12' <Predicate = true> <Delay = 0.00>
ST_1 : Operation 12 [1/1] (0.00ns)   --->   "%oc = alloca i32 1" [alexnet.cpp:36]   --->   Operation 12 'alloca' 'oc' <Predicate = true> <Delay = 0.00>
ST_1 : Operation 13 [1/1] (0.00ns)   --->   "%indvar_flatten35 = alloca i32 1"   --->   Operation 13 'alloca' 'indvar_flatten35' <Predicate = true> <Delay = 0.00>
ST_1 : Operation 14 [1/1] (0.00ns)   --->   "%sext_ln36_1_read = read i63 @_ssdm_op_Read.ap_auto.i63, i63 %sext_ln36_1"   --->   Operation 14 'read' 'sext_ln36_1_read' <Predicate = true> <Delay = 0.00>
ST_1 : Operation 15 [1/1] (0.00ns)   --->   "%sext_ln36_read = read i63 @_ssdm_op_Read.ap_auto.i63, i63 %sext_ln36"   --->   Operation 15 'read' 'sext_ln36_read' <Predicate = true> <Delay = 0.00>
ST_1 : Operation 16 [1/1] (0.00ns)   --->   "%sext_ln36_1_cast = sext i63 %sext_ln36_1_read"   --->   Operation 16 'sext' 'sext_ln36_1_cast' <Predicate = true> <Delay = 0.00>
ST_1 : Operation 17 [1/1] (0.00ns)   --->   "%sext_ln36_cast = sext i63 %sext_ln36_read"   --->   Operation 17 'sext' 'sext_ln36_cast' <Predicate = true> <Delay = 0.00>
ST_1 : Operation 18 [1/1] (0.00ns)   --->   "%specinterface_ln0 = specinterface void @_ssdm_op_SpecInterface, i16 %gmem3, void @empty, i32 0, i32 0, void @empty_0, i32 0, i32 0, void @empty_5, void @empty_2, void @empty_0, i32 16, i32 16, i32 16, i32 16, void @empty_0, void @empty_0, i32 4294967295, i32 0, i32 0"   --->   Operation 18 'specinterface' 'specinterface_ln0' <Predicate = true> <Delay = 0.00>
ST_1 : Operation 19 [1/1] (0.00ns)   --->   "%specinterface_ln0 = specinterface void @_ssdm_op_SpecInterface, i16 %gmem2, void @empty, i32 0, i32 0, void @empty_0, i32 0, i32 0, void @empty_4, void @empty_2, void @empty_0, i32 16, i32 16, i32 16, i32 16, void @empty_0, void @empty_0, i32 4294967295, i32 0, i32 0"   --->   Operation 19 'specinterface' 'specinterface_ln0' <Predicate = true> <Delay = 0.00>
ST_1 : Operation 20 [1/1] (0.42ns)   --->   "%store_ln0 = store i16 0, i16 %indvar_flatten35"   --->   Operation 20 'store' 'store_ln0' <Predicate = true> <Delay = 0.42>
ST_1 : Operation 21 [1/1] (0.42ns)   --->   "%store_ln36 = store i7 0, i7 %oc" [alexnet.cpp:36]   --->   Operation 21 'store' 'store_ln36' <Predicate = true> <Delay = 0.42>
ST_1 : Operation 22 [1/1] (0.42ns)   --->   "%store_ln0 = store i9 0, i9 %indvar_flatten12"   --->   Operation 22 'store' 'store_ln0' <Predicate = true> <Delay = 0.42>
ST_1 : Operation 23 [1/1] (0.42ns)   --->   "%store_ln38 = store i2 0, i2 %ic" [alexnet.cpp:38]   --->   Operation 23 'store' 'store_ln38' <Predicate = true> <Delay = 0.42>
ST_1 : Operation 24 [1/1] (0.42ns)   --->   "%store_ln0 = store i8 0, i8 %indvar_flatten"   --->   Operation 24 'store' 'store_ln0' <Predicate = true> <Delay = 0.42>
ST_1 : Operation 25 [1/1] (0.42ns)   --->   "%store_ln39 = store i4 0, i4 %kr" [alexnet.cpp:39]   --->   Operation 25 'store' 'store_ln39' <Predicate = true> <Delay = 0.42>
ST_1 : Operation 26 [1/1] (0.42ns)   --->   "%store_ln40 = store i4 0, i4 %kc" [alexnet.cpp:40]   --->   Operation 26 'store' 'store_ln40' <Predicate = true> <Delay = 0.42>
ST_1 : Operation 27 [1/1] (0.00ns)   --->   "%br_ln0 = br void %for.inc"   --->   Operation 27 'br' 'br_ln0' <Predicate = true> <Delay = 0.00>

State 2 <SV = 1> <Delay = 5.90>
ST_2 : Operation 28 [1/1] (0.00ns)   --->   "%indvar_flatten_load = load i8 %indvar_flatten" [alexnet.cpp:39]   --->   Operation 28 'load' 'indvar_flatten_load' <Predicate = true> <Delay = 0.00>
ST_2 : Operation 29 [1/1] (0.00ns)   --->   "%indvar_flatten12_load = load i9 %indvar_flatten12" [alexnet.cpp:38]   --->   Operation 29 'load' 'indvar_flatten12_load' <Predicate = true> <Delay = 0.00>
ST_2 : Operation 30 [1/1] (0.00ns)   --->   "%indvar_flatten35_load = load i16 %indvar_flatten35" [alexnet.cpp:36]   --->   Operation 30 'load' 'indvar_flatten35_load' <Predicate = true> <Delay = 0.00>
ST_2 : Operation 31 [1/1] (0.00ns)   --->   "%specbitsmap_ln0 = specbitsmap void @_ssdm_op_SpecBitsMap, i16 %gmem3"   --->   Operation 31 'specbitsmap' 'specbitsmap_ln0' <Predicate = true> <Delay = 0.00>
ST_2 : Operation 32 [1/1] (0.00ns)   --->   "%specbitsmap_ln0 = specbitsmap void @_ssdm_op_SpecBitsMap, i16 %gmem2"   --->   Operation 32 'specbitsmap' 'specbitsmap_ln0' <Predicate = true> <Delay = 0.00>
ST_2 : Operation 33 [1/1] (0.85ns)   --->   "%icmp_ln36 = icmp_eq  i16 %indvar_flatten35_load, i16 34848" [alexnet.cpp:36]   --->   Operation 33 'icmp' 'icmp_ln36' <Predicate = true> <Delay = 0.85> <CoreInst = "Cmp">   --->   Core 9 'Cmp' <Latency = 0> <II = 1> <Delay = 0.85> <FuncUnit> <Opcode : 'seteq' 'setne' 'setle' 'setge' 'setlt' 'setgt'> <InPorts = 2> <OutPorts = 1>
ST_2 : Operation 34 [1/1] (0.85ns)   --->   "%add_ln36_1 = add i16 %indvar_flatten35_load, i16 1" [alexnet.cpp:36]   --->   Operation 34 'add' 'add_ln36_1' <Predicate = true> <Delay = 0.85> <CoreInst = "Adder">   --->   Core 1 'Adder' <Latency = 0> <II = 1> <Delay = 0.85> <FuncUnit> <Opcode : 'add' 'sub'> <InPorts = 2> <OutPorts = 1>
ST_2 : Operation 35 [1/1] (0.00ns)   --->   "%br_ln36 = br i1 %icmp_ln36, void %for.inc38, void %VITIS_LOOP_57_8.preheader.exitStub" [alexnet.cpp:36]   --->   Operation 35 'br' 'br_ln36' <Predicate = true> <Delay = 0.00>
ST_2 : Operation 36 [1/1] (0.00ns)   --->   "%kc_load = load i4 %kc" [alexnet.cpp:40]   --->   Operation 36 'load' 'kc_load' <Predicate = (!icmp_ln36)> <Delay = 0.00>
ST_2 : Operation 37 [1/1] (0.00ns)   --->   "%kr_load = load i4 %kr"   --->   Operation 37 'load' 'kr_load' <Predicate = (!icmp_ln36)> <Delay = 0.00>
ST_2 : Operation 38 [1/1] (0.00ns)   --->   "%ic_load = load i2 %ic"   --->   Operation 38 'load' 'ic_load' <Predicate = (!icmp_ln36)> <Delay = 0.00>
ST_2 : Operation 39 [1/1] (0.00ns)   --->   "%oc_load = load i7 %oc" [alexnet.cpp:36]   --->   Operation 39 'load' 'oc_load' <Predicate = (!icmp_ln36)> <Delay = 0.00>
ST_2 : Operation 40 [1/1] (0.77ns)   --->   "%add_ln36 = add i7 %oc_load, i7 1" [alexnet.cpp:36]   --->   Operation 40 'add' 'add_ln36' <Predicate = (!icmp_ln36)> <Delay = 0.77> <CoreInst = "Adder">   --->   Core 1 'Adder' <Latency = 0> <II = 1> <Delay = 0.77> <FuncUnit> <Opcode : 'add' 'sub'> <InPorts = 2> <OutPorts = 1>
ST_2 : Operation 41 [1/1] (0.77ns)   --->   "%icmp_ln38 = icmp_eq  i9 %indvar_flatten12_load, i9 363" [alexnet.cpp:38]   --->   Operation 41 'icmp' 'icmp_ln38' <Predicate = (!icmp_ln36)> <Delay = 0.77> <CoreInst = "Cmp">   --->   Core 9 'Cmp' <Latency = 0> <II = 1> <Delay = 0.77> <FuncUnit> <Opcode : 'seteq' 'setne' 'setle' 'setge' 'setlt' 'setgt'> <InPorts = 2> <OutPorts = 1>
ST_2 : Operation 42 [1/1] (0.17ns)   --->   "%select_ln36 = select i1 %icmp_ln38, i2 0, i2 %ic_load" [alexnet.cpp:36]   --->   Operation 42 'select' 'select_ln36' <Predicate = (!icmp_ln36)> <Delay = 0.17> <CoreInst = "Sel">   --->   Core 73 'Sel' <Latency = 0> <II = 1> <Delay = 0.17> <FuncUnit> <Opcode : 'select'> <InPorts = 3> <OutPorts = 1>
ST_2 : Operation 43 [1/1] (0.54ns)   --->   "%first_iter_269 = icmp_eq  i2 %ic_load, i2 0"   --->   Operation 43 'icmp' 'first_iter_269' <Predicate = (!icmp_ln36)> <Delay = 0.54> <CoreInst = "Cmp">   --->   Core 9 'Cmp' <Latency = 0> <II = 1> <Delay = 0.54> <FuncUnit> <Opcode : 'seteq' 'setne' 'setle' 'setge' 'setlt' 'setgt'> <InPorts = 2> <OutPorts = 1>
ST_2 : Operation 44 [1/1] (0.00ns) (grouped into LUT with out node first_iter_2_mid2)   --->   "%or_ln36 = or i1 %icmp_ln38, i1 %first_iter_269" [alexnet.cpp:36]   --->   Operation 44 'or' 'or_ln36' <Predicate = (!icmp_ln36)> <Delay = 0.00> <CoreInst = "LogicGate">   --->   Core 74 'LogicGate' <Latency = 0> <II = 1> <Delay = 0.28> <FuncUnit> <Opcode : 'and' 'or' 'xor'> <InPorts = 2> <OutPorts = 1>
ST_2 : Operation 45 [1/1] (0.79ns)   --->   "%first_iter_172 = icmp_eq  i4 %kr_load, i4 0"   --->   Operation 45 'icmp' 'first_iter_172' <Predicate = (!icmp_ln36)> <Delay = 0.79> <CoreInst = "Cmp">   --->   Core 9 'Cmp' <Latency = 0> <II = 1> <Delay = 0.79> <FuncUnit> <Opcode : 'seteq' 'setne' 'setle' 'setge' 'setlt' 'setgt'> <InPorts = 2> <OutPorts = 1>
ST_2 : Operation 46 [1/1] (0.00ns) (grouped into LUT with out node first_iter_1_mid2)   --->   "%or_ln36_1 = or i1 %icmp_ln38, i1 %first_iter_172" [alexnet.cpp:36]   --->   Operation 46 'or' 'or_ln36_1' <Predicate = (!icmp_ln36)> <Delay = 0.00> <CoreInst = "LogicGate">   --->   Core 74 'LogicGate' <Latency = 0> <II = 1> <Delay = 0.28> <FuncUnit> <Opcode : 'and' 'or' 'xor'> <InPorts = 2> <OutPorts = 1>
ST_2 : Operation 47 [1/1] (0.28ns)   --->   "%xor_ln36 = xor i1 %icmp_ln38, i1 1" [alexnet.cpp:36]   --->   Operation 47 'xor' 'xor_ln36' <Predicate = (!icmp_ln36)> <Delay = 0.28> <CoreInst = "LogicGate">   --->   Core 74 'LogicGate' <Latency = 0> <II = 1> <Delay = 0.28> <FuncUnit> <Opcode : 'and' 'or' 'xor'> <InPorts = 2> <OutPorts = 1>
ST_2 : Operation 48 [1/1] (0.79ns)   --->   "%icmp_ln40 = icmp_eq  i4 %kc_load, i4 11" [alexnet.cpp:40]   --->   Operation 48 'icmp' 'icmp_ln40' <Predicate = (!icmp_ln36)> <Delay = 0.79> <CoreInst = "Cmp">   --->   Core 9 'Cmp' <Latency = 0> <II = 1> <Delay = 0.79> <FuncUnit> <Opcode : 'seteq' 'setne' 'setle' 'setge' 'setlt' 'setgt'> <InPorts = 2> <OutPorts = 1>
ST_2 : Operation 49 [1/1] (0.76ns)   --->   "%icmp_ln39 = icmp_eq  i8 %indvar_flatten_load, i8 121" [alexnet.cpp:39]   --->   Operation 49 'icmp' 'icmp_ln39' <Predicate = (!icmp_ln36)> <Delay = 0.76> <CoreInst = "Cmp">   --->   Core 9 'Cmp' <Latency = 0> <II = 1> <Delay = 0.76> <FuncUnit> <Opcode : 'seteq' 'setne' 'setle' 'setge' 'setlt' 'setgt'> <InPorts = 2> <OutPorts = 1>
ST_2 : Operation 50 [1/1] (0.28ns)   --->   "%and_ln36_1 = and i1 %icmp_ln39, i1 %xor_ln36" [alexnet.cpp:36]   --->   Operation 50 'and' 'and_ln36_1' <Predicate = (!icmp_ln36)> <Delay = 0.28> <CoreInst = "LogicGate">   --->   Core 74 'LogicGate' <Latency = 0> <II = 1> <Delay = 0.28> <FuncUnit> <Opcode : 'and' 'or' 'xor'> <InPorts = 2> <OutPorts = 1>
ST_2 : Operation 51 [1/1] (0.36ns)   --->   "%select_ln36_1 = select i1 %icmp_ln38, i7 %add_ln36, i7 %oc_load" [alexnet.cpp:36]   --->   Operation 51 'select' 'select_ln36_1' <Predicate = (!icmp_ln36)> <Delay = 0.36> <CoreInst = "Sel">   --->   Core 73 'Sel' <Latency = 0> <II = 1> <Delay = 0.36> <FuncUnit> <Opcode : 'select'> <InPorts = 3> <OutPorts = 1>
ST_2 : Operation 52 [1/1] (0.54ns)   --->   "%add_ln38 = add i2 %select_ln36, i2 1" [alexnet.cpp:38]   --->   Operation 52 'add' 'add_ln38' <Predicate = (!icmp_ln36)> <Delay = 0.54> <CoreInst = "Adder">   --->   Core 1 'Adder' <Latency = 0> <II = 1> <Delay = 0.54> <FuncUnit> <Opcode : 'add' 'sub'> <InPorts = 2> <OutPorts = 1>
ST_2 : Operation 53 [1/1] (0.28ns)   --->   "%empty_123 = or i1 %and_ln36_1, i1 %icmp_ln38" [alexnet.cpp:36]   --->   Operation 53 'or' 'empty_123' <Predicate = (!icmp_ln36)> <Delay = 0.28> <CoreInst = "LogicGate">   --->   Core 74 'LogicGate' <Latency = 0> <II = 1> <Delay = 0.28> <FuncUnit> <Opcode : 'and' 'or' 'xor'> <InPorts = 2> <OutPorts = 1>
ST_2 : Operation 54 [1/1] (0.39ns)   --->   "%kr_mid26 = select i1 %empty_123, i4 0, i4 %kr_load" [alexnet.cpp:36]   --->   Operation 54 'select' 'kr_mid26' <Predicate = (!icmp_ln36)> <Delay = 0.39> <CoreInst = "Sel">   --->   Core 73 'Sel' <Latency = 0> <II = 1> <Delay = 0.39> <FuncUnit> <Opcode : 'select'> <InPorts = 3> <OutPorts = 1>
ST_2 : Operation 55 [1/1] (0.28ns) (out node of the LUT)   --->   "%first_iter_2_mid2 = select i1 %and_ln36_1, i1 0, i1 %or_ln36" [alexnet.cpp:36]   --->   Operation 55 'select' 'first_iter_2_mid2' <Predicate = (!icmp_ln36)> <Delay = 0.28> <CoreInst = "Sel">   --->   Core 73 'Sel' <Latency = 0> <II = 1> <Delay = 0.17> <FuncUnit> <Opcode : 'select'> <InPorts = 3> <OutPorts = 1>
ST_2 : Operation 56 [1/1] (0.00ns) (grouped into LUT with out node first_iter_1_mid2)   --->   "%first_iter_1_mid29 = or i1 %and_ln36_1, i1 %or_ln36_1" [alexnet.cpp:36]   --->   Operation 56 'or' 'first_iter_1_mid29' <Predicate = (!icmp_ln36)> <Delay = 0.00> <CoreInst = "LogicGate">   --->   Core 74 'LogicGate' <Latency = 0> <II = 1> <Delay = 0.28> <FuncUnit> <Opcode : 'and' 'or' 'xor'> <InPorts = 2> <OutPorts = 1>
ST_2 : Operation 57 [1/1] (0.00ns) (grouped into LUT with out node icmp_ln40_mid211)   --->   "%exitcond_flatten_not = xor i1 %icmp_ln39, i1 1" [alexnet.cpp:39]   --->   Operation 57 'xor' 'exitcond_flatten_not' <Predicate = (!icmp_ln36)> <Delay = 0.00> <CoreInst = "LogicGate">   --->   Core 74 'LogicGate' <Latency = 0> <II = 1> <Delay = 0.28> <FuncUnit> <Opcode : 'and' 'or' 'xor'> <InPorts = 2> <OutPorts = 1>
ST_2 : Operation 58 [1/1] (0.00ns) (grouped into LUT with out node icmp_ln40_mid211)   --->   "%not_exitcond_flatten_mid234 = or i1 %icmp_ln38, i1 %exitcond_flatten_not" [alexnet.cpp:38]   --->   Operation 58 'or' 'not_exitcond_flatten_mid234' <Predicate = (!icmp_ln36)> <Delay = 0.00> <CoreInst = "LogicGate">   --->   Core 74 'LogicGate' <Latency = 0> <II = 1> <Delay = 0.28> <FuncUnit> <Opcode : 'and' 'or' 'xor'> <InPorts = 2> <OutPorts = 1>
ST_2 : Operation 59 [1/1] (0.00ns) (grouped into LUT with out node icmp_ln40_mid211)   --->   "%and_ln36 = and i1 %not_exitcond_flatten_mid234, i1 %xor_ln36" [alexnet.cpp:36]   --->   Operation 59 'and' 'and_ln36' <Predicate = (!icmp_ln36)> <Delay = 0.00> <CoreInst = "LogicGate">   --->   Core 74 'LogicGate' <Latency = 0> <II = 1> <Delay = 0.28> <FuncUnit> <Opcode : 'and' 'or' 'xor'> <InPorts = 2> <OutPorts = 1>
ST_2 : Operation 60 [1/1] (0.28ns) (out node of the LUT)   --->   "%icmp_ln40_mid211 = and i1 %and_ln36, i1 %icmp_ln40" [alexnet.cpp:36]   --->   Operation 60 'and' 'icmp_ln40_mid211' <Predicate = (!icmp_ln36)> <Delay = 0.28> <CoreInst = "LogicGate">   --->   Core 74 'LogicGate' <Latency = 0> <II = 1> <Delay = 0.28> <FuncUnit> <Opcode : 'and' 'or' 'xor'> <InPorts = 2> <OutPorts = 1>
ST_2 : Operation 61 [1/1] (0.17ns)   --->   "%select_ln38 = select i1 %and_ln36_1, i2 %add_ln38, i2 %select_ln36" [alexnet.cpp:38]   --->   Operation 61 'select' 'select_ln38' <Predicate = (!icmp_ln36)> <Delay = 0.17> <CoreInst = "Sel">   --->   Core 73 'Sel' <Latency = 0> <II = 1> <Delay = 0.17> <FuncUnit> <Opcode : 'select'> <InPorts = 3> <OutPorts = 1>
ST_2 : Operation 62 [1/1] (0.79ns)   --->   "%add_ln39 = add i4 %kr_mid26, i4 1" [alexnet.cpp:39]   --->   Operation 62 'add' 'add_ln39' <Predicate = (!icmp_ln36)> <Delay = 0.79> <CoreInst = "Adder">   --->   Core 1 'Adder' <Latency = 0> <II = 1> <Delay = 0.79> <FuncUnit> <Opcode : 'add' 'sub'> <InPorts = 2> <OutPorts = 1>
ST_2 : Operation 63 [1/1] (0.00ns) (grouped into LUT with out node kc_mid2)   --->   "%empty_124 = or i1 %icmp_ln40_mid211, i1 %and_ln36_1" [alexnet.cpp:36]   --->   Operation 63 'or' 'empty_124' <Predicate = (!icmp_ln36)> <Delay = 0.00> <CoreInst = "LogicGate">   --->   Core 74 'LogicGate' <Latency = 0> <II = 1> <Delay = 0.28> <FuncUnit> <Opcode : 'and' 'or' 'xor'> <InPorts = 2> <OutPorts = 1>
ST_2 : Operation 64 [1/1] (0.00ns) (grouped into LUT with out node kc_mid2)   --->   "%empty_125 = or i1 %empty_124, i1 %icmp_ln38" [alexnet.cpp:36]   --->   Operation 64 'or' 'empty_125' <Predicate = (!icmp_ln36)> <Delay = 0.00> <CoreInst = "LogicGate">   --->   Core 74 'LogicGate' <Latency = 0> <II = 1> <Delay = 0.28> <FuncUnit> <Opcode : 'and' 'or' 'xor'> <InPorts = 2> <OutPorts = 1>
ST_2 : Operation 65 [1/1] (0.39ns) (out node of the LUT)   --->   "%kc_mid2 = select i1 %empty_125, i4 0, i4 %kc_load" [alexnet.cpp:36]   --->   Operation 65 'select' 'kc_mid2' <Predicate = (!icmp_ln36)> <Delay = 0.39> <CoreInst = "Sel">   --->   Core 73 'Sel' <Latency = 0> <II = 1> <Delay = 0.39> <FuncUnit> <Opcode : 'select'> <InPorts = 3> <OutPorts = 1>
ST_2 : Operation 66 [1/1] (0.79ns)   --->   "%first_iter_1_mid1 = icmp_eq  i4 %add_ln39, i4 0" [alexnet.cpp:39]   --->   Operation 66 'icmp' 'first_iter_1_mid1' <Predicate = (!icmp_ln36)> <Delay = 0.79> <CoreInst = "Cmp">   --->   Core 9 'Cmp' <Latency = 0> <II = 1> <Delay = 0.79> <FuncUnit> <Opcode : 'seteq' 'setne' 'setle' 'setge' 'setlt' 'setgt'> <InPorts = 2> <OutPorts = 1>
ST_2 : Operation 67 [1/1] (0.28ns) (out node of the LUT)   --->   "%first_iter_1_mid2 = select i1 %icmp_ln40_mid211, i1 %first_iter_1_mid1, i1 %first_iter_1_mid29" [alexnet.cpp:36]   --->   Operation 67 'select' 'first_iter_1_mid2' <Predicate = (!icmp_ln36)> <Delay = 0.28> <CoreInst = "Sel">   --->   Core 73 'Sel' <Latency = 0> <II = 1> <Delay = 0.17> <FuncUnit> <Opcode : 'select'> <InPorts = 3> <OutPorts = 1>
ST_2 : Operation 68 [1/1] (0.39ns)   --->   "%select_ln39 = select i1 %icmp_ln40_mid211, i4 %add_ln39, i4 %kr_mid26" [alexnet.cpp:39]   --->   Operation 68 'select' 'select_ln39' <Predicate = (!icmp_ln36)> <Delay = 0.39> <CoreInst = "Sel">   --->   Core 73 'Sel' <Latency = 0> <II = 1> <Delay = 0.39> <FuncUnit> <Opcode : 'select'> <InPorts = 3> <OutPorts = 1>
ST_2 : Operation 69 [1/1] (0.79ns)   --->   "%first_iter_0 = icmp_eq  i4 %kc_mid2, i4 0" [alexnet.cpp:36]   --->   Operation 69 'icmp' 'first_iter_0' <Predicate = (!icmp_ln36)> <Delay = 0.79> <CoreInst = "Cmp">   --->   Core 9 'Cmp' <Latency = 0> <II = 1> <Delay = 0.79> <FuncUnit> <Opcode : 'seteq' 'setne' 'setle' 'setge' 'setlt' 'setgt'> <InPorts = 2> <OutPorts = 1>
ST_2 : Operation 70 [1/1] (0.00ns)   --->   "%zext_ln36 = zext i7 %select_ln36_1" [alexnet.cpp:36]   --->   Operation 70 'zext' 'zext_ln36' <Predicate = (!icmp_ln36)> <Delay = 0.00>
ST_2 : Operation 71 [1/1] (0.00ns)   --->   "%zext_ln42 = zext i7 %select_ln36_1" [alexnet.cpp:42]   --->   Operation 71 'zext' 'zext_ln42' <Predicate = (!icmp_ln36)> <Delay = 0.00>
ST_2 : Operation 72 [1/1] (1.51ns)   --->   "%mul_ln42 = mul i11 %zext_ln42, i11 11" [alexnet.cpp:42]   --->   Operation 72 'mul' 'mul_ln42' <Predicate = (!icmp_ln36)> <Delay = 1.51> <CoreInst = "Multiplier">   --->   Core 3 'Multiplier' <Latency = 0> <II = 1> <Delay = 1.51> <FuncUnit> <Opcode : 'mul'> <InPorts = 2> <OutPorts = 1>
ST_2 : Operation 73 [1/1] (0.00ns)   --->   "%local_bias_addr = getelementptr i16 %local_bias, i64 0, i64 %zext_ln36" [alexnet.cpp:37]   --->   Operation 73 'getelementptr' 'local_bias_addr' <Predicate = (!icmp_ln36)> <Delay = 0.00>
ST_2 : Operation 74 [1/1] (0.00ns)   --->   "%br_ln40 = br i1 %first_iter_0, void %for.inc.split, void %new.body.VITIS_LOOP_40_4" [alexnet.cpp:40]   --->   Operation 74 'br' 'br_ln40' <Predicate = (!icmp_ln36)> <Delay = 0.00>
ST_2 : Operation 75 [1/1] (0.00ns)   --->   "%br_ln39 = br i1 %first_iter_1_mid2, void %for.first.iter.for.inc, void %new.body.VITIS_LOOP_39_3" [alexnet.cpp:39]   --->   Operation 75 'br' 'br_ln39' <Predicate = (!icmp_ln36 & first_iter_0)> <Delay = 0.00>
ST_2 : Operation 76 [1/1] (0.00ns)   --->   "%br_ln38 = br i1 %first_iter_2_mid2, void %for.first.iter.VITIS_LOOP_40_4, void %for.first.iter.VITIS_LOOP_39_3" [alexnet.cpp:38]   --->   Operation 76 'br' 'br_ln38' <Predicate = (!icmp_ln36 & first_iter_0 & first_iter_1_mid2)> <Delay = 0.00>
ST_2 : Operation 77 [1/1] (0.00ns)   --->   "%br_ln39 = br void %for.first.iter.for.inc" [alexnet.cpp:39]   --->   Operation 77 'br' 'br_ln39' <Predicate = (!icmp_ln36 & first_iter_0 & first_iter_1_mid2)> <Delay = 0.00>
ST_2 : Operation 78 [1/1] (0.00ns)   --->   "%br_ln40 = br void %for.inc.split" [alexnet.cpp:40]   --->   Operation 78 'br' 'br_ln40' <Predicate = (!icmp_ln36 & first_iter_0)> <Delay = 0.00>
ST_2 : Operation 79 [1/1] (0.00ns)   --->   "%zext_ln42_1 = zext i4 %select_ln39" [alexnet.cpp:42]   --->   Operation 79 'zext' 'zext_ln42_1' <Predicate = (!icmp_ln36)> <Delay = 0.00>
ST_2 : Operation 80 [1/1] (1.69ns) (grouped into DSP with root node add_ln42_1)   --->   "%add_ln42 = add i11 %mul_ln42, i11 %zext_ln42_1" [alexnet.cpp:42]   --->   Operation 80 'add' 'add_ln42' <Predicate = (!icmp_ln36)> <Delay = 1.69> <CoreInst = "DSP48">   --->   Core 124 'DSP48' <Latency = 3> <II = 1> <Delay = 0.53> <IPBlock> <Opcode : 'add' 'sub' 'mul' 'select'> <InPorts = 0> <OutPorts = 1> <Sync> <CReg>
ST_2 : Operation 81 [1/1] (0.00ns) (grouped into DSP with root node add_ln42_1)   --->   "%zext_ln40 = zext i11 %add_ln42" [alexnet.cpp:40]   --->   Operation 81 'zext' 'zext_ln40' <Predicate = (!icmp_ln36)> <Delay = 0.00>
ST_2 : Operation 82 [3/3] (0.99ns) (grouped into DSP with root node add_ln42_1)   --->   "%mul_ln40 = mul i14 %zext_ln40, i14 11" [alexnet.cpp:40]   --->   Operation 82 'mul' 'mul_ln40' <Predicate = (!icmp_ln36)> <Delay = 0.99> <CoreInst = "DSP48">   --->   Core 124 'DSP48' <Latency = 3> <II = 1> <Delay = 0.53> <IPBlock> <Opcode : 'add' 'sub' 'mul' 'select'> <InPorts = 0> <OutPorts = 1> <Sync> <CReg>
ST_2 : Operation 83 [1/1] (0.54ns)   --->   "%switch_ln42 = switch i2 %select_ln38, void %arrayidx316.case.2, i2 0, void %arrayidx316.case.0, i2 1, void %arrayidx316.case.1" [alexnet.cpp:42]   --->   Operation 83 'switch' 'switch_ln42' <Predicate = (!icmp_ln36)> <Delay = 0.54>
ST_2 : Operation 84 [1/1] (0.79ns)   --->   "%add_ln40 = add i4 %kc_mid2, i4 1" [alexnet.cpp:40]   --->   Operation 84 'add' 'add_ln40' <Predicate = (!icmp_ln36)> <Delay = 0.79> <CoreInst = "Adder">   --->   Core 1 'Adder' <Latency = 0> <II = 1> <Delay = 0.79> <FuncUnit> <Opcode : 'add' 'sub'> <InPorts = 2> <OutPorts = 1>
ST_2 : Operation 85 [1/1] (0.76ns)   --->   "%add_ln39_1 = add i8 %indvar_flatten_load, i8 1" [alexnet.cpp:39]   --->   Operation 85 'add' 'add_ln39_1' <Predicate = (!icmp_ln36)> <Delay = 0.76> <CoreInst = "Adder">   --->   Core 1 'Adder' <Latency = 0> <II = 1> <Delay = 0.76> <FuncUnit> <Opcode : 'add' 'sub'> <InPorts = 2> <OutPorts = 1>
ST_2 : Operation 86 [1/1] (0.39ns)   --->   "%select_ln39_1 = select i1 %empty_123, i8 1, i8 %add_ln39_1" [alexnet.cpp:39]   --->   Operation 86 'select' 'select_ln39_1' <Predicate = (!icmp_ln36)> <Delay = 0.39> <CoreInst = "Sel">   --->   Core 73 'Sel' <Latency = 0> <II = 1> <Delay = 0.39> <FuncUnit> <Opcode : 'select'> <InPorts = 3> <OutPorts = 1>
ST_2 : Operation 87 [1/1] (0.77ns)   --->   "%add_ln38_1 = add i9 %indvar_flatten12_load, i9 1" [alexnet.cpp:38]   --->   Operation 87 'add' 'add_ln38_1' <Predicate = (!icmp_ln36)> <Delay = 0.77> <CoreInst = "Adder">   --->   Core 1 'Adder' <Latency = 0> <II = 1> <Delay = 0.77> <FuncUnit> <Opcode : 'add' 'sub'> <InPorts = 2> <OutPorts = 1>
ST_2 : Operation 88 [1/1] (0.39ns)   --->   "%select_ln38_1 = select i1 %icmp_ln38, i9 1, i9 %add_ln38_1" [alexnet.cpp:38]   --->   Operation 88 'select' 'select_ln38_1' <Predicate = (!icmp_ln36)> <Delay = 0.39> <CoreInst = "Sel">   --->   Core 73 'Sel' <Latency = 0> <II = 1> <Delay = 0.39> <FuncUnit> <Opcode : 'select'> <InPorts = 3> <OutPorts = 1>
ST_2 : Operation 89 [1/1] (0.42ns)   --->   "%store_ln36 = store i16 %add_ln36_1, i16 %indvar_flatten35" [alexnet.cpp:36]   --->   Operation 89 'store' 'store_ln36' <Predicate = (!icmp_ln36)> <Delay = 0.42>
ST_2 : Operation 90 [1/1] (0.42ns)   --->   "%store_ln36 = store i7 %select_ln36_1, i7 %oc" [alexnet.cpp:36]   --->   Operation 90 'store' 'store_ln36' <Predicate = (!icmp_ln36)> <Delay = 0.42>
ST_2 : Operation 91 [1/1] (0.42ns)   --->   "%store_ln38 = store i9 %select_ln38_1, i9 %indvar_flatten12" [alexnet.cpp:38]   --->   Operation 91 'store' 'store_ln38' <Predicate = (!icmp_ln36)> <Delay = 0.42>
ST_2 : Operation 92 [1/1] (0.42ns)   --->   "%store_ln38 = store i2 %select_ln38, i2 %ic" [alexnet.cpp:38]   --->   Operation 92 'store' 'store_ln38' <Predicate = (!icmp_ln36)> <Delay = 0.42>
ST_2 : Operation 93 [1/1] (0.42ns)   --->   "%store_ln39 = store i8 %select_ln39_1, i8 %indvar_flatten" [alexnet.cpp:39]   --->   Operation 93 'store' 'store_ln39' <Predicate = (!icmp_ln36)> <Delay = 0.42>
ST_2 : Operation 94 [1/1] (0.42ns)   --->   "%store_ln39 = store i4 %select_ln39, i4 %kr" [alexnet.cpp:39]   --->   Operation 94 'store' 'store_ln39' <Predicate = (!icmp_ln36)> <Delay = 0.42>
ST_2 : Operation 95 [1/1] (0.42ns)   --->   "%store_ln40 = store i4 %add_ln40, i4 %kc" [alexnet.cpp:40]   --->   Operation 95 'store' 'store_ln40' <Predicate = (!icmp_ln36)> <Delay = 0.42>
ST_2 : Operation 96 [1/1] (0.00ns)   --->   "%br_ln40 = br void %for.inc" [alexnet.cpp:40]   --->   Operation 96 'br' 'br_ln40' <Predicate = (!icmp_ln36)> <Delay = 0.00>

State 3 <SV = 2> <Delay = 7.30>
ST_3 : Operation 97 [1/1] (0.00ns)   --->   "%gmem3_addr = getelementptr i16 %gmem3, i64 %sext_ln36_1_cast" [alexnet.cpp:36]   --->   Operation 97 'getelementptr' 'gmem3_addr' <Predicate = true> <Delay = 0.00>
ST_3 : Operation 98 [1/1] (7.30ns)   --->   "%gmem3_addr_read = read i16 @_ssdm_op_Read.m_axi.p1i16, i16 %gmem3_addr" [alexnet.cpp:37]   --->   Operation 98 'read' 'gmem3_addr_read' <Predicate = (first_iter_0 & first_iter_1_mid2 & first_iter_2_mid2)> <Delay = 7.30> <CoreInst = "m_axi">   --->   Core 119 'm_axi' <Latency = 3> <II = 1> <Delay = 1.00> <Adapter> <Opcode : 'read' 'write' 'readreq' 'writereq' 'writeresp'>
ST_3 : Operation 99 [2/3] (0.99ns) (grouped into DSP with root node add_ln42_1)   --->   "%mul_ln40 = mul i14 %zext_ln40, i14 11" [alexnet.cpp:40]   --->   Operation 99 'mul' 'mul_ln40' <Predicate = true> <Delay = 0.99> <CoreInst = "DSP48">   --->   Core 124 'DSP48' <Latency = 3> <II = 1> <Delay = 0.53> <IPBlock> <Opcode : 'add' 'sub' 'mul' 'select'> <InPorts = 0> <OutPorts = 1> <Sync> <CReg>

State 4 <SV = 3> <Delay = 7.30>
ST_4 : Operation 100 [1/1] (0.00ns)   --->   "%gmem2_addr = getelementptr i16 %gmem2, i64 %sext_ln36_cast" [alexnet.cpp:36]   --->   Operation 100 'getelementptr' 'gmem2_addr' <Predicate = true> <Delay = 0.00>
ST_4 : Operation 101 [1/1] (0.00ns)   --->   "%specloopname_ln0 = specloopname void @_ssdm_op_SpecLoopName, void @VITIS_LOOP_36_1_VITIS_LOOP_38_2_VITIS_LOOP_39_3_VITIS_LOOP_40_4_str"   --->   Operation 101 'specloopname' 'specloopname_ln0' <Predicate = true> <Delay = 0.00>
ST_4 : Operation 102 [1/1] (0.00ns)   --->   "%speclooptripcount_ln0 = speclooptripcount void @_ssdm_op_SpecLoopTripCount, i64 34848, i64 34848, i64 34848"   --->   Operation 102 'speclooptripcount' 'speclooptripcount_ln0' <Predicate = true> <Delay = 0.00>
ST_4 : Operation 103 [1/1] ( I:1.23ns O:1.23ns )   --->   "%store_ln37 = store i16 %gmem3_addr_read, i7 %local_bias_addr" [alexnet.cpp:37]   --->   Operation 103 'store' 'store_ln37' <Predicate = (first_iter_0 & first_iter_1_mid2 & first_iter_2_mid2)> <Delay = 1.23> <CoreInst = "RAM">   --->   Core 82 'RAM' <Latency = 1> <II = 1> <Delay = 1.23> <Storage> <Opcode : 'load' 'store'> <Ports = 2> <Width = 16> <Depth = 96> <RAM>
ST_4 : Operation 104 [1/1] (0.00ns)   --->   "%br_ln38 = br void %for.first.iter.VITIS_LOOP_40_4" [alexnet.cpp:38]   --->   Operation 104 'br' 'br_ln38' <Predicate = (first_iter_0 & first_iter_1_mid2 & first_iter_2_mid2)> <Delay = 0.00>
ST_4 : Operation 105 [1/3] (0.00ns) (grouped into DSP with root node add_ln42_1)   --->   "%mul_ln40 = mul i14 %zext_ln40, i14 11" [alexnet.cpp:40]   --->   Operation 105 'mul' 'mul_ln40' <Predicate = true> <Delay = 0.00> <CoreInst = "DSP48">   --->   Core 124 'DSP48' <Latency = 3> <II = 1> <Delay = 0.53> <IPBlock> <Opcode : 'add' 'sub' 'mul' 'select'> <InPorts = 0> <OutPorts = 1> <Sync> <CReg>
ST_4 : Operation 106 [1/1] (0.00ns)   --->   "%zext_ln42_2 = zext i4 %kc_mid2" [alexnet.cpp:42]   --->   Operation 106 'zext' 'zext_ln42_2' <Predicate = true> <Delay = 0.00>
ST_4 : Operation 107 [2/2] (0.64ns) (root node of the DSP)   --->   "%add_ln42_1 = add i14 %mul_ln40, i14 %zext_ln42_2" [alexnet.cpp:42]   --->   Operation 107 'add' 'add_ln42_1' <Predicate = true> <Delay = 0.64> <CoreInst = "DSP48">   --->   Core 124 'DSP48' <Latency = 3> <II = 1> <Delay = 0.53> <IPBlock> <Opcode : 'add' 'sub' 'mul' 'select'> <InPorts = 0> <OutPorts = 1> <Sync> <CReg>
ST_4 : Operation 108 [1/1] (7.30ns)   --->   "%gmem2_addr_read = read i16 @_ssdm_op_Read.m_axi.p1i16, i16 %gmem2_addr" [alexnet.cpp:42]   --->   Operation 108 'read' 'gmem2_addr_read' <Predicate = true> <Delay = 7.30> <CoreInst = "m_axi">   --->   Core 119 'm_axi' <Latency = 3> <II = 1> <Delay = 1.00> <Adapter> <Opcode : 'read' 'write' 'readreq' 'writereq' 'writeresp'>
ST_4 : Operation 121 [1/1] (0.42ns)   --->   "%ret_ln0 = ret"   --->   Operation 121 'ret' 'ret_ln0' <Predicate = (icmp_ln36)> <Delay = 0.42>

State 5 <SV = 4> <Delay = 1.88>
ST_5 : Operation 109 [1/2] (0.64ns) (root node of the DSP)   --->   "%add_ln42_1 = add i14 %mul_ln40, i14 %zext_ln42_2" [alexnet.cpp:42]   --->   Operation 109 'add' 'add_ln42_1' <Predicate = true> <Delay = 0.64> <CoreInst = "DSP48">   --->   Core 124 'DSP48' <Latency = 3> <II = 1> <Delay = 0.53> <IPBlock> <Opcode : 'add' 'sub' 'mul' 'select'> <InPorts = 0> <OutPorts = 1> <Sync> <CReg>
ST_5 : Operation 110 [1/1] (0.00ns)   --->   "%zext_ln42_3 = zext i14 %add_ln42_1" [alexnet.cpp:42]   --->   Operation 110 'zext' 'zext_ln42_3' <Predicate = true> <Delay = 0.00>
ST_5 : Operation 111 [1/1] (0.00ns)   --->   "%local_weights_addr = getelementptr i16 %local_weights, i64 0, i64 %zext_ln42_3" [alexnet.cpp:42]   --->   Operation 111 'getelementptr' 'local_weights_addr' <Predicate = true> <Delay = 0.00>
ST_5 : Operation 112 [1/1] (0.00ns)   --->   "%local_weights_1_addr = getelementptr i16 %local_weights_1, i64 0, i64 %zext_ln42_3" [alexnet.cpp:42]   --->   Operation 112 'getelementptr' 'local_weights_1_addr' <Predicate = true> <Delay = 0.00>
ST_5 : Operation 113 [1/1] (0.00ns)   --->   "%local_weights_2_addr = getelementptr i16 %local_weights_2, i64 0, i64 %zext_ln42_3" [alexnet.cpp:42]   --->   Operation 113 'getelementptr' 'local_weights_2_addr' <Predicate = true> <Delay = 0.00>
ST_5 : Operation 114 [1/1] (0.00ns)   --->   "%specpipeline_ln41 = specpipeline void @_ssdm_op_SpecPipeline, i32 1, i32 0, i32 0, i32 0, void @empty_0" [alexnet.cpp:41]   --->   Operation 114 'specpipeline' 'specpipeline_ln41' <Predicate = true> <Delay = 0.00>
ST_5 : Operation 115 [1/1] ( I:1.23ns O:1.23ns )   --->   "%store_ln42 = store i16 %gmem2_addr_read, i14 %local_weights_1_addr" [alexnet.cpp:42]   --->   Operation 115 'store' 'store_ln42' <Predicate = (select_ln38 == 1)> <Delay = 1.23> <CoreInst = "RAM_1WnR">   --->   Core 83 'RAM_1WnR' <Latency = 1> <II = 1> <Delay = 1.23> <Storage> <Opcode : 'load' 'store'> <Ports = 17> <Width = 16> <Depth = 11616> <RAM>
ST_5 : Operation 116 [1/1] (0.00ns)   --->   "%br_ln42 = br void %arrayidx316.exit" [alexnet.cpp:42]   --->   Operation 116 'br' 'br_ln42' <Predicate = (select_ln38 == 1)> <Delay = 0.00>
ST_5 : Operation 117 [1/1] ( I:1.23ns O:1.23ns )   --->   "%store_ln42 = store i16 %gmem2_addr_read, i14 %local_weights_addr" [alexnet.cpp:42]   --->   Operation 117 'store' 'store_ln42' <Predicate = (select_ln38 == 0)> <Delay = 1.23> <CoreInst = "RAM_1WnR">   --->   Core 83 'RAM_1WnR' <Latency = 1> <II = 1> <Delay = 1.23> <Storage> <Opcode : 'load' 'store'> <Ports = 17> <Width = 16> <Depth = 11616> <RAM>
ST_5 : Operation 118 [1/1] (0.00ns)   --->   "%br_ln42 = br void %arrayidx316.exit" [alexnet.cpp:42]   --->   Operation 118 'br' 'br_ln42' <Predicate = (select_ln38 == 0)> <Delay = 0.00>
ST_5 : Operation 119 [1/1] ( I:1.23ns O:1.23ns )   --->   "%store_ln42 = store i16 %gmem2_addr_read, i14 %local_weights_2_addr" [alexnet.cpp:42]   --->   Operation 119 'store' 'store_ln42' <Predicate = (select_ln38 != 0 & select_ln38 != 1)> <Delay = 1.23> <CoreInst = "RAM_1WnR">   --->   Core 83 'RAM_1WnR' <Latency = 1> <II = 1> <Delay = 1.23> <Storage> <Opcode : 'load' 'store'> <Ports = 17> <Width = 16> <Depth = 11616> <RAM>
ST_5 : Operation 120 [1/1] (0.00ns)   --->   "%br_ln42 = br void %arrayidx316.exit" [alexnet.cpp:42]   --->   Operation 120 'br' 'br_ln42' <Predicate = (select_ln38 != 0 & select_ln38 != 1)> <Delay = 0.00>


============================================================
+ Verbose Summary: Timing violations
============================================================
Target clock period: 10.000ns, clock uncertainty: 2.700ns.

 <State 1>: 0.427ns
The critical path consists of the following:
	'alloca' operation 16 bit ('indvar_flatten35') [15]  (0.000 ns)
	'store' operation 0 bit ('store_ln0') of constant 0 on local variable 'indvar_flatten35' [22]  (0.427 ns)

 <State 2>: 5.908ns
The critical path consists of the following:
	'load' operation 9 bit ('indvar_flatten12_load', alexnet.cpp:38) on local variable 'indvar_flatten12' [32]  (0.000 ns)
	'icmp' operation 1 bit ('icmp_ln38', alexnet.cpp:38) [49]  (0.776 ns)
	'xor' operation 1 bit ('xor_ln36', alexnet.cpp:36) [55]  (0.287 ns)
	'and' operation 1 bit ('and_ln36_1', alexnet.cpp:36) [58]  (0.287 ns)
	'or' operation 1 bit ('empty_123', alexnet.cpp:36) [61]  (0.287 ns)
	'select' operation 4 bit ('kr_mid26', alexnet.cpp:36) [62]  (0.391 ns)
	'add' operation 4 bit ('add_ln39', alexnet.cpp:39) [70]  (0.797 ns)
	'select' operation 4 bit ('select_ln39', alexnet.cpp:39) [76]  (0.391 ns)
	'add' operation 11 bit of DSP[101] ('add_ln42', alexnet.cpp:42) [97]  (1.696 ns)
	'mul' operation 14 bit of DSP[101] ('mul_ln40', alexnet.cpp:40) [99]  (0.996 ns)

 <State 3>: 7.300ns
The critical path consists of the following:
	'getelementptr' operation 16 bit ('gmem3_addr', alexnet.cpp:36) [45]  (0.000 ns)
	bus read operation ('gmem3_addr_read', alexnet.cpp:37) on port 'gmem3' (alexnet.cpp:37) [88]  (7.300 ns)

 <State 4>: 7.300ns
The critical path consists of the following:
	'getelementptr' operation 16 bit ('gmem2_addr', alexnet.cpp:36) [44]  (0.000 ns)
	bus read operation ('gmem2_addr_read', alexnet.cpp:42) on port 'gmem2' (alexnet.cpp:42) [107]  (7.300 ns)

 <State 5>: 1.882ns
The critical path consists of the following:
	'add' operation 14 bit of DSP[101] ('add_ln42_1', alexnet.cpp:42) [101]  (0.645 ns)
	'getelementptr' operation 14 bit ('local_weights_2_addr', alexnet.cpp:42) [105]  (0.000 ns)
	'store' operation 0 bit ('store_ln42', alexnet.cpp:42) of variable 'gmem2_addr_read', alexnet.cpp:42 on array 'local_weights_2' [116]  (1.237 ns)


============================================================
+ Verbose Summary: Binding
============================================================
N/A
* FSMD analyzer results:
  - Output states:
 - Input state : 
  - Chain level:
	State 1
	State 2
	State 3
	State 4
	State 5


============================================================
+ Verbose Summary: Datapath Resource usage 
============================================================
N/A
