

================================================================
== Vitis HLS Report for 'depthwise_conv'
================================================================
* Date:           Mon Mar 30 21:24:48 2026

* Version:        2025.1 (Build 6135595 on May 21 2025)
* Project:        hls_component
* Solution:       hls (Vivado IP Flow Target)
* Product family: zynquplus
* Target device:  xczu7ev-ffvc1156-2-e


================================================================
== Performance Estimates
================================================================
+ Timing: 
    * Summary: 
    +--------+----------+----------+------------+
    |  Clock |  Target  | Estimated| Uncertainty|
    +--------+----------+----------+------------+
    |ap_clk  |  10.00 ns|  4.381 ns|     2.70 ns|
    +--------+----------+----------+------------+

+ Latency: 
    * Summary: 
    +---------+---------+----------+----------+--------+--------+------------------------------------------------+
    |  Latency (cycles) |  Latency (absolute) |     Interval    |                    Pipeline                    |
    |   min   |   max   |    min   |    max   |   min  |   max  |                      Type                      |
    +---------+---------+----------+----------+--------+--------+------------------------------------------------+
    |   501769|   501769|  5.018 ms|  5.018 ms|  501760|  501760|  loop auto-rewind stp (delay=0 clock cycles(s))|
    +---------+---------+----------+----------+--------+--------+------------------------------------------------+

    + Detail: 
        * Instance: 
        N/A

        * Loop: 
        +---------------------------------------------------+---------+---------+----------+-----------+-----------+--------+----------+
        |                                                   |  Latency (cycles) | Iteration|  Initiation Interval  |  Trip  |          |
        |                     Loop Name                     |   min   |   max   |  Latency |  achieved |   target  |  Count | Pipelined|
        +---------------------------------------------------+---------+---------+----------+-----------+-----------+--------+----------+
        |- VITIS_LOOP_27_1_VITIS_LOOP_28_2_VITIS_LOOP_29_3  |   501767|   501767|        13|          5|          1|  100352|       yes|
        +---------------------------------------------------+---------+---------+----------+-----------+-----------+--------+----------+

============================================================
+ Verbose Summary: Synthesis Manager
============================================================
InlineROM: 1
ExposeGlobal: 0
============================================================
+ Verbose Summary: CDFG Model
============================================================
IsTopModel: 0
ResetActiveHigh: 1
IsCombinational: 2
IsDatapathOnly: 0
HasWiredReturn: 1
HasMFsm: 2
HasVarLatency: 1
IsPipeline: 0
IsRtlPipelined: 0
IsInstanceOverlapped: 0
IsDontTouch: 0
HasImplIP: 0
IsGatedGlobalClock: 0

+ Individual pipeline summary: 
  * Pipeline-0: initiation interval (II) = 5, depth = 13


============================================================
+ Verbose Summary: Schedule
============================================================
* Number of FSM states : 13
* Pipeline : 1
  Pipeline-0 : II = 5, D = 13, States = { 1 2 3 4 5 6 7 8 9 10 11 12 13 }
* Dataflow Pipeline: 0

* FSM state transitions: 
1 --> 2 
2 --> 3 
3 --> 4 
4 --> 5 
5 --> 6 
6 --> 7 
7 --> 8 
8 --> 9 
9 --> 10 
10 --> 11 
11 --> 12 
12 --> 13 
13 --> 

* FSM state operations: 

State 1 <SV = 0> <Delay = 4.38>
ST_1 : Operation 16 [1/1] (0.00ns)   --->   "%indvar_flatten7863 = alloca i32 1"   --->   Operation 16 'alloca' 'indvar_flatten7863' <Predicate = true> <Delay = 0.00>
ST_1 : Operation 17 [1/1] (0.00ns)   --->   "%ch64 = alloca i32 1"   --->   Operation 17 'alloca' 'ch64' <Predicate = true> <Delay = 0.00>
ST_1 : Operation 18 [1/1] (0.00ns)   --->   "%indvar_flatten65 = alloca i32 1"   --->   Operation 18 'alloca' 'indvar_flatten65' <Predicate = true> <Delay = 0.00>
ST_1 : Operation 19 [1/1] (0.00ns)   --->   "%r66 = alloca i32 1"   --->   Operation 19 'alloca' 'r66' <Predicate = true> <Delay = 0.00>
ST_1 : Operation 20 [1/1] (0.00ns)   --->   "%c76 = alloca i32 1"   --->   Operation 20 'alloca' 'c76' <Predicate = true> <Delay = 0.00>
ST_1 : Operation 21 [1/1] (0.00ns)   --->   "%p_0_0_083_2_19277 = alloca i32 1"   --->   Operation 21 'alloca' 'p_0_0_083_2_19277' <Predicate = true> <Delay = 0.00>
ST_1 : Operation 22 [1/1] (0.00ns)   --->   "%p_0_0_083_1_19079 = alloca i32 1"   --->   Operation 22 'alloca' 'p_0_0_083_1_19079' <Predicate = true> <Delay = 0.00>
ST_1 : Operation 23 [1/1] (0.00ns)   --->   "%p_0_0_083_1138881 = alloca i32 1"   --->   Operation 23 'alloca' 'p_0_0_083_1138881' <Predicate = true> <Delay = 0.00>
ST_1 : Operation 24 [1/1] (0.00ns)   --->   "%dw_weights_load3467 = alloca i32 1"   --->   Operation 24 'alloca' 'dw_weights_load3467' <Predicate = true> <Delay = 0.00>
ST_1 : Operation 25 [1/1] (0.00ns)   --->   "%dw_weights_load_13068 = alloca i32 1"   --->   Operation 25 'alloca' 'dw_weights_load_13068' <Predicate = true> <Delay = 0.00>
ST_1 : Operation 26 [1/1] (0.00ns)   --->   "%dw_weights_load_22669 = alloca i32 1"   --->   Operation 26 'alloca' 'dw_weights_load_22669' <Predicate = true> <Delay = 0.00>
ST_1 : Operation 27 [1/1] (0.00ns)   --->   "%dw_weights_load_32270 = alloca i32 1"   --->   Operation 27 'alloca' 'dw_weights_load_32270' <Predicate = true> <Delay = 0.00>
ST_1 : Operation 28 [1/1] (0.00ns)   --->   "%dw_weights_load_41871 = alloca i32 1"   --->   Operation 28 'alloca' 'dw_weights_load_41871' <Predicate = true> <Delay = 0.00>
ST_1 : Operation 29 [1/1] (0.00ns)   --->   "%dw_weights_load_51472 = alloca i32 1"   --->   Operation 29 'alloca' 'dw_weights_load_51472' <Predicate = true> <Delay = 0.00>
ST_1 : Operation 30 [1/1] (0.00ns)   --->   "%dw_weights_load_61073 = alloca i32 1"   --->   Operation 30 'alloca' 'dw_weights_load_61073' <Predicate = true> <Delay = 0.00>
ST_1 : Operation 31 [1/1] (0.00ns)   --->   "%dw_weights_load_7674 = alloca i32 1"   --->   Operation 31 'alloca' 'dw_weights_load_7674' <Predicate = true> <Delay = 0.00>
ST_1 : Operation 32 [1/1] (0.00ns)   --->   "%dw_weights_load_8275 = alloca i32 1"   --->   Operation 32 'alloca' 'dw_weights_load_8275' <Predicate = true> <Delay = 0.00>
ST_1 : Operation 33 [1/1] (0.00ns)   --->   "%empty = alloca i32 1"   --->   Operation 33 'alloca' 'empty' <Predicate = true> <Delay = 0.00>
ST_1 : Operation 34 [1/1] (0.00ns)   --->   "%p_0_0_085_19178 = alloca i32 1"   --->   Operation 34 'alloca' 'p_0_0_085_19178' <Predicate = true> <Delay = 0.00>
ST_1 : Operation 35 [1/1] (0.00ns)   --->   "%p_0_0_0858980 = alloca i32 1"   --->   Operation 35 'alloca' 'p_0_0_0858980' <Predicate = true> <Delay = 0.00>
ST_1 : Operation 36 [1/1] (0.00ns)   --->   "%specinterface_ln0 = specinterface void @_ssdm_op_SpecInterface, i16 %input_stream, void @empty_11, i32 0, i32 0, void @empty_0, i32 0, i32 0, void @empty_0, void @empty_0, void @empty_0, i32 0, i32 0, i32 0, i32 0, void @empty_0, void @empty_0, i32 4294967295, i32 0, i32 0"   --->   Operation 36 'specinterface' 'specinterface_ln0' <Predicate = true> <Delay = 0.00>
ST_1 : Operation 37 [1/1] (0.00ns)   --->   "%specinterface_ln0 = specinterface void @_ssdm_op_SpecInterface, i16 %internal_fifo, void @empty_11, i32 0, i32 0, void @empty_0, i32 0, i32 0, void @empty_0, void @empty_0, void @empty_0, i32 0, i32 0, i32 0, i32 0, void @empty_0, void @empty_0, i32 4294967295, i32 0, i32 0"   --->   Operation 37 'specinterface' 'specinterface_ln0' <Predicate = true> <Delay = 0.00>
ST_1 : Operation 38 [1/1] (0.00ns)   --->   "%specinterface_ln0 = specinterface void @_ssdm_op_SpecInterface, i16 %dw_weights, void @empty_10, i32 0, i32 0, void @empty_0, i32 4294967295, i32 0, void @empty_0, void @empty_0, void @empty_0, i32 0, i32 0, i32 0, i32 0, void @empty_0, void @empty_0, i32 4294967295, i32 0, i32 0"   --->   Operation 38 'specinterface' 'specinterface_ln0' <Predicate = true> <Delay = 0.00>
ST_1 : Operation 39 [1/1] (0.00ns)   --->   "%line_buffer = alloca i64 1" [MobileNetV2.cpp:20]   --->   Operation 39 'alloca' 'line_buffer' <Predicate = true> <Delay = 0.00> <CoreInst = "RAM">   --->   Core 82 'RAM' <Latency = 1> <II = 1> <Delay = 0.67> <Storage> <Opcode : 'load' 'store'> <Ports = 2> <Width = 16> <Depth = 56> <RAM>
ST_1 : Operation 40 [1/1] (0.00ns)   --->   "%line_buffer_1 = alloca i64 1" [MobileNetV2.cpp:20]   --->   Operation 40 'alloca' 'line_buffer_1' <Predicate = true> <Delay = 0.00> <CoreInst = "RAM">   --->   Core 82 'RAM' <Latency = 1> <II = 1> <Delay = 0.67> <Storage> <Opcode : 'load' 'store'> <Ports = 2> <Width = 16> <Depth = 56> <RAM>
ST_1 : Operation 41 [1/1] (0.42ns)   --->   "%store_ln0 = store i6 0, i6 %c76"   --->   Operation 41 'store' 'store_ln0' <Predicate = true> <Delay = 0.42>
ST_1 : Operation 42 [1/1] (0.42ns)   --->   "%store_ln0 = store i6 0, i6 %r66"   --->   Operation 42 'store' 'store_ln0' <Predicate = true> <Delay = 0.42>
ST_1 : Operation 43 [1/1] (0.42ns)   --->   "%store_ln0 = store i12 0, i12 %indvar_flatten65"   --->   Operation 43 'store' 'store_ln0' <Predicate = true> <Delay = 0.42>
ST_1 : Operation 44 [1/1] (0.42ns)   --->   "%store_ln0 = store i6 0, i6 %ch64"   --->   Operation 44 'store' 'store_ln0' <Predicate = true> <Delay = 0.42>
ST_1 : Operation 45 [1/1] (0.42ns)   --->   "%store_ln0 = store i17 0, i17 %indvar_flatten7863"   --->   Operation 45 'store' 'store_ln0' <Predicate = true> <Delay = 0.42>
ST_1 : Operation 46 [1/1] (0.42ns)   --->   "%br_ln0 = br void %for.inc87"   --->   Operation 46 'br' 'br_ln0' <Predicate = true> <Delay = 0.42>
ST_1 : Operation 47 [1/1] (0.00ns)   --->   "%icmp_ln2884 = phi i1 0, void %entry, i1 %icmp_ln28, void %for.inc81" [MobileNetV2.cpp:28]   --->   Operation 47 'phi' 'icmp_ln2884' <Predicate = true> <Delay = 0.00>
ST_1 : Operation 48 [1/1] (0.00ns)   --->   "%icmp_ln2983 = phi i1 0, void %entry, i1 %icmp_ln29, void %for.inc81" [MobileNetV2.cpp:29]   --->   Operation 48 'phi' 'icmp_ln2983' <Predicate = true> <Delay = 0.00>
ST_1 : Operation 49 [1/1] (0.00ns)   --->   "%first_iter_182 = phi i1 1, void %entry, i1 %first_iter_1, void %for.inc81" [MobileNetV2.cpp:28]   --->   Operation 49 'phi' 'first_iter_182' <Predicate = true> <Delay = 0.00>
ST_1 : Operation 50 [1/1] (0.00ns)   --->   "%ch64_load = load i6 %ch64" [MobileNetV2.cpp:27]   --->   Operation 50 'load' 'ch64_load' <Predicate = true> <Delay = 0.00>
ST_1 : Operation 51 [1/1] (0.00ns)   --->   "%indvar_flatten65_load = load i12 %indvar_flatten65" [MobileNetV2.cpp:28]   --->   Operation 51 'load' 'indvar_flatten65_load' <Predicate = true> <Delay = 0.00>
ST_1 : Operation 52 [1/1] (0.00ns)   --->   "%r66_load = load i6 %r66" [MobileNetV2.cpp:27]   --->   Operation 52 'load' 'r66_load' <Predicate = true> <Delay = 0.00>
ST_1 : Operation 53 [1/1] (0.00ns)   --->   "%c76_load = load i6 %c76"   --->   Operation 53 'load' 'c76_load' <Predicate = true> <Delay = 0.00>
ST_1 : Operation 54 [1/1] (0.78ns)   --->   "%add_ln27 = add i6 %ch64_load, i6 1" [MobileNetV2.cpp:27]   --->   Operation 54 'add' 'add_ln27' <Predicate = true> <Delay = 0.78> <CoreInst = "Adder">   --->   Core 1 'Adder' <Latency = 0> <II = 1> <Delay = 0.78> <FuncUnit> <Opcode : 'add' 'sub'> <InPorts = 2> <OutPorts = 1>
ST_1 : Operation 55 [1/1] (0.38ns)   --->   "%select_ln27 = select i1 %icmp_ln2884, i6 0, i6 %r66_load" [MobileNetV2.cpp:27]   --->   Operation 55 'select' 'select_ln27' <Predicate = true> <Delay = 0.38> <CoreInst = "Sel">   --->   Core 73 'Sel' <Latency = 0> <II = 1> <Delay = 0.38> <FuncUnit> <Opcode : 'select'> <InPorts = 3> <OutPorts = 1>
ST_1 : Operation 56 [1/1] (0.00ns) (grouped into LUT with out node first_iter_1_mid2)   --->   "%or_ln27 = or i1 %icmp_ln2884, i1 %first_iter_182" [MobileNetV2.cpp:27]   --->   Operation 56 'or' 'or_ln27' <Predicate = true> <Delay = 0.00> <CoreInst = "LogicGate">   --->   Core 74 'LogicGate' <Latency = 0> <II = 1> <Delay = 0.28> <FuncUnit> <Opcode : 'and' 'or' 'xor'> <InPorts = 2> <OutPorts = 1>
ST_1 : Operation 57 [1/1] (0.00ns) (grouped into LUT with out node and_ln27)   --->   "%xor_ln27 = xor i1 %icmp_ln2884, i1 1" [MobileNetV2.cpp:27]   --->   Operation 57 'xor' 'xor_ln27' <Predicate = true> <Delay = 0.00> <CoreInst = "LogicGate">   --->   Core 74 'LogicGate' <Latency = 0> <II = 1> <Delay = 0.28> <FuncUnit> <Opcode : 'and' 'or' 'xor'> <InPorts = 2> <OutPorts = 1>
ST_1 : Operation 58 [1/1] (0.28ns) (out node of the LUT)   --->   "%and_ln27 = and i1 %icmp_ln2983, i1 %xor_ln27" [MobileNetV2.cpp:27]   --->   Operation 58 'and' 'and_ln27' <Predicate = true> <Delay = 0.28> <CoreInst = "LogicGate">   --->   Core 74 'LogicGate' <Latency = 0> <II = 1> <Delay = 0.28> <FuncUnit> <Opcode : 'and' 'or' 'xor'> <InPorts = 2> <OutPorts = 1>
ST_1 : Operation 59 [1/1] (0.38ns)   --->   "%ch = select i1 %icmp_ln2884, i6 %add_ln27, i6 %ch64_load" [MobileNetV2.cpp:27]   --->   Operation 59 'select' 'ch' <Predicate = true> <Delay = 0.38> <CoreInst = "Sel">   --->   Core 73 'Sel' <Latency = 0> <II = 1> <Delay = 0.38> <FuncUnit> <Opcode : 'select'> <InPorts = 3> <OutPorts = 1>
ST_1 : Operation 60 [1/1] (0.78ns)   --->   "%r_3 = add i6 %select_ln27, i6 1" [MobileNetV2.cpp:28]   --->   Operation 60 'add' 'r_3' <Predicate = true> <Delay = 0.78> <CoreInst = "Adder">   --->   Core 1 'Adder' <Latency = 0> <II = 1> <Delay = 0.78> <FuncUnit> <Opcode : 'add' 'sub'> <InPorts = 2> <OutPorts = 1>
ST_1 : Operation 61 [1/1] (0.00ns) (grouped into LUT with out node c_mid2)   --->   "%empty_29 = or i1 %and_ln27, i1 %icmp_ln2884" [MobileNetV2.cpp:27]   --->   Operation 61 'or' 'empty_29' <Predicate = true> <Delay = 0.00> <CoreInst = "LogicGate">   --->   Core 74 'LogicGate' <Latency = 0> <II = 1> <Delay = 0.28> <FuncUnit> <Opcode : 'and' 'or' 'xor'> <InPorts = 2> <OutPorts = 1>
ST_1 : Operation 62 [1/1] (0.38ns) (out node of the LUT)   --->   "%c_mid2 = select i1 %empty_29, i6 0, i6 %c76_load" [MobileNetV2.cpp:27]   --->   Operation 62 'select' 'c_mid2' <Predicate = true> <Delay = 0.38> <CoreInst = "Sel">   --->   Core 73 'Sel' <Latency = 0> <II = 1> <Delay = 0.38> <FuncUnit> <Opcode : 'select'> <InPorts = 3> <OutPorts = 1>
ST_1 : Operation 63 [1/1] (0.78ns)   --->   "%first_iter_1_mid1 = icmp_eq  i6 %r_3, i6 0" [MobileNetV2.cpp:28]   --->   Operation 63 'icmp' 'first_iter_1_mid1' <Predicate = true> <Delay = 0.78> <CoreInst = "Cmp">   --->   Core 9 'Cmp' <Latency = 0> <II = 1> <Delay = 0.78> <FuncUnit> <Opcode : 'seteq' 'setne' 'setle' 'setge' 'setlt' 'setgt'> <InPorts = 2> <OutPorts = 1>
ST_1 : Operation 64 [1/1] (0.28ns) (out node of the LUT)   --->   "%first_iter_1_mid2 = select i1 %and_ln27, i1 %first_iter_1_mid1, i1 %or_ln27" [MobileNetV2.cpp:27]   --->   Operation 64 'select' 'first_iter_1_mid2' <Predicate = true> <Delay = 0.28> <CoreInst = "Sel">   --->   Core 73 'Sel' <Latency = 0> <II = 1> <Delay = 0.17> <FuncUnit> <Opcode : 'select'> <InPorts = 3> <OutPorts = 1>
ST_1 : Operation 65 [1/1] (0.38ns)   --->   "%r = select i1 %and_ln27, i6 %r_3, i6 %select_ln27" [MobileNetV2.cpp:28]   --->   Operation 65 'select' 'r' <Predicate = true> <Delay = 0.38> <CoreInst = "Sel">   --->   Core 73 'Sel' <Latency = 0> <II = 1> <Delay = 0.38> <FuncUnit> <Opcode : 'select'> <InPorts = 3> <OutPorts = 1>
ST_1 : Operation 66 [1/1] (0.78ns)   --->   "%first_iter_0 = icmp_eq  i6 %c_mid2, i6 0" [MobileNetV2.cpp:27]   --->   Operation 66 'icmp' 'first_iter_0' <Predicate = true> <Delay = 0.78> <CoreInst = "Cmp">   --->   Core 9 'Cmp' <Latency = 0> <II = 1> <Delay = 0.78> <FuncUnit> <Opcode : 'seteq' 'setne' 'setle' 'setge' 'setlt' 'setgt'> <InPorts = 2> <OutPorts = 1>
ST_1 : Operation 67 [1/1] (0.00ns)   --->   "%select_ln27_1_cast = zext i6 %ch" [MobileNetV2.cpp:27]   --->   Operation 67 'zext' 'select_ln27_1_cast' <Predicate = true> <Delay = 0.00>
ST_1 : Operation 68 [1/1] (0.00ns)   --->   "%tmp_1 = bitconcatenate i9 @_ssdm_op_BitConcatenate.i9.i6.i3, i6 %ch, i3 0" [MobileNetV2.cpp:27]   --->   Operation 68 'bitconcatenate' 'tmp_1' <Predicate = true> <Delay = 0.00>
ST_1 : Operation 69 [1/1] (0.00ns)   --->   "%p_shl = zext i9 %tmp_1" [MobileNetV2.cpp:27]   --->   Operation 69 'zext' 'p_shl' <Predicate = true> <Delay = 0.00>
ST_1 : Operation 70 [1/1] (0.77ns)   --->   "%empty_30 = add i10 %p_shl, i10 %select_ln27_1_cast" [MobileNetV2.cpp:27]   --->   Operation 70 'add' 'empty_30' <Predicate = true> <Delay = 0.77> <CoreInst = "Adder">   --->   Core 1 'Adder' <Latency = 0> <II = 1> <Delay = 0.77> <FuncUnit> <Opcode : 'add' 'sub'> <InPorts = 2> <OutPorts = 1>
ST_1 : Operation 71 [1/1] (0.00ns)   --->   "%p_cast88 = zext i10 %empty_30" [MobileNetV2.cpp:27]   --->   Operation 71 'zext' 'p_cast88' <Predicate = true> <Delay = 0.00>
ST_1 : Operation 72 [1/1] (0.00ns)   --->   "%empty_31 = trunc i10 %empty_30" [MobileNetV2.cpp:27]   --->   Operation 72 'trunc' 'empty_31' <Predicate = true> <Delay = 0.00>
ST_1 : Operation 73 [1/1] (0.00ns)   --->   "%dw_weights_addr = getelementptr i16 %dw_weights, i64 0, i64 %p_cast88" [MobileNetV2.cpp:27]   --->   Operation 73 'getelementptr' 'dw_weights_addr' <Predicate = true> <Delay = 0.00>
ST_1 : Operation 74 [1/1] (0.77ns)   --->   "%empty_32 = add i9 %empty_31, i9 1" [MobileNetV2.cpp:27]   --->   Operation 74 'add' 'empty_32' <Predicate = true> <Delay = 0.77> <CoreInst = "Adder">   --->   Core 1 'Adder' <Latency = 0> <II = 1> <Delay = 0.77> <FuncUnit> <Opcode : 'add' 'sub'> <InPorts = 2> <OutPorts = 1>
ST_1 : Operation 75 [1/1] (0.00ns)   --->   "%p_cast89 = zext i9 %empty_32" [MobileNetV2.cpp:27]   --->   Operation 75 'zext' 'p_cast89' <Predicate = true> <Delay = 0.00>
ST_1 : Operation 76 [1/1] (0.00ns)   --->   "%dw_weights_addr_1 = getelementptr i16 %dw_weights, i64 0, i64 %p_cast89" [MobileNetV2.cpp:27]   --->   Operation 76 'getelementptr' 'dw_weights_addr_1' <Predicate = true> <Delay = 0.00>
ST_1 : Operation 77 [1/1] (0.77ns)   --->   "%empty_33 = add i9 %empty_31, i9 2" [MobileNetV2.cpp:27]   --->   Operation 77 'add' 'empty_33' <Predicate = true> <Delay = 0.77> <CoreInst = "Adder">   --->   Core 1 'Adder' <Latency = 0> <II = 1> <Delay = 0.77> <FuncUnit> <Opcode : 'add' 'sub'> <InPorts = 2> <OutPorts = 1>
ST_1 : Operation 78 [1/1] (0.00ns)   --->   "%p_cast90 = zext i9 %empty_33" [MobileNetV2.cpp:27]   --->   Operation 78 'zext' 'p_cast90' <Predicate = true> <Delay = 0.00>
ST_1 : Operation 79 [1/1] (0.00ns)   --->   "%dw_weights_addr_2 = getelementptr i16 %dw_weights, i64 0, i64 %p_cast90" [MobileNetV2.cpp:27]   --->   Operation 79 'getelementptr' 'dw_weights_addr_2' <Predicate = true> <Delay = 0.00>
ST_1 : Operation 80 [1/1] (0.00ns)   --->   "%br_ln29 = br i1 %first_iter_0, void %VITIS_LOOP_34_4.split, void %new.body.VITIS_LOOP_29_3" [MobileNetV2.cpp:29]   --->   Operation 80 'br' 'br_ln29' <Predicate = true> <Delay = 0.00>
ST_1 : Operation 81 [1/1] (0.00ns)   --->   "%br_ln28 = br i1 %first_iter_1_mid2, void %VITIS_LOOP_34_4.split, void %for.first.iter.VITIS_LOOP_29_3" [MobileNetV2.cpp:28]   --->   Operation 81 'br' 'br_ln28' <Predicate = (first_iter_0)> <Delay = 0.00>
ST_1 : Operation 82 [2/2] (1.23ns)   --->   "%dw_weights_load_1 = load i9 %dw_weights_addr_1" [MobileNetV2.cpp:52]   --->   Operation 82 'load' 'dw_weights_load_1' <Predicate = (first_iter_0 & first_iter_1_mid2)> <Delay = 1.23> <CoreInst = "RAM">   --->   Core 82 'RAM' <Latency = 1> <II = 1> <Delay = 1.23> <Storage> <Opcode : 'load' 'store'> <Ports = 2> <Width = 16> <Depth = 288> <RAM>
ST_1 : Operation 83 [2/2] (1.23ns)   --->   "%dw_weights_load_2 = load i9 %dw_weights_addr_2" [MobileNetV2.cpp:52]   --->   Operation 83 'load' 'dw_weights_load_2' <Predicate = (first_iter_0 & first_iter_1_mid2)> <Delay = 1.23> <CoreInst = "RAM">   --->   Core 82 'RAM' <Latency = 1> <II = 1> <Delay = 1.23> <Storage> <Opcode : 'load' 'store'> <Ports = 2> <Width = 16> <Depth = 288> <RAM>
ST_1 : Operation 84 [1/1] (0.00ns)   --->   "%tmp_2 = partselect i5 @_ssdm_op_PartSelect.i5.i6.i32.i32, i6 %r, i32 1, i32 5" [MobileNetV2.cpp:28]   --->   Operation 84 'partselect' 'tmp_2' <Predicate = true> <Delay = 0.00>
ST_1 : Operation 85 [1/1] (0.78ns)   --->   "%icmp = icmp_ne  i5 %tmp_2, i5 0" [MobileNetV2.cpp:28]   --->   Operation 85 'icmp' 'icmp' <Predicate = true> <Delay = 0.78> <CoreInst = "Cmp">   --->   Core 9 'Cmp' <Latency = 0> <II = 1> <Delay = 0.78> <FuncUnit> <Opcode : 'seteq' 'setne' 'setle' 'setge' 'setlt' 'setgt'> <InPorts = 2> <OutPorts = 1>
ST_1 : Operation 86 [1/1] (0.00ns)   --->   "%zext_ln29 = zext i6 %c_mid2" [MobileNetV2.cpp:29]   --->   Operation 86 'zext' 'zext_ln29' <Predicate = true> <Delay = 0.00>
ST_1 : Operation 87 [1/1] ( I:1.83ns O:1.83ns )   --->   "%input_stream_read = read i16 @_ssdm_op_Read.ap_fifo.volatile.i16P0A, i16 %input_stream" [MobileNetV2.cpp:33]   --->   Operation 87 'read' 'input_stream_read' <Predicate = true> <Delay = 1.83> <CoreInst = "FIFO_SRL">   --->   Core 80 'FIFO_SRL' <Latency = 0> <II = 1> <Delay = 1.83> <Storage> <Opcode : 'read' 'write' 'nbread' 'nbwrite'> <Ports = 0> <Width = 16> <Depth = 2> <FIFO>
ST_1 : Operation 88 [1/1] (0.00ns)   --->   "%line_buffer_addr = getelementptr i16 %line_buffer, i64 0, i64 %zext_ln29" [MobileNetV2.cpp:35]   --->   Operation 88 'getelementptr' 'line_buffer_addr' <Predicate = true> <Delay = 0.00>
ST_1 : Operation 89 [2/2] (0.67ns)   --->   "%line_buffer_load = load i6 %line_buffer_addr" [MobileNetV2.cpp:35]   --->   Operation 89 'load' 'line_buffer_load' <Predicate = true> <Delay = 0.67> <CoreInst = "RAM">   --->   Core 82 'RAM' <Latency = 1> <II = 1> <Delay = 0.67> <Storage> <Opcode : 'load' 'store'> <Ports = 2> <Width = 16> <Depth = 56> <RAM>
ST_1 : Operation 90 [1/1] (0.00ns)   --->   "%line_buffer_1_addr = getelementptr i16 %line_buffer_1, i64 0, i64 %zext_ln29" [MobileNetV2.cpp:35]   --->   Operation 90 'getelementptr' 'line_buffer_1_addr' <Predicate = true> <Delay = 0.00>
ST_1 : Operation 91 [2/2] (0.67ns)   --->   "%line_buffer_1_load = load i6 %line_buffer_1_addr" [MobileNetV2.cpp:35]   --->   Operation 91 'load' 'line_buffer_1_load' <Predicate = true> <Delay = 0.67> <CoreInst = "RAM">   --->   Core 82 'RAM' <Latency = 1> <II = 1> <Delay = 0.67> <Storage> <Opcode : 'load' 'store'> <Ports = 2> <Width = 16> <Depth = 56> <RAM>
ST_1 : Operation 92 [1/1] ( I:0.67ns O:0.67ns )   --->   "%store_ln37 = store i16 %input_stream_read, i6 %line_buffer_1_addr" [MobileNetV2.cpp:37]   --->   Operation 92 'store' 'store_ln37' <Predicate = true> <Delay = 0.67> <CoreInst = "RAM">   --->   Core 82 'RAM' <Latency = 1> <II = 1> <Delay = 0.67> <Storage> <Opcode : 'load' 'store'> <Ports = 2> <Width = 16> <Depth = 56> <RAM>
ST_1 : Operation 93 [1/1] (0.00ns)   --->   "%tmp_3 = partselect i5 @_ssdm_op_PartSelect.i5.i6.i32.i32, i6 %c_mid2, i32 1, i32 5" [MobileNetV2.cpp:48]   --->   Operation 93 'partselect' 'tmp_3' <Predicate = true> <Delay = 0.00>
ST_1 : Operation 94 [1/1] (0.78ns)   --->   "%icmp_ln48 = icmp_ne  i5 %tmp_3, i5 0" [MobileNetV2.cpp:48]   --->   Operation 94 'icmp' 'icmp_ln48' <Predicate = true> <Delay = 0.78> <CoreInst = "Cmp">   --->   Core 9 'Cmp' <Latency = 0> <II = 1> <Delay = 0.78> <FuncUnit> <Opcode : 'seteq' 'setne' 'setle' 'setge' 'setlt' 'setgt'> <InPorts = 2> <OutPorts = 1>
ST_1 : Operation 95 [1/1] (0.28ns)   --->   "%and_ln48 = and i1 %icmp, i1 %icmp_ln48" [MobileNetV2.cpp:48]   --->   Operation 95 'and' 'and_ln48' <Predicate = true> <Delay = 0.28> <CoreInst = "LogicGate">   --->   Core 74 'LogicGate' <Latency = 0> <II = 1> <Delay = 0.28> <FuncUnit> <Opcode : 'and' 'or' 'xor'> <InPorts = 2> <OutPorts = 1>
ST_1 : Operation 96 [1/1] (0.00ns)   --->   "%br_ln48 = br i1 %and_ln48, void %for.inc81, void %_ZNK13ap_fixed_baseILi16ELi8ELb1EL9ap_q_mode5EL9ap_o_mode3ELi0EEmlILi16ELi8ELb1ELS0_5ELS1_3ELi0EEENS2_5RTypeIXT_EXT0_EXT1_EE4multERKS_IXT_EXT0_EXT1_EXT2_EXT3_EXT4_EE.exit" [MobileNetV2.cpp:48]   --->   Operation 96 'br' 'br_ln48' <Predicate = true> <Delay = 0.00>
ST_1 : Operation 97 [1/1] (0.78ns)   --->   "%c = add i6 %c_mid2, i6 1" [MobileNetV2.cpp:29]   --->   Operation 97 'add' 'c' <Predicate = true> <Delay = 0.78> <CoreInst = "Adder">   --->   Core 1 'Adder' <Latency = 0> <II = 1> <Delay = 0.78> <FuncUnit> <Opcode : 'add' 'sub'> <InPorts = 2> <OutPorts = 1>
ST_1 : Operation 98 [1/1] (0.80ns)   --->   "%add_ln28_1 = add i12 %indvar_flatten65_load, i12 1" [MobileNetV2.cpp:28]   --->   Operation 98 'add' 'add_ln28_1' <Predicate = true> <Delay = 0.80> <CoreInst = "Adder">   --->   Core 1 'Adder' <Latency = 0> <II = 1> <Delay = 0.80> <FuncUnit> <Opcode : 'add' 'sub'> <InPorts = 2> <OutPorts = 1>
ST_1 : Operation 99 [1/1] (0.37ns)   --->   "%select_ln28_1 = select i1 %icmp_ln2884, i12 1, i12 %add_ln28_1" [MobileNetV2.cpp:28]   --->   Operation 99 'select' 'select_ln28_1' <Predicate = true> <Delay = 0.37> <CoreInst = "Sel">   --->   Core 73 'Sel' <Latency = 0> <II = 1> <Delay = 0.37> <FuncUnit> <Opcode : 'select'> <InPorts = 3> <OutPorts = 1>
ST_1 : Operation 100 [1/1] (0.78ns)   --->   "%first_iter_1 = icmp_eq  i6 %r, i6 0" [MobileNetV2.cpp:28]   --->   Operation 100 'icmp' 'first_iter_1' <Predicate = true> <Delay = 0.78> <CoreInst = "Cmp">   --->   Core 9 'Cmp' <Latency = 0> <II = 1> <Delay = 0.78> <FuncUnit> <Opcode : 'seteq' 'setne' 'setle' 'setge' 'setlt' 'setgt'> <InPorts = 2> <OutPorts = 1>
ST_1 : Operation 101 [1/1] (0.78ns)   --->   "%icmp_ln29 = icmp_eq  i6 %c, i6 56" [MobileNetV2.cpp:29]   --->   Operation 101 'icmp' 'icmp_ln29' <Predicate = true> <Delay = 0.78> <CoreInst = "Cmp">   --->   Core 9 'Cmp' <Latency = 0> <II = 1> <Delay = 0.78> <FuncUnit> <Opcode : 'seteq' 'setne' 'setle' 'setge' 'setlt' 'setgt'> <InPorts = 2> <OutPorts = 1>
ST_1 : Operation 102 [1/1] (0.80ns)   --->   "%icmp_ln28 = icmp_eq  i12 %select_ln28_1, i12 3136" [MobileNetV2.cpp:28]   --->   Operation 102 'icmp' 'icmp_ln28' <Predicate = true> <Delay = 0.80> <CoreInst = "Cmp">   --->   Core 9 'Cmp' <Latency = 0> <II = 1> <Delay = 0.80> <FuncUnit> <Opcode : 'seteq' 'setne' 'setle' 'setge' 'setlt' 'setgt'> <InPorts = 2> <OutPorts = 1>
ST_1 : Operation 103 [1/1] (0.42ns)   --->   "%store_ln29 = store i6 %c, i6 %c76" [MobileNetV2.cpp:29]   --->   Operation 103 'store' 'store_ln29' <Predicate = true> <Delay = 0.42>
ST_1 : Operation 104 [1/1] (0.42ns)   --->   "%store_ln28 = store i6 %r, i6 %r66" [MobileNetV2.cpp:28]   --->   Operation 104 'store' 'store_ln28' <Predicate = true> <Delay = 0.42>
ST_1 : Operation 105 [1/1] (0.42ns)   --->   "%store_ln28 = store i12 %select_ln28_1, i12 %indvar_flatten65" [MobileNetV2.cpp:28]   --->   Operation 105 'store' 'store_ln28' <Predicate = true> <Delay = 0.42>
ST_1 : Operation 106 [1/1] (0.42ns)   --->   "%store_ln27 = store i6 %ch, i6 %ch64" [MobileNetV2.cpp:27]   --->   Operation 106 'store' 'store_ln27' <Predicate = true> <Delay = 0.42>

State 2 <SV = 1> <Delay = 2.01>
ST_2 : Operation 107 [1/1] (0.77ns)   --->   "%empty_34 = add i9 %empty_31, i9 3" [MobileNetV2.cpp:27]   --->   Operation 107 'add' 'empty_34' <Predicate = true> <Delay = 0.77> <CoreInst = "Adder">   --->   Core 1 'Adder' <Latency = 0> <II = 1> <Delay = 0.77> <FuncUnit> <Opcode : 'add' 'sub'> <InPorts = 2> <OutPorts = 1>
ST_2 : Operation 108 [1/1] (0.00ns)   --->   "%p_cast91 = zext i9 %empty_34" [MobileNetV2.cpp:27]   --->   Operation 108 'zext' 'p_cast91' <Predicate = true> <Delay = 0.00>
ST_2 : Operation 109 [1/1] (0.00ns)   --->   "%dw_weights_addr_3 = getelementptr i16 %dw_weights, i64 0, i64 %p_cast91" [MobileNetV2.cpp:27]   --->   Operation 109 'getelementptr' 'dw_weights_addr_3' <Predicate = true> <Delay = 0.00>
ST_2 : Operation 110 [2/2] (1.23ns)   --->   "%dw_weights_load = load i9 %dw_weights_addr" [MobileNetV2.cpp:52]   --->   Operation 110 'load' 'dw_weights_load' <Predicate = (first_iter_0 & first_iter_1_mid2)> <Delay = 1.23> <CoreInst = "RAM">   --->   Core 82 'RAM' <Latency = 1> <II = 1> <Delay = 1.23> <Storage> <Opcode : 'load' 'store'> <Ports = 2> <Width = 16> <Depth = 288> <RAM>
ST_2 : Operation 111 [1/2] ( I:1.23ns O:1.23ns )   --->   "%dw_weights_load_1 = load i9 %dw_weights_addr_1" [MobileNetV2.cpp:52]   --->   Operation 111 'load' 'dw_weights_load_1' <Predicate = (first_iter_0 & first_iter_1_mid2)> <Delay = 1.23> <CoreInst = "RAM">   --->   Core 82 'RAM' <Latency = 1> <II = 1> <Delay = 1.23> <Storage> <Opcode : 'load' 'store'> <Ports = 2> <Width = 16> <Depth = 288> <RAM>
ST_2 : Operation 112 [1/2] ( I:1.23ns O:1.23ns )   --->   "%dw_weights_load_2 = load i9 %dw_weights_addr_2" [MobileNetV2.cpp:52]   --->   Operation 112 'load' 'dw_weights_load_2' <Predicate = (first_iter_0 & first_iter_1_mid2)> <Delay = 1.23> <CoreInst = "RAM">   --->   Core 82 'RAM' <Latency = 1> <II = 1> <Delay = 1.23> <Storage> <Opcode : 'load' 'store'> <Ports = 2> <Width = 16> <Depth = 288> <RAM>
ST_2 : Operation 113 [2/2] (1.23ns)   --->   "%dw_weights_load_3 = load i9 %dw_weights_addr_3" [MobileNetV2.cpp:52]   --->   Operation 113 'load' 'dw_weights_load_3' <Predicate = (first_iter_0 & first_iter_1_mid2)> <Delay = 1.23> <CoreInst = "RAM">   --->   Core 82 'RAM' <Latency = 1> <II = 1> <Delay = 1.23> <Storage> <Opcode : 'load' 'store'> <Ports = 2> <Width = 16> <Depth = 288> <RAM>
ST_2 : Operation 114 [1/1] (0.00ns)   --->   "%store_ln52 = store i16 %dw_weights_load_2, i16 %dw_weights_load_22669" [MobileNetV2.cpp:52]   --->   Operation 114 'store' 'store_ln52' <Predicate = (first_iter_0 & first_iter_1_mid2)> <Delay = 0.00>
ST_2 : Operation 115 [1/1] (0.00ns)   --->   "%store_ln52 = store i16 %dw_weights_load_1, i16 %dw_weights_load_13068" [MobileNetV2.cpp:52]   --->   Operation 115 'store' 'store_ln52' <Predicate = (first_iter_0 & first_iter_1_mid2)> <Delay = 0.00>
ST_2 : Operation 116 [1/2] ( I:0.67ns O:0.67ns )   --->   "%line_buffer_load = load i6 %line_buffer_addr" [MobileNetV2.cpp:35]   --->   Operation 116 'load' 'line_buffer_load' <Predicate = true> <Delay = 0.67> <CoreInst = "RAM">   --->   Core 82 'RAM' <Latency = 1> <II = 1> <Delay = 0.67> <Storage> <Opcode : 'load' 'store'> <Ports = 2> <Width = 16> <Depth = 56> <RAM>
ST_2 : Operation 117 [1/2] ( I:0.67ns O:0.67ns )   --->   "%line_buffer_1_load = load i6 %line_buffer_1_addr" [MobileNetV2.cpp:35]   --->   Operation 117 'load' 'line_buffer_1_load' <Predicate = true> <Delay = 0.67> <CoreInst = "RAM">   --->   Core 82 'RAM' <Latency = 1> <II = 1> <Delay = 0.67> <Storage> <Opcode : 'load' 'store'> <Ports = 2> <Width = 16> <Depth = 56> <RAM>
ST_2 : Operation 118 [1/1] ( I:0.67ns O:0.67ns )   --->   "%store_ln35 = store i16 %line_buffer_1_load, i6 %line_buffer_addr" [MobileNetV2.cpp:35]   --->   Operation 118 'store' 'store_ln35' <Predicate = true> <Delay = 0.67> <CoreInst = "RAM">   --->   Core 82 'RAM' <Latency = 1> <II = 1> <Delay = 0.67> <Storage> <Opcode : 'load' 'store'> <Ports = 2> <Width = 16> <Depth = 56> <RAM>

State 3 <SV = 2> <Delay = 2.01>
ST_3 : Operation 119 [1/1] (0.00ns)   --->   "%p_0_0_0858980_load = load i16 %p_0_0_0858980" [MobileNetV2.cpp:52]   --->   Operation 119 'load' 'p_0_0_0858980_load' <Predicate = true> <Delay = 0.00>
ST_3 : Operation 120 [1/1] (0.77ns)   --->   "%empty_35 = add i9 %empty_31, i9 4" [MobileNetV2.cpp:27]   --->   Operation 120 'add' 'empty_35' <Predicate = true> <Delay = 0.77> <CoreInst = "Adder">   --->   Core 1 'Adder' <Latency = 0> <II = 1> <Delay = 0.77> <FuncUnit> <Opcode : 'add' 'sub'> <InPorts = 2> <OutPorts = 1>
ST_3 : Operation 121 [1/1] (0.00ns)   --->   "%p_cast92 = zext i9 %empty_35" [MobileNetV2.cpp:27]   --->   Operation 121 'zext' 'p_cast92' <Predicate = true> <Delay = 0.00>
ST_3 : Operation 122 [1/1] (0.00ns)   --->   "%dw_weights_addr_4 = getelementptr i16 %dw_weights, i64 0, i64 %p_cast92" [MobileNetV2.cpp:27]   --->   Operation 122 'getelementptr' 'dw_weights_addr_4' <Predicate = true> <Delay = 0.00>
ST_3 : Operation 123 [1/1] (0.77ns)   --->   "%empty_36 = add i9 %empty_31, i9 5" [MobileNetV2.cpp:27]   --->   Operation 123 'add' 'empty_36' <Predicate = true> <Delay = 0.77> <CoreInst = "Adder">   --->   Core 1 'Adder' <Latency = 0> <II = 1> <Delay = 0.77> <FuncUnit> <Opcode : 'add' 'sub'> <InPorts = 2> <OutPorts = 1>
ST_3 : Operation 124 [1/1] (0.00ns)   --->   "%p_cast93 = zext i9 %empty_36" [MobileNetV2.cpp:27]   --->   Operation 124 'zext' 'p_cast93' <Predicate = true> <Delay = 0.00>
ST_3 : Operation 125 [1/1] (0.00ns)   --->   "%dw_weights_addr_5 = getelementptr i16 %dw_weights, i64 0, i64 %p_cast93" [MobileNetV2.cpp:27]   --->   Operation 125 'getelementptr' 'dw_weights_addr_5' <Predicate = true> <Delay = 0.00>
ST_3 : Operation 126 [1/2] ( I:1.23ns O:1.23ns )   --->   "%dw_weights_load = load i9 %dw_weights_addr" [MobileNetV2.cpp:52]   --->   Operation 126 'load' 'dw_weights_load' <Predicate = (first_iter_0 & first_iter_1_mid2)> <Delay = 1.23> <CoreInst = "RAM">   --->   Core 82 'RAM' <Latency = 1> <II = 1> <Delay = 1.23> <Storage> <Opcode : 'load' 'store'> <Ports = 2> <Width = 16> <Depth = 288> <RAM>
ST_3 : Operation 127 [1/2] ( I:1.23ns O:1.23ns )   --->   "%dw_weights_load_3 = load i9 %dw_weights_addr_3" [MobileNetV2.cpp:52]   --->   Operation 127 'load' 'dw_weights_load_3' <Predicate = (first_iter_0 & first_iter_1_mid2)> <Delay = 1.23> <CoreInst = "RAM">   --->   Core 82 'RAM' <Latency = 1> <II = 1> <Delay = 1.23> <Storage> <Opcode : 'load' 'store'> <Ports = 2> <Width = 16> <Depth = 288> <RAM>
ST_3 : Operation 128 [2/2] (1.23ns)   --->   "%dw_weights_load_4 = load i9 %dw_weights_addr_4" [MobileNetV2.cpp:52]   --->   Operation 128 'load' 'dw_weights_load_4' <Predicate = (first_iter_0 & first_iter_1_mid2)> <Delay = 1.23> <CoreInst = "RAM">   --->   Core 82 'RAM' <Latency = 1> <II = 1> <Delay = 1.23> <Storage> <Opcode : 'load' 'store'> <Ports = 2> <Width = 16> <Depth = 288> <RAM>
ST_3 : Operation 129 [2/2] (1.23ns)   --->   "%dw_weights_load_5 = load i9 %dw_weights_addr_5" [MobileNetV2.cpp:52]   --->   Operation 129 'load' 'dw_weights_load_5' <Predicate = (first_iter_0 & first_iter_1_mid2)> <Delay = 1.23> <CoreInst = "RAM">   --->   Core 82 'RAM' <Latency = 1> <II = 1> <Delay = 1.23> <Storage> <Opcode : 'load' 'store'> <Ports = 2> <Width = 16> <Depth = 288> <RAM>
ST_3 : Operation 130 [1/1] (0.00ns)   --->   "%store_ln52 = store i16 %dw_weights_load_3, i16 %dw_weights_load_32270" [MobileNetV2.cpp:52]   --->   Operation 130 'store' 'store_ln52' <Predicate = (first_iter_0 & first_iter_1_mid2)> <Delay = 0.00>
ST_3 : Operation 131 [1/1] (0.00ns)   --->   "%store_ln52 = store i16 %dw_weights_load, i16 %dw_weights_load3467" [MobileNetV2.cpp:52]   --->   Operation 131 'store' 'store_ln52' <Predicate = (first_iter_0 & first_iter_1_mid2)> <Delay = 0.00>
ST_3 : Operation 132 [1/1] (0.00ns)   --->   "%dw_weights_load_10 = load i16 %dw_weights_load_13068" [MobileNetV2.cpp:52]   --->   Operation 132 'load' 'dw_weights_load_10' <Predicate = true> <Delay = 0.00>
ST_3 : Operation 133 [1/1] (0.00ns)   --->   "%sext_ln52_1 = sext i16 %dw_weights_load_10" [MobileNetV2.cpp:52]   --->   Operation 133 'sext' 'sext_ln52_1' <Predicate = true> <Delay = 0.00>
ST_3 : Operation 134 [1/1] (0.00ns)   --->   "%sext_ln52_10 = sext i16 %p_0_0_0858980_load" [MobileNetV2.cpp:52]   --->   Operation 134 'sext' 'sext_ln52_10' <Predicate = (and_ln48)> <Delay = 0.00>
ST_3 : Operation 135 [3/3] (0.99ns) (grouped into DSP with root node add_ln52)   --->   "%mul_ln52_1 = mul i24 %sext_ln52_10, i24 %sext_ln52_1" [MobileNetV2.cpp:52]   --->   Operation 135 'mul' 'mul_ln52_1' <Predicate = (and_ln48)> <Delay = 0.99> <CoreInst = "DSP48">   --->   Core 124 'DSP48' <Latency = 3> <II = 1> <Delay = 0.53> <IPBlock> <Opcode : 'add' 'sub' 'mul' 'select'> <InPorts = 0> <OutPorts = 1> <Sync> <CReg>
ST_3 : Operation 136 [1/1] (0.00ns)   --->   "%store_ln35 = store i16 %line_buffer_load, i16 %p_0_0_0858980" [MobileNetV2.cpp:35]   --->   Operation 136 'store' 'store_ln35' <Predicate = true> <Delay = 0.00>

State 4 <SV = 3> <Delay = 2.01>
ST_4 : Operation 137 [1/1] (0.77ns)   --->   "%empty_37 = add i9 %empty_31, i9 6" [MobileNetV2.cpp:27]   --->   Operation 137 'add' 'empty_37' <Predicate = true> <Delay = 0.77> <CoreInst = "Adder">   --->   Core 1 'Adder' <Latency = 0> <II = 1> <Delay = 0.77> <FuncUnit> <Opcode : 'add' 'sub'> <InPorts = 2> <OutPorts = 1>
ST_4 : Operation 138 [1/1] (0.00ns)   --->   "%p_cast94 = zext i9 %empty_37" [MobileNetV2.cpp:27]   --->   Operation 138 'zext' 'p_cast94' <Predicate = true> <Delay = 0.00>
ST_4 : Operation 139 [1/1] (0.00ns)   --->   "%dw_weights_addr_6 = getelementptr i16 %dw_weights, i64 0, i64 %p_cast94" [MobileNetV2.cpp:27]   --->   Operation 139 'getelementptr' 'dw_weights_addr_6' <Predicate = true> <Delay = 0.00>
ST_4 : Operation 140 [1/1] (0.77ns)   --->   "%empty_38 = add i9 %empty_31, i9 7" [MobileNetV2.cpp:27]   --->   Operation 140 'add' 'empty_38' <Predicate = true> <Delay = 0.77> <CoreInst = "Adder">   --->   Core 1 'Adder' <Latency = 0> <II = 1> <Delay = 0.77> <FuncUnit> <Opcode : 'add' 'sub'> <InPorts = 2> <OutPorts = 1>
ST_4 : Operation 141 [1/1] (0.00ns)   --->   "%p_cast95 = zext i9 %empty_38" [MobileNetV2.cpp:27]   --->   Operation 141 'zext' 'p_cast95' <Predicate = true> <Delay = 0.00>
ST_4 : Operation 142 [1/1] (0.00ns)   --->   "%dw_weights_addr_7 = getelementptr i16 %dw_weights, i64 0, i64 %p_cast95" [MobileNetV2.cpp:27]   --->   Operation 142 'getelementptr' 'dw_weights_addr_7' <Predicate = true> <Delay = 0.00>
ST_4 : Operation 143 [1/2] ( I:1.23ns O:1.23ns )   --->   "%dw_weights_load_4 = load i9 %dw_weights_addr_4" [MobileNetV2.cpp:52]   --->   Operation 143 'load' 'dw_weights_load_4' <Predicate = (first_iter_0 & first_iter_1_mid2)> <Delay = 1.23> <CoreInst = "RAM">   --->   Core 82 'RAM' <Latency = 1> <II = 1> <Delay = 1.23> <Storage> <Opcode : 'load' 'store'> <Ports = 2> <Width = 16> <Depth = 288> <RAM>
ST_4 : Operation 144 [1/2] ( I:1.23ns O:1.23ns )   --->   "%dw_weights_load_5 = load i9 %dw_weights_addr_5" [MobileNetV2.cpp:52]   --->   Operation 144 'load' 'dw_weights_load_5' <Predicate = (first_iter_0 & first_iter_1_mid2)> <Delay = 1.23> <CoreInst = "RAM">   --->   Core 82 'RAM' <Latency = 1> <II = 1> <Delay = 1.23> <Storage> <Opcode : 'load' 'store'> <Ports = 2> <Width = 16> <Depth = 288> <RAM>
ST_4 : Operation 145 [2/2] (1.23ns)   --->   "%dw_weights_load_6 = load i9 %dw_weights_addr_6" [MobileNetV2.cpp:52]   --->   Operation 145 'load' 'dw_weights_load_6' <Predicate = (first_iter_0 & first_iter_1_mid2)> <Delay = 1.23> <CoreInst = "RAM">   --->   Core 82 'RAM' <Latency = 1> <II = 1> <Delay = 1.23> <Storage> <Opcode : 'load' 'store'> <Ports = 2> <Width = 16> <Depth = 288> <RAM>
ST_4 : Operation 146 [2/2] (1.23ns)   --->   "%dw_weights_load_7 = load i9 %dw_weights_addr_7" [MobileNetV2.cpp:52]   --->   Operation 146 'load' 'dw_weights_load_7' <Predicate = (first_iter_0 & first_iter_1_mid2)> <Delay = 1.23> <CoreInst = "RAM">   --->   Core 82 'RAM' <Latency = 1> <II = 1> <Delay = 1.23> <Storage> <Opcode : 'load' 'store'> <Ports = 2> <Width = 16> <Depth = 288> <RAM>
ST_4 : Operation 147 [1/1] (0.00ns)   --->   "%store_ln52 = store i16 %dw_weights_load_5, i16 %dw_weights_load_51472" [MobileNetV2.cpp:52]   --->   Operation 147 'store' 'store_ln52' <Predicate = (first_iter_0 & first_iter_1_mid2)> <Delay = 0.00>
ST_4 : Operation 148 [1/1] (0.00ns)   --->   "%store_ln52 = store i16 %dw_weights_load_4, i16 %dw_weights_load_41871" [MobileNetV2.cpp:52]   --->   Operation 148 'store' 'store_ln52' <Predicate = (first_iter_0 & first_iter_1_mid2)> <Delay = 0.00>
ST_4 : Operation 149 [1/1] (0.00ns)   --->   "%dw_weights_load_11 = load i16 %dw_weights_load_22669" [MobileNetV2.cpp:52]   --->   Operation 149 'load' 'dw_weights_load_11' <Predicate = true> <Delay = 0.00>
ST_4 : Operation 150 [1/1] (0.00ns)   --->   "%sext_ln52_2 = sext i16 %dw_weights_load_11" [MobileNetV2.cpp:52]   --->   Operation 150 'sext' 'sext_ln52_2' <Predicate = true> <Delay = 0.00>
ST_4 : Operation 151 [2/3] (0.99ns) (grouped into DSP with root node add_ln52)   --->   "%mul_ln52_1 = mul i24 %sext_ln52_10, i24 %sext_ln52_1" [MobileNetV2.cpp:52]   --->   Operation 151 'mul' 'mul_ln52_1' <Predicate = (and_ln48)> <Delay = 0.99> <CoreInst = "DSP48">   --->   Core 124 'DSP48' <Latency = 3> <II = 1> <Delay = 0.53> <IPBlock> <Opcode : 'add' 'sub' 'mul' 'select'> <InPorts = 0> <OutPorts = 1> <Sync> <CReg>
ST_4 : Operation 152 [1/1] (0.00ns)   --->   "%sext_ln52_11 = sext i16 %line_buffer_load" [MobileNetV2.cpp:52]   --->   Operation 152 'sext' 'sext_ln52_11' <Predicate = (and_ln48)> <Delay = 0.00>
ST_4 : Operation 153 [3/3] (0.99ns) (grouped into DSP with root node add_ln52_1)   --->   "%mul_ln52_2 = mul i24 %sext_ln52_11, i24 %sext_ln52_2" [MobileNetV2.cpp:52]   --->   Operation 153 'mul' 'mul_ln52_2' <Predicate = (and_ln48)> <Delay = 0.99> <CoreInst = "DSP48">   --->   Core 124 'DSP48' <Latency = 3> <II = 1> <Delay = 0.53> <IPBlock> <Opcode : 'add' 'sub' 'mul' 'select'> <InPorts = 0> <OutPorts = 1> <Sync> <CReg>

State 5 <SV = 4> <Delay = 3.02>
ST_5 : Operation 154 [1/1] (0.00ns)   --->   "%indvar_flatten7863_load = load i17 %indvar_flatten7863" [MobileNetV2.cpp:27]   --->   Operation 154 'load' 'indvar_flatten7863_load' <Predicate = true> <Delay = 0.00>
ST_5 : Operation 155 [1/1] (0.77ns)   --->   "%empty_39 = add i9 %empty_31, i9 8" [MobileNetV2.cpp:27]   --->   Operation 155 'add' 'empty_39' <Predicate = true> <Delay = 0.77> <CoreInst = "Adder">   --->   Core 1 'Adder' <Latency = 0> <II = 1> <Delay = 0.77> <FuncUnit> <Opcode : 'add' 'sub'> <InPorts = 2> <OutPorts = 1>
ST_5 : Operation 156 [1/1] (0.00ns)   --->   "%p_cast96 = zext i9 %empty_39" [MobileNetV2.cpp:27]   --->   Operation 156 'zext' 'p_cast96' <Predicate = true> <Delay = 0.00>
ST_5 : Operation 157 [1/1] (0.00ns)   --->   "%dw_weights_addr_8 = getelementptr i16 %dw_weights, i64 0, i64 %p_cast96" [MobileNetV2.cpp:27]   --->   Operation 157 'getelementptr' 'dw_weights_addr_8' <Predicate = true> <Delay = 0.00>
ST_5 : Operation 158 [1/1] (0.86ns)   --->   "%add_ln27_1 = add i17 %indvar_flatten7863_load, i17 1" [MobileNetV2.cpp:27]   --->   Operation 158 'add' 'add_ln27_1' <Predicate = true> <Delay = 0.86> <CoreInst = "Adder">   --->   Core 1 'Adder' <Latency = 0> <II = 1> <Delay = 0.86> <FuncUnit> <Opcode : 'add' 'sub'> <InPorts = 2> <OutPorts = 1>
ST_5 : Operation 159 [1/2] ( I:1.23ns O:1.23ns )   --->   "%dw_weights_load_6 = load i9 %dw_weights_addr_6" [MobileNetV2.cpp:52]   --->   Operation 159 'load' 'dw_weights_load_6' <Predicate = (first_iter_0 & first_iter_1_mid2)> <Delay = 1.23> <CoreInst = "RAM">   --->   Core 82 'RAM' <Latency = 1> <II = 1> <Delay = 1.23> <Storage> <Opcode : 'load' 'store'> <Ports = 2> <Width = 16> <Depth = 288> <RAM>
ST_5 : Operation 160 [1/2] ( I:1.23ns O:1.23ns )   --->   "%dw_weights_load_7 = load i9 %dw_weights_addr_7" [MobileNetV2.cpp:52]   --->   Operation 160 'load' 'dw_weights_load_7' <Predicate = (first_iter_0 & first_iter_1_mid2)> <Delay = 1.23> <CoreInst = "RAM">   --->   Core 82 'RAM' <Latency = 1> <II = 1> <Delay = 1.23> <Storage> <Opcode : 'load' 'store'> <Ports = 2> <Width = 16> <Depth = 288> <RAM>
ST_5 : Operation 161 [2/2] (1.23ns)   --->   "%dw_weights_load_8 = load i9 %dw_weights_addr_8" [MobileNetV2.cpp:52]   --->   Operation 161 'load' 'dw_weights_load_8' <Predicate = (first_iter_0 & first_iter_1_mid2)> <Delay = 1.23> <CoreInst = "RAM">   --->   Core 82 'RAM' <Latency = 1> <II = 1> <Delay = 1.23> <Storage> <Opcode : 'load' 'store'> <Ports = 2> <Width = 16> <Depth = 288> <RAM>
ST_5 : Operation 162 [1/1] (0.00ns)   --->   "%store_ln52 = store i16 %dw_weights_load_7, i16 %dw_weights_load_7674" [MobileNetV2.cpp:52]   --->   Operation 162 'store' 'store_ln52' <Predicate = (first_iter_0 & first_iter_1_mid2)> <Delay = 0.00>
ST_5 : Operation 163 [1/1] (0.00ns)   --->   "%store_ln52 = store i16 %dw_weights_load_6, i16 %dw_weights_load_61073" [MobileNetV2.cpp:52]   --->   Operation 163 'store' 'store_ln52' <Predicate = (first_iter_0 & first_iter_1_mid2)> <Delay = 0.00>
ST_5 : Operation 164 [1/1] (0.00ns)   --->   "%dw_weights_load_9 = load i16 %dw_weights_load3467" [MobileNetV2.cpp:52]   --->   Operation 164 'load' 'dw_weights_load_9' <Predicate = true> <Delay = 0.00>
ST_5 : Operation 165 [1/1] (0.00ns)   --->   "%dw_weights_load_12 = load i16 %dw_weights_load_32270" [MobileNetV2.cpp:52]   --->   Operation 165 'load' 'dw_weights_load_12' <Predicate = true> <Delay = 0.00>
ST_5 : Operation 166 [1/1] (0.00ns)   --->   "%sext_ln52 = sext i16 %dw_weights_load_9" [MobileNetV2.cpp:52]   --->   Operation 166 'sext' 'sext_ln52' <Predicate = true> <Delay = 0.00>
ST_5 : Operation 167 [1/1] (0.00ns)   --->   "%sext_ln52_3 = sext i16 %dw_weights_load_12" [MobileNetV2.cpp:52]   --->   Operation 167 'sext' 'sext_ln52_3' <Predicate = true> <Delay = 0.00>
ST_5 : Operation 168 [1/1] (0.00ns)   --->   "%p_0_0_083_1_19079_load = load i16 %p_0_0_083_1_19079" [MobileNetV2.cpp:52]   --->   Operation 168 'load' 'p_0_0_083_1_19079_load' <Predicate = (and_ln48)> <Delay = 0.00>
ST_5 : Operation 169 [1/1] (0.00ns)   --->   "%p_0_0_083_1138881_load = load i16 %p_0_0_083_1138881" [MobileNetV2.cpp:52]   --->   Operation 169 'load' 'p_0_0_083_1138881_load' <Predicate = (and_ln48)> <Delay = 0.00>
ST_5 : Operation 170 [1/1] (0.00ns)   --->   "%sext_ln52_9 = sext i16 %p_0_0_083_1138881_load" [MobileNetV2.cpp:52]   --->   Operation 170 'sext' 'sext_ln52_9' <Predicate = (and_ln48)> <Delay = 0.00>
ST_5 : Operation 171 [1/1] (2.38ns)   --->   "%mul_ln52 = mul i24 %sext_ln52_9, i24 %sext_ln52" [MobileNetV2.cpp:52]   --->   Operation 171 'mul' 'mul_ln52' <Predicate = (and_ln48)> <Delay = 2.38> <CoreInst = "Multiplier">   --->   Core 3 'Multiplier' <Latency = 0> <II = 1> <Delay = 2.38> <FuncUnit> <Opcode : 'mul'> <InPorts = 2> <OutPorts = 1>
ST_5 : Operation 172 [1/1] (0.00ns)   --->   "%tmp = partselect i16 @_ssdm_op_PartSelect.i16.i24.i32.i32, i24 %mul_ln52, i32 8, i32 23" [MobileNetV2.cpp:52]   --->   Operation 172 'partselect' 'tmp' <Predicate = (and_ln48)> <Delay = 0.00>
ST_5 : Operation 173 [1/1] (0.00ns)   --->   "%and_ln = bitconcatenate i24 @_ssdm_op_BitConcatenate.i24.i16.i8, i16 %tmp, i8 0" [MobileNetV2.cpp:52]   --->   Operation 173 'bitconcatenate' 'and_ln' <Predicate = (and_ln48)> <Delay = 0.00>
ST_5 : Operation 174 [1/3] (0.00ns) (grouped into DSP with root node add_ln52)   --->   "%mul_ln52_1 = mul i24 %sext_ln52_10, i24 %sext_ln52_1" [MobileNetV2.cpp:52]   --->   Operation 174 'mul' 'mul_ln52_1' <Predicate = (and_ln48)> <Delay = 0.00> <CoreInst = "DSP48">   --->   Core 124 'DSP48' <Latency = 3> <II = 1> <Delay = 0.53> <IPBlock> <Opcode : 'add' 'sub' 'mul' 'select'> <InPorts = 0> <OutPorts = 1> <Sync> <CReg>
ST_5 : Operation 175 [2/2] (0.64ns) (root node of the DSP)   --->   "%add_ln52 = add i24 %and_ln, i24 %mul_ln52_1" [MobileNetV2.cpp:52]   --->   Operation 175 'add' 'add_ln52' <Predicate = (and_ln48)> <Delay = 0.64> <CoreInst = "DSP48">   --->   Core 124 'DSP48' <Latency = 3> <II = 1> <Delay = 0.53> <IPBlock> <Opcode : 'add' 'sub' 'mul' 'select'> <InPorts = 0> <OutPorts = 1> <Sync> <CReg>
ST_5 : Operation 176 [2/3] (0.99ns) (grouped into DSP with root node add_ln52_1)   --->   "%mul_ln52_2 = mul i24 %sext_ln52_11, i24 %sext_ln52_2" [MobileNetV2.cpp:52]   --->   Operation 176 'mul' 'mul_ln52_2' <Predicate = (and_ln48)> <Delay = 0.99> <CoreInst = "DSP48">   --->   Core 124 'DSP48' <Latency = 3> <II = 1> <Delay = 0.53> <IPBlock> <Opcode : 'add' 'sub' 'mul' 'select'> <InPorts = 0> <OutPorts = 1> <Sync> <CReg>
ST_5 : Operation 177 [1/1] (0.00ns)   --->   "%sext_ln52_12 = sext i16 %p_0_0_083_1_19079_load" [MobileNetV2.cpp:52]   --->   Operation 177 'sext' 'sext_ln52_12' <Predicate = (and_ln48)> <Delay = 0.00>
ST_5 : Operation 178 [3/3] (0.99ns) (grouped into DSP with root node add_ln52_2)   --->   "%mul_ln52_3 = mul i24 %sext_ln52_12, i24 %sext_ln52_3" [MobileNetV2.cpp:52]   --->   Operation 178 'mul' 'mul_ln52_3' <Predicate = (and_ln48)> <Delay = 0.99> <CoreInst = "DSP48">   --->   Core 124 'DSP48' <Latency = 3> <II = 1> <Delay = 0.53> <IPBlock> <Opcode : 'add' 'sub' 'mul' 'select'> <InPorts = 0> <OutPorts = 1> <Sync> <CReg>
ST_5 : Operation 179 [1/1] (0.86ns)   --->   "%icmp_ln27 = icmp_eq  i17 %indvar_flatten7863_load, i17 100351" [MobileNetV2.cpp:27]   --->   Operation 179 'icmp' 'icmp_ln27' <Predicate = true> <Delay = 0.86> <CoreInst = "Cmp">   --->   Core 9 'Cmp' <Latency = 0> <II = 1> <Delay = 0.86> <FuncUnit> <Opcode : 'seteq' 'setne' 'setle' 'setge' 'setlt' 'setgt'> <InPorts = 2> <OutPorts = 1>
ST_5 : Operation 180 [1/1] (0.00ns)   --->   "%store_ln52 = store i16 %p_0_0_0858980_load, i16 %p_0_0_083_1138881" [MobileNetV2.cpp:52]   --->   Operation 180 'store' 'store_ln52' <Predicate = true> <Delay = 0.00>
ST_5 : Operation 181 [1/1] (0.42ns)   --->   "%store_ln27 = store i17 %add_ln27_1, i17 %indvar_flatten7863" [MobileNetV2.cpp:27]   --->   Operation 181 'store' 'store_ln27' <Predicate = true> <Delay = 0.42>
ST_5 : Operation 182 [1/1] (0.00ns)   --->   "%br_ln27 = br i1 %icmp_ln27, void %for.inc87, void %for.end89" [MobileNetV2.cpp:27]   --->   Operation 182 'br' 'br_ln27' <Predicate = true> <Delay = 0.00>

State 6 <SV = 5> <Delay = 1.29>
ST_6 : Operation 183 [1/1] (0.00ns)   --->   "%p_0_0_085_19178_load = load i16 %p_0_0_085_19178" [MobileNetV2.cpp:52]   --->   Operation 183 'load' 'p_0_0_085_19178_load' <Predicate = true> <Delay = 0.00>
ST_6 : Operation 184 [1/2] ( I:1.23ns O:1.23ns )   --->   "%dw_weights_load_8 = load i9 %dw_weights_addr_8" [MobileNetV2.cpp:52]   --->   Operation 184 'load' 'dw_weights_load_8' <Predicate = (first_iter_0 & first_iter_1_mid2)> <Delay = 1.23> <CoreInst = "RAM">   --->   Core 82 'RAM' <Latency = 1> <II = 1> <Delay = 1.23> <Storage> <Opcode : 'load' 'store'> <Ports = 2> <Width = 16> <Depth = 288> <RAM>
ST_6 : Operation 185 [1/1] (0.00ns)   --->   "%store_ln52 = store i16 %dw_weights_load_8, i16 %dw_weights_load_8275" [MobileNetV2.cpp:52]   --->   Operation 185 'store' 'store_ln52' <Predicate = (first_iter_0 & first_iter_1_mid2)> <Delay = 0.00>
ST_6 : Operation 186 [1/1] (0.00ns)   --->   "%br_ln28 = br void %VITIS_LOOP_34_4.split" [MobileNetV2.cpp:28]   --->   Operation 186 'br' 'br_ln28' <Predicate = (first_iter_0 & first_iter_1_mid2)> <Delay = 0.00>
ST_6 : Operation 187 [1/1] (0.00ns)   --->   "%dw_weights_load_13 = load i16 %dw_weights_load_41871" [MobileNetV2.cpp:52]   --->   Operation 187 'load' 'dw_weights_load_13' <Predicate = true> <Delay = 0.00>
ST_6 : Operation 188 [1/1] (0.00ns)   --->   "%sext_ln52_4 = sext i16 %dw_weights_load_13" [MobileNetV2.cpp:52]   --->   Operation 188 'sext' 'sext_ln52_4' <Predicate = true> <Delay = 0.00>
ST_6 : Operation 189 [1/2] (0.64ns) (root node of the DSP)   --->   "%add_ln52 = add i24 %and_ln, i24 %mul_ln52_1" [MobileNetV2.cpp:52]   --->   Operation 189 'add' 'add_ln52' <Predicate = (and_ln48)> <Delay = 0.64> <CoreInst = "DSP48">   --->   Core 124 'DSP48' <Latency = 3> <II = 1> <Delay = 0.53> <IPBlock> <Opcode : 'add' 'sub' 'mul' 'select'> <InPorts = 0> <OutPorts = 1> <Sync> <CReg>
ST_6 : Operation 190 [1/1] (0.00ns)   --->   "%tmp_s = partselect i16 @_ssdm_op_PartSelect.i16.i24.i32.i32, i24 %add_ln52, i32 8, i32 23" [MobileNetV2.cpp:52]   --->   Operation 190 'partselect' 'tmp_s' <Predicate = (and_ln48)> <Delay = 0.00>
ST_6 : Operation 191 [1/1] (0.00ns)   --->   "%and_ln52_1 = bitconcatenate i24 @_ssdm_op_BitConcatenate.i24.i16.i8, i16 %tmp_s, i8 0" [MobileNetV2.cpp:52]   --->   Operation 191 'bitconcatenate' 'and_ln52_1' <Predicate = (and_ln48)> <Delay = 0.00>
ST_6 : Operation 192 [1/3] (0.00ns) (grouped into DSP with root node add_ln52_1)   --->   "%mul_ln52_2 = mul i24 %sext_ln52_11, i24 %sext_ln52_2" [MobileNetV2.cpp:52]   --->   Operation 192 'mul' 'mul_ln52_2' <Predicate = (and_ln48)> <Delay = 0.00> <CoreInst = "DSP48">   --->   Core 124 'DSP48' <Latency = 3> <II = 1> <Delay = 0.53> <IPBlock> <Opcode : 'add' 'sub' 'mul' 'select'> <InPorts = 0> <OutPorts = 1> <Sync> <CReg>
ST_6 : Operation 193 [2/2] (0.64ns) (root node of the DSP)   --->   "%add_ln52_1 = add i24 %mul_ln52_2, i24 %and_ln52_1" [MobileNetV2.cpp:52]   --->   Operation 193 'add' 'add_ln52_1' <Predicate = (and_ln48)> <Delay = 0.64> <CoreInst = "DSP48">   --->   Core 124 'DSP48' <Latency = 3> <II = 1> <Delay = 0.53> <IPBlock> <Opcode : 'add' 'sub' 'mul' 'select'> <InPorts = 0> <OutPorts = 1> <Sync> <CReg>
ST_6 : Operation 194 [2/3] (0.99ns) (grouped into DSP with root node add_ln52_2)   --->   "%mul_ln52_3 = mul i24 %sext_ln52_12, i24 %sext_ln52_3" [MobileNetV2.cpp:52]   --->   Operation 194 'mul' 'mul_ln52_3' <Predicate = (and_ln48)> <Delay = 0.99> <CoreInst = "DSP48">   --->   Core 124 'DSP48' <Latency = 3> <II = 1> <Delay = 0.53> <IPBlock> <Opcode : 'add' 'sub' 'mul' 'select'> <InPorts = 0> <OutPorts = 1> <Sync> <CReg>
ST_6 : Operation 195 [1/1] (0.00ns)   --->   "%sext_ln52_13 = sext i16 %p_0_0_085_19178_load" [MobileNetV2.cpp:52]   --->   Operation 195 'sext' 'sext_ln52_13' <Predicate = (and_ln48)> <Delay = 0.00>
ST_6 : Operation 196 [3/3] (0.99ns) (grouped into DSP with root node add_ln52_3)   --->   "%mul_ln52_4 = mul i24 %sext_ln52_13, i24 %sext_ln52_4" [MobileNetV2.cpp:52]   --->   Operation 196 'mul' 'mul_ln52_4' <Predicate = (and_ln48)> <Delay = 0.99> <CoreInst = "DSP48">   --->   Core 124 'DSP48' <Latency = 3> <II = 1> <Delay = 0.53> <IPBlock> <Opcode : 'add' 'sub' 'mul' 'select'> <InPorts = 0> <OutPorts = 1> <Sync> <CReg>
ST_6 : Operation 197 [1/1] (0.00ns)   --->   "%store_ln35 = store i16 %line_buffer_1_load, i16 %p_0_0_085_19178" [MobileNetV2.cpp:35]   --->   Operation 197 'store' 'store_ln35' <Predicate = true> <Delay = 0.00>
ST_6 : Operation 198 [1/1] (0.00ns)   --->   "%store_ln52 = store i16 %p_0_0_085_19178_load, i16 %p_0_0_083_1_19079" [MobileNetV2.cpp:52]   --->   Operation 198 'store' 'store_ln52' <Predicate = true> <Delay = 0.00>

State 7 <SV = 6> <Delay = 1.29>
ST_7 : Operation 199 [1/1] (0.00ns)   --->   "%dw_weights_load_14 = load i16 %dw_weights_load_51472" [MobileNetV2.cpp:52]   --->   Operation 199 'load' 'dw_weights_load_14' <Predicate = true> <Delay = 0.00>
ST_7 : Operation 200 [1/1] (0.00ns)   --->   "%sext_ln52_5 = sext i16 %dw_weights_load_14" [MobileNetV2.cpp:52]   --->   Operation 200 'sext' 'sext_ln52_5' <Predicate = true> <Delay = 0.00>
ST_7 : Operation 201 [1/2] (0.64ns) (root node of the DSP)   --->   "%add_ln52_1 = add i24 %mul_ln52_2, i24 %and_ln52_1" [MobileNetV2.cpp:52]   --->   Operation 201 'add' 'add_ln52_1' <Predicate = (and_ln48)> <Delay = 0.64> <CoreInst = "DSP48">   --->   Core 124 'DSP48' <Latency = 3> <II = 1> <Delay = 0.53> <IPBlock> <Opcode : 'add' 'sub' 'mul' 'select'> <InPorts = 0> <OutPorts = 1> <Sync> <CReg>
ST_7 : Operation 202 [1/1] (0.00ns)   --->   "%tmp_62 = partselect i16 @_ssdm_op_PartSelect.i16.i24.i32.i32, i24 %add_ln52_1, i32 8, i32 23" [MobileNetV2.cpp:52]   --->   Operation 202 'partselect' 'tmp_62' <Predicate = (and_ln48)> <Delay = 0.00>
ST_7 : Operation 203 [1/1] (0.00ns)   --->   "%and_ln52_2 = bitconcatenate i24 @_ssdm_op_BitConcatenate.i24.i16.i8, i16 %tmp_62, i8 0" [MobileNetV2.cpp:52]   --->   Operation 203 'bitconcatenate' 'and_ln52_2' <Predicate = (and_ln48)> <Delay = 0.00>
ST_7 : Operation 204 [1/3] (0.00ns) (grouped into DSP with root node add_ln52_2)   --->   "%mul_ln52_3 = mul i24 %sext_ln52_12, i24 %sext_ln52_3" [MobileNetV2.cpp:52]   --->   Operation 204 'mul' 'mul_ln52_3' <Predicate = (and_ln48)> <Delay = 0.00> <CoreInst = "DSP48">   --->   Core 124 'DSP48' <Latency = 3> <II = 1> <Delay = 0.53> <IPBlock> <Opcode : 'add' 'sub' 'mul' 'select'> <InPorts = 0> <OutPorts = 1> <Sync> <CReg>
ST_7 : Operation 205 [2/2] (0.64ns) (root node of the DSP)   --->   "%add_ln52_2 = add i24 %and_ln52_2, i24 %mul_ln52_3" [MobileNetV2.cpp:52]   --->   Operation 205 'add' 'add_ln52_2' <Predicate = (and_ln48)> <Delay = 0.64> <CoreInst = "DSP48">   --->   Core 124 'DSP48' <Latency = 3> <II = 1> <Delay = 0.53> <IPBlock> <Opcode : 'add' 'sub' 'mul' 'select'> <InPorts = 0> <OutPorts = 1> <Sync> <CReg>
ST_7 : Operation 206 [2/3] (0.99ns) (grouped into DSP with root node add_ln52_3)   --->   "%mul_ln52_4 = mul i24 %sext_ln52_13, i24 %sext_ln52_4" [MobileNetV2.cpp:52]   --->   Operation 206 'mul' 'mul_ln52_4' <Predicate = (and_ln48)> <Delay = 0.99> <CoreInst = "DSP48">   --->   Core 124 'DSP48' <Latency = 3> <II = 1> <Delay = 0.53> <IPBlock> <Opcode : 'add' 'sub' 'mul' 'select'> <InPorts = 0> <OutPorts = 1> <Sync> <CReg>
ST_7 : Operation 207 [1/1] (0.00ns)   --->   "%sext_ln52_14 = sext i16 %line_buffer_1_load" [MobileNetV2.cpp:52]   --->   Operation 207 'sext' 'sext_ln52_14' <Predicate = (and_ln48)> <Delay = 0.00>
ST_7 : Operation 208 [3/3] (0.99ns) (grouped into DSP with root node add_ln52_4)   --->   "%mul_ln52_5 = mul i24 %sext_ln52_14, i24 %sext_ln52_5" [MobileNetV2.cpp:52]   --->   Operation 208 'mul' 'mul_ln52_5' <Predicate = (and_ln48)> <Delay = 0.99> <CoreInst = "DSP48">   --->   Core 124 'DSP48' <Latency = 3> <II = 1> <Delay = 0.53> <IPBlock> <Opcode : 'add' 'sub' 'mul' 'select'> <InPorts = 0> <OutPorts = 1> <Sync> <CReg>

State 8 <SV = 7> <Delay = 1.29>
ST_8 : Operation 209 [1/1] (0.00ns)   --->   "%dw_weights_load_15 = load i16 %dw_weights_load_61073" [MobileNetV2.cpp:52]   --->   Operation 209 'load' 'dw_weights_load_15' <Predicate = true> <Delay = 0.00>
ST_8 : Operation 210 [1/1] (0.00ns)   --->   "%sext_ln52_6 = sext i16 %dw_weights_load_15" [MobileNetV2.cpp:52]   --->   Operation 210 'sext' 'sext_ln52_6' <Predicate = true> <Delay = 0.00>
ST_8 : Operation 211 [1/1] (0.00ns)   --->   "%p_0_0_083_2_19277_load = load i16 %p_0_0_083_2_19277" [MobileNetV2.cpp:52]   --->   Operation 211 'load' 'p_0_0_083_2_19277_load' <Predicate = (and_ln48)> <Delay = 0.00>
ST_8 : Operation 212 [1/2] (0.64ns) (root node of the DSP)   --->   "%add_ln52_2 = add i24 %and_ln52_2, i24 %mul_ln52_3" [MobileNetV2.cpp:52]   --->   Operation 212 'add' 'add_ln52_2' <Predicate = (and_ln48)> <Delay = 0.64> <CoreInst = "DSP48">   --->   Core 124 'DSP48' <Latency = 3> <II = 1> <Delay = 0.53> <IPBlock> <Opcode : 'add' 'sub' 'mul' 'select'> <InPorts = 0> <OutPorts = 1> <Sync> <CReg>
ST_8 : Operation 213 [1/1] (0.00ns)   --->   "%tmp_63 = partselect i16 @_ssdm_op_PartSelect.i16.i24.i32.i32, i24 %add_ln52_2, i32 8, i32 23" [MobileNetV2.cpp:52]   --->   Operation 213 'partselect' 'tmp_63' <Predicate = (and_ln48)> <Delay = 0.00>
ST_8 : Operation 214 [1/1] (0.00ns)   --->   "%and_ln52_3 = bitconcatenate i24 @_ssdm_op_BitConcatenate.i24.i16.i8, i16 %tmp_63, i8 0" [MobileNetV2.cpp:52]   --->   Operation 214 'bitconcatenate' 'and_ln52_3' <Predicate = (and_ln48)> <Delay = 0.00>
ST_8 : Operation 215 [1/3] (0.00ns) (grouped into DSP with root node add_ln52_3)   --->   "%mul_ln52_4 = mul i24 %sext_ln52_13, i24 %sext_ln52_4" [MobileNetV2.cpp:52]   --->   Operation 215 'mul' 'mul_ln52_4' <Predicate = (and_ln48)> <Delay = 0.00> <CoreInst = "DSP48">   --->   Core 124 'DSP48' <Latency = 3> <II = 1> <Delay = 0.53> <IPBlock> <Opcode : 'add' 'sub' 'mul' 'select'> <InPorts = 0> <OutPorts = 1> <Sync> <CReg>
ST_8 : Operation 216 [2/2] (0.64ns) (root node of the DSP)   --->   "%add_ln52_3 = add i24 %and_ln52_3, i24 %mul_ln52_4" [MobileNetV2.cpp:52]   --->   Operation 216 'add' 'add_ln52_3' <Predicate = (and_ln48)> <Delay = 0.64> <CoreInst = "DSP48">   --->   Core 124 'DSP48' <Latency = 3> <II = 1> <Delay = 0.53> <IPBlock> <Opcode : 'add' 'sub' 'mul' 'select'> <InPorts = 0> <OutPorts = 1> <Sync> <CReg>
ST_8 : Operation 217 [2/3] (0.99ns) (grouped into DSP with root node add_ln52_4)   --->   "%mul_ln52_5 = mul i24 %sext_ln52_14, i24 %sext_ln52_5" [MobileNetV2.cpp:52]   --->   Operation 217 'mul' 'mul_ln52_5' <Predicate = (and_ln48)> <Delay = 0.99> <CoreInst = "DSP48">   --->   Core 124 'DSP48' <Latency = 3> <II = 1> <Delay = 0.53> <IPBlock> <Opcode : 'add' 'sub' 'mul' 'select'> <InPorts = 0> <OutPorts = 1> <Sync> <CReg>
ST_8 : Operation 218 [1/1] (0.00ns)   --->   "%sext_ln52_15 = sext i16 %p_0_0_083_2_19277_load" [MobileNetV2.cpp:52]   --->   Operation 218 'sext' 'sext_ln52_15' <Predicate = (and_ln48)> <Delay = 0.00>
ST_8 : Operation 219 [3/3] (0.99ns) (grouped into DSP with root node add_ln52_5)   --->   "%mul_ln52_6 = mul i24 %sext_ln52_15, i24 %sext_ln52_6" [MobileNetV2.cpp:52]   --->   Operation 219 'mul' 'mul_ln52_6' <Predicate = (and_ln48)> <Delay = 0.99> <CoreInst = "DSP48">   --->   Core 124 'DSP48' <Latency = 3> <II = 1> <Delay = 0.53> <IPBlock> <Opcode : 'add' 'sub' 'mul' 'select'> <InPorts = 0> <OutPorts = 1> <Sync> <CReg>

State 9 <SV = 8> <Delay = 1.29>
ST_9 : Operation 220 [1/1] (0.00ns)   --->   "%p_load = load i16 %empty" [MobileNetV2.cpp:52]   --->   Operation 220 'load' 'p_load' <Predicate = true> <Delay = 0.00>
ST_9 : Operation 221 [1/1] (0.00ns)   --->   "%specloopname_ln0 = specloopname void @_ssdm_op_SpecLoopName, void @VITIS_LOOP_27_1_VITIS_LOOP_28_2_VITIS_LOOP_29_3_str"   --->   Operation 221 'specloopname' 'specloopname_ln0' <Predicate = true> <Delay = 0.00>
ST_9 : Operation 222 [1/1] (0.00ns)   --->   "%speclooptripcount_ln0 = speclooptripcount void @_ssdm_op_SpecLoopTripCount, i64 100352, i64 100352, i64 100352"   --->   Operation 222 'speclooptripcount' 'speclooptripcount_ln0' <Predicate = true> <Delay = 0.00>
ST_9 : Operation 223 [1/1] (0.00ns)   --->   "%dw_weights_load_16 = load i16 %dw_weights_load_7674" [MobileNetV2.cpp:52]   --->   Operation 223 'load' 'dw_weights_load_16' <Predicate = true> <Delay = 0.00>
ST_9 : Operation 224 [1/1] (0.00ns)   --->   "%sext_ln52_7 = sext i16 %dw_weights_load_16" [MobileNetV2.cpp:52]   --->   Operation 224 'sext' 'sext_ln52_7' <Predicate = true> <Delay = 0.00>
ST_9 : Operation 225 [1/2] (0.64ns) (root node of the DSP)   --->   "%add_ln52_3 = add i24 %and_ln52_3, i24 %mul_ln52_4" [MobileNetV2.cpp:52]   --->   Operation 225 'add' 'add_ln52_3' <Predicate = (and_ln48)> <Delay = 0.64> <CoreInst = "DSP48">   --->   Core 124 'DSP48' <Latency = 3> <II = 1> <Delay = 0.53> <IPBlock> <Opcode : 'add' 'sub' 'mul' 'select'> <InPorts = 0> <OutPorts = 1> <Sync> <CReg>
ST_9 : Operation 226 [1/1] (0.00ns)   --->   "%tmp_64 = partselect i16 @_ssdm_op_PartSelect.i16.i24.i32.i32, i24 %add_ln52_3, i32 8, i32 23" [MobileNetV2.cpp:52]   --->   Operation 226 'partselect' 'tmp_64' <Predicate = (and_ln48)> <Delay = 0.00>
ST_9 : Operation 227 [1/1] (0.00ns)   --->   "%and_ln52_4 = bitconcatenate i24 @_ssdm_op_BitConcatenate.i24.i16.i8, i16 %tmp_64, i8 0" [MobileNetV2.cpp:52]   --->   Operation 227 'bitconcatenate' 'and_ln52_4' <Predicate = (and_ln48)> <Delay = 0.00>
ST_9 : Operation 228 [1/3] (0.00ns) (grouped into DSP with root node add_ln52_4)   --->   "%mul_ln52_5 = mul i24 %sext_ln52_14, i24 %sext_ln52_5" [MobileNetV2.cpp:52]   --->   Operation 228 'mul' 'mul_ln52_5' <Predicate = (and_ln48)> <Delay = 0.00> <CoreInst = "DSP48">   --->   Core 124 'DSP48' <Latency = 3> <II = 1> <Delay = 0.53> <IPBlock> <Opcode : 'add' 'sub' 'mul' 'select'> <InPorts = 0> <OutPorts = 1> <Sync> <CReg>
ST_9 : Operation 229 [2/2] (0.64ns) (root node of the DSP)   --->   "%add_ln52_4 = add i24 %and_ln52_4, i24 %mul_ln52_5" [MobileNetV2.cpp:52]   --->   Operation 229 'add' 'add_ln52_4' <Predicate = (and_ln48)> <Delay = 0.64> <CoreInst = "DSP48">   --->   Core 124 'DSP48' <Latency = 3> <II = 1> <Delay = 0.53> <IPBlock> <Opcode : 'add' 'sub' 'mul' 'select'> <InPorts = 0> <OutPorts = 1> <Sync> <CReg>
ST_9 : Operation 230 [2/3] (0.99ns) (grouped into DSP with root node add_ln52_5)   --->   "%mul_ln52_6 = mul i24 %sext_ln52_15, i24 %sext_ln52_6" [MobileNetV2.cpp:52]   --->   Operation 230 'mul' 'mul_ln52_6' <Predicate = (and_ln48)> <Delay = 0.99> <CoreInst = "DSP48">   --->   Core 124 'DSP48' <Latency = 3> <II = 1> <Delay = 0.53> <IPBlock> <Opcode : 'add' 'sub' 'mul' 'select'> <InPorts = 0> <OutPorts = 1> <Sync> <CReg>
ST_9 : Operation 231 [1/1] (0.00ns)   --->   "%sext_ln52_16 = sext i16 %p_load" [MobileNetV2.cpp:52]   --->   Operation 231 'sext' 'sext_ln52_16' <Predicate = (and_ln48)> <Delay = 0.00>
ST_9 : Operation 232 [3/3] (0.99ns) (grouped into DSP with root node add_ln52_6)   --->   "%mul_ln52_7 = mul i24 %sext_ln52_16, i24 %sext_ln52_7" [MobileNetV2.cpp:52]   --->   Operation 232 'mul' 'mul_ln52_7' <Predicate = (and_ln48)> <Delay = 0.99> <CoreInst = "DSP48">   --->   Core 124 'DSP48' <Latency = 3> <II = 1> <Delay = 0.53> <IPBlock> <Opcode : 'add' 'sub' 'mul' 'select'> <InPorts = 0> <OutPorts = 1> <Sync> <CReg>
ST_9 : Operation 233 [1/1] (0.00ns)   --->   "%store_ln33 = store i16 %input_stream_read, i16 %empty" [MobileNetV2.cpp:33]   --->   Operation 233 'store' 'store_ln33' <Predicate = true> <Delay = 0.00>
ST_9 : Operation 234 [1/1] (0.00ns)   --->   "%store_ln52 = store i16 %p_load, i16 %p_0_0_083_2_19277" [MobileNetV2.cpp:52]   --->   Operation 234 'store' 'store_ln52' <Predicate = true> <Delay = 0.00>

State 10 <SV = 9> <Delay = 1.29>
ST_10 : Operation 235 [1/1] (0.00ns)   --->   "%dw_weights_load_17 = load i16 %dw_weights_load_8275" [MobileNetV2.cpp:52]   --->   Operation 235 'load' 'dw_weights_load_17' <Predicate = true> <Delay = 0.00>
ST_10 : Operation 236 [1/1] (0.00ns)   --->   "%sext_ln52_8 = sext i16 %dw_weights_load_17" [MobileNetV2.cpp:52]   --->   Operation 236 'sext' 'sext_ln52_8' <Predicate = true> <Delay = 0.00>
ST_10 : Operation 237 [1/1] (0.00ns)   --->   "%specpipeline_ln30 = specpipeline void @_ssdm_op_SpecPipeline, i32 1, i32 0, i32 0, i32 0, void @empty_0" [MobileNetV2.cpp:30]   --->   Operation 237 'specpipeline' 'specpipeline_ln30' <Predicate = true> <Delay = 0.00>
ST_10 : Operation 238 [1/2] (0.64ns) (root node of the DSP)   --->   "%add_ln52_4 = add i24 %and_ln52_4, i24 %mul_ln52_5" [MobileNetV2.cpp:52]   --->   Operation 238 'add' 'add_ln52_4' <Predicate = (and_ln48)> <Delay = 0.64> <CoreInst = "DSP48">   --->   Core 124 'DSP48' <Latency = 3> <II = 1> <Delay = 0.53> <IPBlock> <Opcode : 'add' 'sub' 'mul' 'select'> <InPorts = 0> <OutPorts = 1> <Sync> <CReg>
ST_10 : Operation 239 [1/1] (0.00ns)   --->   "%tmp_65 = partselect i16 @_ssdm_op_PartSelect.i16.i24.i32.i32, i24 %add_ln52_4, i32 8, i32 23" [MobileNetV2.cpp:52]   --->   Operation 239 'partselect' 'tmp_65' <Predicate = (and_ln48)> <Delay = 0.00>
ST_10 : Operation 240 [1/1] (0.00ns)   --->   "%and_ln52_5 = bitconcatenate i24 @_ssdm_op_BitConcatenate.i24.i16.i8, i16 %tmp_65, i8 0" [MobileNetV2.cpp:52]   --->   Operation 240 'bitconcatenate' 'and_ln52_5' <Predicate = (and_ln48)> <Delay = 0.00>
ST_10 : Operation 241 [1/3] (0.00ns) (grouped into DSP with root node add_ln52_5)   --->   "%mul_ln52_6 = mul i24 %sext_ln52_15, i24 %sext_ln52_6" [MobileNetV2.cpp:52]   --->   Operation 241 'mul' 'mul_ln52_6' <Predicate = (and_ln48)> <Delay = 0.00> <CoreInst = "DSP48">   --->   Core 124 'DSP48' <Latency = 3> <II = 1> <Delay = 0.53> <IPBlock> <Opcode : 'add' 'sub' 'mul' 'select'> <InPorts = 0> <OutPorts = 1> <Sync> <CReg>
ST_10 : Operation 242 [2/2] (0.64ns) (root node of the DSP)   --->   "%add_ln52_5 = add i24 %and_ln52_5, i24 %mul_ln52_6" [MobileNetV2.cpp:52]   --->   Operation 242 'add' 'add_ln52_5' <Predicate = (and_ln48)> <Delay = 0.64> <CoreInst = "DSP48">   --->   Core 124 'DSP48' <Latency = 3> <II = 1> <Delay = 0.53> <IPBlock> <Opcode : 'add' 'sub' 'mul' 'select'> <InPorts = 0> <OutPorts = 1> <Sync> <CReg>
ST_10 : Operation 243 [2/3] (0.99ns) (grouped into DSP with root node add_ln52_6)   --->   "%mul_ln52_7 = mul i24 %sext_ln52_16, i24 %sext_ln52_7" [MobileNetV2.cpp:52]   --->   Operation 243 'mul' 'mul_ln52_7' <Predicate = (and_ln48)> <Delay = 0.99> <CoreInst = "DSP48">   --->   Core 124 'DSP48' <Latency = 3> <II = 1> <Delay = 0.53> <IPBlock> <Opcode : 'add' 'sub' 'mul' 'select'> <InPorts = 0> <OutPorts = 1> <Sync> <CReg>
ST_10 : Operation 244 [1/1] (0.00ns)   --->   "%sext_ln52_17 = sext i16 %input_stream_read" [MobileNetV2.cpp:52]   --->   Operation 244 'sext' 'sext_ln52_17' <Predicate = (and_ln48)> <Delay = 0.00>
ST_10 : Operation 245 [3/3] (0.99ns) (grouped into DSP with root node add_ln52_7)   --->   "%mul_ln52_8 = mul i24 %sext_ln52_17, i24 %sext_ln52_8" [MobileNetV2.cpp:52]   --->   Operation 245 'mul' 'mul_ln52_8' <Predicate = (and_ln48)> <Delay = 0.99> <CoreInst = "DSP48">   --->   Core 124 'DSP48' <Latency = 3> <II = 1> <Delay = 0.53> <IPBlock> <Opcode : 'add' 'sub' 'mul' 'select'> <InPorts = 0> <OutPorts = 1> <Sync> <CReg>

State 11 <SV = 10> <Delay = 1.29>
ST_11 : Operation 246 [1/2] (0.64ns) (root node of the DSP)   --->   "%add_ln52_5 = add i24 %and_ln52_5, i24 %mul_ln52_6" [MobileNetV2.cpp:52]   --->   Operation 246 'add' 'add_ln52_5' <Predicate = (and_ln48)> <Delay = 0.64> <CoreInst = "DSP48">   --->   Core 124 'DSP48' <Latency = 3> <II = 1> <Delay = 0.53> <IPBlock> <Opcode : 'add' 'sub' 'mul' 'select'> <InPorts = 0> <OutPorts = 1> <Sync> <CReg>
ST_11 : Operation 247 [1/1] (0.00ns)   --->   "%tmp_66 = partselect i16 @_ssdm_op_PartSelect.i16.i24.i32.i32, i24 %add_ln52_5, i32 8, i32 23" [MobileNetV2.cpp:52]   --->   Operation 247 'partselect' 'tmp_66' <Predicate = (and_ln48)> <Delay = 0.00>
ST_11 : Operation 248 [1/1] (0.00ns)   --->   "%and_ln52_6 = bitconcatenate i24 @_ssdm_op_BitConcatenate.i24.i16.i8, i16 %tmp_66, i8 0" [MobileNetV2.cpp:52]   --->   Operation 248 'bitconcatenate' 'and_ln52_6' <Predicate = (and_ln48)> <Delay = 0.00>
ST_11 : Operation 249 [1/3] (0.00ns) (grouped into DSP with root node add_ln52_6)   --->   "%mul_ln52_7 = mul i24 %sext_ln52_16, i24 %sext_ln52_7" [MobileNetV2.cpp:52]   --->   Operation 249 'mul' 'mul_ln52_7' <Predicate = (and_ln48)> <Delay = 0.00> <CoreInst = "DSP48">   --->   Core 124 'DSP48' <Latency = 3> <II = 1> <Delay = 0.53> <IPBlock> <Opcode : 'add' 'sub' 'mul' 'select'> <InPorts = 0> <OutPorts = 1> <Sync> <CReg>
ST_11 : Operation 250 [2/2] (0.64ns) (root node of the DSP)   --->   "%add_ln52_6 = add i24 %and_ln52_6, i24 %mul_ln52_7" [MobileNetV2.cpp:52]   --->   Operation 250 'add' 'add_ln52_6' <Predicate = (and_ln48)> <Delay = 0.64> <CoreInst = "DSP48">   --->   Core 124 'DSP48' <Latency = 3> <II = 1> <Delay = 0.53> <IPBlock> <Opcode : 'add' 'sub' 'mul' 'select'> <InPorts = 0> <OutPorts = 1> <Sync> <CReg>
ST_11 : Operation 251 [2/3] (0.99ns) (grouped into DSP with root node add_ln52_7)   --->   "%mul_ln52_8 = mul i24 %sext_ln52_17, i24 %sext_ln52_8" [MobileNetV2.cpp:52]   --->   Operation 251 'mul' 'mul_ln52_8' <Predicate = (and_ln48)> <Delay = 0.99> <CoreInst = "DSP48">   --->   Core 124 'DSP48' <Latency = 3> <II = 1> <Delay = 0.53> <IPBlock> <Opcode : 'add' 'sub' 'mul' 'select'> <InPorts = 0> <OutPorts = 1> <Sync> <CReg>

State 12 <SV = 11> <Delay = 1.29>
ST_12 : Operation 252 [1/2] (0.64ns) (root node of the DSP)   --->   "%add_ln52_6 = add i24 %and_ln52_6, i24 %mul_ln52_7" [MobileNetV2.cpp:52]   --->   Operation 252 'add' 'add_ln52_6' <Predicate = (and_ln48)> <Delay = 0.64> <CoreInst = "DSP48">   --->   Core 124 'DSP48' <Latency = 3> <II = 1> <Delay = 0.53> <IPBlock> <Opcode : 'add' 'sub' 'mul' 'select'> <InPorts = 0> <OutPorts = 1> <Sync> <CReg>
ST_12 : Operation 253 [1/1] (0.00ns)   --->   "%tmp_67 = partselect i16 @_ssdm_op_PartSelect.i16.i24.i32.i32, i24 %add_ln52_6, i32 8, i32 23" [MobileNetV2.cpp:52]   --->   Operation 253 'partselect' 'tmp_67' <Predicate = (and_ln48)> <Delay = 0.00>
ST_12 : Operation 254 [1/1] (0.00ns)   --->   "%and_ln52_7 = bitconcatenate i24 @_ssdm_op_BitConcatenate.i24.i16.i8, i16 %tmp_67, i8 0" [MobileNetV2.cpp:52]   --->   Operation 254 'bitconcatenate' 'and_ln52_7' <Predicate = (and_ln48)> <Delay = 0.00>
ST_12 : Operation 255 [1/3] (0.00ns) (grouped into DSP with root node add_ln52_7)   --->   "%mul_ln52_8 = mul i24 %sext_ln52_17, i24 %sext_ln52_8" [MobileNetV2.cpp:52]   --->   Operation 255 'mul' 'mul_ln52_8' <Predicate = (and_ln48)> <Delay = 0.00> <CoreInst = "DSP48">   --->   Core 124 'DSP48' <Latency = 3> <II = 1> <Delay = 0.53> <IPBlock> <Opcode : 'add' 'sub' 'mul' 'select'> <InPorts = 0> <OutPorts = 1> <Sync> <CReg>
ST_12 : Operation 256 [2/2] (0.64ns) (root node of the DSP)   --->   "%add_ln52_7 = add i24 %and_ln52_7, i24 %mul_ln52_8" [MobileNetV2.cpp:52]   --->   Operation 256 'add' 'add_ln52_7' <Predicate = (and_ln48)> <Delay = 0.64> <CoreInst = "DSP48">   --->   Core 124 'DSP48' <Latency = 3> <II = 1> <Delay = 0.53> <IPBlock> <Opcode : 'add' 'sub' 'mul' 'select'> <InPorts = 0> <OutPorts = 1> <Sync> <CReg>

State 13 <SV = 12> <Delay = 3.95>
ST_13 : Operation 257 [1/2] (0.64ns) (root node of the DSP)   --->   "%add_ln52_7 = add i24 %and_ln52_7, i24 %mul_ln52_8" [MobileNetV2.cpp:52]   --->   Operation 257 'add' 'add_ln52_7' <Predicate = (and_ln48)> <Delay = 0.64> <CoreInst = "DSP48">   --->   Core 124 'DSP48' <Latency = 3> <II = 1> <Delay = 0.53> <IPBlock> <Opcode : 'add' 'sub' 'mul' 'select'> <InPorts = 0> <OutPorts = 1> <Sync> <CReg>
ST_13 : Operation 258 [1/1] (0.00ns)   --->   "%trunc_ln = partselect i16 @_ssdm_op_PartSelect.i16.i24.i32.i32, i24 %add_ln52_7, i32 8, i32 23" [MobileNetV2.cpp:52]   --->   Operation 258 'partselect' 'trunc_ln' <Predicate = (and_ln48)> <Delay = 0.00>
ST_13 : Operation 259 [1/1] (0.00ns)   --->   "%trunc_ln2 = partselect i15 @_ssdm_op_PartSelect.i15.i24.i32.i32, i24 %add_ln52_7, i32 8, i32 22" [MobileNetV2.cpp:55]   --->   Operation 259 'partselect' 'trunc_ln2' <Predicate = (and_ln48)> <Delay = 0.00>
ST_13 : Operation 260 [1/1] (0.85ns)   --->   "%icmp_ln55 = icmp_sgt  i16 %trunc_ln, i16 0" [MobileNetV2.cpp:55]   --->   Operation 260 'icmp' 'icmp_ln55' <Predicate = (and_ln48)> <Delay = 0.85> <CoreInst = "Cmp">   --->   Core 9 'Cmp' <Latency = 0> <II = 1> <Delay = 0.85> <FuncUnit> <Opcode : 'seteq' 'setne' 'setle' 'setge' 'setlt' 'setgt'> <InPorts = 2> <OutPorts = 1>
ST_13 : Operation 261 [1/1] (0.29ns)   --->   "%select_ln55 = select i1 %icmp_ln55, i15 %trunc_ln2, i15 0" [MobileNetV2.cpp:55]   --->   Operation 261 'select' 'select_ln55' <Predicate = (and_ln48)> <Delay = 0.29> <CoreInst = "Sel">   --->   Core 73 'Sel' <Latency = 0> <II = 1> <Delay = 0.29> <FuncUnit> <Opcode : 'select'> <InPorts = 3> <OutPorts = 1>
ST_13 : Operation 262 [1/1] (0.00ns)   --->   "%zext_ln55 = zext i15 %select_ln55" [MobileNetV2.cpp:55]   --->   Operation 262 'zext' 'zext_ln55' <Predicate = (and_ln48)> <Delay = 0.00>
ST_13 : Operation 263 [1/1] ( I:2.16ns O:2.16ns )   --->   "%write_ln55 = write void @_ssdm_op_Write.ap_fifo.volatile.i16P0A, i16 %internal_fifo, i16 %zext_ln55" [MobileNetV2.cpp:55]   --->   Operation 263 'write' 'write_ln55' <Predicate = (and_ln48)> <Delay = 2.16> <CoreInst = "FIFO_SRL">   --->   Core 80 'FIFO_SRL' <Latency = 0> <II = 1> <Delay = 2.16> <Storage> <Opcode : 'read' 'write' 'nbread' 'nbwrite'> <Ports = 0> <Width = 16> <Depth = 64> <FIFO>
ST_13 : Operation 264 [1/1] (0.00ns)   --->   "%br_ln56 = br void %for.inc81" [MobileNetV2.cpp:56]   --->   Operation 264 'br' 'br_ln56' <Predicate = (and_ln48)> <Delay = 0.00>
ST_13 : Operation 265 [1/1] (0.42ns)   --->   "%ret_ln60 = ret" [MobileNetV2.cpp:60]   --->   Operation 265 'ret' 'ret_ln60' <Predicate = (icmp_ln27)> <Delay = 0.42>


============================================================
+ Verbose Summary: Timing violations
============================================================
Target clock period: 10.000ns, clock uncertainty: 2.700ns.

 <State 1>: 4.381ns
The critical path consists of the following:
	'store' operation 0 bit ('store_ln0') of constant 0 on local variable 'ch64' [32]  (0.427 ns)
	'load' operation 6 bit ('ch64_load', MobileNetV2.cpp:27) on local variable 'ch64' [40]  (0.000 ns)
	'add' operation 6 bit ('add_ln27', MobileNetV2.cpp:27) [47]  (0.781 ns)
	'select' operation 6 bit ('ch', MobileNetV2.cpp:27) [54]  (0.384 ns)
	'add' operation 10 bit ('empty_30', MobileNetV2.cpp:27) [65]  (0.776 ns)
	'add' operation 9 bit ('empty_32', MobileNetV2.cpp:27) [69]  (0.776 ns)
	'getelementptr' operation 9 bit ('dw_weights_addr_1', MobileNetV2.cpp:27) [71]  (0.000 ns)
	'load' operation 16 bit ('dw_weights_load_1', MobileNetV2.cpp:52) on array 'dw_weights' [99]  (1.237 ns)

 <State 2>: 2.013ns
The critical path consists of the following:
	'add' operation 9 bit ('empty_34', MobileNetV2.cpp:27) [75]  (0.776 ns)
	'getelementptr' operation 9 bit ('dw_weights_addr_3', MobileNetV2.cpp:27) [77]  (0.000 ns)
	'load' operation 16 bit ('dw_weights_load_3', MobileNetV2.cpp:52) on array 'dw_weights' [101]  (1.237 ns)

 <State 3>: 2.013ns
The critical path consists of the following:
	'add' operation 9 bit ('empty_35', MobileNetV2.cpp:27) [78]  (0.776 ns)
	'getelementptr' operation 9 bit ('dw_weights_addr_4', MobileNetV2.cpp:27) [80]  (0.000 ns)
	'load' operation 16 bit ('dw_weights_load_4', MobileNetV2.cpp:52) on array 'dw_weights' [102]  (1.237 ns)

 <State 4>: 2.013ns
The critical path consists of the following:
	'add' operation 9 bit ('empty_37', MobileNetV2.cpp:27) [84]  (0.776 ns)
	'getelementptr' operation 9 bit ('dw_weights_addr_6', MobileNetV2.cpp:27) [86]  (0.000 ns)
	'load' operation 16 bit ('dw_weights_load_6', MobileNetV2.cpp:52) on array 'dw_weights' [104]  (1.237 ns)

 <State 5>: 3.025ns
The critical path consists of the following:
	'load' operation 16 bit ('dw_weights_load_9', MobileNetV2.cpp:52) on local variable 'dw_weights_load3467' [118]  (0.000 ns)
	'mul' operation 24 bit ('mul_ln52', MobileNetV2.cpp:52) [156]  (2.380 ns)
	'add' operation 24 bit of DSP[161] ('add_ln52', MobileNetV2.cpp:52) [161]  (0.645 ns)

 <State 6>: 1.290ns
The critical path consists of the following:
	'add' operation 24 bit of DSP[161] ('add_ln52', MobileNetV2.cpp:52) [161]  (0.645 ns)
	'add' operation 24 bit of DSP[166] ('add_ln52_1', MobileNetV2.cpp:52) [166]  (0.645 ns)

 <State 7>: 1.290ns
The critical path consists of the following:
	'add' operation 24 bit of DSP[166] ('add_ln52_1', MobileNetV2.cpp:52) [166]  (0.645 ns)
	'add' operation 24 bit of DSP[171] ('add_ln52_2', MobileNetV2.cpp:52) [171]  (0.645 ns)

 <State 8>: 1.290ns
The critical path consists of the following:
	'add' operation 24 bit of DSP[171] ('add_ln52_2', MobileNetV2.cpp:52) [171]  (0.645 ns)
	'add' operation 24 bit of DSP[176] ('add_ln52_3', MobileNetV2.cpp:52) [176]  (0.645 ns)

 <State 9>: 1.290ns
The critical path consists of the following:
	'add' operation 24 bit of DSP[176] ('add_ln52_3', MobileNetV2.cpp:52) [176]  (0.645 ns)
	'add' operation 24 bit of DSP[181] ('add_ln52_4', MobileNetV2.cpp:52) [181]  (0.645 ns)

 <State 10>: 1.290ns
The critical path consists of the following:
	'add' operation 24 bit of DSP[181] ('add_ln52_4', MobileNetV2.cpp:52) [181]  (0.645 ns)
	'add' operation 24 bit of DSP[186] ('add_ln52_5', MobileNetV2.cpp:52) [186]  (0.645 ns)

 <State 11>: 1.290ns
The critical path consists of the following:
	'add' operation 24 bit of DSP[186] ('add_ln52_5', MobileNetV2.cpp:52) [186]  (0.645 ns)
	'add' operation 24 bit of DSP[191] ('add_ln52_6', MobileNetV2.cpp:52) [191]  (0.645 ns)

 <State 12>: 1.290ns
The critical path consists of the following:
	'add' operation 24 bit of DSP[191] ('add_ln52_6', MobileNetV2.cpp:52) [191]  (0.645 ns)
	'add' operation 24 bit of DSP[196] ('add_ln52_7', MobileNetV2.cpp:52) [196]  (0.645 ns)

 <State 13>: 3.954ns
The critical path consists of the following:
	'add' operation 24 bit of DSP[196] ('add_ln52_7', MobileNetV2.cpp:52) [196]  (0.645 ns)
	'icmp' operation 1 bit ('icmp_ln55', MobileNetV2.cpp:55) [199]  (0.853 ns)
	'select' operation 15 bit ('select_ln55', MobileNetV2.cpp:55) [200]  (0.294 ns)
	fifo write operation ('write_ln55', MobileNetV2.cpp:55) on port 'internal_fifo' (MobileNetV2.cpp:55) [202]  (2.161 ns)


============================================================
+ Verbose Summary: Binding
============================================================
N/A
* FSMD analyzer results:
  - Output states:
 - Input state : 
  - Chain level:
	State 1
	State 2
	State 3
	State 4
	State 5
	State 6
	State 7
	State 8
	State 9
	State 10
	State 11
	State 12
	State 13


============================================================
+ Verbose Summary: Datapath Resource usage 
============================================================
N/A
