

================================================================
== Vitis HLS Report for 'Loop_VITIS_LOOP_117_1_proc'
================================================================
* Date:           Mon Mar 30 21:24:47 2026

* Version:        2025.1 (Build 6135595 on May 21 2025)
* Project:        hls_component
* Solution:       hls (Vivado IP Flow Target)
* Product family: zynquplus
* Target device:  xczu7ev-ffvc1156-2-e


================================================================
== Performance Estimates
================================================================
+ Timing: 
    * Summary: 
    +--------+----------+----------+------------+
    |  Clock |  Target  | Estimated| Uncertainty|
    +--------+----------+----------+------------+
    |ap_clk  |  10.00 ns|  7.300 ns|     2.70 ns|
    +--------+----------+----------+------------+

+ Latency: 
    * Summary: 
    +---------+---------+----------+----------+--------+--------+------------------------------------------------+
    |  Latency (cycles) |  Latency (absolute) |     Interval    |                    Pipeline                    |
    |   min   |   max   |    min   |    max   |   min  |   max  |                      Type                      |
    +---------+---------+----------+----------+--------+--------+------------------------------------------------+
    |   100363|   100363|  1.004 ms|  1.004 ms|  100352|  100352|  loop auto-rewind stp (delay=0 clock cycles(s))|
    +---------+---------+----------+----------+--------+--------+------------------------------------------------+

    + Detail: 
        * Instance: 
        N/A

        * Loop: 
        +--------------------+---------+---------+----------+-----------+-----------+--------+----------+
        |                    |  Latency (cycles) | Iteration|  Initiation Interval  |  Trip  |          |
        |      Loop Name     |   min   |   max   |  Latency |  achieved |   target  |  Count | Pipelined|
        +--------------------+---------+---------+----------+-----------+-----------+--------+----------+
        |- VITIS_LOOP_117_1  |   100361|   100361|        11|          1|          1|  100352|       yes|
        +--------------------+---------+---------+----------+-----------+-----------+--------+----------+

============================================================
+ Verbose Summary: Synthesis Manager
============================================================
InlineROM: 1
ExposeGlobal: 0
============================================================
+ Verbose Summary: CDFG Model
============================================================
IsTopModel: 0
ResetActiveHigh: 1
IsCombinational: 2
IsDatapathOnly: 0
HasWiredReturn: 1
HasMFsm: 2
HasVarLatency: 1
IsPipeline: 0
IsRtlPipelined: 0
IsInstanceOverlapped: 0
IsDontTouch: 0
HasImplIP: 0
IsGatedGlobalClock: 0

+ Individual pipeline summary: 
  * Pipeline-0: initiation interval (II) = 1, depth = 11


============================================================
+ Verbose Summary: Schedule
============================================================
* Number of FSM states : 11
* Pipeline : 1
  Pipeline-0 : II = 1, D = 11, States = { 1 2 3 4 5 6 7 8 9 10 11 }
* Dataflow Pipeline: 0

* FSM state transitions: 
1 --> 2 
2 --> 3 
3 --> 4 
4 --> 5 
5 --> 6 
6 --> 7 
7 --> 8 
8 --> 9 
9 --> 10 
10 --> 11 
11 --> 

* FSM state operations: 

State 1 <SV = 0> <Delay = 1.71>
ST_1 : Operation 14 [1/1] (0.00ns)   --->   "%i1 = alloca i32 1"   --->   Operation 14 'alloca' 'i1' <Predicate = true> <Delay = 0.00>
ST_1 : Operation 15 [1/1] (0.00ns)   --->   "%specinterface_ln0 = specinterface void @_ssdm_op_SpecInterface, i16 %input_stream, void @empty_11, i32 0, i32 0, void @empty_0, i32 0, i32 0, void @empty_0, void @empty_0, void @empty_0, i32 0, i32 0, i32 0, i32 0, void @empty_0, void @empty_0, i32 4294967295, i32 0, i32 0"   --->   Operation 15 'specinterface' 'specinterface_ln0' <Predicate = true> <Delay = 0.00>
ST_1 : Operation 16 [1/1] (0.00ns)   --->   "%specinterface_ln0 = specinterface void @_ssdm_op_SpecInterface, i16 %gmem0, void @empty, i32 0, i32 0, void @empty_0, i32 0, i32 0, void @empty_1, void @empty_2, void @empty_0, i32 16, i32 16, i32 16, i32 16, void @empty_0, void @empty_0, i32 4294967295, i32 0, i32 0"   --->   Operation 16 'specinterface' 'specinterface_ln0' <Predicate = true> <Delay = 0.00>
ST_1 : Operation 17 [1/1] (0.00ns)   --->   "%input_tensor_read = read i64 @_ssdm_op_Read.ap_auto.i64, i64 %input_tensor" [MobileNetV2.cpp:117->MobileNetV2.cpp:117]   --->   Operation 17 'read' 'input_tensor_read' <Predicate = true> <Delay = 0.00>
ST_1 : Operation 18 [1/1] (0.42ns)   --->   "%store_ln0 = store i17 0, i17 %i1"   --->   Operation 18 'store' 'store_ln0' <Predicate = true> <Delay = 0.42>
ST_1 : Operation 19 [1/1] (0.42ns)   --->   "%br_ln117 = br void %new.header" [MobileNetV2.cpp:117->MobileNetV2.cpp:117]   --->   Operation 19 'br' 'br_ln117' <Predicate = true> <Delay = 0.42>
ST_1 : Operation 20 [1/1] (0.00ns)   --->   "%first_iter_0 = phi i1 1, void %newFuncRoot, i1 0, void %for.inc.split.i"   --->   Operation 20 'phi' 'first_iter_0' <Predicate = true> <Delay = 0.00>
ST_1 : Operation 21 [1/1] (0.00ns)   --->   "%br_ln0 = br i1 %first_iter_0, void %for.inc.split.i, void %for.first.iter.for.inc.split.i"   --->   Operation 21 'br' 'br_ln0' <Predicate = true> <Delay = 0.00>
ST_1 : Operation 22 [1/1] (0.00ns)   --->   "%i1_load = load i17 %i1" [MobileNetV2.cpp:117->MobileNetV2.cpp:117]   --->   Operation 22 'load' 'i1_load' <Predicate = true> <Delay = 0.00>
ST_1 : Operation 23 [1/1] (0.86ns)   --->   "%i = add i17 %i1_load, i17 1" [MobileNetV2.cpp:117->MobileNetV2.cpp:117]   --->   Operation 23 'add' 'i' <Predicate = true> <Delay = 0.86> <CoreInst = "Adder">   --->   Core 1 'Adder' <Latency = 0> <II = 1> <Delay = 0.86> <FuncUnit> <Opcode : 'add' 'sub'> <InPorts = 2> <OutPorts = 1>
ST_1 : Operation 24 [1/1] (0.86ns)   --->   "%icmp_ln117 = icmp_eq  i17 %i1_load, i17 100351" [MobileNetV2.cpp:117->MobileNetV2.cpp:117]   --->   Operation 24 'icmp' 'icmp_ln117' <Predicate = true> <Delay = 0.86> <CoreInst = "Cmp">   --->   Core 9 'Cmp' <Latency = 0> <II = 1> <Delay = 0.86> <FuncUnit> <Opcode : 'seteq' 'setne' 'setle' 'setge' 'setlt' 'setgt'> <InPorts = 2> <OutPorts = 1>
ST_1 : Operation 25 [1/1] (0.42ns)   --->   "%store_ln117 = store i17 %i, i17 %i1" [MobileNetV2.cpp:117->MobileNetV2.cpp:117]   --->   Operation 25 'store' 'store_ln117' <Predicate = true> <Delay = 0.42>
ST_1 : Operation 26 [1/1] (0.00ns)   --->   "%br_ln117 = br i1 %icmp_ln117, void %new.header, void %Loop_VITIS_LOOP_117_1_proc.1.exit" [MobileNetV2.cpp:117->MobileNetV2.cpp:117]   --->   Operation 26 'br' 'br_ln117' <Predicate = true> <Delay = 0.00>

State 2 <SV = 1> <Delay = 7.30>
ST_2 : Operation 27 [1/1] (0.00ns)   --->   "%trunc_ln = partselect i63 @_ssdm_op_PartSelect.i63.i64.i32.i32, i64 %input_tensor_read, i32 1, i32 63" [MobileNetV2.cpp:117]   --->   Operation 27 'partselect' 'trunc_ln' <Predicate = true> <Delay = 0.00>
ST_2 : Operation 28 [1/1] (0.00ns)   --->   "%sext_ln117 = sext i63 %trunc_ln" [MobileNetV2.cpp:117]   --->   Operation 28 'sext' 'sext_ln117' <Predicate = true> <Delay = 0.00>
ST_2 : Operation 29 [1/1] (0.00ns)   --->   "%gmem0_addr = getelementptr i16 %gmem0, i64 %sext_ln117" [MobileNetV2.cpp:117]   --->   Operation 29 'getelementptr' 'gmem0_addr' <Predicate = true> <Delay = 0.00>
ST_2 : Operation 30 [8/8] (7.30ns)   --->   "%empty = readreq i1 @_ssdm_op_ReadReq.m_axi.p1i16, i16 %gmem0_addr, i64 100352" [MobileNetV2.cpp:117]   --->   Operation 30 'readreq' 'empty' <Predicate = (first_iter_0)> <Delay = 7.30> <CoreInst = "m_axi">   --->   Core 119 'm_axi' <Latency = 6> <II = 1> <Delay = 1.00> <Adapter> <Opcode : 'read' 'write' 'readreq' 'writereq' 'writeresp'>

State 3 <SV = 2> <Delay = 7.30>
ST_3 : Operation 31 [7/8] (7.30ns)   --->   "%empty = readreq i1 @_ssdm_op_ReadReq.m_axi.p1i16, i16 %gmem0_addr, i64 100352" [MobileNetV2.cpp:117]   --->   Operation 31 'readreq' 'empty' <Predicate = (first_iter_0)> <Delay = 7.30> <CoreInst = "m_axi">   --->   Core 119 'm_axi' <Latency = 6> <II = 1> <Delay = 1.00> <Adapter> <Opcode : 'read' 'write' 'readreq' 'writereq' 'writeresp'>

State 4 <SV = 3> <Delay = 7.30>
ST_4 : Operation 32 [6/8] (7.30ns)   --->   "%empty = readreq i1 @_ssdm_op_ReadReq.m_axi.p1i16, i16 %gmem0_addr, i64 100352" [MobileNetV2.cpp:117]   --->   Operation 32 'readreq' 'empty' <Predicate = (first_iter_0)> <Delay = 7.30> <CoreInst = "m_axi">   --->   Core 119 'm_axi' <Latency = 6> <II = 1> <Delay = 1.00> <Adapter> <Opcode : 'read' 'write' 'readreq' 'writereq' 'writeresp'>

State 5 <SV = 4> <Delay = 7.30>
ST_5 : Operation 33 [5/8] (7.30ns)   --->   "%empty = readreq i1 @_ssdm_op_ReadReq.m_axi.p1i16, i16 %gmem0_addr, i64 100352" [MobileNetV2.cpp:117]   --->   Operation 33 'readreq' 'empty' <Predicate = (first_iter_0)> <Delay = 7.30> <CoreInst = "m_axi">   --->   Core 119 'm_axi' <Latency = 6> <II = 1> <Delay = 1.00> <Adapter> <Opcode : 'read' 'write' 'readreq' 'writereq' 'writeresp'>

State 6 <SV = 5> <Delay = 7.30>
ST_6 : Operation 34 [4/8] (7.30ns)   --->   "%empty = readreq i1 @_ssdm_op_ReadReq.m_axi.p1i16, i16 %gmem0_addr, i64 100352" [MobileNetV2.cpp:117]   --->   Operation 34 'readreq' 'empty' <Predicate = (first_iter_0)> <Delay = 7.30> <CoreInst = "m_axi">   --->   Core 119 'm_axi' <Latency = 6> <II = 1> <Delay = 1.00> <Adapter> <Opcode : 'read' 'write' 'readreq' 'writereq' 'writeresp'>

State 7 <SV = 6> <Delay = 7.30>
ST_7 : Operation 35 [3/8] (7.30ns)   --->   "%empty = readreq i1 @_ssdm_op_ReadReq.m_axi.p1i16, i16 %gmem0_addr, i64 100352" [MobileNetV2.cpp:117]   --->   Operation 35 'readreq' 'empty' <Predicate = (first_iter_0)> <Delay = 7.30> <CoreInst = "m_axi">   --->   Core 119 'm_axi' <Latency = 6> <II = 1> <Delay = 1.00> <Adapter> <Opcode : 'read' 'write' 'readreq' 'writereq' 'writeresp'>

State 8 <SV = 7> <Delay = 7.30>
ST_8 : Operation 36 [2/8] (7.30ns)   --->   "%empty = readreq i1 @_ssdm_op_ReadReq.m_axi.p1i16, i16 %gmem0_addr, i64 100352" [MobileNetV2.cpp:117]   --->   Operation 36 'readreq' 'empty' <Predicate = (first_iter_0)> <Delay = 7.30> <CoreInst = "m_axi">   --->   Core 119 'm_axi' <Latency = 6> <II = 1> <Delay = 1.00> <Adapter> <Opcode : 'read' 'write' 'readreq' 'writereq' 'writeresp'>

State 9 <SV = 8> <Delay = 7.30>
ST_9 : Operation 37 [1/8] (7.30ns)   --->   "%empty = readreq i1 @_ssdm_op_ReadReq.m_axi.p1i16, i16 %gmem0_addr, i64 100352" [MobileNetV2.cpp:117]   --->   Operation 37 'readreq' 'empty' <Predicate = (first_iter_0)> <Delay = 7.30> <CoreInst = "m_axi">   --->   Core 119 'm_axi' <Latency = 6> <II = 1> <Delay = 1.00> <Adapter> <Opcode : 'read' 'write' 'readreq' 'writereq' 'writeresp'>
ST_9 : Operation 38 [1/1] (0.00ns)   --->   "%br_ln0 = br void %for.inc.split.i"   --->   Operation 38 'br' 'br_ln0' <Predicate = (first_iter_0)> <Delay = 0.00>

State 10 <SV = 9> <Delay = 7.30>
ST_10 : Operation 39 [1/1] (7.30ns)   --->   "%gmem0_addr_read = read i16 @_ssdm_op_Read.m_axi.p1i16, i16 %gmem0_addr" [MobileNetV2.cpp:117->MobileNetV2.cpp:117]   --->   Operation 39 'read' 'gmem0_addr_read' <Predicate = true> <Delay = 7.30> <CoreInst = "m_axi">   --->   Core 119 'm_axi' <Latency = 3> <II = 1> <Delay = 1.00> <Adapter> <Opcode : 'read' 'write' 'readreq' 'writereq' 'writeresp'>

State 11 <SV = 10> <Delay = 1.83>
ST_11 : Operation 40 [1/1] (0.00ns)   --->   "%specpipeline_ln117 = specpipeline void @_ssdm_op_SpecPipeline, i32 4294967295, i32 0, i32 0, i32 0, void @empty_0" [MobileNetV2.cpp:117->MobileNetV2.cpp:117]   --->   Operation 40 'specpipeline' 'specpipeline_ln117' <Predicate = true> <Delay = 0.00>
ST_11 : Operation 41 [1/1] (0.00ns)   --->   "%speclooptripcount_ln117 = speclooptripcount void @_ssdm_op_SpecLoopTripCount, i64 100352, i64 100352, i64 100352" [MobileNetV2.cpp:117->MobileNetV2.cpp:117]   --->   Operation 41 'speclooptripcount' 'speclooptripcount_ln117' <Predicate = true> <Delay = 0.00>
ST_11 : Operation 42 [1/1] (0.00ns)   --->   "%specloopname_ln117 = specloopname void @_ssdm_op_SpecLoopName, void @empty_17" [MobileNetV2.cpp:117->MobileNetV2.cpp:117]   --->   Operation 42 'specloopname' 'specloopname_ln117' <Predicate = true> <Delay = 0.00>
ST_11 : Operation 43 [1/1] ( I:1.83ns O:1.83ns )   --->   "%write_ln117 = write void @_ssdm_op_Write.ap_fifo.volatile.i16P0A, i16 %input_stream, i16 %gmem0_addr_read" [MobileNetV2.cpp:117->MobileNetV2.cpp:117]   --->   Operation 43 'write' 'write_ln117' <Predicate = true> <Delay = 1.83> <CoreInst = "FIFO_SRL">   --->   Core 80 'FIFO_SRL' <Latency = 0> <II = 1> <Delay = 1.83> <Storage> <Opcode : 'read' 'write' 'nbread' 'nbwrite'> <Ports = 0> <Width = 16> <Depth = 2> <FIFO>
ST_11 : Operation 44 [1/1] (0.42ns)   --->   "%ret_ln0 = ret"   --->   Operation 44 'ret' 'ret_ln0' <Predicate = (icmp_ln117)> <Delay = 0.42>


============================================================
+ Verbose Summary: Timing violations
============================================================
Target clock period: 10.000ns, clock uncertainty: 2.700ns.

 <State 1>: 1.717ns
The critical path consists of the following:
	'store' operation 0 bit ('store_ln0') of constant 0 on local variable 'i1' [8]  (0.427 ns)
	'load' operation 17 bit ('i1_load', MobileNetV2.cpp:117->MobileNetV2.cpp:117) on local variable 'i1' [20]  (0.000 ns)
	'add' operation 17 bit ('i', MobileNetV2.cpp:117->MobileNetV2.cpp:117) [26]  (0.863 ns)
	'store' operation 0 bit ('store_ln117', MobileNetV2.cpp:117->MobileNetV2.cpp:117) of variable 'i', MobileNetV2.cpp:117->MobileNetV2.cpp:117 on local variable 'i1' [28]  (0.427 ns)

 <State 2>: 7.300ns
The critical path consists of the following:
	'getelementptr' operation 16 bit ('gmem0_addr', MobileNetV2.cpp:117) [14]  (0.000 ns)
	bus request operation ('empty', MobileNetV2.cpp:117) on port 'gmem0' (MobileNetV2.cpp:117) [17]  (7.300 ns)

 <State 3>: 7.300ns
The critical path consists of the following:
	bus request operation ('empty', MobileNetV2.cpp:117) on port 'gmem0' (MobileNetV2.cpp:117) [17]  (7.300 ns)

 <State 4>: 7.300ns
The critical path consists of the following:
	bus request operation ('empty', MobileNetV2.cpp:117) on port 'gmem0' (MobileNetV2.cpp:117) [17]  (7.300 ns)

 <State 5>: 7.300ns
The critical path consists of the following:
	bus request operation ('empty', MobileNetV2.cpp:117) on port 'gmem0' (MobileNetV2.cpp:117) [17]  (7.300 ns)

 <State 6>: 7.300ns
The critical path consists of the following:
	bus request operation ('empty', MobileNetV2.cpp:117) on port 'gmem0' (MobileNetV2.cpp:117) [17]  (7.300 ns)

 <State 7>: 7.300ns
The critical path consists of the following:
	bus request operation ('empty', MobileNetV2.cpp:117) on port 'gmem0' (MobileNetV2.cpp:117) [17]  (7.300 ns)

 <State 8>: 7.300ns
The critical path consists of the following:
	bus request operation ('empty', MobileNetV2.cpp:117) on port 'gmem0' (MobileNetV2.cpp:117) [17]  (7.300 ns)

 <State 9>: 7.300ns
The critical path consists of the following:
	bus request operation ('empty', MobileNetV2.cpp:117) on port 'gmem0' (MobileNetV2.cpp:117) [17]  (7.300 ns)

 <State 10>: 7.300ns
The critical path consists of the following:
	bus read operation ('gmem0_addr_read', MobileNetV2.cpp:117->MobileNetV2.cpp:117) on port 'gmem0' (MobileNetV2.cpp:117->MobileNetV2.cpp:117) [24]  (7.300 ns)

 <State 11>: 1.838ns
The critical path consists of the following:
	fifo write operation ('write_ln117', MobileNetV2.cpp:117->MobileNetV2.cpp:117) on port 'input_stream' (MobileNetV2.cpp:117->MobileNetV2.cpp:117) [25]  (1.838 ns)


============================================================
+ Verbose Summary: Binding
============================================================
N/A
* FSMD analyzer results:
  - Output states:
 - Input state : 
  - Chain level:
	State 1
	State 2
	State 3
	State 4
	State 5
	State 6
	State 7
	State 8
	State 9
	State 10
	State 11


============================================================
+ Verbose Summary: Datapath Resource usage 
============================================================
N/A
