

================================================================
== Vitis HLS Report for 'pointwise_conv_Pipeline_VITIS_LOOP_77_3'
================================================================
* Date:           Mon Mar 30 21:24:54 2026

* Version:        2025.1 (Build 6135595 on May 21 2025)
* Project:        hls_component
* Solution:       hls (Vivado IP Flow Target)
* Product family: zynquplus
* Target device:  xczu7ev-ffvc1156-2-e


================================================================
== Performance Estimates
================================================================
+ Timing: 
    * Summary: 
    +--------+----------+----------+------------+
    |  Clock |  Target  | Estimated| Uncertainty|
    +--------+----------+----------+------------+
    |ap_clk  |  10.00 ns|  2.838 ns|     2.70 ns|
    +--------+----------+----------+------------+

+ Latency: 
    * Summary: 
    +---------+---------+----------+----------+-----+-----+------------------------------------------------+
    |  Latency (cycles) |  Latency (absolute) |  Interval |                    Pipeline                    |
    |   min   |   max   |    min   |    max   | min | max |                      Type                      |
    +---------+---------+----------+----------+-----+-----+------------------------------------------------+
    |       34|       34|  0.340 us|  0.340 us|   33|   33|  loop auto-rewind stp (delay=0 clock cycles(s))|
    +---------+---------+----------+----------+-----+-----+------------------------------------------------+

    + Detail: 
        * Instance: 
        N/A

        * Loop: 
        +-------------------+---------+---------+----------+-----------+-----------+------+----------+
        |                   |  Latency (cycles) | Iteration|  Initiation Interval  | Trip |          |
        |     Loop Name     |   min   |   max   |  Latency |  achieved |   target  | Count| Pipelined|
        +-------------------+---------+---------+----------+-----------+-----------+------+----------+
        |- VITIS_LOOP_77_3  |       32|       32|         2|          1|          1|    32|       yes|
        +-------------------+---------+---------+----------+-----------+-----------+------+----------+



================================================================
== Utilization Estimates
================================================================
* Summary: 
+-----------------+---------+------+--------+--------+-----+
|       Name      | BRAM_18K|  DSP |   FF   |   LUT  | URAM|
+-----------------+---------+------+--------+--------+-----+
|DSP              |        -|     -|       -|       -|    -|
|Expression       |        -|     -|       0|      31|    -|
|FIFO             |        -|     -|       -|       -|    -|
|Instance         |        -|     -|       -|       -|    -|
|Memory           |        -|     -|       -|       -|    -|
|Multiplexer      |        -|     -|       0|      45|    -|
|Register         |        -|     -|      15|       -|    -|
+-----------------+---------+------+--------+--------+-----+
|Total            |        0|     0|      15|      76|    0|
+-----------------+---------+------+--------+--------+-----+
|Available        |      624|  1728|  460800|  230400|   96|
+-----------------+---------+------+--------+--------+-----+
|Utilization (%)  |        0|     0|      ~0|      ~0|    0|
+-----------------+---------+------+--------+--------+-----+

+ Detail: 
    * Instance: 
    N/A

    * DSP: 
    N/A

    * Memory: 
    N/A

    * FIFO: 
    N/A

    * Expression: 
    +---------------------------+----------+----+---+----+------------+------------+
    |       Variable Name       | Operation| DSP| FF| LUT| Bitwidth P0| Bitwidth P1|
    +---------------------------+----------+----+---+----+------------+------------+
    |add_ln77_fu_74_p2          |         +|   0|  0|  13|           6|           1|
    |ap_block_pp0_stage0_11001  |       and|   0|  0|   2|           1|           1|
    |icmp_ln77_fu_68_p2         |      icmp|   0|  0|  14|           6|           7|
    |ap_enable_pp0              |       xor|   0|  0|   2|           1|           2|
    +---------------------------+----------+----+---+----+------------+------------+
    |Total                      |          |   0|  0|  31|          14|          11|
    +---------------------------+----------+----+---+----+------------+------------+

    * Multiplexer: 
    +-------------------------+----+-----------+-----+-----------+
    |           Name          | LUT| Input Size| Bits| Total Bits|
    +-------------------------+----+-----------+-----+-----------+
    |ap_done_int              |   9|          2|    1|          2|
    |ap_enable_reg_pp0_iter1  |   9|          2|    1|          2|
    |ap_sig_allocacmp_ch_1    |   9|          2|    6|         12|
    |ch_fu_36                 |   9|          2|    6|         12|
    |internal_fifo_blk_n      |   9|          2|    1|          2|
    +-------------------------+----+-----------+-----+-----------+
    |Total                    |  45|         10|   15|         30|
    +-------------------------+----+-----------+-----+-----------+

    * Register: 
    +-------------------------+---+----+-----+-----------+
    |           Name          | FF| LUT| Bits| Const Bits|
    +-------------------------+---+----+-----+-----------+
    |ap_CS_fsm                |  1|   0|    1|          0|
    |ap_done_reg              |  1|   0|    1|          0|
    |ap_enable_reg_pp0_iter1  |  1|   0|    1|          0|
    |ch_1_reg_96              |  6|   0|    6|          0|
    |ch_fu_36                 |  6|   0|    6|          0|
    +-------------------------+---+----+-----+-----------+
    |Total                    | 15|   0|   15|          0|
    +-------------------------+---+----+-----+-----------+



================================================================
== Interface
================================================================
* Summary: 
+------------------------------+-----+-----+------------+-----------------------------------------+--------------+
|           RTL Ports          | Dir | Bits|  Protocol  |              Source Object              |    C Type    |
+------------------------------+-----+-----+------------+-----------------------------------------+--------------+
|ap_clk                        |   in|    1|  ap_ctrl_hs|  pointwise_conv_Pipeline_VITIS_LOOP_77_3|  return value|
|ap_rst                        |   in|    1|  ap_ctrl_hs|  pointwise_conv_Pipeline_VITIS_LOOP_77_3|  return value|
|ap_start                      |   in|    1|  ap_ctrl_hs|  pointwise_conv_Pipeline_VITIS_LOOP_77_3|  return value|
|ap_done                       |  out|    1|  ap_ctrl_hs|  pointwise_conv_Pipeline_VITIS_LOOP_77_3|  return value|
|ap_idle                       |  out|    1|  ap_ctrl_hs|  pointwise_conv_Pipeline_VITIS_LOOP_77_3|  return value|
|ap_ready                      |  out|    1|  ap_ctrl_hs|  pointwise_conv_Pipeline_VITIS_LOOP_77_3|  return value|
|internal_fifo_dout            |   in|   16|     ap_fifo|                            internal_fifo|       pointer|
|internal_fifo_empty_n         |   in|    1|     ap_fifo|                            internal_fifo|       pointer|
|internal_fifo_read            |  out|    1|     ap_fifo|                            internal_fifo|       pointer|
|internal_fifo_num_data_valid  |   in|    7|     ap_fifo|                            internal_fifo|       pointer|
|internal_fifo_fifo_cap        |   in|    7|     ap_fifo|                            internal_fifo|       pointer|
|pixel_channels_address0       |  out|    5|   ap_memory|                           pixel_channels|         array|
|pixel_channels_ce0            |  out|    1|   ap_memory|                           pixel_channels|         array|
|pixel_channels_we0            |  out|    1|   ap_memory|                           pixel_channels|         array|
|pixel_channels_d0             |  out|   16|   ap_memory|                           pixel_channels|         array|
+------------------------------+-----+-----+------------+-----------------------------------------+--------------+

============================================================
+ Verbose Summary: Synthesis Manager
============================================================
InlineROM: 1
ExposeGlobal: 0
============================================================
+ Verbose Summary: CDFG Model
============================================================
IsTopModel: 0
ResetActiveHigh: 1
IsCombinational: 2
IsDatapathOnly: 2
HasWiredReturn: 1
HasMFsm: 2
HasVarLatency: 1
IsPipeline: 0
IsRtlPipelined: 0
IsInstanceOverlapped: 0
IsDontTouch: 0
HasImplIP: 0
IsGatedGlobalClock: 0

+ Individual pipeline summary: 
  * Pipeline-0: initiation interval (II) = 1, depth = 2


============================================================
+ Verbose Summary: Schedule
============================================================
* Number of FSM states : 2
* Pipeline : 1
  Pipeline-0 : II = 1, D = 2, States = { 1 2 }
* Dataflow Pipeline: 0

* FSM state transitions: 
1 --> 2 
2 --> 

* FSM state operations: 

State 1 <SV = 0> <Delay = 1.63>
ST_1 : Operation 5 [1/1] (0.00ns)   --->   "%ch = alloca i32 1" [MobileNetV2.cpp:77]   --->   Operation 5 'alloca' 'ch' <Predicate = true> <Delay = 0.00>
ST_1 : Operation 6 [1/1] (0.00ns)   --->   "%specinterface_ln0 = specinterface void @_ssdm_op_SpecInterface, i16 %internal_fifo, void @empty_11, i32 0, i32 0, void @empty_0, i32 0, i32 0, void @empty_0, void @empty_0, void @empty_0, i32 0, i32 0, i32 0, i32 0, void @empty_0, void @empty_0, i32 4294967295, i32 0, i32 0"   --->   Operation 6 'specinterface' 'specinterface_ln0' <Predicate = true> <Delay = 0.00>
ST_1 : Operation 7 [1/1] (0.42ns)   --->   "%store_ln77 = store i6 0, i6 %ch" [MobileNetV2.cpp:77]   --->   Operation 7 'store' 'store_ln77' <Predicate = true> <Delay = 0.42>
ST_1 : Operation 8 [1/1] (0.00ns)   --->   "%br_ln77 = br void %for.inc" [MobileNetV2.cpp:77]   --->   Operation 8 'br' 'br_ln77' <Predicate = true> <Delay = 0.00>
ST_1 : Operation 9 [1/1] (0.00ns)   --->   "%ch_1 = load i6 %ch" [MobileNetV2.cpp:77]   --->   Operation 9 'load' 'ch_1' <Predicate = true> <Delay = 0.00>
ST_1 : Operation 10 [1/1] (0.78ns)   --->   "%icmp_ln77 = icmp_eq  i6 %ch_1, i6 32" [MobileNetV2.cpp:77]   --->   Operation 10 'icmp' 'icmp_ln77' <Predicate = true> <Delay = 0.78> <CoreInst = "Cmp">   --->   Core 9 'Cmp' <Latency = 0> <II = 1> <Delay = 0.77> <FuncUnit> <Opcode : 'seteq' 'setne' 'setle' 'setge' 'setlt' 'setgt'> <InPorts = 2> <OutPorts = 1>
ST_1 : Operation 11 [1/1] (0.78ns)   --->   "%add_ln77 = add i6 %ch_1, i6 1" [MobileNetV2.cpp:77]   --->   Operation 11 'add' 'add_ln77' <Predicate = true> <Delay = 0.78> <CoreInst = "Adder">   --->   Core 1 'Adder' <Latency = 0> <II = 1> <Delay = 0.78> <FuncUnit> <Opcode : 'add' 'sub'> <InPorts = 2> <OutPorts = 1>
ST_1 : Operation 12 [1/1] (0.00ns)   --->   "%br_ln77 = br i1 %icmp_ln77, void %for.inc.split, void %VITIS_LOOP_83_4.exitStub" [MobileNetV2.cpp:77]   --->   Operation 12 'br' 'br_ln77' <Predicate = true> <Delay = 0.00>
ST_1 : Operation 13 [1/1] (0.42ns)   --->   "%store_ln77 = store i6 %add_ln77, i6 %ch" [MobileNetV2.cpp:77]   --->   Operation 13 'store' 'store_ln77' <Predicate = (!icmp_ln77)> <Delay = 0.42>
ST_1 : Operation 22 [1/1] (0.42ns)   --->   "%ret_ln0 = ret"   --->   Operation 22 'ret' 'ret_ln0' <Predicate = (icmp_ln77)> <Delay = 0.42>

State 2 <SV = 1> <Delay = 2.83>
ST_2 : Operation 14 [1/1] (0.00ns)   --->   "%zext_ln77 = zext i6 %ch_1" [MobileNetV2.cpp:77]   --->   Operation 14 'zext' 'zext_ln77' <Predicate = true> <Delay = 0.00>
ST_2 : Operation 15 [1/1] (0.00ns)   --->   "%specpipeline_ln78 = specpipeline void @_ssdm_op_SpecPipeline, i32 1, i32 0, i32 0, i32 0, void @empty_0" [MobileNetV2.cpp:78]   --->   Operation 15 'specpipeline' 'specpipeline_ln78' <Predicate = true> <Delay = 0.00>
ST_2 : Operation 16 [1/1] (0.00ns)   --->   "%speclooptripcount_ln77 = speclooptripcount void @_ssdm_op_SpecLoopTripCount, i64 32, i64 32, i64 32" [MobileNetV2.cpp:77]   --->   Operation 16 'speclooptripcount' 'speclooptripcount_ln77' <Predicate = true> <Delay = 0.00>
ST_2 : Operation 17 [1/1] (0.00ns)   --->   "%specloopname_ln77 = specloopname void @_ssdm_op_SpecLoopName, void @empty_13" [MobileNetV2.cpp:77]   --->   Operation 17 'specloopname' 'specloopname_ln77' <Predicate = true> <Delay = 0.00>
ST_2 : Operation 18 [1/1] ( I:2.16ns O:2.16ns )   --->   "%internal_fifo_read = read i16 @_ssdm_op_Read.ap_fifo.volatile.i16P0A, i16 %internal_fifo" [MobileNetV2.cpp:79]   --->   Operation 18 'read' 'internal_fifo_read' <Predicate = true> <Delay = 2.16> <CoreInst = "FIFO_SRL">   --->   Core 80 'FIFO_SRL' <Latency = 0> <II = 1> <Delay = 2.16> <Storage> <Opcode : 'read' 'write' 'nbread' 'nbwrite'> <Ports = 0> <Width = 16> <Depth = 64> <FIFO>
ST_2 : Operation 19 [1/1] (0.00ns)   --->   "%pixel_channels_addr = getelementptr i16 %pixel_channels, i64 0, i64 %zext_ln77" [MobileNetV2.cpp:79]   --->   Operation 19 'getelementptr' 'pixel_channels_addr' <Predicate = true> <Delay = 0.00>
ST_2 : Operation 20 [1/1] ( I:0.67ns O:0.67ns )   --->   "%store_ln79 = store i16 %internal_fifo_read, i5 %pixel_channels_addr" [MobileNetV2.cpp:79]   --->   Operation 20 'store' 'store_ln79' <Predicate = true> <Delay = 0.67> <CoreInst = "RAM">   --->   Core 82 'RAM' <Latency = 1> <II = 1> <Delay = 0.67> <Storage> <Opcode : 'load' 'store'> <Ports = 2> <Width = 16> <Depth = 32> <RAM>
ST_2 : Operation 21 [1/1] (0.00ns)   --->   "%br_ln77 = br void %for.inc" [MobileNetV2.cpp:77]   --->   Operation 21 'br' 'br_ln77' <Predicate = true> <Delay = 0.00>


============================================================
+ Verbose Summary: Binding
============================================================
STG Binding: 
---------------- STG Properties BEGIN ----------------
- Is combinational: 0
- Is one-state seq: 0
- Is datapath-only: 0
- Is pipelined: 0
- Is top level: 0
Port [ Return ] is wired: 1; IO mode=ap_ctrl_hs:ce=0
Port [ internal_fifo]:  wired=1; compound=1; hidden=0; nouse=0; global=0; static=0; extern=0; dir=0; type=3; pingpong=0; private_global=0; IO mode=ap_fifo:ce=0
Port [ pixel_channels]:  wired=1; compound=1; hidden=0; nouse=0; global=0; static=0; extern=0; dir=1; type=1; pingpong=0; private_global=0; MemPort=[03]; IO mode=ap_memory:ce=0
---------------- STG Properties END ------------------

---------------- Datapath Model BEGIN ----------------

<LifeTime>
<method=bitvector/>
ch                     (alloca           ) [ 010]
specinterface_ln0      (specinterface    ) [ 000]
store_ln77             (store            ) [ 000]
br_ln77                (br               ) [ 000]
ch_1                   (load             ) [ 011]
icmp_ln77              (icmp             ) [ 010]
add_ln77               (add              ) [ 000]
br_ln77                (br               ) [ 000]
store_ln77             (store            ) [ 000]
zext_ln77              (zext             ) [ 000]
specpipeline_ln78      (specpipeline     ) [ 000]
speclooptripcount_ln77 (speclooptripcount) [ 000]
specloopname_ln77      (specloopname     ) [ 000]
internal_fifo_read     (read             ) [ 000]
pixel_channels_addr    (getelementptr    ) [ 000]
store_ln79             (store            ) [ 000]
br_ln77                (br               ) [ 000]
ret_ln0                (ret              ) [ 000]
</LifeTime>

<model>

<comp_list>
<comp id="0" class="1000" name="internal_fifo">
<pin_list>
<pin id="1" dir="1" index="0" bw="1" slack="0"/>
</pin_list>
<bind>
<StgValue><ssdm name="internal_fifo"/></StgValue>
</bind>
</comp>

<comp id="2" class="1000" name="pixel_channels">
<pin_list>
<pin id="3" dir="1" index="0" bw="1" slack="0"/>
</pin_list>
<bind>
<StgValue><ssdm name="pixel_channels"/><MemPortTyVec>0 3 </MemPortTyVec>
</StgValue>
</bind>
</comp>

<comp id="4" class="1001" name="const_4">
<pin_list>
<pin id="5" dir="1" index="0" bw="1" slack="0"/>
</pin_list>
<bind>
<StgValue><ssdm name=""/></StgValue>
</bind>
</comp>

<comp id="6" class="1001" name="const_6">
<pin_list>
<pin id="7" dir="1" index="0" bw="1" slack="2147483647"/>
</pin_list>
<bind>
<StgValue><ssdm name="_ssdm_op_SpecInterface"/></StgValue>
</bind>
</comp>

<comp id="8" class="1001" name="const_8">
<pin_list>
<pin id="9" dir="1" index="0" bw="1" slack="2147483647"/>
</pin_list>
<bind>
<StgValue><ssdm name="empty_11"/></StgValue>
</bind>
</comp>

<comp id="10" class="1001" name="const_10">
<pin_list>
<pin id="11" dir="1" index="0" bw="1" slack="2147483647"/>
</pin_list>
<bind>
<StgValue><ssdm name=""/></StgValue>
</bind>
</comp>

<comp id="12" class="1001" name="const_12">
<pin_list>
<pin id="13" dir="1" index="0" bw="1" slack="2147483647"/>
</pin_list>
<bind>
<StgValue><ssdm name="empty_0"/></StgValue>
</bind>
</comp>

<comp id="14" class="1001" name="const_14">
<pin_list>
<pin id="15" dir="1" index="0" bw="1" slack="2147483647"/>
</pin_list>
<bind>
<StgValue><ssdm name=""/></StgValue>
</bind>
</comp>

<comp id="16" class="1001" name="const_16">
<pin_list>
<pin id="17" dir="1" index="0" bw="1" slack="0"/>
</pin_list>
<bind>
<StgValue><ssdm name=""/></StgValue>
</bind>
</comp>

<comp id="18" class="1001" name="const_18">
<pin_list>
<pin id="19" dir="1" index="0" bw="1" slack="0"/>
</pin_list>
<bind>
<StgValue><ssdm name=""/></StgValue>
</bind>
</comp>

<comp id="20" class="1001" name="const_20">
<pin_list>
<pin id="21" dir="1" index="0" bw="1" slack="0"/>
</pin_list>
<bind>
<StgValue><ssdm name=""/></StgValue>
</bind>
</comp>

<comp id="22" class="1001" name="const_22">
<pin_list>
<pin id="23" dir="1" index="0" bw="1" slack="2147483647"/>
</pin_list>
<bind>
<StgValue><ssdm name="_ssdm_op_SpecPipeline"/></StgValue>
</bind>
</comp>

<comp id="24" class="1001" name="const_24">
<pin_list>
<pin id="25" dir="1" index="0" bw="1" slack="2147483647"/>
</pin_list>
<bind>
<StgValue><ssdm name="_ssdm_op_SpecLoopTripCount"/></StgValue>
</bind>
</comp>

<comp id="26" class="1001" name="const_26">
<pin_list>
<pin id="27" dir="1" index="0" bw="1" slack="2147483647"/>
</pin_list>
<bind>
<StgValue><ssdm name=""/></StgValue>
</bind>
</comp>

<comp id="28" class="1001" name="const_28">
<pin_list>
<pin id="29" dir="1" index="0" bw="1" slack="2147483647"/>
</pin_list>
<bind>
<StgValue><ssdm name="_ssdm_op_SpecLoopName"/></StgValue>
</bind>
</comp>

<comp id="30" class="1001" name="const_30">
<pin_list>
<pin id="31" dir="1" index="0" bw="1" slack="2147483647"/>
</pin_list>
<bind>
<StgValue><ssdm name="empty_13"/></StgValue>
</bind>
</comp>

<comp id="32" class="1001" name="const_32">
<pin_list>
<pin id="33" dir="1" index="0" bw="1" slack="0"/>
</pin_list>
<bind>
<StgValue><ssdm name="_ssdm_op_Read.ap_fifo.volatile.i16P0A"/></StgValue>
</bind>
</comp>

<comp id="34" class="1001" name="const_34">
<pin_list>
<pin id="35" dir="1" index="0" bw="1" slack="0"/>
</pin_list>
<bind>
<StgValue><ssdm name=""/></StgValue>
</bind>
</comp>

<comp id="36" class="1004" name="ch_fu_36">
<pin_list>
<pin id="37" dir="0" index="0" bw="1" slack="0"/>
<pin id="38" dir="1" index="1" bw="6" slack="0"/>
</pin_list>
<bind>
<opcode="alloca(26) " fcode="alloca"/>
<opset="ch/1 "/>
</bind>
</comp>

<comp id="40" class="1004" name="internal_fifo_read_read_fu_40">
<pin_list>
<pin id="41" dir="0" index="0" bw="16" slack="0"/>
<pin id="42" dir="0" index="1" bw="16" slack="0"/>
<pin id="43" dir="1" index="2" bw="16" slack="0"/>
</pin_list>
<bind>
<opcode="read(1150) " fcode="read"/>
<opset="internal_fifo_read/2 "/>
</bind>
</comp>

<comp id="46" class="1004" name="pixel_channels_addr_gep_fu_46">
<pin_list>
<pin id="47" dir="0" index="0" bw="16" slack="0"/>
<pin id="48" dir="0" index="1" bw="1" slack="0"/>
<pin id="49" dir="0" index="2" bw="6" slack="0"/>
<pin id="50" dir="1" index="3" bw="5" slack="0"/>
</pin_list>
<bind>
<opcode="getelementptr(29) " fcode="getelementptr"/>
<opset="pixel_channels_addr/2 "/>
</bind>
</comp>

<comp id="53" class="1004" name="store_ln79_access_fu_53">
<pin_list>
<pin id="54" dir="0" index="0" bw="5" slack="0"/>
<pin id="55" dir="0" index="1" bw="16" slack="0"/>
<pin id="56" dir="0" index="2" bw="0" slack="2147483647"/>
<pin id="57" dir="1" index="3" bw="16" slack="2147483647"/>
</pin_list>
<bind>
<opcode="store(28) " fcode="store"/>
<opset="store_ln79/2 "/>
</bind>
</comp>

<comp id="60" class="1004" name="store_ln77_store_fu_60">
<pin_list>
<pin id="61" dir="0" index="0" bw="1" slack="0"/>
<pin id="62" dir="0" index="1" bw="6" slack="0"/>
<pin id="63" dir="1" index="2" bw="0" slack="2147483647"/>
</pin_list>
<bind>
<opcode="store(28) " fcode="store"/>
<opset="store_ln77/1 "/>
</bind>
</comp>

<comp id="65" class="1004" name="ch_1_load_fu_65">
<pin_list>
<pin id="66" dir="0" index="0" bw="6" slack="0"/>
<pin id="67" dir="1" index="1" bw="6" slack="0"/>
</pin_list>
<bind>
<opcode="load(27) " fcode="load"/>
<opset="ch_1/1 "/>
</bind>
</comp>

<comp id="68" class="1004" name="icmp_ln77_fu_68">
<pin_list>
<pin id="69" dir="0" index="0" bw="6" slack="0"/>
<pin id="70" dir="0" index="1" bw="6" slack="0"/>
<pin id="71" dir="1" index="2" bw="1" slack="2147483647"/>
</pin_list>
<bind>
<opcode="icmp(45) " fcode="icmp"/>
<opset="icmp_ln77/1 "/>
</bind>
</comp>

<comp id="74" class="1004" name="add_ln77_fu_74">
<pin_list>
<pin id="75" dir="0" index="0" bw="6" slack="0"/>
<pin id="76" dir="0" index="1" bw="1" slack="0"/>
<pin id="77" dir="1" index="2" bw="6" slack="0"/>
</pin_list>
<bind>
<opcode="add(8) " fcode="add"/>
<opset="add_ln77/1 "/>
</bind>
</comp>

<comp id="80" class="1004" name="store_ln77_store_fu_80">
<pin_list>
<pin id="81" dir="0" index="0" bw="6" slack="0"/>
<pin id="82" dir="0" index="1" bw="6" slack="0"/>
<pin id="83" dir="1" index="2" bw="0" slack="2147483647"/>
</pin_list>
<bind>
<opcode="store(28) " fcode="store"/>
<opset="store_ln77/1 "/>
</bind>
</comp>

<comp id="85" class="1004" name="zext_ln77_fu_85">
<pin_list>
<pin id="86" dir="0" index="0" bw="6" slack="1"/>
<pin id="87" dir="1" index="1" bw="64" slack="0"/>
</pin_list>
<bind>
<opcode="zext(34) " fcode="zext"/>
<opset="zext_ln77/2 "/>
</bind>
</comp>

<comp id="89" class="1005" name="ch_reg_89">
<pin_list>
<pin id="90" dir="0" index="0" bw="6" slack="0"/>
<pin id="91" dir="1" index="1" bw="6" slack="0"/>
</pin_list>
<bind>
<opset="ch "/>
</bind>
</comp>

<comp id="96" class="1005" name="ch_1_reg_96">
<pin_list>
<pin id="97" dir="0" index="0" bw="6" slack="1"/>
<pin id="98" dir="1" index="1" bw="6" slack="1"/>
</pin_list>
<bind>
<opset="ch_1 "/>
</bind>
</comp>

</comp_list>

<net_list>
<net id="39"><net_src comp="4" pin="0"/><net_sink comp="36" pin=0"/></net>

<net id="44"><net_src comp="32" pin="0"/><net_sink comp="40" pin=0"/></net>

<net id="45"><net_src comp="0" pin="0"/><net_sink comp="40" pin=1"/></net>

<net id="51"><net_src comp="2" pin="0"/><net_sink comp="46" pin=0"/></net>

<net id="52"><net_src comp="34" pin="0"/><net_sink comp="46" pin=1"/></net>

<net id="58"><net_src comp="40" pin="2"/><net_sink comp="53" pin=1"/></net>

<net id="59"><net_src comp="46" pin="3"/><net_sink comp="53" pin=0"/></net>

<net id="64"><net_src comp="16" pin="0"/><net_sink comp="60" pin=0"/></net>

<net id="72"><net_src comp="65" pin="1"/><net_sink comp="68" pin=0"/></net>

<net id="73"><net_src comp="18" pin="0"/><net_sink comp="68" pin=1"/></net>

<net id="78"><net_src comp="65" pin="1"/><net_sink comp="74" pin=0"/></net>

<net id="79"><net_src comp="20" pin="0"/><net_sink comp="74" pin=1"/></net>

<net id="84"><net_src comp="74" pin="2"/><net_sink comp="80" pin=0"/></net>

<net id="88"><net_src comp="85" pin="1"/><net_sink comp="46" pin=2"/></net>

<net id="92"><net_src comp="36" pin="1"/><net_sink comp="89" pin=0"/></net>

<net id="93"><net_src comp="89" pin="1"/><net_sink comp="60" pin=1"/></net>

<net id="94"><net_src comp="89" pin="1"/><net_sink comp="65" pin=0"/></net>

<net id="95"><net_src comp="89" pin="1"/><net_sink comp="80" pin=1"/></net>

<net id="99"><net_src comp="65" pin="1"/><net_sink comp="96" pin=0"/></net>

<net id="100"><net_src comp="96" pin="1"/><net_sink comp="85" pin=0"/></net>

</net_list>

</model> 
---------------- Datapath Model END ------------------

* FSMD analyzer results:
  - Output states:
	Port: internal_fifo | {}
	Port: pixel_channels | {2 }
 - Input state : 
	Port: pointwise_conv_Pipeline_VITIS_LOOP_77_3 : internal_fifo | {2 }
  - Chain level:
	State 1
		store_ln77 : 1
		ch_1 : 1
		icmp_ln77 : 2
		add_ln77 : 2
		br_ln77 : 3
		store_ln77 : 3
	State 2
		pixel_channels_addr : 1
		store_ln79 : 2


============================================================
+ Verbose Summary: Datapath Resource usage 
============================================================

* Functional unit list:
|----------|-------------------------------|---------|---------|
| Operation|        Functional Unit        |    FF   |   LUT   |
|----------|-------------------------------|---------|---------|
|   icmp   |        icmp_ln77_fu_68        |    0    |    13   |
|----------|-------------------------------|---------|---------|
|    add   |         add_ln77_fu_74        |    0    |    13   |
|----------|-------------------------------|---------|---------|
|   read   | internal_fifo_read_read_fu_40 |    0    |    0    |
|----------|-------------------------------|---------|---------|
|   zext   |        zext_ln77_fu_85        |    0    |    0    |
|----------|-------------------------------|---------|---------|
|   Total  |                               |    0    |    26   |
|----------|-------------------------------|---------|---------|

Memories:
N/A

* Register list:
+-----------+--------+
|           |   FF   |
+-----------+--------+
|ch_1_reg_96|    6   |
| ch_reg_89 |    6   |
+-----------+--------+
|   Total   |   12   |
+-----------+--------+

* Multiplexer (MUX) list: 
|--------|------|------|------|--------|
|  Comp  |  Pin | Size |  BW  | S x BW |
|--------|------|------|------|--------|
|  Total |      |      |      |    0   |
|--------|------|------|------|--------|



* Summary:
+-----------+--------+--------+
|           |   FF   |   LUT  |
+-----------+--------+--------+
|  Function |    0   |   26   |
|   Memory  |    -   |    -   |
|Multiplexer|    -   |    -   |
|  Register |   12   |    -   |
+-----------+--------+--------+
|   Total   |   12   |   26   |
+-----------+--------+--------+
