

================================================================
== Vitis HLS Report for 'pointwise_conv'
================================================================
* Date:           Mon Mar 30 21:24:52 2026

* Version:        2025.1 (Build 6135595 on May 21 2025)
* Project:        hls_component
* Solution:       hls (Vivado IP Flow Target)
* Product family: zynquplus
* Target device:  xczu7ev-ffvc1156-2-e


================================================================
== Performance Estimates
================================================================
+ Timing: 
    * Summary: 
    +--------+----------+----------+------------+
    |  Clock |  Target  | Estimated| Uncertainty|
    +--------+----------+----------+------------+
    |ap_clk  |  10.00 ns|  7.300 ns|     2.70 ns|
    +--------+----------+----------+------------+

+ Latency: 
    * Summary: 
    +---------+---------+-----------+-----------+---------+---------+---------+
    |  Latency (cycles) |   Latency (absolute)  |      Interval     | Pipeline|
    |   min   |   max   |    min    |    max    |   min   |   max   |   Type  |
    +---------+---------+-----------+-----------+---------+---------+---------+
    |  1726381|  1726381|  17.264 ms|  17.264 ms|  1726381|  1726381|       no|
    +---------+---------+-----------+-----------+---------+---------+---------+

    + Detail: 
        * Instance: 
        N/A

        * Loop: 
        +--------------------+---------+---------+----------+-----------+-----------+------+----------+
        |                    |  Latency (cycles) | Iteration|  Initiation Interval  | Trip |          |
        |      Loop Name     |   min   |   max   |  Latency |  achieved |   target  | Count| Pipelined|
        +--------------------+---------+---------+----------+-----------+-----------+------+----------+
        |- VITIS_LOOP_72_1   |  1726380|  1726380|     31970|          -|          -|    54|        no|
        | + VITIS_LOOP_73_2  |    31968|    31968|       592|          -|          -|    54|        no|
        +--------------------+---------+---------+----------+-----------+-----------+------+----------+

============================================================
+ Verbose Summary: Synthesis Manager
============================================================
InlineROM: 1
ExposeGlobal: 0
============================================================
+ Verbose Summary: CDFG Model
============================================================
IsTopModel: 0
ResetActiveHigh: 1
IsCombinational: 2
IsDatapathOnly: 0
HasWiredReturn: 1
HasMFsm: 0
HasVarLatency: 1
IsPipeline: 0
IsRtlPipelined: 0
IsInstanceOverlapped: 0
IsDontTouch: 0
HasImplIP: 0
IsGatedGlobalClock: 0


============================================================
+ Verbose Summary: Schedule
============================================================
* Number of FSM states : 22
* Pipeline : 0
* Dataflow Pipeline: 0

* FSM state transitions: 
1 --> 2 
2 --> 3 
3 --> 4 2 
4 --> 5 
5 --> 6 
6 --> 7 
7 --> 8 
8 --> 9 
9 --> 10 
10 --> 11 
11 --> 12 
12 --> 13 
13 --> 14 
14 --> 15 
15 --> 16 
16 --> 17 
17 --> 18 
18 --> 19 
19 --> 20 
20 --> 21 
21 --> 22 
22 --> 3 

* FSM state operations: 

State 1 <SV = 0> <Delay = 0.42>
ST_1 : Operation 23 [1/1] (0.00ns)   --->   "%phi_mul390 = alloca i32 1"   --->   Operation 23 'alloca' 'phi_mul390' <Predicate = true> <Delay = 0.00>
ST_1 : Operation 24 [1/1] (0.00ns)   --->   "%r = alloca i32 1" [MobileNetV2.cpp:72]   --->   Operation 24 'alloca' 'r' <Predicate = true> <Delay = 0.00>
ST_1 : Operation 25 [1/1] (0.00ns)   --->   "%specinterface_ln0 = specinterface void @_ssdm_op_SpecInterface, i16 %internal_fifo, void @empty_11, i32 0, i32 0, void @empty_0, i32 0, i32 0, void @empty_0, void @empty_0, void @empty_0, i32 0, i32 0, i32 0, i32 0, void @empty_0, void @empty_0, i32 4294967295, i32 0, i32 0"   --->   Operation 25 'specinterface' 'specinterface_ln0' <Predicate = true> <Delay = 0.00>
ST_1 : Operation 26 [1/1] (0.00ns)   --->   "%specinterface_ln0 = specinterface void @_ssdm_op_SpecInterface, i16 %pw_weights, void @empty_10, i32 0, i32 0, void @empty_0, i32 4294967295, i32 0, void @empty_0, void @empty_0, void @empty_0, i32 0, i32 0, i32 0, i32 0, void @empty_0, void @empty_0, i32 4294967295, i32 0, i32 0"   --->   Operation 26 'specinterface' 'specinterface_ln0' <Predicate = true> <Delay = 0.00>
ST_1 : Operation 27 [1/1] (0.00ns)   --->   "%specinterface_ln0 = specinterface void @_ssdm_op_SpecInterface, i16 %gmem1, void @empty, i32 0, i32 0, void @empty_0, i32 0, i32 0, void @empty_3, void @empty_2, void @empty_0, i32 16, i32 16, i32 16, i32 16, void @empty_0, void @empty_0, i32 4294967295, i32 0, i32 0"   --->   Operation 27 'specinterface' 'specinterface_ln0' <Predicate = true> <Delay = 0.00>
ST_1 : Operation 28 [1/1] (0.00ns)   --->   "%output_tensor_read = read i64 @_ssdm_op_Read.ap_auto.i64, i64 %output_tensor"   --->   Operation 28 'read' 'output_tensor_read' <Predicate = true> <Delay = 0.00>
ST_1 : Operation 29 [1/1] (0.00ns)   --->   "%pixel_channels = alloca i64 1" [MobileNetV2.cpp:76]   --->   Operation 29 'alloca' 'pixel_channels' <Predicate = true> <Delay = 0.00> <CoreInst = "RAM">   --->   Core 82 'RAM' <Latency = 1> <II = 1> <Delay = 0.67> <Storage> <Opcode : 'load' 'store'> <Ports = 2> <Width = 16> <Depth = 32> <RAM>
ST_1 : Operation 30 [1/1] (0.00ns)   --->   "%pixel_channels_addr = getelementptr i16 %pixel_channels, i64 0, i64 0"   --->   Operation 30 'getelementptr' 'pixel_channels_addr' <Predicate = true> <Delay = 0.00>
ST_1 : Operation 31 [1/1] (0.00ns)   --->   "%pixel_channels_addr_1 = getelementptr i16 %pixel_channels, i64 0, i64 1"   --->   Operation 31 'getelementptr' 'pixel_channels_addr_1' <Predicate = true> <Delay = 0.00>
ST_1 : Operation 32 [1/1] (0.00ns)   --->   "%pixel_channels_addr_2 = getelementptr i16 %pixel_channels, i64 0, i64 2"   --->   Operation 32 'getelementptr' 'pixel_channels_addr_2' <Predicate = true> <Delay = 0.00>
ST_1 : Operation 33 [1/1] (0.00ns)   --->   "%pixel_channels_addr_3 = getelementptr i16 %pixel_channels, i64 0, i64 3"   --->   Operation 33 'getelementptr' 'pixel_channels_addr_3' <Predicate = true> <Delay = 0.00>
ST_1 : Operation 34 [1/1] (0.00ns)   --->   "%pixel_channels_addr_4 = getelementptr i16 %pixel_channels, i64 0, i64 4"   --->   Operation 34 'getelementptr' 'pixel_channels_addr_4' <Predicate = true> <Delay = 0.00>
ST_1 : Operation 35 [1/1] (0.00ns)   --->   "%pixel_channels_addr_5 = getelementptr i16 %pixel_channels, i64 0, i64 5"   --->   Operation 35 'getelementptr' 'pixel_channels_addr_5' <Predicate = true> <Delay = 0.00>
ST_1 : Operation 36 [1/1] (0.00ns)   --->   "%pixel_channels_addr_6 = getelementptr i16 %pixel_channels, i64 0, i64 6"   --->   Operation 36 'getelementptr' 'pixel_channels_addr_6' <Predicate = true> <Delay = 0.00>
ST_1 : Operation 37 [1/1] (0.00ns)   --->   "%pixel_channels_addr_7 = getelementptr i16 %pixel_channels, i64 0, i64 7"   --->   Operation 37 'getelementptr' 'pixel_channels_addr_7' <Predicate = true> <Delay = 0.00>
ST_1 : Operation 38 [1/1] (0.00ns)   --->   "%pixel_channels_addr_8 = getelementptr i16 %pixel_channels, i64 0, i64 8"   --->   Operation 38 'getelementptr' 'pixel_channels_addr_8' <Predicate = true> <Delay = 0.00>
ST_1 : Operation 39 [1/1] (0.00ns)   --->   "%pixel_channels_addr_9 = getelementptr i16 %pixel_channels, i64 0, i64 9"   --->   Operation 39 'getelementptr' 'pixel_channels_addr_9' <Predicate = true> <Delay = 0.00>
ST_1 : Operation 40 [1/1] (0.00ns)   --->   "%pixel_channels_addr_10 = getelementptr i16 %pixel_channels, i64 0, i64 10"   --->   Operation 40 'getelementptr' 'pixel_channels_addr_10' <Predicate = true> <Delay = 0.00>
ST_1 : Operation 41 [1/1] (0.00ns)   --->   "%pixel_channels_addr_11 = getelementptr i16 %pixel_channels, i64 0, i64 11"   --->   Operation 41 'getelementptr' 'pixel_channels_addr_11' <Predicate = true> <Delay = 0.00>
ST_1 : Operation 42 [1/1] (0.00ns)   --->   "%pixel_channels_addr_12 = getelementptr i16 %pixel_channels, i64 0, i64 12"   --->   Operation 42 'getelementptr' 'pixel_channels_addr_12' <Predicate = true> <Delay = 0.00>
ST_1 : Operation 43 [1/1] (0.00ns)   --->   "%pixel_channels_addr_13 = getelementptr i16 %pixel_channels, i64 0, i64 13"   --->   Operation 43 'getelementptr' 'pixel_channels_addr_13' <Predicate = true> <Delay = 0.00>
ST_1 : Operation 44 [1/1] (0.00ns)   --->   "%pixel_channels_addr_14 = getelementptr i16 %pixel_channels, i64 0, i64 14"   --->   Operation 44 'getelementptr' 'pixel_channels_addr_14' <Predicate = true> <Delay = 0.00>
ST_1 : Operation 45 [1/1] (0.00ns)   --->   "%pixel_channels_addr_15 = getelementptr i16 %pixel_channels, i64 0, i64 15"   --->   Operation 45 'getelementptr' 'pixel_channels_addr_15' <Predicate = true> <Delay = 0.00>
ST_1 : Operation 46 [1/1] (0.00ns)   --->   "%pixel_channels_addr_16 = getelementptr i16 %pixel_channels, i64 0, i64 16"   --->   Operation 46 'getelementptr' 'pixel_channels_addr_16' <Predicate = true> <Delay = 0.00>
ST_1 : Operation 47 [1/1] (0.00ns)   --->   "%pixel_channels_addr_17 = getelementptr i16 %pixel_channels, i64 0, i64 17"   --->   Operation 47 'getelementptr' 'pixel_channels_addr_17' <Predicate = true> <Delay = 0.00>
ST_1 : Operation 48 [1/1] (0.00ns)   --->   "%pixel_channels_addr_18 = getelementptr i16 %pixel_channels, i64 0, i64 18"   --->   Operation 48 'getelementptr' 'pixel_channels_addr_18' <Predicate = true> <Delay = 0.00>
ST_1 : Operation 49 [1/1] (0.00ns)   --->   "%pixel_channels_addr_19 = getelementptr i16 %pixel_channels, i64 0, i64 19"   --->   Operation 49 'getelementptr' 'pixel_channels_addr_19' <Predicate = true> <Delay = 0.00>
ST_1 : Operation 50 [1/1] (0.00ns)   --->   "%pixel_channels_addr_20 = getelementptr i16 %pixel_channels, i64 0, i64 20"   --->   Operation 50 'getelementptr' 'pixel_channels_addr_20' <Predicate = true> <Delay = 0.00>
ST_1 : Operation 51 [1/1] (0.00ns)   --->   "%pixel_channels_addr_21 = getelementptr i16 %pixel_channels, i64 0, i64 21"   --->   Operation 51 'getelementptr' 'pixel_channels_addr_21' <Predicate = true> <Delay = 0.00>
ST_1 : Operation 52 [1/1] (0.00ns)   --->   "%pixel_channels_addr_22 = getelementptr i16 %pixel_channels, i64 0, i64 22"   --->   Operation 52 'getelementptr' 'pixel_channels_addr_22' <Predicate = true> <Delay = 0.00>
ST_1 : Operation 53 [1/1] (0.00ns)   --->   "%pixel_channels_addr_23 = getelementptr i16 %pixel_channels, i64 0, i64 23"   --->   Operation 53 'getelementptr' 'pixel_channels_addr_23' <Predicate = true> <Delay = 0.00>
ST_1 : Operation 54 [1/1] (0.00ns)   --->   "%pixel_channels_addr_24 = getelementptr i16 %pixel_channels, i64 0, i64 24"   --->   Operation 54 'getelementptr' 'pixel_channels_addr_24' <Predicate = true> <Delay = 0.00>
ST_1 : Operation 55 [1/1] (0.00ns)   --->   "%pixel_channels_addr_25 = getelementptr i16 %pixel_channels, i64 0, i64 25"   --->   Operation 55 'getelementptr' 'pixel_channels_addr_25' <Predicate = true> <Delay = 0.00>
ST_1 : Operation 56 [1/1] (0.00ns)   --->   "%pixel_channels_addr_26 = getelementptr i16 %pixel_channels, i64 0, i64 26"   --->   Operation 56 'getelementptr' 'pixel_channels_addr_26' <Predicate = true> <Delay = 0.00>
ST_1 : Operation 57 [1/1] (0.00ns)   --->   "%pixel_channels_addr_27 = getelementptr i16 %pixel_channels, i64 0, i64 27"   --->   Operation 57 'getelementptr' 'pixel_channels_addr_27' <Predicate = true> <Delay = 0.00>
ST_1 : Operation 58 [1/1] (0.00ns)   --->   "%pixel_channels_addr_28 = getelementptr i16 %pixel_channels, i64 0, i64 28"   --->   Operation 58 'getelementptr' 'pixel_channels_addr_28' <Predicate = true> <Delay = 0.00>
ST_1 : Operation 59 [1/1] (0.00ns)   --->   "%pixel_channels_addr_29 = getelementptr i16 %pixel_channels, i64 0, i64 29"   --->   Operation 59 'getelementptr' 'pixel_channels_addr_29' <Predicate = true> <Delay = 0.00>
ST_1 : Operation 60 [1/1] (0.00ns)   --->   "%pixel_channels_addr_30 = getelementptr i16 %pixel_channels, i64 0, i64 30"   --->   Operation 60 'getelementptr' 'pixel_channels_addr_30' <Predicate = true> <Delay = 0.00>
ST_1 : Operation 61 [1/1] (0.00ns)   --->   "%pixel_channels_addr_31 = getelementptr i16 %pixel_channels, i64 0, i64 31"   --->   Operation 61 'getelementptr' 'pixel_channels_addr_31' <Predicate = true> <Delay = 0.00>
ST_1 : Operation 62 [1/1] (0.42ns)   --->   "%store_ln72 = store i6 0, i6 %r" [MobileNetV2.cpp:72]   --->   Operation 62 'store' 'store_ln72' <Predicate = true> <Delay = 0.42>
ST_1 : Operation 63 [1/1] (0.42ns)   --->   "%store_ln0 = store i12 0, i12 %phi_mul390"   --->   Operation 63 'store' 'store_ln0' <Predicate = true> <Delay = 0.42>
ST_1 : Operation 64 [1/1] (0.00ns)   --->   "%br_ln72 = br void %VITIS_LOOP_73_2" [MobileNetV2.cpp:72]   --->   Operation 64 'br' 'br_ln72' <Predicate = true> <Delay = 0.00>

State 2 <SV = 1> <Delay = 1.20>
ST_2 : Operation 65 [1/1] (0.00ns)   --->   "%phi_mul390_load = load i12 %phi_mul390"   --->   Operation 65 'load' 'phi_mul390_load' <Predicate = true> <Delay = 0.00>
ST_2 : Operation 66 [1/1] (0.00ns)   --->   "%r_1 = load i6 %r" [MobileNetV2.cpp:72]   --->   Operation 66 'load' 'r_1' <Predicate = true> <Delay = 0.00>
ST_2 : Operation 67 [1/1] (0.80ns)   --->   "%add_ln72_1 = add i12 %phi_mul390_load, i12 54" [MobileNetV2.cpp:72]   --->   Operation 67 'add' 'add_ln72_1' <Predicate = true> <Delay = 0.80> <CoreInst = "Adder">   --->   Core 1 'Adder' <Latency = 0> <II = 1> <Delay = 0.80> <FuncUnit> <Opcode : 'add' 'sub'> <InPorts = 2> <OutPorts = 1>
ST_2 : Operation 68 [1/1] (0.78ns)   --->   "%icmp_ln72 = icmp_eq  i6 %r_1, i6 54" [MobileNetV2.cpp:72]   --->   Operation 68 'icmp' 'icmp_ln72' <Predicate = true> <Delay = 0.78> <CoreInst = "Cmp">   --->   Core 9 'Cmp' <Latency = 0> <II = 1> <Delay = 0.78> <FuncUnit> <Opcode : 'seteq' 'setne' 'setle' 'setge' 'setlt' 'setgt'> <InPorts = 2> <OutPorts = 1>
ST_2 : Operation 69 [1/1] (0.78ns)   --->   "%add_ln72 = add i6 %r_1, i6 1" [MobileNetV2.cpp:72]   --->   Operation 69 'add' 'add_ln72' <Predicate = true> <Delay = 0.78> <CoreInst = "Adder">   --->   Core 1 'Adder' <Latency = 0> <II = 1> <Delay = 0.78> <FuncUnit> <Opcode : 'add' 'sub'> <InPorts = 2> <OutPorts = 1>
ST_2 : Operation 70 [1/1] (0.00ns)   --->   "%br_ln72 = br i1 %icmp_ln72, void %VITIS_LOOP_73_2.split, void %for.end40" [MobileNetV2.cpp:72]   --->   Operation 70 'br' 'br_ln72' <Predicate = true> <Delay = 0.00>
ST_2 : Operation 71 [1/1] (0.00ns)   --->   "%speclooptripcount_ln72 = speclooptripcount void @_ssdm_op_SpecLoopTripCount, i64 54, i64 54, i64 54" [MobileNetV2.cpp:72]   --->   Operation 71 'speclooptripcount' 'speclooptripcount_ln72' <Predicate = (!icmp_ln72)> <Delay = 0.00>
ST_2 : Operation 72 [1/1] (0.00ns)   --->   "%specloopname_ln72 = specloopname void @_ssdm_op_SpecLoopName, void @empty_16" [MobileNetV2.cpp:72]   --->   Operation 72 'specloopname' 'specloopname_ln72' <Predicate = (!icmp_ln72)> <Delay = 0.00>
ST_2 : Operation 73 [1/1] (0.42ns)   --->   "%br_ln73 = br void %VITIS_LOOP_77_3" [MobileNetV2.cpp:73]   --->   Operation 73 'br' 'br_ln73' <Predicate = (!icmp_ln72)> <Delay = 0.42>
ST_2 : Operation 74 [1/1] (0.00ns)   --->   "%ret_ln93 = ret" [MobileNetV2.cpp:93]   --->   Operation 74 'ret' 'ret_ln93' <Predicate = (icmp_ln72)> <Delay = 0.00>

State 3 <SV = 2> <Delay = 1.20>
ST_3 : Operation 75 [1/1] (0.00ns)   --->   "%c = phi i6 0, void %VITIS_LOOP_73_2.split, i6 %add_ln73, void %VITIS_LOOP_77_3.split" [MobileNetV2.cpp:73]   --->   Operation 75 'phi' 'c' <Predicate = true> <Delay = 0.00>
ST_3 : Operation 76 [1/1] (0.78ns)   --->   "%icmp_ln73 = icmp_eq  i6 %c, i6 54" [MobileNetV2.cpp:73]   --->   Operation 76 'icmp' 'icmp_ln73' <Predicate = true> <Delay = 0.78> <CoreInst = "Cmp">   --->   Core 9 'Cmp' <Latency = 0> <II = 1> <Delay = 0.78> <FuncUnit> <Opcode : 'seteq' 'setne' 'setle' 'setge' 'setlt' 'setgt'> <InPorts = 2> <OutPorts = 1>
ST_3 : Operation 77 [1/1] (0.78ns)   --->   "%add_ln73 = add i6 %c, i6 1" [MobileNetV2.cpp:73]   --->   Operation 77 'add' 'add_ln73' <Predicate = true> <Delay = 0.78> <CoreInst = "Adder">   --->   Core 1 'Adder' <Latency = 0> <II = 1> <Delay = 0.78> <FuncUnit> <Opcode : 'add' 'sub'> <InPorts = 2> <OutPorts = 1>
ST_3 : Operation 78 [1/1] (0.00ns)   --->   "%br_ln73 = br i1 %icmp_ln73, void %VITIS_LOOP_77_3.split, void %for.inc38" [MobileNetV2.cpp:73]   --->   Operation 78 'br' 'br_ln73' <Predicate = true> <Delay = 0.00>
ST_3 : Operation 79 [1/1] (0.00ns)   --->   "%zext_ln73 = zext i6 %c" [MobileNetV2.cpp:73]   --->   Operation 79 'zext' 'zext_ln73' <Predicate = (!icmp_ln73)> <Delay = 0.00>
ST_3 : Operation 80 [2/2] (0.00ns)   --->   "%call_ln0 = call void @pointwise_conv_Pipeline_VITIS_LOOP_77_3, i16 %internal_fifo, i16 %pixel_channels"   --->   Operation 80 'call' 'call_ln0' <Predicate = (!icmp_ln73)> <Delay = 0.00> <CoreType = "Generic">   --->   Generic Core
ST_3 : Operation 81 [1/1] (0.80ns)   --->   "%thr_add = add i12 %phi_mul390_load, i12 %zext_ln73" [MobileNetV2.cpp:73]   --->   Operation 81 'add' 'thr_add' <Predicate = (!icmp_ln73)> <Delay = 0.80> <CoreInst = "Adder">   --->   Core 1 'Adder' <Latency = 0> <II = 1> <Delay = 0.80> <FuncUnit> <Opcode : 'add' 'sub'> <InPorts = 2> <OutPorts = 1>
ST_3 : Operation 82 [1/1] (0.42ns)   --->   "%store_ln72 = store i6 %add_ln72, i6 %r" [MobileNetV2.cpp:72]   --->   Operation 82 'store' 'store_ln72' <Predicate = (icmp_ln73)> <Delay = 0.42>
ST_3 : Operation 83 [1/1] (0.42ns)   --->   "%store_ln72 = store i12 %add_ln72_1, i12 %phi_mul390" [MobileNetV2.cpp:72]   --->   Operation 83 'store' 'store_ln72' <Predicate = (icmp_ln73)> <Delay = 0.42>
ST_3 : Operation 84 [1/1] (0.00ns)   --->   "%br_ln72 = br void %VITIS_LOOP_73_2" [MobileNetV2.cpp:72]   --->   Operation 84 'br' 'br_ln72' <Predicate = (icmp_ln73)> <Delay = 0.00>

State 4 <SV = 3> <Delay = 1.63>
ST_4 : Operation 85 [1/2] (1.63ns)   --->   "%call_ln0 = call void @pointwise_conv_Pipeline_VITIS_LOOP_77_3, i16 %internal_fifo, i16 %pixel_channels"   --->   Operation 85 'call' 'call_ln0' <Predicate = true> <Delay = 1.63> <CoreType = "Generic">   --->   Generic Core

State 5 <SV = 4> <Delay = 0.00>
ST_5 : Operation 86 [2/2] (0.67ns)   --->   "%pixel_channels_load = load i5 %pixel_channels_addr"   --->   Operation 86 'load' 'pixel_channels_load' <Predicate = true> <Delay = 0.67> <CoreInst = "RAM">   --->   Core 82 'RAM' <Latency = 1> <II = 1> <Delay = 0.67> <Storage> <Opcode : 'load' 'store'> <Ports = 2> <Width = 16> <Depth = 32> <RAM>
ST_5 : Operation 87 [2/2] (0.67ns)   --->   "%pixel_channels_load_1 = load i5 %pixel_channels_addr_1"   --->   Operation 87 'load' 'pixel_channels_load_1' <Predicate = true> <Delay = 0.67> <CoreInst = "RAM">   --->   Core 82 'RAM' <Latency = 1> <II = 1> <Delay = 0.67> <Storage> <Opcode : 'load' 'store'> <Ports = 2> <Width = 16> <Depth = 32> <RAM>

State 6 <SV = 5> <Delay = 0.67>
ST_6 : Operation 88 [1/2] ( I:0.67ns O:0.67ns )   --->   "%pixel_channels_load = load i5 %pixel_channels_addr"   --->   Operation 88 'load' 'pixel_channels_load' <Predicate = true> <Delay = 0.67> <CoreInst = "RAM">   --->   Core 82 'RAM' <Latency = 1> <II = 1> <Delay = 0.67> <Storage> <Opcode : 'load' 'store'> <Ports = 2> <Width = 16> <Depth = 32> <RAM>
ST_6 : Operation 89 [1/2] ( I:0.67ns O:0.67ns )   --->   "%pixel_channels_load_1 = load i5 %pixel_channels_addr_1"   --->   Operation 89 'load' 'pixel_channels_load_1' <Predicate = true> <Delay = 0.67> <CoreInst = "RAM">   --->   Core 82 'RAM' <Latency = 1> <II = 1> <Delay = 0.67> <Storage> <Opcode : 'load' 'store'> <Ports = 2> <Width = 16> <Depth = 32> <RAM>
ST_6 : Operation 90 [2/2] (0.67ns)   --->   "%pixel_channels_load_2 = load i5 %pixel_channels_addr_2"   --->   Operation 90 'load' 'pixel_channels_load_2' <Predicate = true> <Delay = 0.67> <CoreInst = "RAM">   --->   Core 82 'RAM' <Latency = 1> <II = 1> <Delay = 0.67> <Storage> <Opcode : 'load' 'store'> <Ports = 2> <Width = 16> <Depth = 32> <RAM>
ST_6 : Operation 91 [2/2] (0.67ns)   --->   "%pixel_channels_load_3 = load i5 %pixel_channels_addr_3"   --->   Operation 91 'load' 'pixel_channels_load_3' <Predicate = true> <Delay = 0.67> <CoreInst = "RAM">   --->   Core 82 'RAM' <Latency = 1> <II = 1> <Delay = 0.67> <Storage> <Opcode : 'load' 'store'> <Ports = 2> <Width = 16> <Depth = 32> <RAM>

State 7 <SV = 6> <Delay = 0.67>
ST_7 : Operation 92 [1/2] ( I:0.67ns O:0.67ns )   --->   "%pixel_channels_load_2 = load i5 %pixel_channels_addr_2"   --->   Operation 92 'load' 'pixel_channels_load_2' <Predicate = true> <Delay = 0.67> <CoreInst = "RAM">   --->   Core 82 'RAM' <Latency = 1> <II = 1> <Delay = 0.67> <Storage> <Opcode : 'load' 'store'> <Ports = 2> <Width = 16> <Depth = 32> <RAM>
ST_7 : Operation 93 [1/2] ( I:0.67ns O:0.67ns )   --->   "%pixel_channels_load_3 = load i5 %pixel_channels_addr_3"   --->   Operation 93 'load' 'pixel_channels_load_3' <Predicate = true> <Delay = 0.67> <CoreInst = "RAM">   --->   Core 82 'RAM' <Latency = 1> <II = 1> <Delay = 0.67> <Storage> <Opcode : 'load' 'store'> <Ports = 2> <Width = 16> <Depth = 32> <RAM>
ST_7 : Operation 94 [2/2] (0.67ns)   --->   "%pixel_channels_load_4 = load i5 %pixel_channels_addr_4"   --->   Operation 94 'load' 'pixel_channels_load_4' <Predicate = true> <Delay = 0.67> <CoreInst = "RAM">   --->   Core 82 'RAM' <Latency = 1> <II = 1> <Delay = 0.67> <Storage> <Opcode : 'load' 'store'> <Ports = 2> <Width = 16> <Depth = 32> <RAM>
ST_7 : Operation 95 [2/2] (0.67ns)   --->   "%pixel_channels_load_5 = load i5 %pixel_channels_addr_5"   --->   Operation 95 'load' 'pixel_channels_load_5' <Predicate = true> <Delay = 0.67> <CoreInst = "RAM">   --->   Core 82 'RAM' <Latency = 1> <II = 1> <Delay = 0.67> <Storage> <Opcode : 'load' 'store'> <Ports = 2> <Width = 16> <Depth = 32> <RAM>

State 8 <SV = 7> <Delay = 0.67>
ST_8 : Operation 96 [1/2] ( I:0.67ns O:0.67ns )   --->   "%pixel_channels_load_4 = load i5 %pixel_channels_addr_4"   --->   Operation 96 'load' 'pixel_channels_load_4' <Predicate = true> <Delay = 0.67> <CoreInst = "RAM">   --->   Core 82 'RAM' <Latency = 1> <II = 1> <Delay = 0.67> <Storage> <Opcode : 'load' 'store'> <Ports = 2> <Width = 16> <Depth = 32> <RAM>
ST_8 : Operation 97 [1/2] ( I:0.67ns O:0.67ns )   --->   "%pixel_channels_load_5 = load i5 %pixel_channels_addr_5"   --->   Operation 97 'load' 'pixel_channels_load_5' <Predicate = true> <Delay = 0.67> <CoreInst = "RAM">   --->   Core 82 'RAM' <Latency = 1> <II = 1> <Delay = 0.67> <Storage> <Opcode : 'load' 'store'> <Ports = 2> <Width = 16> <Depth = 32> <RAM>
ST_8 : Operation 98 [2/2] (0.67ns)   --->   "%pixel_channels_load_6 = load i5 %pixel_channels_addr_6"   --->   Operation 98 'load' 'pixel_channels_load_6' <Predicate = true> <Delay = 0.67> <CoreInst = "RAM">   --->   Core 82 'RAM' <Latency = 1> <II = 1> <Delay = 0.67> <Storage> <Opcode : 'load' 'store'> <Ports = 2> <Width = 16> <Depth = 32> <RAM>
ST_8 : Operation 99 [2/2] (0.67ns)   --->   "%pixel_channels_load_7 = load i5 %pixel_channels_addr_7"   --->   Operation 99 'load' 'pixel_channels_load_7' <Predicate = true> <Delay = 0.67> <CoreInst = "RAM">   --->   Core 82 'RAM' <Latency = 1> <II = 1> <Delay = 0.67> <Storage> <Opcode : 'load' 'store'> <Ports = 2> <Width = 16> <Depth = 32> <RAM>

State 9 <SV = 8> <Delay = 0.67>
ST_9 : Operation 100 [1/2] ( I:0.67ns O:0.67ns )   --->   "%pixel_channels_load_6 = load i5 %pixel_channels_addr_6"   --->   Operation 100 'load' 'pixel_channels_load_6' <Predicate = true> <Delay = 0.67> <CoreInst = "RAM">   --->   Core 82 'RAM' <Latency = 1> <II = 1> <Delay = 0.67> <Storage> <Opcode : 'load' 'store'> <Ports = 2> <Width = 16> <Depth = 32> <RAM>
ST_9 : Operation 101 [1/2] ( I:0.67ns O:0.67ns )   --->   "%pixel_channels_load_7 = load i5 %pixel_channels_addr_7"   --->   Operation 101 'load' 'pixel_channels_load_7' <Predicate = true> <Delay = 0.67> <CoreInst = "RAM">   --->   Core 82 'RAM' <Latency = 1> <II = 1> <Delay = 0.67> <Storage> <Opcode : 'load' 'store'> <Ports = 2> <Width = 16> <Depth = 32> <RAM>
ST_9 : Operation 102 [2/2] (0.67ns)   --->   "%pixel_channels_load_8 = load i5 %pixel_channels_addr_8"   --->   Operation 102 'load' 'pixel_channels_load_8' <Predicate = true> <Delay = 0.67> <CoreInst = "RAM">   --->   Core 82 'RAM' <Latency = 1> <II = 1> <Delay = 0.67> <Storage> <Opcode : 'load' 'store'> <Ports = 2> <Width = 16> <Depth = 32> <RAM>
ST_9 : Operation 103 [2/2] (0.67ns)   --->   "%pixel_channels_load_9 = load i5 %pixel_channels_addr_9"   --->   Operation 103 'load' 'pixel_channels_load_9' <Predicate = true> <Delay = 0.67> <CoreInst = "RAM">   --->   Core 82 'RAM' <Latency = 1> <II = 1> <Delay = 0.67> <Storage> <Opcode : 'load' 'store'> <Ports = 2> <Width = 16> <Depth = 32> <RAM>

State 10 <SV = 9> <Delay = 0.67>
ST_10 : Operation 104 [1/2] ( I:0.67ns O:0.67ns )   --->   "%pixel_channels_load_8 = load i5 %pixel_channels_addr_8"   --->   Operation 104 'load' 'pixel_channels_load_8' <Predicate = true> <Delay = 0.67> <CoreInst = "RAM">   --->   Core 82 'RAM' <Latency = 1> <II = 1> <Delay = 0.67> <Storage> <Opcode : 'load' 'store'> <Ports = 2> <Width = 16> <Depth = 32> <RAM>
ST_10 : Operation 105 [1/2] ( I:0.67ns O:0.67ns )   --->   "%pixel_channels_load_9 = load i5 %pixel_channels_addr_9"   --->   Operation 105 'load' 'pixel_channels_load_9' <Predicate = true> <Delay = 0.67> <CoreInst = "RAM">   --->   Core 82 'RAM' <Latency = 1> <II = 1> <Delay = 0.67> <Storage> <Opcode : 'load' 'store'> <Ports = 2> <Width = 16> <Depth = 32> <RAM>
ST_10 : Operation 106 [2/2] (0.67ns)   --->   "%pixel_channels_load_10 = load i5 %pixel_channels_addr_10"   --->   Operation 106 'load' 'pixel_channels_load_10' <Predicate = true> <Delay = 0.67> <CoreInst = "RAM">   --->   Core 82 'RAM' <Latency = 1> <II = 1> <Delay = 0.67> <Storage> <Opcode : 'load' 'store'> <Ports = 2> <Width = 16> <Depth = 32> <RAM>
ST_10 : Operation 107 [2/2] (0.67ns)   --->   "%pixel_channels_load_11 = load i5 %pixel_channels_addr_11"   --->   Operation 107 'load' 'pixel_channels_load_11' <Predicate = true> <Delay = 0.67> <CoreInst = "RAM">   --->   Core 82 'RAM' <Latency = 1> <II = 1> <Delay = 0.67> <Storage> <Opcode : 'load' 'store'> <Ports = 2> <Width = 16> <Depth = 32> <RAM>

State 11 <SV = 10> <Delay = 0.67>
ST_11 : Operation 108 [1/2] ( I:0.67ns O:0.67ns )   --->   "%pixel_channels_load_10 = load i5 %pixel_channels_addr_10"   --->   Operation 108 'load' 'pixel_channels_load_10' <Predicate = true> <Delay = 0.67> <CoreInst = "RAM">   --->   Core 82 'RAM' <Latency = 1> <II = 1> <Delay = 0.67> <Storage> <Opcode : 'load' 'store'> <Ports = 2> <Width = 16> <Depth = 32> <RAM>
ST_11 : Operation 109 [1/2] ( I:0.67ns O:0.67ns )   --->   "%pixel_channels_load_11 = load i5 %pixel_channels_addr_11"   --->   Operation 109 'load' 'pixel_channels_load_11' <Predicate = true> <Delay = 0.67> <CoreInst = "RAM">   --->   Core 82 'RAM' <Latency = 1> <II = 1> <Delay = 0.67> <Storage> <Opcode : 'load' 'store'> <Ports = 2> <Width = 16> <Depth = 32> <RAM>
ST_11 : Operation 110 [2/2] (0.67ns)   --->   "%pixel_channels_load_12 = load i5 %pixel_channels_addr_12"   --->   Operation 110 'load' 'pixel_channels_load_12' <Predicate = true> <Delay = 0.67> <CoreInst = "RAM">   --->   Core 82 'RAM' <Latency = 1> <II = 1> <Delay = 0.67> <Storage> <Opcode : 'load' 'store'> <Ports = 2> <Width = 16> <Depth = 32> <RAM>
ST_11 : Operation 111 [2/2] (0.67ns)   --->   "%pixel_channels_load_13 = load i5 %pixel_channels_addr_13"   --->   Operation 111 'load' 'pixel_channels_load_13' <Predicate = true> <Delay = 0.67> <CoreInst = "RAM">   --->   Core 82 'RAM' <Latency = 1> <II = 1> <Delay = 0.67> <Storage> <Opcode : 'load' 'store'> <Ports = 2> <Width = 16> <Depth = 32> <RAM>

State 12 <SV = 11> <Delay = 0.67>
ST_12 : Operation 112 [1/2] ( I:0.67ns O:0.67ns )   --->   "%pixel_channels_load_12 = load i5 %pixel_channels_addr_12"   --->   Operation 112 'load' 'pixel_channels_load_12' <Predicate = true> <Delay = 0.67> <CoreInst = "RAM">   --->   Core 82 'RAM' <Latency = 1> <II = 1> <Delay = 0.67> <Storage> <Opcode : 'load' 'store'> <Ports = 2> <Width = 16> <Depth = 32> <RAM>
ST_12 : Operation 113 [1/2] ( I:0.67ns O:0.67ns )   --->   "%pixel_channels_load_13 = load i5 %pixel_channels_addr_13"   --->   Operation 113 'load' 'pixel_channels_load_13' <Predicate = true> <Delay = 0.67> <CoreInst = "RAM">   --->   Core 82 'RAM' <Latency = 1> <II = 1> <Delay = 0.67> <Storage> <Opcode : 'load' 'store'> <Ports = 2> <Width = 16> <Depth = 32> <RAM>
ST_12 : Operation 114 [2/2] (0.67ns)   --->   "%pixel_channels_load_14 = load i5 %pixel_channels_addr_14"   --->   Operation 114 'load' 'pixel_channels_load_14' <Predicate = true> <Delay = 0.67> <CoreInst = "RAM">   --->   Core 82 'RAM' <Latency = 1> <II = 1> <Delay = 0.67> <Storage> <Opcode : 'load' 'store'> <Ports = 2> <Width = 16> <Depth = 32> <RAM>
ST_12 : Operation 115 [2/2] (0.67ns)   --->   "%pixel_channels_load_15 = load i5 %pixel_channels_addr_15"   --->   Operation 115 'load' 'pixel_channels_load_15' <Predicate = true> <Delay = 0.67> <CoreInst = "RAM">   --->   Core 82 'RAM' <Latency = 1> <II = 1> <Delay = 0.67> <Storage> <Opcode : 'load' 'store'> <Ports = 2> <Width = 16> <Depth = 32> <RAM>

State 13 <SV = 12> <Delay = 0.67>
ST_13 : Operation 116 [1/2] ( I:0.67ns O:0.67ns )   --->   "%pixel_channels_load_14 = load i5 %pixel_channels_addr_14"   --->   Operation 116 'load' 'pixel_channels_load_14' <Predicate = true> <Delay = 0.67> <CoreInst = "RAM">   --->   Core 82 'RAM' <Latency = 1> <II = 1> <Delay = 0.67> <Storage> <Opcode : 'load' 'store'> <Ports = 2> <Width = 16> <Depth = 32> <RAM>
ST_13 : Operation 117 [1/2] ( I:0.67ns O:0.67ns )   --->   "%pixel_channels_load_15 = load i5 %pixel_channels_addr_15"   --->   Operation 117 'load' 'pixel_channels_load_15' <Predicate = true> <Delay = 0.67> <CoreInst = "RAM">   --->   Core 82 'RAM' <Latency = 1> <II = 1> <Delay = 0.67> <Storage> <Opcode : 'load' 'store'> <Ports = 2> <Width = 16> <Depth = 32> <RAM>
ST_13 : Operation 118 [2/2] (0.67ns)   --->   "%pixel_channels_load_16 = load i5 %pixel_channels_addr_16"   --->   Operation 118 'load' 'pixel_channels_load_16' <Predicate = true> <Delay = 0.67> <CoreInst = "RAM">   --->   Core 82 'RAM' <Latency = 1> <II = 1> <Delay = 0.67> <Storage> <Opcode : 'load' 'store'> <Ports = 2> <Width = 16> <Depth = 32> <RAM>
ST_13 : Operation 119 [2/2] (0.67ns)   --->   "%pixel_channels_load_17 = load i5 %pixel_channels_addr_17"   --->   Operation 119 'load' 'pixel_channels_load_17' <Predicate = true> <Delay = 0.67> <CoreInst = "RAM">   --->   Core 82 'RAM' <Latency = 1> <II = 1> <Delay = 0.67> <Storage> <Opcode : 'load' 'store'> <Ports = 2> <Width = 16> <Depth = 32> <RAM>

State 14 <SV = 13> <Delay = 0.67>
ST_14 : Operation 120 [1/2] ( I:0.67ns O:0.67ns )   --->   "%pixel_channels_load_16 = load i5 %pixel_channels_addr_16"   --->   Operation 120 'load' 'pixel_channels_load_16' <Predicate = true> <Delay = 0.67> <CoreInst = "RAM">   --->   Core 82 'RAM' <Latency = 1> <II = 1> <Delay = 0.67> <Storage> <Opcode : 'load' 'store'> <Ports = 2> <Width = 16> <Depth = 32> <RAM>
ST_14 : Operation 121 [1/2] ( I:0.67ns O:0.67ns )   --->   "%pixel_channels_load_17 = load i5 %pixel_channels_addr_17"   --->   Operation 121 'load' 'pixel_channels_load_17' <Predicate = true> <Delay = 0.67> <CoreInst = "RAM">   --->   Core 82 'RAM' <Latency = 1> <II = 1> <Delay = 0.67> <Storage> <Opcode : 'load' 'store'> <Ports = 2> <Width = 16> <Depth = 32> <RAM>
ST_14 : Operation 122 [2/2] (0.67ns)   --->   "%pixel_channels_load_18 = load i5 %pixel_channels_addr_18"   --->   Operation 122 'load' 'pixel_channels_load_18' <Predicate = true> <Delay = 0.67> <CoreInst = "RAM">   --->   Core 82 'RAM' <Latency = 1> <II = 1> <Delay = 0.67> <Storage> <Opcode : 'load' 'store'> <Ports = 2> <Width = 16> <Depth = 32> <RAM>
ST_14 : Operation 123 [2/2] (0.67ns)   --->   "%pixel_channels_load_19 = load i5 %pixel_channels_addr_19"   --->   Operation 123 'load' 'pixel_channels_load_19' <Predicate = true> <Delay = 0.67> <CoreInst = "RAM">   --->   Core 82 'RAM' <Latency = 1> <II = 1> <Delay = 0.67> <Storage> <Opcode : 'load' 'store'> <Ports = 2> <Width = 16> <Depth = 32> <RAM>

State 15 <SV = 14> <Delay = 0.67>
ST_15 : Operation 124 [1/2] ( I:0.67ns O:0.67ns )   --->   "%pixel_channels_load_18 = load i5 %pixel_channels_addr_18"   --->   Operation 124 'load' 'pixel_channels_load_18' <Predicate = true> <Delay = 0.67> <CoreInst = "RAM">   --->   Core 82 'RAM' <Latency = 1> <II = 1> <Delay = 0.67> <Storage> <Opcode : 'load' 'store'> <Ports = 2> <Width = 16> <Depth = 32> <RAM>
ST_15 : Operation 125 [1/2] ( I:0.67ns O:0.67ns )   --->   "%pixel_channels_load_19 = load i5 %pixel_channels_addr_19"   --->   Operation 125 'load' 'pixel_channels_load_19' <Predicate = true> <Delay = 0.67> <CoreInst = "RAM">   --->   Core 82 'RAM' <Latency = 1> <II = 1> <Delay = 0.67> <Storage> <Opcode : 'load' 'store'> <Ports = 2> <Width = 16> <Depth = 32> <RAM>
ST_15 : Operation 126 [2/2] (0.67ns)   --->   "%pixel_channels_load_20 = load i5 %pixel_channels_addr_20"   --->   Operation 126 'load' 'pixel_channels_load_20' <Predicate = true> <Delay = 0.67> <CoreInst = "RAM">   --->   Core 82 'RAM' <Latency = 1> <II = 1> <Delay = 0.67> <Storage> <Opcode : 'load' 'store'> <Ports = 2> <Width = 16> <Depth = 32> <RAM>
ST_15 : Operation 127 [2/2] (0.67ns)   --->   "%pixel_channels_load_21 = load i5 %pixel_channels_addr_21"   --->   Operation 127 'load' 'pixel_channels_load_21' <Predicate = true> <Delay = 0.67> <CoreInst = "RAM">   --->   Core 82 'RAM' <Latency = 1> <II = 1> <Delay = 0.67> <Storage> <Opcode : 'load' 'store'> <Ports = 2> <Width = 16> <Depth = 32> <RAM>

State 16 <SV = 15> <Delay = 0.67>
ST_16 : Operation 128 [1/2] ( I:0.67ns O:0.67ns )   --->   "%pixel_channels_load_20 = load i5 %pixel_channels_addr_20"   --->   Operation 128 'load' 'pixel_channels_load_20' <Predicate = true> <Delay = 0.67> <CoreInst = "RAM">   --->   Core 82 'RAM' <Latency = 1> <II = 1> <Delay = 0.67> <Storage> <Opcode : 'load' 'store'> <Ports = 2> <Width = 16> <Depth = 32> <RAM>
ST_16 : Operation 129 [1/2] ( I:0.67ns O:0.67ns )   --->   "%pixel_channels_load_21 = load i5 %pixel_channels_addr_21"   --->   Operation 129 'load' 'pixel_channels_load_21' <Predicate = true> <Delay = 0.67> <CoreInst = "RAM">   --->   Core 82 'RAM' <Latency = 1> <II = 1> <Delay = 0.67> <Storage> <Opcode : 'load' 'store'> <Ports = 2> <Width = 16> <Depth = 32> <RAM>
ST_16 : Operation 130 [2/2] (0.67ns)   --->   "%pixel_channels_load_22 = load i5 %pixel_channels_addr_22"   --->   Operation 130 'load' 'pixel_channels_load_22' <Predicate = true> <Delay = 0.67> <CoreInst = "RAM">   --->   Core 82 'RAM' <Latency = 1> <II = 1> <Delay = 0.67> <Storage> <Opcode : 'load' 'store'> <Ports = 2> <Width = 16> <Depth = 32> <RAM>
ST_16 : Operation 131 [2/2] (0.67ns)   --->   "%pixel_channels_load_23 = load i5 %pixel_channels_addr_23"   --->   Operation 131 'load' 'pixel_channels_load_23' <Predicate = true> <Delay = 0.67> <CoreInst = "RAM">   --->   Core 82 'RAM' <Latency = 1> <II = 1> <Delay = 0.67> <Storage> <Opcode : 'load' 'store'> <Ports = 2> <Width = 16> <Depth = 32> <RAM>

State 17 <SV = 16> <Delay = 0.67>
ST_17 : Operation 132 [1/2] ( I:0.67ns O:0.67ns )   --->   "%pixel_channels_load_22 = load i5 %pixel_channels_addr_22"   --->   Operation 132 'load' 'pixel_channels_load_22' <Predicate = true> <Delay = 0.67> <CoreInst = "RAM">   --->   Core 82 'RAM' <Latency = 1> <II = 1> <Delay = 0.67> <Storage> <Opcode : 'load' 'store'> <Ports = 2> <Width = 16> <Depth = 32> <RAM>
ST_17 : Operation 133 [1/2] ( I:0.67ns O:0.67ns )   --->   "%pixel_channels_load_23 = load i5 %pixel_channels_addr_23"   --->   Operation 133 'load' 'pixel_channels_load_23' <Predicate = true> <Delay = 0.67> <CoreInst = "RAM">   --->   Core 82 'RAM' <Latency = 1> <II = 1> <Delay = 0.67> <Storage> <Opcode : 'load' 'store'> <Ports = 2> <Width = 16> <Depth = 32> <RAM>
ST_17 : Operation 134 [2/2] (0.67ns)   --->   "%pixel_channels_load_24 = load i5 %pixel_channels_addr_24"   --->   Operation 134 'load' 'pixel_channels_load_24' <Predicate = true> <Delay = 0.67> <CoreInst = "RAM">   --->   Core 82 'RAM' <Latency = 1> <II = 1> <Delay = 0.67> <Storage> <Opcode : 'load' 'store'> <Ports = 2> <Width = 16> <Depth = 32> <RAM>
ST_17 : Operation 135 [2/2] (0.67ns)   --->   "%pixel_channels_load_25 = load i5 %pixel_channels_addr_25"   --->   Operation 135 'load' 'pixel_channels_load_25' <Predicate = true> <Delay = 0.67> <CoreInst = "RAM">   --->   Core 82 'RAM' <Latency = 1> <II = 1> <Delay = 0.67> <Storage> <Opcode : 'load' 'store'> <Ports = 2> <Width = 16> <Depth = 32> <RAM>

State 18 <SV = 17> <Delay = 0.67>
ST_18 : Operation 136 [1/2] ( I:0.67ns O:0.67ns )   --->   "%pixel_channels_load_24 = load i5 %pixel_channels_addr_24"   --->   Operation 136 'load' 'pixel_channels_load_24' <Predicate = true> <Delay = 0.67> <CoreInst = "RAM">   --->   Core 82 'RAM' <Latency = 1> <II = 1> <Delay = 0.67> <Storage> <Opcode : 'load' 'store'> <Ports = 2> <Width = 16> <Depth = 32> <RAM>
ST_18 : Operation 137 [1/2] ( I:0.67ns O:0.67ns )   --->   "%pixel_channels_load_25 = load i5 %pixel_channels_addr_25"   --->   Operation 137 'load' 'pixel_channels_load_25' <Predicate = true> <Delay = 0.67> <CoreInst = "RAM">   --->   Core 82 'RAM' <Latency = 1> <II = 1> <Delay = 0.67> <Storage> <Opcode : 'load' 'store'> <Ports = 2> <Width = 16> <Depth = 32> <RAM>
ST_18 : Operation 138 [2/2] (0.67ns)   --->   "%pixel_channels_load_26 = load i5 %pixel_channels_addr_26"   --->   Operation 138 'load' 'pixel_channels_load_26' <Predicate = true> <Delay = 0.67> <CoreInst = "RAM">   --->   Core 82 'RAM' <Latency = 1> <II = 1> <Delay = 0.67> <Storage> <Opcode : 'load' 'store'> <Ports = 2> <Width = 16> <Depth = 32> <RAM>
ST_18 : Operation 139 [2/2] (0.67ns)   --->   "%pixel_channels_load_27 = load i5 %pixel_channels_addr_27"   --->   Operation 139 'load' 'pixel_channels_load_27' <Predicate = true> <Delay = 0.67> <CoreInst = "RAM">   --->   Core 82 'RAM' <Latency = 1> <II = 1> <Delay = 0.67> <Storage> <Opcode : 'load' 'store'> <Ports = 2> <Width = 16> <Depth = 32> <RAM>

State 19 <SV = 18> <Delay = 0.67>
ST_19 : Operation 140 [1/2] ( I:0.67ns O:0.67ns )   --->   "%pixel_channels_load_26 = load i5 %pixel_channels_addr_26"   --->   Operation 140 'load' 'pixel_channels_load_26' <Predicate = true> <Delay = 0.67> <CoreInst = "RAM">   --->   Core 82 'RAM' <Latency = 1> <II = 1> <Delay = 0.67> <Storage> <Opcode : 'load' 'store'> <Ports = 2> <Width = 16> <Depth = 32> <RAM>
ST_19 : Operation 141 [1/2] ( I:0.67ns O:0.67ns )   --->   "%pixel_channels_load_27 = load i5 %pixel_channels_addr_27"   --->   Operation 141 'load' 'pixel_channels_load_27' <Predicate = true> <Delay = 0.67> <CoreInst = "RAM">   --->   Core 82 'RAM' <Latency = 1> <II = 1> <Delay = 0.67> <Storage> <Opcode : 'load' 'store'> <Ports = 2> <Width = 16> <Depth = 32> <RAM>
ST_19 : Operation 142 [2/2] (0.67ns)   --->   "%pixel_channels_load_28 = load i5 %pixel_channels_addr_28"   --->   Operation 142 'load' 'pixel_channels_load_28' <Predicate = true> <Delay = 0.67> <CoreInst = "RAM">   --->   Core 82 'RAM' <Latency = 1> <II = 1> <Delay = 0.67> <Storage> <Opcode : 'load' 'store'> <Ports = 2> <Width = 16> <Depth = 32> <RAM>
ST_19 : Operation 143 [2/2] (0.67ns)   --->   "%pixel_channels_load_29 = load i5 %pixel_channels_addr_29"   --->   Operation 143 'load' 'pixel_channels_load_29' <Predicate = true> <Delay = 0.67> <CoreInst = "RAM">   --->   Core 82 'RAM' <Latency = 1> <II = 1> <Delay = 0.67> <Storage> <Opcode : 'load' 'store'> <Ports = 2> <Width = 16> <Depth = 32> <RAM>

State 20 <SV = 19> <Delay = 0.67>
ST_20 : Operation 144 [1/2] ( I:0.67ns O:0.67ns )   --->   "%pixel_channels_load_28 = load i5 %pixel_channels_addr_28"   --->   Operation 144 'load' 'pixel_channels_load_28' <Predicate = true> <Delay = 0.67> <CoreInst = "RAM">   --->   Core 82 'RAM' <Latency = 1> <II = 1> <Delay = 0.67> <Storage> <Opcode : 'load' 'store'> <Ports = 2> <Width = 16> <Depth = 32> <RAM>
ST_20 : Operation 145 [1/2] ( I:0.67ns O:0.67ns )   --->   "%pixel_channels_load_29 = load i5 %pixel_channels_addr_29"   --->   Operation 145 'load' 'pixel_channels_load_29' <Predicate = true> <Delay = 0.67> <CoreInst = "RAM">   --->   Core 82 'RAM' <Latency = 1> <II = 1> <Delay = 0.67> <Storage> <Opcode : 'load' 'store'> <Ports = 2> <Width = 16> <Depth = 32> <RAM>
ST_20 : Operation 146 [2/2] (0.67ns)   --->   "%pixel_channels_load_30 = load i5 %pixel_channels_addr_30"   --->   Operation 146 'load' 'pixel_channels_load_30' <Predicate = true> <Delay = 0.67> <CoreInst = "RAM">   --->   Core 82 'RAM' <Latency = 1> <II = 1> <Delay = 0.67> <Storage> <Opcode : 'load' 'store'> <Ports = 2> <Width = 16> <Depth = 32> <RAM>
ST_20 : Operation 147 [2/2] (0.67ns)   --->   "%pixel_channels_load_31 = load i5 %pixel_channels_addr_31"   --->   Operation 147 'load' 'pixel_channels_load_31' <Predicate = true> <Delay = 0.67> <CoreInst = "RAM">   --->   Core 82 'RAM' <Latency = 1> <II = 1> <Delay = 0.67> <Storage> <Opcode : 'load' 'store'> <Ports = 2> <Width = 16> <Depth = 32> <RAM>

State 21 <SV = 20> <Delay = 2.62>
ST_21 : Operation 148 [1/2] ( I:0.67ns O:0.67ns )   --->   "%pixel_channels_load_30 = load i5 %pixel_channels_addr_30"   --->   Operation 148 'load' 'pixel_channels_load_30' <Predicate = true> <Delay = 0.67> <CoreInst = "RAM">   --->   Core 82 'RAM' <Latency = 1> <II = 1> <Delay = 0.67> <Storage> <Opcode : 'load' 'store'> <Ports = 2> <Width = 16> <Depth = 32> <RAM>
ST_21 : Operation 149 [1/2] ( I:0.67ns O:0.67ns )   --->   "%pixel_channels_load_31 = load i5 %pixel_channels_addr_31"   --->   Operation 149 'load' 'pixel_channels_load_31' <Predicate = true> <Delay = 0.67> <CoreInst = "RAM">   --->   Core 82 'RAM' <Latency = 1> <II = 1> <Delay = 0.67> <Storage> <Opcode : 'load' 'store'> <Ports = 2> <Width = 16> <Depth = 32> <RAM>
ST_21 : Operation 150 [2/2] (1.94ns)   --->   "%call_ln73 = call void @pointwise_conv_Pipeline_VITIS_LOOP_83_4, i16 %pw_weights, i16 %pixel_channels_load, i16 %pixel_channels_load_1, i16 %pixel_channels_load_2, i16 %pixel_channels_load_3, i16 %pixel_channels_load_4, i16 %pixel_channels_load_5, i16 %pixel_channels_load_6, i16 %pixel_channels_load_7, i16 %pixel_channels_load_8, i16 %pixel_channels_load_9, i16 %pixel_channels_load_10, i16 %pixel_channels_load_11, i16 %pixel_channels_load_12, i16 %pixel_channels_load_13, i16 %pixel_channels_load_14, i16 %pixel_channels_load_15, i16 %pixel_channels_load_16, i16 %pixel_channels_load_17, i16 %pixel_channels_load_18, i16 %pixel_channels_load_19, i16 %pixel_channels_load_20, i16 %pixel_channels_load_21, i16 %pixel_channels_load_22, i16 %pixel_channels_load_23, i16 %pixel_channels_load_24, i16 %pixel_channels_load_25, i16 %pixel_channels_load_26, i16 %pixel_channels_load_27, i16 %pixel_channels_load_28, i16 %pixel_channels_load_29, i16 %pixel_channels_load_30, i16 %pixel_channels_load_31, i12 %thr_add, i64 %output_tensor_read, i16 %gmem1" [MobileNetV2.cpp:73]   --->   Operation 150 'call' 'call_ln73' <Predicate = true> <Delay = 1.94> <CoreType = "Generic">   --->   Generic Core

State 22 <SV = 21> <Delay = 0.00>
ST_22 : Operation 151 [1/1] (0.00ns)   --->   "%speclooptripcount_ln76 = speclooptripcount void @_ssdm_op_SpecLoopTripCount, i64 54, i64 54, i64 54" [MobileNetV2.cpp:76]   --->   Operation 151 'speclooptripcount' 'speclooptripcount_ln76' <Predicate = true> <Delay = 0.00>
ST_22 : Operation 152 [1/1] (0.00ns)   --->   "%specloopname_ln73 = specloopname void @_ssdm_op_SpecLoopName, void @empty_15" [MobileNetV2.cpp:73]   --->   Operation 152 'specloopname' 'specloopname_ln73' <Predicate = true> <Delay = 0.00>
ST_22 : Operation 153 [1/2] (0.00ns)   --->   "%call_ln73 = call void @pointwise_conv_Pipeline_VITIS_LOOP_83_4, i16 %pw_weights, i16 %pixel_channels_load, i16 %pixel_channels_load_1, i16 %pixel_channels_load_2, i16 %pixel_channels_load_3, i16 %pixel_channels_load_4, i16 %pixel_channels_load_5, i16 %pixel_channels_load_6, i16 %pixel_channels_load_7, i16 %pixel_channels_load_8, i16 %pixel_channels_load_9, i16 %pixel_channels_load_10, i16 %pixel_channels_load_11, i16 %pixel_channels_load_12, i16 %pixel_channels_load_13, i16 %pixel_channels_load_14, i16 %pixel_channels_load_15, i16 %pixel_channels_load_16, i16 %pixel_channels_load_17, i16 %pixel_channels_load_18, i16 %pixel_channels_load_19, i16 %pixel_channels_load_20, i16 %pixel_channels_load_21, i16 %pixel_channels_load_22, i16 %pixel_channels_load_23, i16 %pixel_channels_load_24, i16 %pixel_channels_load_25, i16 %pixel_channels_load_26, i16 %pixel_channels_load_27, i16 %pixel_channels_load_28, i16 %pixel_channels_load_29, i16 %pixel_channels_load_30, i16 %pixel_channels_load_31, i12 %thr_add, i64 %output_tensor_read, i16 %gmem1" [MobileNetV2.cpp:73]   --->   Operation 153 'call' 'call_ln73' <Predicate = true> <Delay = 0.00> <CoreType = "Generic">   --->   Generic Core
ST_22 : Operation 154 [1/1] (0.00ns)   --->   "%br_ln73 = br void %VITIS_LOOP_77_3" [MobileNetV2.cpp:73]   --->   Operation 154 'br' 'br_ln73' <Predicate = true> <Delay = 0.00>


============================================================
+ Verbose Summary: Timing violations
============================================================
Target clock period: 10.000ns, clock uncertainty: 2.700ns.

 <State 1>: 0.427ns
The critical path consists of the following:
	'alloca' operation 6 bit ('r', MobileNetV2.cpp:72) [6]  (0.000 ns)
	'store' operation 0 bit ('store_ln72', MobileNetV2.cpp:72) of constant 0 on local variable 'r', MobileNetV2.cpp:72 [44]  (0.427 ns)

 <State 2>: 1.208ns
The critical path consists of the following:
	'load' operation 12 bit ('phi_mul390_load') on local variable 'phi_mul390' [48]  (0.000 ns)
	'add' operation 12 bit ('add_ln72_1', MobileNetV2.cpp:72) [50]  (0.809 ns)
	blocking operation 0.399 ns on control path)

 <State 3>: 1.208ns
The critical path consists of the following:
	'phi' operation 6 bit ('c', MobileNetV2.cpp:73) with incoming values : ('add_ln73', MobileNetV2.cpp:73) [59]  (0.000 ns)
	'add' operation 12 bit ('thr_add', MobileNetV2.cpp:73) [100]  (0.809 ns)
	blocking operation 0.399 ns on control path)

 <State 4>: 1.635ns
The critical path consists of the following:
	'call' operation 0 bit ('call_ln0') to 'pointwise_conv_Pipeline_VITIS_LOOP_77_3' [67]  (1.635 ns)

 <State 5>: 0.000ns
The critical path consists of the following:

 <State 6>: 0.677ns
The critical path consists of the following:
	'load' operation 16 bit ('pixel_channels_load') on array 'pixel_channels', MobileNetV2.cpp:76 [68]  (0.677 ns)

 <State 7>: 0.677ns
The critical path consists of the following:
	'load' operation 16 bit ('pixel_channels_load_2') on array 'pixel_channels', MobileNetV2.cpp:76 [70]  (0.677 ns)

 <State 8>: 0.677ns
The critical path consists of the following:
	'load' operation 16 bit ('pixel_channels_load_4') on array 'pixel_channels', MobileNetV2.cpp:76 [72]  (0.677 ns)

 <State 9>: 0.677ns
The critical path consists of the following:
	'load' operation 16 bit ('pixel_channels_load_6') on array 'pixel_channels', MobileNetV2.cpp:76 [74]  (0.677 ns)

 <State 10>: 0.677ns
The critical path consists of the following:
	'load' operation 16 bit ('pixel_channels_load_8') on array 'pixel_channels', MobileNetV2.cpp:76 [76]  (0.677 ns)

 <State 11>: 0.677ns
The critical path consists of the following:
	'load' operation 16 bit ('pixel_channels_load_10') on array 'pixel_channels', MobileNetV2.cpp:76 [78]  (0.677 ns)

 <State 12>: 0.677ns
The critical path consists of the following:
	'load' operation 16 bit ('pixel_channels_load_12') on array 'pixel_channels', MobileNetV2.cpp:76 [80]  (0.677 ns)

 <State 13>: 0.677ns
The critical path consists of the following:
	'load' operation 16 bit ('pixel_channels_load_14') on array 'pixel_channels', MobileNetV2.cpp:76 [82]  (0.677 ns)

 <State 14>: 0.677ns
The critical path consists of the following:
	'load' operation 16 bit ('pixel_channels_load_16') on array 'pixel_channels', MobileNetV2.cpp:76 [84]  (0.677 ns)

 <State 15>: 0.677ns
The critical path consists of the following:
	'load' operation 16 bit ('pixel_channels_load_18') on array 'pixel_channels', MobileNetV2.cpp:76 [86]  (0.677 ns)

 <State 16>: 0.677ns
The critical path consists of the following:
	'load' operation 16 bit ('pixel_channels_load_20') on array 'pixel_channels', MobileNetV2.cpp:76 [88]  (0.677 ns)

 <State 17>: 0.677ns
The critical path consists of the following:
	'load' operation 16 bit ('pixel_channels_load_22') on array 'pixel_channels', MobileNetV2.cpp:76 [90]  (0.677 ns)

 <State 18>: 0.677ns
The critical path consists of the following:
	'load' operation 16 bit ('pixel_channels_load_24') on array 'pixel_channels', MobileNetV2.cpp:76 [92]  (0.677 ns)

 <State 19>: 0.677ns
The critical path consists of the following:
	'load' operation 16 bit ('pixel_channels_load_26') on array 'pixel_channels', MobileNetV2.cpp:76 [94]  (0.677 ns)

 <State 20>: 0.677ns
The critical path consists of the following:
	'load' operation 16 bit ('pixel_channels_load_28') on array 'pixel_channels', MobileNetV2.cpp:76 [96]  (0.677 ns)

 <State 21>: 2.625ns
The critical path consists of the following:
	'load' operation 16 bit ('pixel_channels_load_30') on array 'pixel_channels', MobileNetV2.cpp:76 [98]  (0.677 ns)
	'call' operation 0 bit ('call_ln73', MobileNetV2.cpp:73) to 'pointwise_conv_Pipeline_VITIS_LOOP_83_4' [101]  (1.948 ns)

 <State 22>: 0.000ns
The critical path consists of the following:


============================================================
+ Verbose Summary: Binding
============================================================
N/A
* FSMD analyzer results:
  - Output states:
 - Input state : 
  - Chain level:
	State 1
	State 2
	State 3
	State 4
	State 5
	State 6
	State 7
	State 8
	State 9
	State 10
	State 11
	State 12
	State 13
	State 14
	State 15
	State 16
	State 17
	State 18
	State 19
	State 20
	State 21
	State 22


============================================================
+ Verbose Summary: Datapath Resource usage 
============================================================
N/A
