  **** HLS Build v2025.1 6135595
INFO: [HLS 200-2005] Using work_dir D:/vitis_research_project/lenet/LeNet/hls_component/hls_component 
INFO: [HLS 200-2176] Writing Vitis IDE component file D:/vitis_research_project/lenet/LeNet/hls_component/hls_component/vitis-comp.json
INFO: [HLS 200-10] Creating and opening component 'D:/vitis_research_project/lenet/LeNet/hls_component/hls_component'.
INFO: [HLS 200-1505] Using default flow_target 'vivado'
Resolution: For help on HLS 200-1505 see docs.xilinx.com/access/sources/dita/topic?Doc_Version=2025.1%20English&url=ug1448-hls-guidance&resourceid=200-1505.html
INFO: [HLS 200-2174] Applying component config ini file D:/vitis_research_project/lenet/LeNet/hls_component/hls_config.cfg
INFO: [HLS 200-1465] Applying config ini 'syn.file=lenet_c_code.cpp' from D:/vitis_research_project/lenet/LeNet/hls_component/hls_config.cfg(9)
INFO: [HLS 200-10] Adding design file 'D:/vitis_research_project/lenet/LeNet/hls_component/lenet_c_code.cpp' to the project
INFO: [HLS 200-1465] Applying config ini 'syn.file=lenet.h' from D:/vitis_research_project/lenet/LeNet/hls_component/hls_config.cfg(10)
INFO: [HLS 200-10] Adding design file 'D:/vitis_research_project/lenet/LeNet/hls_component/lenet.h' to the project
INFO: [HLS 200-1465] Applying config ini 'tb.file=lenet_tb.cpp' from D:/vitis_research_project/lenet/LeNet/hls_component/hls_config.cfg(8)
INFO: [HLS 200-10] Adding test bench file 'D:/vitis_research_project/lenet/LeNet/hls_component/lenet_tb.cpp' to the project
INFO: [HLS 200-1465] Applying config ini 'flow_target=vivado' from D:/vitis_research_project/lenet/LeNet/hls_component/hls_config.cfg(4)
INFO: [HLS 200-1505] Using flow_target 'vivado'
Resolution: For help on HLS 200-1505 see docs.xilinx.com/access/sources/dita/topic?Doc_Version=2025.1%20English&url=ug1448-hls-guidance&resourceid=200-1505.html
INFO: [HLS 200-1465] Applying config ini 'part=xczu7ev-ffvc1156-2-e' from D:/vitis_research_project/lenet/LeNet/hls_component/hls_config.cfg(1)
INFO: [HLS 200-1611] Setting target device to 'xczu7ev-ffvc1156-2-e'
INFO: [HLS 200-1465] Applying config ini 'clock=10ns' from D:/vitis_research_project/lenet/LeNet/hls_component/hls_config.cfg(7)
INFO: [SYN 201-201] Setting up clock 'default' with a period of 10ns.
INFO: [HLS 200-1465] Applying config ini 'package.output.format=ip_catalog' from D:/vitis_research_project/lenet/LeNet/hls_component/hls_config.cfg(5)
INFO: [HLS 200-2176] Writing Vitis IDE component file D:/vitis_research_project/lenet/LeNet/hls_component/hls_component/vitis-comp.json
INFO: [SIM 211-2] *************** CSIM start ***************
INFO: [SIM 211-4] CSIM will launch CLANG as the compiler.
INFO: [HLS 200-2036] Building debug C Simulation binaries
   Compiling ../../../../lenet_tb.cpp in debug mode
   Compiling ../../../../lenet_c_code.cpp in debug mode
   Generating csim.exe
In file included from ../../../../lenet_tb.cpp:2:
In file included from ../../../../lenet.h:4:
In file included from C:/Xilinx/2025.1/Vitis/include/ap_fixed.h:9:
In file included from C:/Xilinx/2025.1/Vitis/include/etc/ap_common.h:677:
In file included from C:/Xilinx/2025.1/Vitis/include/etc/ap_private.h:68:
In file included from C:/Xilinx/2025.1/Vitis/include/hls_half.h:26:
In file included from C:/Xilinx/2025.1/Vitis/include/etc/hls_half_fpo.h:19:
In file included from C:/Xilinx/2025.1/Vitis/include/hls_fpo.h:140:
In file included from C:/Xilinx/2025.1/Vitis/include/floating_point_v7_1_bitacc_cmodel.h:150:
C:/Xilinx/2025.1/Vitis/include/gmp.h:58:9: warning: '__GMP_LIBGMP_DLL' macro redefined [-Wmacro-redefined]
#define __GMP_LIBGMP_DLL  0
        ^
C:/Xilinx/2025.1/Vitis/include/floating_point_v7_1_bitacc_cmodel.h:142:9: note: previous definition is here
#define __GMP_LIBGMP_DLL 1
        ^
1 warning generated.
In file included from ../../../../lenet_c_code.cpp:1:
In file included from ../../../../lenet.h:4:
In file included from C:/Xilinx/2025.1/Vitis/include/ap_fixed.h:9:
In file included from C:/Xilinx/2025.1/Vitis/include/etc/ap_common.h:677:
In file included from C:/Xilinx/2025.1/Vitis/include/etc/ap_private.h:68:
In file included from C:/Xilinx/2025.1/Vitis/include/hls_half.h:26:
In file included from C:/Xilinx/2025.1/Vitis/include/etc/hls_half_fpo.h:19:
In file included from C:/Xilinx/2025.1/Vitis/include/hls_fpo.h:140:
In file included from C:/Xilinx/2025.1/Vitis/include/floating_point_v7_1_bitacc_cmodel.h:150:
C:/Xilinx/2025.1/Vitis/include/gmp.h:58:9: warning: '__GMP_LIBGMP_DLL' macro redefined [-Wmacro-redefined]
#define __GMP_LIBGMP_DLL  0
        ^
C:/Xilinx/2025.1/Vitis/include/floating_point_v7_1_bitacc_cmodel.h:142:9: note: previous definition is here
#define __GMP_LIBGMP_DLL 1
        ^
1 warning generated.
=======================================
   Starting LeNet C-Simulation...      
=======================================
--- Kernel Output ---
Digit Class 0: 0
Digit Class 1: 0.00390625
Digit Class 2: 0.0078125
Digit Class 3: 0.0117188
Digit Class 4: 0.015625
Digit Class 5: 0.0195313
Digit Class 6: 0.0234375
Digit Class 7: 0.0273438
Digit Class 8: 0.03125
Digit Class 9: 0.0351563
Simulation Complete! Hardware is ready for Synthesis.
INFO: [SIM 211-1] CSim done with 0 errors.
INFO: [SIM 211-3] *************** CSIM finish ***************
INFO: [HLS 200-112] Total CPU user time: 2 seconds. Total CPU system time: 2 seconds. Total elapsed time: 25.082 seconds; peak allocated memory: 158.996 MB.
INFO: [vitis-run 60-791] Total elapsed time: 0h 0m 31s
