03/30/26 19:21:31: Running xcd server. This server was built by gradle.
03/30/26 19:21:31: Server was asked to start on port: '64870'
03/30/26 19:21:31: Server is using token UUID: 'b28ce3ea-2735-4efd-8cb6-6945b18416fa'
03/30/26 19:21:31: SESSION_MGR: creating session with session uuid: '6d04a3e9-ade5-4ab9-8d63-1f78fcd2ec76' and name 'default'
03/30/26 19:21:31: Attempting to start server on port '64870'
03/30/26 19:21:31: Running Dispatch Server
03/30/26 19:21:31: Version 2.2.0
03/30/26 19:21:33: Dispatch Server: Accepted socket connection from client
03/30/26 19:21:33: Starting Socket connection
03/30/26 19:21:33: EXCHANGE_TOKEN received, server token: b28ce3ea-2735-4efd-8cb6-6945b18416fa, passed token: b28ce3ea-2735-4efd-8cb6-6945b18416fa
03/30/26 19:21:34: DISPATCH_HANDLER: Adding handler from function makeHandler in library xv_system_diagram
03/30/26 19:21:34: SESSION_MGR: creating session with session uuid: '3d244fc6-87ac-4d29-81b5-38f2b7d8e8be' and name 'vitis-run_compile_hls_component'
03/30/26 19:21:34: KERNEL_SVC: creating session with uuid: '3d244fc6-87ac-4d29-81b5-38f2b7d8e8be' and name 'vitis-run_compile_hls_component'
03/30/26 19:21:34: GUIDANCE_SMGR: creating guidance session with uuid: '3d244fc6-87ac-4d29-81b5-38f2b7d8e8be' and name 'vitis-run_compile_hls_component'
03/30/26 19:21:34: SYSTEM_DIAGRAM: creating session with uuid: '3d244fc6-87ac-4d29-81b5-38f2b7d8e8be' and name 'vitis-run_compile_hls_component'
03/30/26 19:21:48: Dispatch Server: Accepted socket connection from client
03/30/26 19:21:48: Starting Socket connection
03/30/26 19:22:12: SESSION_MGR: closing session for UUID '3d244fc6-87ac-4d29-81b5-38f2b7d8e8be' with name 'vitis-run_compile_hls_component'
03/30/26 19:22:12: KERNEL_SVC: closing session for UUID '3d244fc6-87ac-4d29-81b5-38f2b7d8e8be' with name 'vitis-run_compile_hls_component'
03/30/26 19:22:12: GUIDANCE_SMGR: closing session for UUID '3d244fc6-87ac-4d29-81b5-38f2b7d8e8be' with name 'vitis-run_compile_hls_component'
03/30/26 19:22:12: SYSTEM_DIAGRAM: closing session for UUID '3d244fc6-87ac-4d29-81b5-38f2b7d8e8be' with name 'vitis-run_compile_hls_component'
03/30/26 19:22:12: STOP_SERVER received, server token: b28ce3ea-2735-4efd-8cb6-6945b18416fa, passed token: b28ce3ea-2735-4efd-8cb6-6945b18416fa
03/30/26 19:22:12: Socket received request to stop server.
03/30/26 19:22:12: Dispatch Server: do_await_stop
03/30/26 19:22:12: SERVER: destructor for server bound to port 64870
03/30/26 19:25:30: Running xcd server. This server was built by gradle.
03/30/26 19:25:30: Server was asked to start on port: '59413'
03/30/26 19:25:30: Server is using token UUID: '42e46c4a-42d7-4f4f-9cac-40cbe1004bf5'
03/30/26 19:25:30: SESSION_MGR: creating session with session uuid: '6d04a3e9-ade5-4ab9-8d63-1f78fcd2ec76' and name 'default'
03/30/26 19:25:30: Attempting to start server on port '59413'
03/30/26 19:25:30: Running Dispatch Server
03/30/26 19:25:30: Version 2.2.0
03/30/26 19:25:32: Dispatch Server: Accepted socket connection from client
03/30/26 19:25:32: Starting Socket connection
03/30/26 19:25:32: EXCHANGE_TOKEN received, server token: 42e46c4a-42d7-4f4f-9cac-40cbe1004bf5, passed token: 42e46c4a-42d7-4f4f-9cac-40cbe1004bf5
03/30/26 19:25:33: DISPATCH_HANDLER: Adding handler from function makeHandler in library xv_system_diagram
03/30/26 19:25:33: SESSION_MGR: creating session with session uuid: 'd5e01b70-e2a5-4535-8d78-2dd1b1289dfe' and name 'vitis-run_compile_hls_component'
03/30/26 19:25:33: KERNEL_SVC: creating session with uuid: 'd5e01b70-e2a5-4535-8d78-2dd1b1289dfe' and name 'vitis-run_compile_hls_component'
03/30/26 19:25:33: GUIDANCE_SMGR: creating guidance session with uuid: 'd5e01b70-e2a5-4535-8d78-2dd1b1289dfe' and name 'vitis-run_compile_hls_component'
03/30/26 19:25:33: SYSTEM_DIAGRAM: creating session with uuid: 'd5e01b70-e2a5-4535-8d78-2dd1b1289dfe' and name 'vitis-run_compile_hls_component'
03/30/26 19:25:40: Dispatch Server: Accepted socket connection from client
03/30/26 19:25:40: Starting Socket connection
03/30/26 19:25:46: SESSION_MGR: closing session for UUID 'd5e01b70-e2a5-4535-8d78-2dd1b1289dfe' with name 'vitis-run_compile_hls_component'
03/30/26 19:25:46: KERNEL_SVC: closing session for UUID 'd5e01b70-e2a5-4535-8d78-2dd1b1289dfe' with name 'vitis-run_compile_hls_component'
03/30/26 19:25:46: GUIDANCE_SMGR: closing session for UUID 'd5e01b70-e2a5-4535-8d78-2dd1b1289dfe' with name 'vitis-run_compile_hls_component'
03/30/26 19:25:46: SYSTEM_DIAGRAM: closing session for UUID 'd5e01b70-e2a5-4535-8d78-2dd1b1289dfe' with name 'vitis-run_compile_hls_component'
03/30/26 19:25:46: STOP_SERVER received, server token: 42e46c4a-42d7-4f4f-9cac-40cbe1004bf5, passed token: 42e46c4a-42d7-4f4f-9cac-40cbe1004bf5
03/30/26 19:25:46: Socket received request to stop server.
03/30/26 19:25:46: Dispatch Server: do_await_stop
03/30/26 19:25:46: SERVER: destructor for server bound to port 59413
03/30/26 19:29:25: Running xcd server. This server was built by gradle.
03/30/26 19:29:25: Server was asked to start on port: '53880'
03/30/26 19:29:25: Server is using token UUID: 'af38ff6b-e540-4dc0-b8f0-78cfba199caa'
03/30/26 19:29:25: SESSION_MGR: creating session with session uuid: '6d04a3e9-ade5-4ab9-8d63-1f78fcd2ec76' and name 'default'
03/30/26 19:29:25: Attempting to start server on port '53880'
03/30/26 19:29:25: Running Dispatch Server
03/30/26 19:29:25: Version 2.2.0
03/30/26 19:29:27: Dispatch Server: Accepted socket connection from client
03/30/26 19:29:27: Starting Socket connection
03/30/26 19:29:27: EXCHANGE_TOKEN received, server token: af38ff6b-e540-4dc0-b8f0-78cfba199caa, passed token: af38ff6b-e540-4dc0-b8f0-78cfba199caa
03/30/26 19:29:27: DISPATCH_HANDLER: Adding handler from function makeHandler in library xv_system_diagram
03/30/26 19:29:27: SESSION_MGR: creating session with session uuid: '9cde7800-0169-4d9d-8bc3-7271284df622' and name 'vitis-run_compile_hls_component'
03/30/26 19:29:27: KERNEL_SVC: creating session with uuid: '9cde7800-0169-4d9d-8bc3-7271284df622' and name 'vitis-run_compile_hls_component'
03/30/26 19:29:27: GUIDANCE_SMGR: creating guidance session with uuid: '9cde7800-0169-4d9d-8bc3-7271284df622' and name 'vitis-run_compile_hls_component'
03/30/26 19:29:27: SYSTEM_DIAGRAM: creating session with uuid: '9cde7800-0169-4d9d-8bc3-7271284df622' and name 'vitis-run_compile_hls_component'
03/30/26 19:29:34: Dispatch Server: Accepted socket connection from client
03/30/26 19:29:34: Starting Socket connection
03/30/26 19:29:56: SESSION_MGR: closing session for UUID '9cde7800-0169-4d9d-8bc3-7271284df622' with name 'vitis-run_compile_hls_component'
03/30/26 19:29:56: KERNEL_SVC: closing session for UUID '9cde7800-0169-4d9d-8bc3-7271284df622' with name 'vitis-run_compile_hls_component'
03/30/26 19:29:56: GUIDANCE_SMGR: closing session for UUID '9cde7800-0169-4d9d-8bc3-7271284df622' with name 'vitis-run_compile_hls_component'
03/30/26 19:29:56: SYSTEM_DIAGRAM: closing session for UUID '9cde7800-0169-4d9d-8bc3-7271284df622' with name 'vitis-run_compile_hls_component'
03/30/26 19:29:56: STOP_SERVER received, server token: af38ff6b-e540-4dc0-b8f0-78cfba199caa, passed token: af38ff6b-e540-4dc0-b8f0-78cfba199caa
03/30/26 19:29:56: Socket received request to stop server.
03/30/26 19:29:56: Dispatch Server: do_await_stop
03/30/26 19:29:56: SERVER: destructor for server bound to port 53880
03/30/26 19:31:38: Running xcd server. This server was built by gradle.
03/30/26 19:31:38: Server was asked to start on port: '53894'
03/30/26 19:31:38: Server is using token UUID: '2a3c9cc7-4fdd-4e29-a326-a8f060bc48c1'
03/30/26 19:31:38: SESSION_MGR: creating session with session uuid: '6d04a3e9-ade5-4ab9-8d63-1f78fcd2ec76' and name 'default'
03/30/26 19:31:38: Attempting to start server on port '53894'
03/30/26 19:31:38: Running Dispatch Server
03/30/26 19:31:38: Version 2.2.0
03/30/26 19:31:41: Dispatch Server: Accepted socket connection from client
03/30/26 19:31:41: Starting Socket connection
03/30/26 19:31:41: EXCHANGE_TOKEN received, server token: 2a3c9cc7-4fdd-4e29-a326-a8f060bc48c1, passed token: 2a3c9cc7-4fdd-4e29-a326-a8f060bc48c1
03/30/26 19:31:41: DISPATCH_HANDLER: Adding handler from function makeHandler in library xv_system_diagram
03/30/26 19:31:41: SESSION_MGR: creating session with session uuid: '8fa40ec6-d3d3-4293-b8b4-23ceb29b41df' and name 'v++_compile_hls_component'
03/30/26 19:31:41: KERNEL_SVC: creating session with uuid: '8fa40ec6-d3d3-4293-b8b4-23ceb29b41df' and name 'v++_compile_hls_component'
03/30/26 19:31:41: GUIDANCE_SMGR: creating guidance session with uuid: '8fa40ec6-d3d3-4293-b8b4-23ceb29b41df' and name 'v++_compile_hls_component'
03/30/26 19:31:41: SYSTEM_DIAGRAM: creating session with uuid: '8fa40ec6-d3d3-4293-b8b4-23ceb29b41df' and name 'v++_compile_hls_component'
03/30/26 19:31:48: Dispatch Server: Accepted socket connection from client
03/30/26 19:31:48: Starting Socket connection
03/30/26 19:32:20: SESSION_MGR: closing session for UUID '8fa40ec6-d3d3-4293-b8b4-23ceb29b41df' with name 'v++_compile_hls_component'
03/30/26 19:32:20: KERNEL_SVC: closing session for UUID '8fa40ec6-d3d3-4293-b8b4-23ceb29b41df' with name 'v++_compile_hls_component'
03/30/26 19:32:20: GUIDANCE_SMGR: closing session for UUID '8fa40ec6-d3d3-4293-b8b4-23ceb29b41df' with name 'v++_compile_hls_component'
03/30/26 19:32:20: SYSTEM_DIAGRAM: closing session for UUID '8fa40ec6-d3d3-4293-b8b4-23ceb29b41df' with name 'v++_compile_hls_component'
03/30/26 19:32:20: STOP_SERVER received, server token: 2a3c9cc7-4fdd-4e29-a326-a8f060bc48c1, passed token: 2a3c9cc7-4fdd-4e29-a326-a8f060bc48c1
03/30/26 19:32:20: Socket received request to stop server.
03/30/26 19:32:20: Dispatch Server: do_await_stop
03/30/26 19:32:20: SERVER: destructor for server bound to port 53894
