D:\vitis_research_project\lenet\LeNet\hls_component\hls_component\hls\.autopilot\db\lenet_c_code.pp.0.cpp:2269:5: warning: Added loop label VITIS_LOOP_676_1:   [xilinx-label-all-loops]
    for (unsigned i = low; i != high+1; ++i) {
    ^~~
    VITIS_LOOP_676_1: 
D:\vitis_research_project\lenet\LeNet\hls_component\hls_component\hls\.autopilot\db\lenet_c_code.pp.0.cpp:2269:5: note: FIX-IT applied suggested code changes
D:\vitis_research_project\lenet\LeNet\hls_component\hls_component\hls\.autopilot\db\lenet_c_code.pp.0.cpp:2283:5: warning: Added loop label VITIS_LOOP_690_1:   [xilinx-label-all-loops]
    for (unsigned i = low; i != high+1; ++i) {
    ^~~
    VITIS_LOOP_690_1: 
D:\vitis_research_project\lenet\LeNet\hls_component\hls_component\hls\.autopilot\db\lenet_c_code.pp.0.cpp:2283:5: note: FIX-IT applied suggested code changes
D:\vitis_research_project\lenet\LeNet\hls_component\hls_component\hls\.autopilot\db\lenet_c_code.pp.0.cpp:2297:5: warning: Added loop label VITIS_LOOP_704_1:   [xilinx-label-all-loops]
    for (unsigned i = low; i != high+1; ++i) {
    ^~~
    VITIS_LOOP_704_1: 
D:\vitis_research_project\lenet\LeNet\hls_component\hls_component\hls\.autopilot\db\lenet_c_code.pp.0.cpp:2297:5: note: FIX-IT applied suggested code changes
D:\vitis_research_project\lenet\LeNet\hls_component\hls_component\hls\.autopilot\db\lenet_c_code.pp.0.cpp:4253:7: warning: Added loop label VITIS_LOOP_1248_1:   [xilinx-label-all-loops]
      for (i = 0; i < __N - 1; ++i) {
      ^~~
      VITIS_LOOP_1248_1: 
D:\vitis_research_project\lenet\LeNet\hls_component\hls_component\hls\.autopilot\db\lenet_c_code.pp.0.cpp:4253:7: note: FIX-IT applied suggested code changes
D:\vitis_research_project\lenet\LeNet\hls_component\hls_component\hls\.autopilot\db\lenet_c_code.pp.0.cpp:6372:2: warning: Added loop label VITIS_LOOP_25_1:   [xilinx-label-all-loops]
 for(int i=0; i<1024; i++) {
 ^~~
 VITIS_LOOP_25_1: 
D:\vitis_research_project\lenet\LeNet\hls_component\hls_component\hls\.autopilot\db\lenet_c_code.pp.0.cpp:6372:2: note: FIX-IT applied suggested code changes
D:\vitis_research_project\lenet\LeNet\hls_component\hls_component\hls\.autopilot\db\lenet_c_code.pp.0.cpp:6378:5: warning: Added loop label VITIS_LOOP_31_2:   [xilinx-label-all-loops]
    for(int i=0; i<10; i++) {
    ^~~
    VITIS_LOOP_31_2: 
D:\vitis_research_project\lenet\LeNet\hls_component\hls_component\hls\.autopilot\db\lenet_c_code.pp.0.cpp:6378:5: note: FIX-IT applied suggested code changes
