directive:1:9: warning: HLS pragma dump _XLX_SEP_ PragmaIsValid=1_XLX_SEP_ PragmaType=top_XLX_SEP_ PragmaContext=directive_XLX_SEP_ PragmaFunction=lenet_kernel_XLX_SEP_ PragmaOptions=name=lenet_kernel_XLX_SEP_ [-Wdump-hls-pragmas]
#pragma HLSDIRECTIVE TOP name=lenet_kernel
        ^
lenet_c_code.cpp:16:9: warning: HLS pragma dump _XLX_SEP_ PragmaIsValid=1_XLX_SEP_ PragmaType=interface_XLX_SEP_ PragmaContext=_XLX_SEP_ PragmaFunction=lenet_kernel_XLX_SEP_ PragmaOptions=m_axi port=input_data offset=slave bundle=gmem0_XLX_SEP_ [-Wdump-hls-pragmas]
#pragma HLS INTERFACE m_axi port=input_data offset=slave bundle=gmem0
        ^
lenet_c_code.cpp:17:9: warning: HLS pragma dump _XLX_SEP_ PragmaIsValid=1_XLX_SEP_ PragmaType=interface_XLX_SEP_ PragmaContext=_XLX_SEP_ PragmaFunction=lenet_kernel_XLX_SEP_ PragmaOptions=m_axi port=output_data offset=slave bundle=gmem1_XLX_SEP_ [-Wdump-hls-pragmas]
#pragma HLS INTERFACE m_axi port=output_data offset=slave bundle=gmem1
        ^
lenet_c_code.cpp:18:9: warning: HLS pragma dump _XLX_SEP_ PragmaIsValid=1_XLX_SEP_ PragmaType=interface_XLX_SEP_ PragmaContext=_XLX_SEP_ PragmaFunction=lenet_kernel_XLX_SEP_ PragmaOptions=s_axilite port=return bundle=control_XLX_SEP_ [-Wdump-hls-pragmas]
#pragma HLS INTERFACE s_axilite port=return bundle=control
        ^
lenet_c_code.cpp:23:9: warning: HLS pragma dump _XLX_SEP_ PragmaIsValid=1_XLX_SEP_ PragmaType=array_partition_XLX_SEP_ PragmaContext=_XLX_SEP_ PragmaFunction=lenet_kernel_XLX_SEP_ PragmaOptions=variable=local_in complete dim=1_XLX_SEP_ [-Wdump-hls-pragmas]
#pragma HLS ARRAY_PARTITION variable=local_in complete dim=1
        ^
lenet_c_code.cpp:26:9: warning: HLS pragma dump _XLX_SEP_ PragmaIsValid=1_XLX_SEP_ PragmaType=pipeline_XLX_SEP_ PragmaContext=_XLX_SEP_ PragmaFunction=lenet_kernel_XLX_SEP_ PragmaOptions=II=1_XLX_SEP_ [-Wdump-hls-pragmas]
#pragma HLS PIPELINE II=1
        ^
lenet_c_code.cpp:32:9: warning: HLS pragma dump _XLX_SEP_ PragmaIsValid=1_XLX_SEP_ PragmaType=pipeline_XLX_SEP_ PragmaContext=_XLX_SEP_ PragmaFunction=lenet_kernel_XLX_SEP_ PragmaOptions=II=1_XLX_SEP_ [-Wdump-hls-pragmas]
#pragma HLS PIPELINE II=1
        ^
lenet_c_code.cpp:14:19: warning: unused parameter 'weights' [-Wunused-parameter]
    const data_t *weights
                  ^
8 warnings generated.
