

================================================================
== Vitis HLS Report for 'alexnet_layer1'
================================================================
* Date:           Mon Mar 30 19:48:50 2026

* Version:        2025.1 (Build 6135595 on May 21 2025)
* Project:        hls_component
* Solution:       hls (Vivado IP Flow Target)
* Product family: zynquplus
* Target device:  xczu7ev-ffvc1156-2-e


================================================================
== Performance Estimates
================================================================
+ Timing: 
    * Summary: 
    +--------+----------+----------+------------+
    |  Clock |  Target  | Estimated| Uncertainty|
    +--------+----------+----------+------------+
    |ap_clk  |  10.00 ns|  7.300 ns|     2.70 ns|
    +--------+----------+----------+------------+

+ Latency: 
    * Summary: 
    +-----------+-----------+-----------+-----------+-----------+-----------+---------+
    |    Latency (cycles)   |   Latency (absolute)  |        Interval       | Pipeline|
    |    min    |    max    |    min    |    max    |    min    |    max    |   Type  |
    +-----------+-----------+-----------+-----------+-----------+-----------+---------+
    |  110967665|  110967665|  1.110 sec|  1.110 sec|  110967666|  110967666|       no|
    +-----------+-----------+-----------+-----------+-----------+-----------+---------+

    + Detail: 
        * Instance: 
        +---------------------------------------------------------------------------------------------+----------------------------------------------------------------------------------+-----------+-----------+-----------+-----------+-----------+-----------+------------------------------------------------+
        |                                                                                             |                                                                                  |    Latency (cycles)   |   Latency (absolute)  |        Interval       |                    Pipeline                    |
        |                                           Instance                                          |                                      Module                                      |    min    |    max    |    min    |    max    |    min    |    max    |                      Type                      |
        +---------------------------------------------------------------------------------------------+----------------------------------------------------------------------------------+-----------+-----------+-----------+-----------+-----------+-----------+------------------------------------------------+
        |grp_alexnet_layer1_Pipeline_VITIS_LOOP_36_1_VITIS_LOOP_38_2_VITIS_LOOP_39_3_VITIS_LO_fu_134  |alexnet_layer1_Pipeline_VITIS_LOOP_36_1_VITIS_LOOP_38_2_VITIS_LOOP_39_3_VITIS_LO  |      34852|      34852|   0.349 ms|   0.349 ms|      34849|      34849|  loop auto-rewind stp (delay=0 clock cycles(s))|
        |grp_alexnet_layer1_Pipeline_VITIS_LOOP_49_5_VITIS_LOOP_50_6_VITIS_LOOP_51_7_fu_148           |alexnet_layer1_Pipeline_VITIS_LOOP_49_5_VITIS_LOOP_50_6_VITIS_LOOP_51_7           |  110932801|  110932801|  1.109 sec|  1.109 sec|  110932801|  110932801|                                              no|
        +---------------------------------------------------------------------------------------------+----------------------------------------------------------------------------------+-----------+-----------+-----------+-----------+-----------+-----------+------------------------------------------------+

        * Loop: 
        N/A



================================================================
== Utilization Estimates
================================================================
* Summary: 
+-----------------+---------+------+--------+--------+-----+
|       Name      | BRAM_18K|  DSP |   FF   |   LUT  | URAM|
+-----------------+---------+------+--------+--------+-----+
|DSP              |        -|     -|       -|       -|    -|
|Expression       |        -|     -|       0|       2|    -|
|FIFO             |        -|     -|       -|       -|    -|
|Instance         |        6|   367|    9856|   14808|    0|
|Memory           |       43|     -|       0|       0|    0|
|Multiplexer      |        -|     -|       0|     378|    -|
|Register         |        -|     -|     269|       -|    -|
+-----------------+---------+------+--------+--------+-----+
|Total            |       49|   367|   10125|   15188|    0|
+-----------------+---------+------+--------+--------+-----+
|Available        |      624|  1728|  460800|  230400|   96|
+-----------------+---------+------+--------+--------+-----+
|Utilization (%)  |        7|    21|       2|       6|    0|
+-----------------+---------+------+--------+--------+-----+

+ Detail: 
    * Instance: 
    +---------------------------------------------------------------------------------------------+----------------------------------------------------------------------------------+---------+-----+------+-------+-----+
    |                                           Instance                                          |                                      Module                                      | BRAM_18K| DSP |  FF  |  LUT  | URAM|
    +---------------------------------------------------------------------------------------------+----------------------------------------------------------------------------------+---------+-----+------+-------+-----+
    |grp_alexnet_layer1_Pipeline_VITIS_LOOP_36_1_VITIS_LOOP_38_2_VITIS_LOOP_39_3_VITIS_LO_fu_134  |alexnet_layer1_Pipeline_VITIS_LOOP_36_1_VITIS_LOOP_38_2_VITIS_LOOP_39_3_VITIS_LO  |        0|    1|   186|    460|    0|
    |grp_alexnet_layer1_Pipeline_VITIS_LOOP_49_5_VITIS_LOOP_50_6_VITIS_LOOP_51_7_fu_148           |alexnet_layer1_Pipeline_VITIS_LOOP_49_5_VITIS_LOOP_50_6_VITIS_LOOP_51_7           |        0|  366|  6630|  10850|    0|
    |control_s_axi_U                                                                              |control_s_axi                                                                     |        0|    0|   316|    552|    0|
    |gmem0_m_axi_U                                                                                |gmem0_m_axi                                                                       |        2|    0|   696|    734|    0|
    |gmem1_m_axi_U                                                                                |gmem1_m_axi                                                                       |        0|    0|   636|    744|    0|
    |gmem2_m_axi_U                                                                                |gmem2_m_axi                                                                       |        2|    0|   696|    734|    0|
    |gmem3_m_axi_U                                                                                |gmem3_m_axi                                                                       |        2|    0|   696|    734|    0|
    +---------------------------------------------------------------------------------------------+----------------------------------------------------------------------------------+---------+-----+------+-------+-----+
    |Total                                                                                        |                                                                                  |        6|  367|  9856|  14808|    0|
    +---------------------------------------------------------------------------------------------+----------------------------------------------------------------------------------+---------+-----+------+-------+-----+

    * DSP: 
    N/A

    * Memory: 
    +-------------------+----------------------------------+---------+---+----+-----+-------+-----+------+-------------+
    |       Memory      |              Module              | BRAM_18K| FF| LUT| URAM| Words | Bits| Banks| W*Bits*Banks|
    +-------------------+----------------------------------+---------+---+----+-----+-------+-----+------+-------------+
    |local_bias_U       |local_bias_RAM_AUTO_1R1W          |        1|  0|   0|    0|     96|   16|     1|         1536|
    |local_weights_U    |local_weights_RAM_1WNR_AUTO_1R1W  |       14|  0|   0|    0|  11616|   16|     1|       185856|
    |local_weights_1_U  |local_weights_RAM_1WNR_AUTO_1R1W  |       14|  0|   0|    0|  11616|   16|     1|       185856|
    |local_weights_2_U  |local_weights_RAM_1WNR_AUTO_1R1W  |       14|  0|   0|    0|  11616|   16|     1|       185856|
    +-------------------+----------------------------------+---------+---+----+-----+-------+-----+------+-------------+
    |Total              |                                  |       43|  0|   0|    0|  34944|   64|     4|       559104|
    +-------------------+----------------------------------+---------+---+----+-----+-------+-----+------+-------------+

    * FIFO: 
    N/A

    * Expression: 
    +--------------------+----------+----+---+----+------------+------------+
    |    Variable Name   | Operation| DSP| FF| LUT| Bitwidth P0| Bitwidth P1|
    +--------------------+----------+----+---+----+------------+------------+
    |ap_block_state2_io  |        or|   0|  0|   2|           1|           1|
    +--------------------+----------+----+---+----+------------+------------+
    |Total               |          |   0|  0|   2|           1|           1|
    +--------------------+----------+----+---+----+------------+------------+

    * Multiplexer: 
    +--------------------------+----+-----------+-----+-----------+
    |           Name           | LUT| Input Size| Bits| Total Bits|
    +--------------------------+----+-----------+-----+-----------+
    |ap_NS_fsm                 |  65|         14|    1|         14|
    |gmem0_0_ARVALID           |   9|          2|    1|          2|
    |gmem0_0_RREADY            |   9|          2|    1|          2|
    |gmem1_0_AWVALID           |   9|          2|    1|          2|
    |gmem1_0_BREADY            |   9|          2|    1|          2|
    |gmem1_0_WVALID            |   9|          2|    1|          2|
    |gmem2_0_ARADDR            |  14|          3|   64|        192|
    |gmem2_0_ARLEN             |  14|          3|   32|         96|
    |gmem2_0_ARVALID           |  14|          3|    1|          3|
    |gmem2_0_RREADY            |   9|          2|    1|          2|
    |gmem2_blk_n_AR            |   9|          2|    1|          2|
    |gmem3_0_ARADDR            |  14|          3|   64|        192|
    |gmem3_0_ARLEN             |  14|          3|   32|         96|
    |gmem3_0_ARVALID           |  14|          3|    1|          3|
    |gmem3_0_RREADY            |   9|          2|    1|          2|
    |gmem3_blk_n_AR            |   9|          2|    1|          2|
    |local_bias_address0       |  14|          3|    7|         21|
    |local_bias_ce0            |  14|          3|    1|          3|
    |local_bias_we0            |   9|          2|    1|          2|
    |local_weights_1_address0  |  14|          3|   14|         42|
    |local_weights_1_ce0       |  14|          3|    1|          3|
    |local_weights_1_we0       |   9|          2|    1|          2|
    |local_weights_2_address0  |  14|          3|   14|         42|
    |local_weights_2_ce0       |  14|          3|    1|          3|
    |local_weights_2_we0       |   9|          2|    1|          2|
    |local_weights_address0    |  14|          3|   14|         42|
    |local_weights_ce0         |  14|          3|    1|          3|
    |local_weights_we0         |   9|          2|    1|          2|
    +--------------------------+----+-----------+-----+-----------+
    |Total                     | 378|         82|  261|        781|
    +--------------------------+----+-----------+-----+-----------+

    * Register: 
    +----------------------------------------------------------------------------------------------------------+----+----+-----+-----------+
    |                                                   Name                                                   | FF | LUT| Bits| Const Bits|
    +----------------------------------------------------------------------------------------------------------+----+----+-----+-----------+
    |ap_CS_fsm                                                                                                 |  13|   0|   13|          0|
    |grp_alexnet_layer1_Pipeline_VITIS_LOOP_36_1_VITIS_LOOP_38_2_VITIS_LOOP_39_3_VITIS_LO_fu_134_ap_start_reg  |   1|   0|    1|          0|
    |grp_alexnet_layer1_Pipeline_VITIS_LOOP_49_5_VITIS_LOOP_50_6_VITIS_LOOP_51_7_fu_148_ap_start_reg           |   1|   0|    1|          0|
    |input_img_read_reg_207                                                                                    |  64|   0|   64|          0|
    |output_feat_read_reg_202                                                                                  |  64|   0|   64|          0|
    |trunc_ln36_1_reg_218                                                                                      |  63|   0|   63|          0|
    |trunc_ln_reg_212                                                                                          |  63|   0|   63|          0|
    +----------------------------------------------------------------------------------------------------------+----+----+-----+-----------+
    |Total                                                                                                     | 269|   0|  269|          0|
    +----------------------------------------------------------------------------------------------------------+----+----+-----+-----------+



================================================================
== Interface
================================================================
* Summary: 
+-----------------------+-----+-----+------------+----------------+--------------+
|       RTL Ports       | Dir | Bits|  Protocol  |  Source Object |    C Type    |
+-----------------------+-----+-----+------------+----------------+--------------+
|s_axi_control_AWVALID  |   in|    1|       s_axi|         control|        scalar|
|s_axi_control_AWREADY  |  out|    1|       s_axi|         control|        scalar|
|s_axi_control_AWADDR   |   in|    6|       s_axi|         control|        scalar|
|s_axi_control_WVALID   |   in|    1|       s_axi|         control|        scalar|
|s_axi_control_WREADY   |  out|    1|       s_axi|         control|        scalar|
|s_axi_control_WDATA    |   in|   32|       s_axi|         control|        scalar|
|s_axi_control_WSTRB    |   in|    4|       s_axi|         control|        scalar|
|s_axi_control_ARVALID  |   in|    1|       s_axi|         control|        scalar|
|s_axi_control_ARREADY  |  out|    1|       s_axi|         control|        scalar|
|s_axi_control_ARADDR   |   in|    6|       s_axi|         control|        scalar|
|s_axi_control_RVALID   |  out|    1|       s_axi|         control|        scalar|
|s_axi_control_RREADY   |   in|    1|       s_axi|         control|        scalar|
|s_axi_control_RDATA    |  out|   32|       s_axi|         control|        scalar|
|s_axi_control_RRESP    |  out|    2|       s_axi|         control|        scalar|
|s_axi_control_BVALID   |  out|    1|       s_axi|         control|        scalar|
|s_axi_control_BREADY   |   in|    1|       s_axi|         control|        scalar|
|s_axi_control_BRESP    |  out|    2|       s_axi|         control|        scalar|
|ap_clk                 |   in|    1|  ap_ctrl_hs|  alexnet_layer1|  return value|
|ap_rst_n               |   in|    1|  ap_ctrl_hs|  alexnet_layer1|  return value|
|interrupt              |  out|    1|  ap_ctrl_hs|  alexnet_layer1|  return value|
|m_axi_gmem0_AWVALID    |  out|    1|       m_axi|           gmem0|       pointer|
|m_axi_gmem0_AWREADY    |   in|    1|       m_axi|           gmem0|       pointer|
|m_axi_gmem0_AWADDR     |  out|   64|       m_axi|           gmem0|       pointer|
|m_axi_gmem0_AWID       |  out|    1|       m_axi|           gmem0|       pointer|
|m_axi_gmem0_AWLEN      |  out|    8|       m_axi|           gmem0|       pointer|
|m_axi_gmem0_AWSIZE     |  out|    3|       m_axi|           gmem0|       pointer|
|m_axi_gmem0_AWBURST    |  out|    2|       m_axi|           gmem0|       pointer|
|m_axi_gmem0_AWLOCK     |  out|    2|       m_axi|           gmem0|       pointer|
|m_axi_gmem0_AWCACHE    |  out|    4|       m_axi|           gmem0|       pointer|
|m_axi_gmem0_AWPROT     |  out|    3|       m_axi|           gmem0|       pointer|
|m_axi_gmem0_AWQOS      |  out|    4|       m_axi|           gmem0|       pointer|
|m_axi_gmem0_AWREGION   |  out|    4|       m_axi|           gmem0|       pointer|
|m_axi_gmem0_AWUSER     |  out|    1|       m_axi|           gmem0|       pointer|
|m_axi_gmem0_WVALID     |  out|    1|       m_axi|           gmem0|       pointer|
|m_axi_gmem0_WREADY     |   in|    1|       m_axi|           gmem0|       pointer|
|m_axi_gmem0_WDATA      |  out|   32|       m_axi|           gmem0|       pointer|
|m_axi_gmem0_WSTRB      |  out|    4|       m_axi|           gmem0|       pointer|
|m_axi_gmem0_WLAST      |  out|    1|       m_axi|           gmem0|       pointer|
|m_axi_gmem0_WID        |  out|    1|       m_axi|           gmem0|       pointer|
|m_axi_gmem0_WUSER      |  out|    1|       m_axi|           gmem0|       pointer|
|m_axi_gmem0_ARVALID    |  out|    1|       m_axi|           gmem0|       pointer|
|m_axi_gmem0_ARREADY    |   in|    1|       m_axi|           gmem0|       pointer|
|m_axi_gmem0_ARADDR     |  out|   64|       m_axi|           gmem0|       pointer|
|m_axi_gmem0_ARID       |  out|    1|       m_axi|           gmem0|       pointer|
|m_axi_gmem0_ARLEN      |  out|    8|       m_axi|           gmem0|       pointer|
|m_axi_gmem0_ARSIZE     |  out|    3|       m_axi|           gmem0|       pointer|
|m_axi_gmem0_ARBURST    |  out|    2|       m_axi|           gmem0|       pointer|
|m_axi_gmem0_ARLOCK     |  out|    2|       m_axi|           gmem0|       pointer|
|m_axi_gmem0_ARCACHE    |  out|    4|       m_axi|           gmem0|       pointer|
|m_axi_gmem0_ARPROT     |  out|    3|       m_axi|           gmem0|       pointer|
|m_axi_gmem0_ARQOS      |  out|    4|       m_axi|           gmem0|       pointer|
|m_axi_gmem0_ARREGION   |  out|    4|       m_axi|           gmem0|       pointer|
|m_axi_gmem0_ARUSER     |  out|    1|       m_axi|           gmem0|       pointer|
|m_axi_gmem0_RVALID     |   in|    1|       m_axi|           gmem0|       pointer|
|m_axi_gmem0_RREADY     |  out|    1|       m_axi|           gmem0|       pointer|
|m_axi_gmem0_RDATA      |   in|   32|       m_axi|           gmem0|       pointer|
|m_axi_gmem0_RLAST      |   in|    1|       m_axi|           gmem0|       pointer|
|m_axi_gmem0_RID        |   in|    1|       m_axi|           gmem0|       pointer|
|m_axi_gmem0_RUSER      |   in|    1|       m_axi|           gmem0|       pointer|
|m_axi_gmem0_RRESP      |   in|    2|       m_axi|           gmem0|       pointer|
|m_axi_gmem0_BVALID     |   in|    1|       m_axi|           gmem0|       pointer|
|m_axi_gmem0_BREADY     |  out|    1|       m_axi|           gmem0|       pointer|
|m_axi_gmem0_BRESP      |   in|    2|       m_axi|           gmem0|       pointer|
|m_axi_gmem0_BID        |   in|    1|       m_axi|           gmem0|       pointer|
|m_axi_gmem0_BUSER      |   in|    1|       m_axi|           gmem0|       pointer|
|m_axi_gmem1_AWVALID    |  out|    1|       m_axi|           gmem1|       pointer|
|m_axi_gmem1_AWREADY    |   in|    1|       m_axi|           gmem1|       pointer|
|m_axi_gmem1_AWADDR     |  out|   64|       m_axi|           gmem1|       pointer|
|m_axi_gmem1_AWID       |  out|    1|       m_axi|           gmem1|       pointer|
|m_axi_gmem1_AWLEN      |  out|    8|       m_axi|           gmem1|       pointer|
|m_axi_gmem1_AWSIZE     |  out|    3|       m_axi|           gmem1|       pointer|
|m_axi_gmem1_AWBURST    |  out|    2|       m_axi|           gmem1|       pointer|
|m_axi_gmem1_AWLOCK     |  out|    2|       m_axi|           gmem1|       pointer|
|m_axi_gmem1_AWCACHE    |  out|    4|       m_axi|           gmem1|       pointer|
|m_axi_gmem1_AWPROT     |  out|    3|       m_axi|           gmem1|       pointer|
|m_axi_gmem1_AWQOS      |  out|    4|       m_axi|           gmem1|       pointer|
|m_axi_gmem1_AWREGION   |  out|    4|       m_axi|           gmem1|       pointer|
|m_axi_gmem1_AWUSER     |  out|    1|       m_axi|           gmem1|       pointer|
|m_axi_gmem1_WVALID     |  out|    1|       m_axi|           gmem1|       pointer|
|m_axi_gmem1_WREADY     |   in|    1|       m_axi|           gmem1|       pointer|
|m_axi_gmem1_WDATA      |  out|   32|       m_axi|           gmem1|       pointer|
|m_axi_gmem1_WSTRB      |  out|    4|       m_axi|           gmem1|       pointer|
|m_axi_gmem1_WLAST      |  out|    1|       m_axi|           gmem1|       pointer|
|m_axi_gmem1_WID        |  out|    1|       m_axi|           gmem1|       pointer|
|m_axi_gmem1_WUSER      |  out|    1|       m_axi|           gmem1|       pointer|
|m_axi_gmem1_ARVALID    |  out|    1|       m_axi|           gmem1|       pointer|
|m_axi_gmem1_ARREADY    |   in|    1|       m_axi|           gmem1|       pointer|
|m_axi_gmem1_ARADDR     |  out|   64|       m_axi|           gmem1|       pointer|
|m_axi_gmem1_ARID       |  out|    1|       m_axi|           gmem1|       pointer|
|m_axi_gmem1_ARLEN      |  out|    8|       m_axi|           gmem1|       pointer|
|m_axi_gmem1_ARSIZE     |  out|    3|       m_axi|           gmem1|       pointer|
|m_axi_gmem1_ARBURST    |  out|    2|       m_axi|           gmem1|       pointer|
|m_axi_gmem1_ARLOCK     |  out|    2|       m_axi|           gmem1|       pointer|
|m_axi_gmem1_ARCACHE    |  out|    4|       m_axi|           gmem1|       pointer|
|m_axi_gmem1_ARPROT     |  out|    3|       m_axi|           gmem1|       pointer|
|m_axi_gmem1_ARQOS      |  out|    4|       m_axi|           gmem1|       pointer|
|m_axi_gmem1_ARREGION   |  out|    4|       m_axi|           gmem1|       pointer|
|m_axi_gmem1_ARUSER     |  out|    1|       m_axi|           gmem1|       pointer|
|m_axi_gmem1_RVALID     |   in|    1|       m_axi|           gmem1|       pointer|
|m_axi_gmem1_RREADY     |  out|    1|       m_axi|           gmem1|       pointer|
|m_axi_gmem1_RDATA      |   in|   32|       m_axi|           gmem1|       pointer|
|m_axi_gmem1_RLAST      |   in|    1|       m_axi|           gmem1|       pointer|
|m_axi_gmem1_RID        |   in|    1|       m_axi|           gmem1|       pointer|
|m_axi_gmem1_RUSER      |   in|    1|       m_axi|           gmem1|       pointer|
|m_axi_gmem1_RRESP      |   in|    2|       m_axi|           gmem1|       pointer|
|m_axi_gmem1_BVALID     |   in|    1|       m_axi|           gmem1|       pointer|
|m_axi_gmem1_BREADY     |  out|    1|       m_axi|           gmem1|       pointer|
|m_axi_gmem1_BRESP      |   in|    2|       m_axi|           gmem1|       pointer|
|m_axi_gmem1_BID        |   in|    1|       m_axi|           gmem1|       pointer|
|m_axi_gmem1_BUSER      |   in|    1|       m_axi|           gmem1|       pointer|
|m_axi_gmem2_AWVALID    |  out|    1|       m_axi|           gmem2|       pointer|
|m_axi_gmem2_AWREADY    |   in|    1|       m_axi|           gmem2|       pointer|
|m_axi_gmem2_AWADDR     |  out|   64|       m_axi|           gmem2|       pointer|
|m_axi_gmem2_AWID       |  out|    1|       m_axi|           gmem2|       pointer|
|m_axi_gmem2_AWLEN      |  out|    8|       m_axi|           gmem2|       pointer|
|m_axi_gmem2_AWSIZE     |  out|    3|       m_axi|           gmem2|       pointer|
|m_axi_gmem2_AWBURST    |  out|    2|       m_axi|           gmem2|       pointer|
|m_axi_gmem2_AWLOCK     |  out|    2|       m_axi|           gmem2|       pointer|
|m_axi_gmem2_AWCACHE    |  out|    4|       m_axi|           gmem2|       pointer|
|m_axi_gmem2_AWPROT     |  out|    3|       m_axi|           gmem2|       pointer|
|m_axi_gmem2_AWQOS      |  out|    4|       m_axi|           gmem2|       pointer|
|m_axi_gmem2_AWREGION   |  out|    4|       m_axi|           gmem2|       pointer|
|m_axi_gmem2_AWUSER     |  out|    1|       m_axi|           gmem2|       pointer|
|m_axi_gmem2_WVALID     |  out|    1|       m_axi|           gmem2|       pointer|
|m_axi_gmem2_WREADY     |   in|    1|       m_axi|           gmem2|       pointer|
|m_axi_gmem2_WDATA      |  out|   32|       m_axi|           gmem2|       pointer|
|m_axi_gmem2_WSTRB      |  out|    4|       m_axi|           gmem2|       pointer|
|m_axi_gmem2_WLAST      |  out|    1|       m_axi|           gmem2|       pointer|
|m_axi_gmem2_WID        |  out|    1|       m_axi|           gmem2|       pointer|
|m_axi_gmem2_WUSER      |  out|    1|       m_axi|           gmem2|       pointer|
|m_axi_gmem2_ARVALID    |  out|    1|       m_axi|           gmem2|       pointer|
|m_axi_gmem2_ARREADY    |   in|    1|       m_axi|           gmem2|       pointer|
|m_axi_gmem2_ARADDR     |  out|   64|       m_axi|           gmem2|       pointer|
|m_axi_gmem2_ARID       |  out|    1|       m_axi|           gmem2|       pointer|
|m_axi_gmem2_ARLEN      |  out|    8|       m_axi|           gmem2|       pointer|
|m_axi_gmem2_ARSIZE     |  out|    3|       m_axi|           gmem2|       pointer|
|m_axi_gmem2_ARBURST    |  out|    2|       m_axi|           gmem2|       pointer|
|m_axi_gmem2_ARLOCK     |  out|    2|       m_axi|           gmem2|       pointer|
|m_axi_gmem2_ARCACHE    |  out|    4|       m_axi|           gmem2|       pointer|
|m_axi_gmem2_ARPROT     |  out|    3|       m_axi|           gmem2|       pointer|
|m_axi_gmem2_ARQOS      |  out|    4|       m_axi|           gmem2|       pointer|
|m_axi_gmem2_ARREGION   |  out|    4|       m_axi|           gmem2|       pointer|
|m_axi_gmem2_ARUSER     |  out|    1|       m_axi|           gmem2|       pointer|
|m_axi_gmem2_RVALID     |   in|    1|       m_axi|           gmem2|       pointer|
|m_axi_gmem2_RREADY     |  out|    1|       m_axi|           gmem2|       pointer|
|m_axi_gmem2_RDATA      |   in|   32|       m_axi|           gmem2|       pointer|
|m_axi_gmem2_RLAST      |   in|    1|       m_axi|           gmem2|       pointer|
|m_axi_gmem2_RID        |   in|    1|       m_axi|           gmem2|       pointer|
|m_axi_gmem2_RUSER      |   in|    1|       m_axi|           gmem2|       pointer|
|m_axi_gmem2_RRESP      |   in|    2|       m_axi|           gmem2|       pointer|
|m_axi_gmem2_BVALID     |   in|    1|       m_axi|           gmem2|       pointer|
|m_axi_gmem2_BREADY     |  out|    1|       m_axi|           gmem2|       pointer|
|m_axi_gmem2_BRESP      |   in|    2|       m_axi|           gmem2|       pointer|
|m_axi_gmem2_BID        |   in|    1|       m_axi|           gmem2|       pointer|
|m_axi_gmem2_BUSER      |   in|    1|       m_axi|           gmem2|       pointer|
|m_axi_gmem3_AWVALID    |  out|    1|       m_axi|           gmem3|       pointer|
|m_axi_gmem3_AWREADY    |   in|    1|       m_axi|           gmem3|       pointer|
|m_axi_gmem3_AWADDR     |  out|   64|       m_axi|           gmem3|       pointer|
|m_axi_gmem3_AWID       |  out|    1|       m_axi|           gmem3|       pointer|
|m_axi_gmem3_AWLEN      |  out|    8|       m_axi|           gmem3|       pointer|
|m_axi_gmem3_AWSIZE     |  out|    3|       m_axi|           gmem3|       pointer|
|m_axi_gmem3_AWBURST    |  out|    2|       m_axi|           gmem3|       pointer|
|m_axi_gmem3_AWLOCK     |  out|    2|       m_axi|           gmem3|       pointer|
|m_axi_gmem3_AWCACHE    |  out|    4|       m_axi|           gmem3|       pointer|
|m_axi_gmem3_AWPROT     |  out|    3|       m_axi|           gmem3|       pointer|
|m_axi_gmem3_AWQOS      |  out|    4|       m_axi|           gmem3|       pointer|
|m_axi_gmem3_AWREGION   |  out|    4|       m_axi|           gmem3|       pointer|
|m_axi_gmem3_AWUSER     |  out|    1|       m_axi|           gmem3|       pointer|
|m_axi_gmem3_WVALID     |  out|    1|       m_axi|           gmem3|       pointer|
|m_axi_gmem3_WREADY     |   in|    1|       m_axi|           gmem3|       pointer|
|m_axi_gmem3_WDATA      |  out|   32|       m_axi|           gmem3|       pointer|
|m_axi_gmem3_WSTRB      |  out|    4|       m_axi|           gmem3|       pointer|
|m_axi_gmem3_WLAST      |  out|    1|       m_axi|           gmem3|       pointer|
|m_axi_gmem3_WID        |  out|    1|       m_axi|           gmem3|       pointer|
|m_axi_gmem3_WUSER      |  out|    1|       m_axi|           gmem3|       pointer|
|m_axi_gmem3_ARVALID    |  out|    1|       m_axi|           gmem3|       pointer|
|m_axi_gmem3_ARREADY    |   in|    1|       m_axi|           gmem3|       pointer|
|m_axi_gmem3_ARADDR     |  out|   64|       m_axi|           gmem3|       pointer|
|m_axi_gmem3_ARID       |  out|    1|       m_axi|           gmem3|       pointer|
|m_axi_gmem3_ARLEN      |  out|    8|       m_axi|           gmem3|       pointer|
|m_axi_gmem3_ARSIZE     |  out|    3|       m_axi|           gmem3|       pointer|
|m_axi_gmem3_ARBURST    |  out|    2|       m_axi|           gmem3|       pointer|
|m_axi_gmem3_ARLOCK     |  out|    2|       m_axi|           gmem3|       pointer|
|m_axi_gmem3_ARCACHE    |  out|    4|       m_axi|           gmem3|       pointer|
|m_axi_gmem3_ARPROT     |  out|    3|       m_axi|           gmem3|       pointer|
|m_axi_gmem3_ARQOS      |  out|    4|       m_axi|           gmem3|       pointer|
|m_axi_gmem3_ARREGION   |  out|    4|       m_axi|           gmem3|       pointer|
|m_axi_gmem3_ARUSER     |  out|    1|       m_axi|           gmem3|       pointer|
|m_axi_gmem3_RVALID     |   in|    1|       m_axi|           gmem3|       pointer|
|m_axi_gmem3_RREADY     |  out|    1|       m_axi|           gmem3|       pointer|
|m_axi_gmem3_RDATA      |   in|   32|       m_axi|           gmem3|       pointer|
|m_axi_gmem3_RLAST      |   in|    1|       m_axi|           gmem3|       pointer|
|m_axi_gmem3_RID        |   in|    1|       m_axi|           gmem3|       pointer|
|m_axi_gmem3_RUSER      |   in|    1|       m_axi|           gmem3|       pointer|
|m_axi_gmem3_RRESP      |   in|    2|       m_axi|           gmem3|       pointer|
|m_axi_gmem3_BVALID     |   in|    1|       m_axi|           gmem3|       pointer|
|m_axi_gmem3_BREADY     |  out|    1|       m_axi|           gmem3|       pointer|
|m_axi_gmem3_BRESP      |   in|    2|       m_axi|           gmem3|       pointer|
|m_axi_gmem3_BID        |   in|    1|       m_axi|           gmem3|       pointer|
|m_axi_gmem3_BUSER      |   in|    1|       m_axi|           gmem3|       pointer|
+-----------------------+-----+-----+------------+----------------+--------------+

