================================================================
== Design Size Report
================================================================

* Total Instructions per Compilation Phase
+---------------+-----------------------------+--------------+----------------------------------------------------------------------------------------+
| Phase         | Step                        | Instructions | Description                                                                            |
+---------------+-----------------------------+--------------+----------------------------------------------------------------------------------------+
| Compile/Link  |                             |    706       | After all functions are compiled and linked into a single design                       |
|               |                             |              |                                                                                        |
| Unroll/Inline |                             |              | After user unroll and inline pragmas are applied                                       |
|               | (1) unroll                  | 14,737       | user unroll pragmas are applied                                                        |
|               | (2) simplification          |  5,579       | simplification of applied user unroll pragmas                                          |
|               | (3) inline                  |  5,213       | user inline pragmas are applied                                                        |
|               | (4) simplification          |  5,213       | simplification of applied user inline pragmas                                          |
|               |                             |              |                                                                                        |
| Array/Struct  |                             |              | After user array partition and struct aggregate/disaggregate pragmas are applied       |
|               | (1) array partition         |  5,965       | user array partition pragmas are applied                                               |
|               | (2) simplification          |  5,239       | simplification of applied user array partition & struct aggregate/disaggregate pragmas |
|               | (3) aggregate/disaggregate  |  5,239       | user struct aggregate/disaggregate pragmas are applied                                 |
|               | (4) array reshape           |  5,239       | apply array reshape pragmas                                                            |
|               | (5) access patterns         |  4,623       | array access pattern optmizations                                                      |
|               |                             |              |                                                                                        |
| Performance   |                             |              | After transformations are applied to meet performance pragma targets                   |
|               | (1) loop simplification     |  4,622       | loop and instruction simplification                                                    |
|               | (2) parallelization         |  4,622       | loops are unrolled or pipelined to meet performance targets                            |
|               | (3) array partition         |  4,622       | arrays are partitioned to meet performance targets                                     |
|               | (4) simplification          |  4,622       | simplification of design after performance transformations                             |
|               |                             |              |                                                                                        |
| HW Transforms |                             |              | After hardware transfomations                                                          |
|               | (1) lowering                |  4,736       | initial conversion to HW specific instructions                                         |
|               | (2) optimizations           |  4,719       | high level synthesis optimizations                                                     |
+---------------+-----------------------------+--------------+----------------------------------------------------------------------------------------+

* Instructions per Function for each Compilation Phase
+------------------+----------------+--------------+---------------+--------------+-------------+---------------+
| Function         | Location       | Compile/Link | Unroll/Inline | Array/Struct | Performance | HW Transforms |
+------------------+----------------+--------------+---------------+--------------+-------------+---------------+
|   alexnet_layer1 | alexnet.cpp:14 | 706          | 5,213         | 4,623        | 4,622       | 4,719         |
+------------------+----------------+--------------+---------------+--------------+-------------+---------------+

* Design Size Message Settings
+---------------------------------------------+--------+------------------------------------------------------------------+
| Message Setting                             | Value  | Description                                                      |
+---------------------------------------------+--------+------------------------------------------------------------------+
| config_compile -design_size_maximum_warning | 100000 | Show a warning when total design instructions exceeds this value |
+---------------------------------------------+--------+------------------------------------------------------------------+


